#
# There is insufficient memory for the Java Runtime Environment to continue.
# Native memory allocation (malloc) failed to allocate 32744 bytes for ChunkPool::allocate
# Possible reasons:
#   The system is out of physical RAM or swap space
#   In 32 bit mode, the process size limit was hit
# Possible solutions:
#   Reduce memory load on the system
#   Increase physical memory or swap space
#   Check if swap backing store is full
#   Use 64 bit Java on a 64 bit OS
#   Decrease Java heap size (-Xmx/-Xms)
#   Decrease number of Java threads
#   Decrease Java thread stack sizes (-Xss)
#   Set larger code cache with -XX:ReservedCodeCacheSize=
# This output file may be truncated or incomplete.
#
#  Out of Memory Error (allocation.cpp:273), pid=11752, tid=0x00000000000031a0
#
# JRE version: OpenJDK Runtime Environment (8.0_152-b01) (build 1.8.0_152-release-915-b01)
# Java VM: OpenJDK 64-Bit Server VM (25.152-b01 mixed mode windows-amd64 compressed oops)
# Failed to write core dump. Minidumps are not enabled by default on client versions of Windows
#

---------------  T H R E A D  ---------------

Current thread (0x00000000184a7800):  JavaThread "C1 CompilerThread2" daemon [_thread_in_native, id=12704, stack(0x0000000019cf0000,0x0000000019df0000)]

Stack: [0x0000000019cf0000,0x0000000019df0000]
[error occurred during error reporting (printing stack bounds), id 0xc0000005]

Native frames: (J=compiled Java code, j=interpreted, Vv=VM code, C=native code)


Current CompileTask:
C1: 864653 15982       3       java.util.HashMap::replacementNode (21 bytes)


---------------  P R O C E S S  ---------------

Java Threads: ( => current thread )
  0x000000001fd02000 JavaThread "ForkJoinPool.commonPool-worker-0" daemon [_thread_blocked, id=1292, stack(0x0000000031960000,0x0000000031a60000)]
  0x000000001fd01000 JavaThread "ForkJoinPool.commonPool-worker-3" daemon [_thread_blocked, id=10520, stack(0x0000000031860000,0x0000000031960000)]
  0x000000001fd00800 JavaThread "ForkJoinPool.commonPool-worker-2" daemon [_thread_blocked, id=6632, stack(0x0000000031760000,0x0000000031860000)]
  0x000000001fd02800 JavaThread "ForkJoinPool.commonPool-worker-1" daemon [_thread_in_vm, id=7792, stack(0x0000000031660000,0x0000000031760000)]
  0x000000001f192000 JavaThread "Task worker for ':' Thread 3" [_thread_blocked, id=6224, stack(0x0000000030860000,0x0000000030960000)]
  0x000000001f191800 JavaThread "Task worker for ':' Thread 2" [_thread_blocked, id=13164, stack(0x0000000030760000,0x0000000030860000)]
  0x000000001f198000 JavaThread "Task worker for ':'" [_thread_blocked, id=7292, stack(0x0000000030660000,0x0000000030760000)]
  0x000000001f197800 JavaThread "Cache worker for task history cache (C:\xampp\htdocs\projeto\infolabsys\.gradle\4.1\taskHistory)" [_thread_blocked, id=11428, stack(0x0000000030560000,0x0000000030660000)]
  0x000000001f196800 JavaThread "Cache worker for file content cache (C:\xampp\htdocs\projeto\infolabsys\.gradle\4.1\fileContent)" [_thread_blocked, id=12040, stack(0x0000000030460000,0x0000000030560000)]
  0x000000001f195000 JavaThread "build operations Thread 4" [_thread_blocked, id=10052, stack(0x0000000030360000,0x0000000030460000)]
  0x000000001f194800 JavaThread "build operations Thread 3" [_thread_blocked, id=13176, stack(0x0000000030260000,0x0000000030360000)]
  0x000000001f193000 JavaThread "build operations Thread 2" [_thread_blocked, id=8732, stack(0x0000000030160000,0x0000000030260000)]
  0x000000001f196000 JavaThread "build operations" [_thread_blocked, id=9116, stack(0x0000000030060000,0x0000000030160000)]
  0x000000001f193800 JavaThread "Cache worker for Artifact transforms cache (C:\Users\emene\.gradle\caches\transforms-1)" [_thread_blocked, id=12556, stack(0x000000002ff60000,0x0000000030060000)]
  0x000000001f18a000 JavaThread "Cache worker for file hash cache (C:\xampp\htdocs\projeto\infolabsys\.gradle\4.1\fileHashes)" [_thread_blocked, id=12840, stack(0x000000002fe60000,0x000000002ff60000)]
  0x000000001f18f000 JavaThread "Stdin handler" [_thread_blocked, id=10536, stack(0x000000002fd60000,0x000000002fe60000)]
  0x000000001f18d800 JavaThread "Asynchronous log dispatcher for DefaultDaemonConnection: socket connection from /127.0.0.1:52200 to /127.0.0.1:52775" [_thread_blocked, id=11024, stack(0x000000002fc60000,0x000000002fd60000)]
  0x000000001f18b800 JavaThread "Cancel handler" [_thread_blocked, id=12444, stack(0x000000002fb60000,0x000000002fc60000)]
  0x000000001f18e800 JavaThread "Handler for socket connection from /127.0.0.1:52200 to /127.0.0.1:52775" [_thread_in_native, id=13044, stack(0x000000002fa60000,0x000000002fb60000)]
  0x000000001f189000 JavaThread "Daemon worker Thread 4" [_thread_blocked, id=10756, stack(0x000000002d660000,0x000000002d760000)]
  0x000000001f18c000 JavaThread "Daemon Thread 4" [_thread_blocked, id=11320, stack(0x000000002d360000,0x000000002d460000)]
  0x000000001f18a800 JavaThread "Memory manager" [_thread_blocked, id=12072, stack(0x0000000021f70000,0x0000000022070000)]
  0x000000001fd06800 JavaThread "pool-1-thread-1" [_thread_blocked, id=8700, stack(0x0000000021c70000,0x0000000021d70000)]
  0x000000001b23c800 JavaThread "File lock request listener" [_thread_in_native, id=7748, stack(0x000000001d1f0000,0x000000001d2f0000)]
  0x000000001b23c000 JavaThread "Cache worker for file hash cache (C:\Users\emene\.gradle\caches\4.1\fileHashes)" [_thread_blocked, id=11588, stack(0x000000001cef0000,0x000000001cff0000)]
  0x000000001ada2000 JavaThread "Daemon periodic checks" [_thread_blocked, id=1064, stack(0x000000001c5f0000,0x000000001c6f0000)]
  0x000000001ad9f000 JavaThread "Incoming local TCP Connector on port 52200" [_thread_in_native, id=12968, stack(0x000000001c100000,0x000000001c200000)]
  0x00000000184fe000 JavaThread "Service Thread" daemon [_thread_blocked, id=4332, stack(0x000000001a1f0000,0x000000001a2f0000)]
=>0x00000000184a7800 JavaThread "C1 CompilerThread2" daemon [_thread_in_native, id=12704, stack(0x0000000019cf0000,0x0000000019df0000)]
  0x00000000184a0800 JavaThread "C2 CompilerThread1" daemon [_thread_in_native, id=4336, stack(0x0000000019bf0000,0x0000000019cf0000)]
  0x000000001849e800 JavaThread "C2 CompilerThread0" daemon [_thread_in_native, id=1056, stack(0x0000000019af0000,0x0000000019bf0000)]
  0x000000001849a000 JavaThread "Attach Listener" daemon [_thread_blocked, id=1360, stack(0x00000000199f0000,0x0000000019af0000)]
  0x0000000018499000 JavaThread "Signal Dispatcher" daemon [_thread_blocked, id=6984, stack(0x00000000198f0000,0x00000000199f0000)]
  0x000000001848e000 JavaThread "Finalizer" daemon [_thread_blocked, id=10248, stack(0x00000000196f0000,0x00000000197f0000)]
  0x0000000004a52800 JavaThread "Reference Handler" daemon [_thread_blocked, id=1824, stack(0x00000000195f0000,0x00000000196f0000)]
  0x0000000004b2d800 JavaThread "main" [_thread_blocked, id=12604, stack(0x00000000030b0000,0x00000000031b0000)]

Other Threads:
  0x0000000018465000 VMThread [stack: 0x00000000194f0000,0x00000000195f0000] [id=5188]
  0x0000000019e0c800 WatcherThread [stack: 0x000000001a2f0000,0x000000001a3f0000] [id=10164]

VM state:not at safepoint (normal execution)

VM Mutex/Monitor currently owned by a thread:  ([mutex/lock_event])
[0x0000000004b2d040] AdapterHandlerLibrary_lock - owner thread: 0x000000001fd02800

Heap:
 PSYoungGen      total 317952K, used 38446K [0x00000000e0000000, 0x00000000f8e00000, 0x0000000100000000)
  eden space 294912K, 5% used [0x00000000e0000000,0x00000000e0f10230,0x00000000f2000000)
  from space 23040K, 99% used [0x00000000f2000000,0x00000000f367b7a8,0x00000000f3680000)
  to   space 27648K, 0% used [0x00000000f7300000,0x00000000f7300000,0x00000000f8e00000)
 ParOldGen       total 146432K, used 55173K [0x00000000a0000000, 0x00000000a8f00000, 0x00000000e0000000)
  object space 146432K, 37% used [0x00000000a0000000,0x00000000a35e1458,0x00000000a8f00000)
 Metaspace       used 71216K, capacity 76412K, committed 76544K, reserved 1116160K
  class space    used 9266K, capacity 10446K, committed 10496K, reserved 1048576K

Card table byte_map: [0x0000000013ef0000,0x0000000014200000] byte_map_base: 0x00000000139f0000

Marking Bits: (ParMarkBitMap*) 0x000000006b193950
 Begin Bits: [0x0000000014800000, 0x0000000016000000)
 End Bits:   [0x0000000016000000, 0x0000000017800000)

Polling page: 0x0000000002f90000

CodeCache: size=245760Kb used=47735Kb max_used=47829Kb free=198024Kb
 bounds [0x0000000004b30000, 0x0000000007a30000, 0x0000000013b30000]
 total_blobs=14365 nmethods=13559 adapters=718
 compilation: enabled

Compilation events (10 events):
Event: 864.337 Thread 0x00000000184a0800 15974       4       com.android.dx.merge.DexMerger$IdMerger::mergeSorted (421 bytes)
Event: 864.341 Thread 0x00000000184a7800 15975       1       com.android.dx.merge.DexMerger$9::getSection (5 bytes)
Event: 864.341 Thread 0x00000000184a7800 nmethod 15975 0x0000000004ca4ed0 code [0x0000000004ca5020, 0x0000000004ca5130]
Event: 864.342 Thread 0x00000000184a7800 15977       3       com.android.dex.EncodedValueCodec::readSignedLong (48 bytes)
Event: 864.342 Thread 0x00000000184a7800 nmethod 15977 0x000000000516de90 code [0x000000000516e000, 0x000000000516e308]
Event: 864.343 Thread 0x00000000184a7800 15976       3       com.android.dex.EncodedValueReader::readLong (23 bytes)
Event: 864.344 Thread 0x00000000184a7800 nmethod 15976 0x0000000004f301d0 code [0x0000000004f30340, 0x0000000004f30518]
Event: 864.348 Thread 0x00000000184a7800 15983       3       java.util.HashMap$TreeNode::rotateLeft (91 bytes)
Event: 864.349 Thread 0x00000000184a7800 nmethod 15983 0x00000000054a8390 code [0x00000000054a8500, 0x00000000054a8870]
Event: 864.350 Thread 0x00000000184a7800 15982       3       java.util.HashMap::replacementNode (21 bytes)

GC Heap History (10 events):
Event: 109.457 GC heap before
{Heap before GC invocations=20 (full 3):
 PSYoungGen      total 208896K, used 201054K [0x00000000e0000000, 0x00000000eef00000, 0x0000000100000000)
  eden space 190464K, 100% used [0x00000000e0000000,0x00000000eba00000,0x00000000eba00000)
  from space 18432K, 57% used [0x00000000edd00000,0x00000000ee757998,0x00000000eef00000)
  to   space 27136K, 0% used [0x00000000eba00000,0x00000000eba00000,0x00000000ed480000)
 ParOldGen       total 146432K, used 46752K [0x00000000a0000000, 0x00000000a8f00000, 0x00000000e0000000)
  object space 146432K, 31% used [0x00000000a0000000,0x00000000a2da8128,0x00000000a8f00000)
 Metaspace       used 64146K, capacity 67514K, committed 67712K, reserved 1107968K
  class space    used 8526K, capacity 9313K, committed 9344K, reserved 1048576K
Event: 109.471 GC heap after
Heap after GC invocations=20 (full 3):
 PSYoungGen      total 217600K, used 12197K [0x00000000e0000000, 0x00000000f2300000, 0x0000000100000000)
  eden space 190464K, 0% used [0x00000000e0000000,0x00000000e0000000,0x00000000eba00000)
  from space 27136K, 44% used [0x00000000eba00000,0x00000000ec5e9768,0x00000000ed480000)
  to   space 25600K, 0% used [0x00000000f0a00000,0x00000000f0a00000,0x00000000f2300000)
 ParOldGen       total 146432K, used 46760K [0x00000000a0000000, 0x00000000a8f00000, 0x00000000e0000000)
  object space 146432K, 31% used [0x00000000a0000000,0x00000000a2daa128,0x00000000a8f00000)
 Metaspace       used 64146K, capacity 67514K, committed 67712K, reserved 1107968K
  class space    used 8526K, capacity 9313K, committed 9344K, reserved 1048576K
}
Event: 172.343 GC heap before
{Heap before GC invocations=21 (full 3):
 PSYoungGen      total 217600K, used 202661K [0x00000000e0000000, 0x00000000f2300000, 0x0000000100000000)
  eden space 190464K, 100% used [0x00000000e0000000,0x00000000eba00000,0x00000000eba00000)
  from space 27136K, 44% used [0x00000000eba00000,0x00000000ec5e9768,0x00000000ed480000)
  to   space 25600K, 0% used [0x00000000f0a00000,0x00000000f0a00000,0x00000000f2300000)
 ParOldGen       total 146432K, used 46760K [0x00000000a0000000, 0x00000000a8f00000, 0x00000000e0000000)
  object space 146432K, 31% used [0x00000000a0000000,0x00000000a2daa128,0x00000000a8f00000)
 Metaspace       used 65606K, capacity 69414K, committed 69632K, reserved 1110016K
  class space    used 8711K, capacity 9608K, committed 9728K, reserved 1048576K
Event: 172.360 GC heap after
Heap after GC invocations=21 (full 3):
 PSYoungGen      total 260096K, used 11629K [0x00000000e0000000, 0x00000000f1b80000, 0x0000000100000000)
  eden space 242176K, 0% used [0x00000000e0000000,0x00000000e0000000,0x00000000eec80000)
  from space 17920K, 64% used [0x00000000f0a00000,0x00000000f155b650,0x00000000f1b80000)
  to   space 24064K, 0% used [0x00000000eec80000,0x00000000eec80000,0x00000000f0400000)
 ParOldGen       total 146432K, used 46768K [0x00000000a0000000, 0x00000000a8f00000, 0x00000000e0000000)
  object space 146432K, 31% used [0x00000000a0000000,0x00000000a2dac128,0x00000000a8f00000)
 Metaspace       used 65606K, capacity 69414K, committed 69632K, reserved 1110016K
  class space    used 8711K, capacity 9608K, committed 9728K, reserved 1048576K
}
Event: 832.871 GC heap before
{Heap before GC invocations=22 (full 3):
 PSYoungGen      total 260096K, used 253805K [0x00000000e0000000, 0x00000000f1b80000, 0x0000000100000000)
  eden space 242176K, 100% used [0x00000000e0000000,0x00000000eec80000,0x00000000eec80000)
  from space 17920K, 64% used [0x00000000f0a00000,0x00000000f155b650,0x00000000f1b80000)
  to   space 24064K, 0% used [0x00000000eec80000,0x00000000eec80000,0x00000000f0400000)
 ParOldGen       total 146432K, used 46768K [0x00000000a0000000, 0x00000000a8f00000, 0x00000000e0000000)
  object space 146432K, 31% used [0x00000000a0000000,0x00000000a2dac128,0x00000000a8f00000)
 Metaspace       used 66516K, capacity 70976K, committed 71040K, reserved 1110016K
  class space    used 8801K, capacity 9830K, committed 9856K, reserved 1048576K
Event: 832.891 GC heap after
Heap after GC invocations=22 (full 3):
 PSYoungGen      total 266240K, used 10336K [0x00000000e0000000, 0x00000000f5480000, 0x0000000100000000)
  eden space 242176K, 0% used [0x00000000e0000000,0x00000000e0000000,0x00000000eec80000)
  from space 24064K, 42% used [0x00000000eec80000,0x00000000ef698050,0x00000000f0400000)
  to   space 23552K, 0% used [0x00000000f3d80000,0x00000000f3d80000,0x00000000f5480000)
 ParOldGen       total 146432K, used 46776K [0x00000000a0000000, 0x00000000a8f00000, 0x00000000e0000000)
  object space 146432K, 31% used [0x00000000a0000000,0x00000000a2dae128,0x00000000a8f00000)
 Metaspace       used 66516K, capacity 70976K, committed 71040K, reserved 1110016K
  class space    used 8801K, capacity 9830K, committed 9856K, reserved 1048576K
}
Event: 858.155 GC heap before
{Heap before GC invocations=23 (full 3):
 PSYoungGen      total 266240K, used 252512K [0x00000000e0000000, 0x00000000f5480000, 0x0000000100000000)
  eden space 242176K, 100% used [0x00000000e0000000,0x00000000eec80000,0x00000000eec80000)
  from space 24064K, 42% used [0x00000000eec80000,0x00000000ef698050,0x00000000f0400000)
  to   space 23552K, 0% used [0x00000000f3d80000,0x00000000f3d80000,0x00000000f5480000)
 ParOldGen       total 146432K, used 46776K [0x00000000a0000000, 0x00000000a8f00000, 0x00000000e0000000)
  object space 146432K, 31% used [0x00000000a0000000,0x00000000a2dae128,0x00000000a8f00000)
 Metaspace       used 67148K, capacity 72024K, committed 72320K, reserved 1112064K
  class space    used 8885K, capacity 10022K, committed 10112K, reserved 1048576K
Event: 858.171 GC heap after
Heap after GC invocations=23 (full 3):
 PSYoungGen      total 310784K, used 9392K [0x00000000e0000000, 0x00000000f4d00000, 0x0000000100000000)
  eden space 294912K, 0% used [0x00000000e0000000,0x00000000e0000000,0x00000000f2000000)
  from space 15872K, 59% used [0x00000000f3d80000,0x00000000f46ac070,0x00000000f4d00000)
  to   space 23040K, 0% used [0x00000000f2000000,0x00000000f2000000,0x00000000f3680000)
 ParOldGen       total 146432K, used 49716K [0x00000000a0000000, 0x00000000a8f00000, 0x00000000e0000000)
  object space 146432K, 33% used [0x00000000a0000000,0x00000000a308d208,0x00000000a8f00000)
 Metaspace       used 67148K, capacity 72024K, committed 72320K, reserved 1112064K
  class space    used 8885K, capacity 10022K, committed 10112K, reserved 1048576K
}
Event: 864.277 GC heap before
{Heap before GC invocations=24 (full 3):
 PSYoungGen      total 310784K, used 304304K [0x00000000e0000000, 0x00000000f4d00000, 0x0000000100000000)
  eden space 294912K, 100% used [0x00000000e0000000,0x00000000f2000000,0x00000000f2000000)
  from space 15872K, 59% used [0x00000000f3d80000,0x00000000f46ac070,0x00000000f4d00000)
  to   space 23040K, 0% used [0x00000000f2000000,0x00000000f2000000,0x00000000f3680000)
 ParOldGen       total 146432K, used 49716K [0x00000000a0000000, 0x00000000a8f00000, 0x00000000e0000000)
  object space 146432K, 33% used [0x00000000a0000000,0x00000000a308d208,0x00000000a8f00000)
 Metaspace       used 71216K, capacity 76412K, committed 76544K, reserved 1116160K
  class space    used 9266K, capacity 10446K, committed 10496K, reserved 1048576K
Event: 864.310 GC heap after
Heap after GC invocations=24 (full 3):
 PSYoungGen      total 317952K, used 23021K [0x00000000e0000000, 0x00000000f8e00000, 0x0000000100000000)
  eden space 294912K, 0% used [0x00000000e0000000,0x00000000e0000000,0x00000000f2000000)
  from space 23040K, 99% used [0x00000000f2000000,0x00000000f367b7a8,0x00000000f3680000)
  to   space 27648K, 0% used [0x00000000f7300000,0x00000000f7300000,0x00000000f8e00000)
 ParOldGen       total 146432K, used 55173K [0x00000000a0000000, 0x00000000a8f00000, 0x00000000e0000000)
  object space 146432K, 37% used [0x00000000a0000000,0x00000000a35e1458,0x00000000a8f00000)
 Metaspace       used 71216K, capacity 76412K, committed 76544K, reserved 1116160K
  class space    used 9266K, capacity 10446K, committed 10496K, reserved 1048576K
}

Deoptimization events (10 events):
Event: 863.893 Thread 0x000000001fd02000 Uncommon trap: reason=unstable_if action=reinterpret pc=0x0000000006bfb1b0 method=java.util.Formatter$FormatSpecifier.precision(Ljava/lang/String;)I @ 6
Event: 863.893 Thread 0x000000001fd02000 Uncommon trap: reason=class_check action=maybe_recompile pc=0x0000000006e606b8 method=java.util.Formatter$FixedString.print(Ljava/lang/Object;Ljava/util/Locale;)V @ 11
Event: 863.893 Thread 0x000000001fd02000 Uncommon trap: reason=bimorphic action=maybe_recompile pc=0x0000000006eff1e8 method=java.io.PrintStream.write([BII)V @ 16
Event: 863.893 Thread 0x000000001fd02000 Uncommon trap: reason=bimorphic action=maybe_recompile pc=0x0000000006eff1e8 method=java.io.PrintStream.write([BII)V @ 16
Event: 863.893 Thread 0x000000001fd02000 Uncommon trap: reason=class_check action=maybe_recompile pc=0x0000000006b2d350 method=java.util.Formatter$FixedString.print(Ljava/lang/Object;Ljava/util/Locale;)V @ 11
Event: 863.893 Thread 0x000000001fd02000 Uncommon trap: reason=bimorphic action=maybe_recompile pc=0x0000000006eff1e8 method=java.io.PrintStream.write([BII)V @ 16
Event: 863.893 Thread 0x000000001fd02000 Uncommon trap: reason=bimorphic action=maybe_recompile pc=0x0000000006eff1e8 method=java.io.PrintStream.write([BII)V @ 16
Event: 863.894 Thread 0x000000001fd02000 Uncommon trap: reason=class_check action=maybe_recompile pc=0x0000000006b2d350 method=java.util.Formatter$FixedString.print(Ljava/lang/Object;Ljava/util/Locale;)V @ 11
Event: 863.894 Thread 0x000000001fd02000 Uncommon trap: reason=class_check action=maybe_recompile pc=0x0000000006b2d350 method=java.util.Formatter$FixedString.print(Ljava/lang/Object;Ljava/util/Locale;)V @ 11
Event: 863.894 Thread 0x000000001fd02000 Uncommon trap: reason=class_check action=maybe_recompile pc=0x0000000006e606b8 method=java.util.Formatter$FixedString.print(Ljava/lang/Object;Ljava/util/Locale;)V @ 11

Classes redefined (0 events):
No events

Internal exceptions (10 events):
Event: 862.262 Thread 0x000000001fd02000 Exception <a 'sun/nio/fs/WindowsException'> (0x00000000e775dc58) thrown at [D:\src\AOSP-openjdk-cygwin\jdk8u\hotspot\src\share\vm\prims\jni.cpp, line 709]
Event: 862.274 Thread 0x000000001fd02000 Exception <a 'sun/nio/fs/WindowsException'> (0x00000000e77ba728) thrown at [D:\src\AOSP-openjdk-cygwin\jdk8u\hotspot\src\share\vm\prims\jni.cpp, line 709]
Event: 862.294 Thread 0x000000001fd02000 Exception <a 'sun/nio/fs/WindowsException'> (0x00000000e77d7920) thrown at [D:\src\AOSP-openjdk-cygwin\jdk8u\hotspot\src\share\vm\prims\jni.cpp, line 709]
Event: 862.294 Thread 0x000000001f191800 Exception <a 'sun/nio/fs/WindowsException'> (0x00000000e7800400) thrown at [D:\src\AOSP-openjdk-cygwin\jdk8u\hotspot\src\share\vm\prims\jni.cpp, line 709]
Event: 862.309 Thread 0x000000001fd02000 Exception <a 'sun/nio/fs/WindowsException'> (0x00000000e77f2fe8) thrown at [D:\src\AOSP-openjdk-cygwin\jdk8u\hotspot\src\share\vm\prims\jni.cpp, line 709]
Event: 862.349 Thread 0x000000001fd02000 Exception <a 'sun/nio/fs/WindowsException'> (0x00000000e7942470) thrown at [D:\src\AOSP-openjdk-cygwin\jdk8u\hotspot\src\share\vm\prims\jni.cpp, line 709]
Event: 862.379 Thread 0x000000001fd02000 Exception <a 'sun/nio/fs/WindowsException'> (0x00000000e795d418) thrown at [D:\src\AOSP-openjdk-cygwin\jdk8u\hotspot\src\share\vm\prims\jni.cpp, line 709]
Event: 863.146 Thread 0x000000001fd02000 Implicit null exception at 0x00000000077e90bb to 0x00000000077e91e9
Event: 863.398 Thread 0x000000001fd02000 Implicit null exception at 0x000000000693077e to 0x0000000006930bb1
Event: 863.401 Thread 0x000000001fd02000 Implicit null exception at 0x0000000005615a90 to 0x0000000005615d1d

Events (10 events):
Event: 864.344 Thread 0x00000000184a7800 flushing nmethod 0x000000000559e390
Event: 864.344 Thread 0x00000000184a7800 flushing nmethod 0x00000000055d69d0
Event: 864.344 Thread 0x00000000184a7800 flushing nmethod 0x00000000055f29d0
Event: 864.344 Thread 0x00000000184a7800 flushing nmethod 0x0000000005614c90
Event: 864.344 Thread 0x00000000184a7800 flushing nmethod 0x0000000005661090
Event: 864.344 Thread 0x00000000184a7800 flushing nmethod 0x0000000005661d90
Event: 864.344 Thread 0x00000000184a7800 flushing nmethod 0x0000000005694dd0
Event: 864.349 Thread 0x00000000184a7800 flushing nmethod 0x0000000005711b90
Event: 864.349 Thread 0x00000000184a7800 flushing nmethod 0x0000000005713410
Event: 864.349 Thread 0x00000000184a7800 flushing nmethod 0x0000000005726b10


Dynamic libraries:
0x00007ff795fe0000 - 0x00007ff796011000 	C:\Program Files\Android\Android Studio\jre\bin\java.exe
0x00007ffd6f300000 - 0x00007ffd6f4e0000 	C:\WINDOWS\SYSTEM32\ntdll.dll
0x00007ffd67480000 - 0x00007ffd674b4000 	C:\Program Files\AVAST Software\Avast\x64\aswhooka.dll
0x00007ffd6d850000 - 0x00007ffd6d8fe000 	C:\WINDOWS\System32\KERNEL32.DLL
0x00007ffd6b950000 - 0x00007ffd6bbb6000 	C:\WINDOWS\System32\KERNELBASE.dll
0x00007ffd6d1b0000 - 0x00007ffd6d251000 	C:\WINDOWS\System32\ADVAPI32.dll
0x00007ffd6d9c0000 - 0x00007ffd6da5d000 	C:\WINDOWS\System32\msvcrt.dll
0x00007ffd6d7f0000 - 0x00007ffd6d84b000 	C:\WINDOWS\System32\sechost.dll
0x00007ffd6da60000 - 0x00007ffd6db7f000 	C:\WINDOWS\System32\RPCRT4.dll
0x00007ffd6c900000 - 0x00007ffd6ca8f000 	C:\WINDOWS\System32\USER32.dll
0x00007ffd6bd60000 - 0x00007ffd6bd80000 	C:\WINDOWS\System32\win32u.dll
0x00007ffd6cd00000 - 0x00007ffd6cd28000 	C:\WINDOWS\System32\GDI32.dll
0x00007ffd6bbc0000 - 0x00007ffd6bd53000 	C:\WINDOWS\System32\gdi32full.dll
0x00007ffd6b8b0000 - 0x00007ffd6b94b000 	C:\WINDOWS\System32\msvcp_win.dll
0x00007ffd6b700000 - 0x00007ffd6b7f6000 	C:\WINDOWS\System32\ucrtbase.dll
0x00007ffd5eb10000 - 0x00007ffd5ed79000 	C:\WINDOWS\WinSxS\amd64_microsoft.windows.common-controls_6595b64144ccf1df_6.0.16299.309_none_15cfd4c4935e6b11\COMCTL32.dll
0x00007ffd6efc0000 - 0x00007ffd6f2c8000 	C:\WINDOWS\System32\combase.dll
0x00007ffd6be30000 - 0x00007ffd6bea2000 	C:\WINDOWS\System32\bcryptPrimitives.dll
0x00007ffd6cd30000 - 0x00007ffd6cd5d000 	C:\WINDOWS\System32\IMM32.DLL
0x000000006bcb0000 - 0x000000006bd82000 	C:\Program Files\Android\Android Studio\jre\jre\bin\msvcr100.dll
0x000000006a9d0000 - 0x000000006b20e000 	C:\Program Files\Android\Android Studio\jre\jre\bin\server\jvm.dll
0x00007ffd6d5e0000 - 0x00007ffd6d5e8000 	C:\WINDOWS\System32\PSAPI.DLL
0x00007ffd420c0000 - 0x00007ffd420c9000 	C:\WINDOWS\SYSTEM32\WSOCK32.dll
0x00007ffd6d5f0000 - 0x00007ffd6d65c000 	C:\WINDOWS\System32\WS2_32.dll
0x00007ffd694b0000 - 0x00007ffd694d3000 	C:\WINDOWS\SYSTEM32\WINMM.dll
0x00007ffd60d50000 - 0x00007ffd60d5a000 	C:\WINDOWS\SYSTEM32\VERSION.dll
0x00007ffd693a0000 - 0x00007ffd693ca000 	C:\WINDOWS\SYSTEM32\WINMMBASE.dll
0x00007ffd6b800000 - 0x00007ffd6b84a000 	C:\WINDOWS\System32\cfgmgr32.dll
0x00007ffd41d40000 - 0x00007ffd41d4f000 	C:\Program Files\Android\Android Studio\jre\jre\bin\verify.dll
0x00007ffd3ab80000 - 0x00007ffd3aba9000 	C:\Program Files\Android\Android Studio\jre\jre\bin\java.dll
0x00007ffd3ab60000 - 0x00007ffd3ab76000 	C:\Program Files\Android\Android Studio\jre\jre\bin\zip.dll
0x00007ffd6db80000 - 0x00007ffd6efb6000 	C:\WINDOWS\System32\SHELL32.dll
0x00007ffd6d340000 - 0x00007ffd6d3e6000 	C:\WINDOWS\System32\shcore.dll
0x00007ffd6beb0000 - 0x00007ffd6c5f7000 	C:\WINDOWS\System32\windows.storage.dll
0x00007ffd6d960000 - 0x00007ffd6d9b1000 	C:\WINDOWS\System32\shlwapi.dll
0x00007ffd6b670000 - 0x00007ffd6b681000 	C:\WINDOWS\System32\kernel.appcore.dll
0x00007ffd6b690000 - 0x00007ffd6b6dc000 	C:\WINDOWS\System32\powrprof.dll
0x00007ffd6b6e0000 - 0x00007ffd6b6fb000 	C:\WINDOWS\System32\profapi.dll
0x00007ffd3ab40000 - 0x00007ffd3ab5a000 	C:\Program Files\Android\Android Studio\jre\jre\bin\net.dll
0x00007ffd6aee0000 - 0x00007ffd6af46000 	C:\WINDOWS\system32\mswsock.dll
0x00007ffd3ab20000 - 0x00007ffd3ab31000 	C:\Program Files\Android\Android Studio\jre\jre\bin\nio.dll
0x00007ffd54680000 - 0x00007ffd5469e000 	C:\Users\emene\.gradle\native\25\windows-amd64\native-platform.dll
0x00007ffd41d30000 - 0x00007ffd41d3d000 	C:\Program Files\Android\Android Studio\jre\jre\bin\management.dll
0x00007ffd6b0b0000 - 0x00007ffd6b0c7000 	C:\WINDOWS\SYSTEM32\CRYPTSP.dll
0x00007ffd6aa80000 - 0x00007ffd6aab3000 	C:\WINDOWS\system32\rsaenh.dll
0x00007ffd6b1b0000 - 0x00007ffd6b1d5000 	C:\WINDOWS\SYSTEM32\bcrypt.dll
0x00007ffd6b580000 - 0x00007ffd6b5a9000 	C:\WINDOWS\SYSTEM32\USERENV.dll
0x00007ffd6b0a0000 - 0x00007ffd6b0ab000 	C:\WINDOWS\SYSTEM32\CRYPTBASE.dll
0x00007ffd6ac10000 - 0x00007ffd6ac49000 	C:\WINDOWS\SYSTEM32\IPHLPAPI.DLL
0x00007ffd6d7d0000 - 0x00007ffd6d7d8000 	C:\WINDOWS\System32\NSI.dll
0x00007ffd61eb0000 - 0x00007ffd61ec6000 	C:\WINDOWS\SYSTEM32\dhcpcsvc6.DLL
0x00007ffd61e90000 - 0x00007ffd61eaa000 	C:\WINDOWS\SYSTEM32\dhcpcsvc.DLL
0x00007ffd6a780000 - 0x00007ffd6a7b1000 	C:\WINDOWS\SYSTEM32\ntmarta.dll

VM Arguments:
jvm_args: -Xmx1536m -Dfile.encoding=windows-1252 -Duser.country=BR -Duser.language=pt -Duser.variant 
java_command: org.gradle.launcher.daemon.bootstrap.GradleDaemon 4.1
java_class_path (initial): C:\Users\emene\.gradle\wrapper\dists\gradle-4.1-all\bzyivzo6n839fup2jbap0tjew\gradle-4.1\lib\gradle-launcher-4.1.jar
Launcher Type: SUN_STANDARD

Environment Variables:
PATH=C:\ProgramData\Oracle\Java\javapath;C:\WINDOWS\system32;C:\WINDOWS;C:\WINDOWS\System32\Wbem;C:\WINDOWS\System32\WindowsPowerShell\v1.0\;C:\Users\emene\AppData\Local\Microsoft\WindowsApps;
USERNAME=emene
OS=Windows_NT
PROCESSOR_IDENTIFIER=Intel64 Family 6 Model 78 Stepping 3, GenuineIntel



---------------  S Y S T E M  ---------------

OS: Windows 10.0 , 64 bit Build 16299 (10.0.16299.15)

CPU:total 4 (initial active 4) (2 cores per cpu, 2 threads per core) family 6 model 78 stepping 3, cmov, cx8, fxsr, mmx, sse, sse2, sse3, ssse3, sse4.1, sse4.2, popcnt, avx, avx2, aes, clmul, erms, 3dnowpref, lzcnt, ht, tsc, tscinvbit, bmi1, bmi2, adx

Memory: 4k page, physical 8265120k(1380956k free), swap 8265120k(2884k free)

vm_info: OpenJDK 64-Bit Server VM (25.152-b01) for windows-amd64 JRE (1.8.0_152-release-915-b01), built by "builder" with MS VC++ 10.0 (VS2010)

time: Thu Mar 22 17:13:14 2018
elapsed time: 864 seconds (0d 0h 14m 24s)

