#
# There is insufficient memory for the Java Runtime Environment to continue.
# Native memory allocation (malloc) failed to allocate 1463776 bytes for Chunk::new
# Possible reasons:
#   The system is out of physical RAM or swap space
#   In 32 bit mode, the process size limit was hit
# Possible solutions:
#   Reduce memory load on the system
#   Increase physical memory or swap space
#   Check if swap backing store is full
#   Use 64 bit Java on a 64 bit OS
#   Decrease Java heap size (-Xmx/-Xms)
#   Decrease number of Java threads
#   Decrease Java thread stack sizes (-Xss)
#   Set larger code cache with -XX:ReservedCodeCacheSize=
# This output file may be truncated or incomplete.
#
#  Out of Memory Error (allocation.cpp:390), pid=14968, tid=0x0000000000003948
#
# JRE version: OpenJDK Runtime Environment (8.0_152-b02) (build 1.8.0_152-release-1024-b02)
# Java VM: OpenJDK 64-Bit Server VM (25.152-b02 mixed mode windows-amd64 compressed oops)
# Failed to write core dump. Minidumps are not enabled by default on client versions of Windows
#

---------------  T H R E A D  ---------------

Current thread (0x0000000017e18000):  JavaThread "C2 CompilerThread0" daemon [_thread_in_native, id=14664, stack(0x0000000019570000,0x0000000019670000)]

Stack: [0x0000000019570000,0x0000000019670000]
[error occurred during error reporting (printing stack bounds), id 0xc0000005]

Native frames: (J=compiled Java code, j=interpreted, Vv=VM code, C=native code)


Current CompileTask:
C2: 185623 13728       4       com.android.utils.PositionXmlParser::getPositionHelper (757 bytes)


---------------  P R O C E S S  ---------------

Java Threads: ( => current thread )
  0x000000001a5f4000 JavaThread "pool-6-thread-1" [_thread_blocked, id=13744, stack(0x000000002ffc0000,0x00000000300c0000)]
  0x000000001a5ec800 JavaThread "stdout" daemon [_thread_in_native, id=9336, stack(0x000000002fec0000,0x000000002ffc0000)]
  0x000000001a5f3000 JavaThread "stderr" daemon [_thread_in_native, id=4828, stack(0x000000002fdc0000,0x000000002fec0000)]
  0x000000001a5f2800 JavaThread "stdout" daemon [_thread_in_native, id=5588, stack(0x000000002fcc0000,0x000000002fdc0000)]
  0x000000001a5f1000 JavaThread "stderr" daemon [_thread_in_native, id=14892, stack(0x000000002fbc0000,0x000000002fcc0000)]
  0x000000001a5f0000 JavaThread "stdout" daemon [_thread_in_native, id=1424, stack(0x000000002fac0000,0x000000002fbc0000)]
  0x000000001a5ee800 JavaThread "stderr" daemon [_thread_in_native, id=12008, stack(0x000000002f9c0000,0x000000002fac0000)]
  0x000000001a5ee000 JavaThread "stdout" daemon [_thread_in_native, id=4752, stack(0x000000002f8c0000,0x000000002f9c0000)]
  0x000000001a5ef800 JavaThread "stderr" daemon [_thread_in_native, id=13660, stack(0x000000002f7c0000,0x000000002f8c0000)]
  0x000000001a5eb000 JavaThread "queued-resource-processor_16" daemon [_thread_blocked, id=14844, stack(0x000000002f6c0000,0x000000002f7c0000)]
  0x000000001a5f1800 JavaThread "queued-resource-processor_15" daemon [_thread_blocked, id=7740, stack(0x000000002f5c0000,0x000000002f6c0000)]
  0x000000001a5ed000 JavaThread "queued-resource-processor_14" daemon [_thread_blocked, id=14576, stack(0x000000002f4c0000,0x000000002f5c0000)]
  0x000000001a5eb800 JavaThread "queued-resource-processor_13" daemon [_thread_blocked, id=6092, stack(0x000000002f3c0000,0x000000002f4c0000)]
  0x000000001fd18800 JavaThread "Worker Daemon Execution Thread 4" [_thread_blocked, id=3620, stack(0x000000002f2c0000,0x000000002f3c0000)]
  0x000000001cdcf000 JavaThread "Worker Daemon Execution Thread 3" [_thread_blocked, id=12728, stack(0x000000002f1c0000,0x000000002f2c0000)]
  0x000000001cdce000 JavaThread "Worker Daemon Execution Thread 2" [_thread_blocked, id=14480, stack(0x000000002f0c0000,0x000000002f1c0000)]
  0x000000001cdcd800 JavaThread "Worker Daemon Execution" [_thread_blocked, id=8876, stack(0x000000002efc0000,0x000000002f0c0000)]
  0x000000001dc6c000 JavaThread "Task worker for ':' Thread 3" [_thread_blocked, id=5476, stack(0x000000002eec0000,0x000000002efc0000)]
  0x000000001dc6a000 JavaThread "Task worker for ':' Thread 2" [_thread_blocked, id=14580, stack(0x000000002edc0000,0x000000002eec0000)]
  0x000000001dc6b000 JavaThread "Task worker for ':'" [_thread_blocked, id=2444, stack(0x000000002ecc0000,0x000000002edc0000)]
  0x000000001dc71000 JavaThread "Cache worker for Build Output Cleanup Cache (C:\xampp\htdocs\infolabsys\infolabsys\.gradle\buildOutputCleanup)" [_thread_blocked, id=980, stack(0x000000002ebc0000,0x000000002ecc0000)]
  0x000000001dc70800 JavaThread "Cache worker for task history cache (C:\xampp\htdocs\infolabsys\infolabsys\.gradle\4.4\taskHistory)" [_thread_blocked, id=14964, stack(0x000000002eac0000,0x000000002ebc0000)]
  0x000000001fd1e800 JavaThread "build operations Thread 4" [_thread_blocked, id=4072, stack(0x000000002e9c0000,0x000000002eac0000)]
  0x000000001fd1e000 JavaThread "build operations Thread 3" [_thread_blocked, id=14192, stack(0x000000002e8c0000,0x000000002e9c0000)]
  0x000000001fd1d000 JavaThread "build operations Thread 2" [_thread_blocked, id=6420, stack(0x000000002e7c0000,0x000000002e8c0000)]
  0x000000001fd1c800 JavaThread "build operations" [_thread_blocked, id=13708, stack(0x000000002e6c0000,0x000000002e7c0000)]
  0x000000001fd1b800 JavaThread "Cache worker for Artifact transforms cache (C:\Users\emene\.gradle\caches\transforms-1)" [_thread_blocked, id=13740, stack(0x000000002e5c0000,0x000000002e6c0000)]
  0x000000001fd20000 JavaThread "Cache worker for file hash cache (C:\xampp\htdocs\infolabsys\infolabsys\.gradle\4.4\fileHashes)" [_thread_blocked, id=15028, stack(0x000000002e4c0000,0x000000002e5c0000)]
  0x000000001fd13000 JavaThread "Stdin handler" [_thread_blocked, id=7708, stack(0x000000002e3c0000,0x000000002e4c0000)]
  0x000000001fd1a000 JavaThread "Asynchronous log dispatcher for DefaultDaemonConnection: socket connection from /127.0.0.1:54532 to /127.0.0.1:54838" [_thread_blocked, id=1732, stack(0x000000002e2c0000,0x000000002e3c0000)]
  0x000000001fd12800 JavaThread "Daemon worker Thread 2" [_thread_blocked, id=11748, stack(0x000000002e1c0000,0x000000002e2c0000)]
  0x000000001fd14800 JavaThread "Cancel handler" [_thread_blocked, id=13208, stack(0x000000002e0c0000,0x000000002e1c0000)]
  0x000000001fd19000 JavaThread "Handler for socket connection from /127.0.0.1:54532 to /127.0.0.1:54838" [_thread_in_native, id=11572, stack(0x000000002dfc0000,0x000000002e0c0000)]
  0x000000001fd15800 JavaThread "Daemon Thread 2" [_thread_blocked, id=12456, stack(0x000000002dec0000,0x000000002dfc0000)]
  0x000000001fd16000 JavaThread "Java2D Disposer" daemon [_thread_blocked, id=14368, stack(0x00000000276c0000,0x00000000277c0000)]
  0x000000001dc6f800 JavaThread "Memory manager" [_thread_blocked, id=8456, stack(0x0000000022da0000,0x0000000022ea0000)]
  0x000000001cdd1000 JavaThread "pool-1-thread-1" [_thread_blocked, id=9952, stack(0x00000000228b0000,0x00000000229b0000)]
  0x000000001b0ca000 JavaThread "File lock request listener" [_thread_in_native, id=13500, stack(0x000000001cc70000,0x000000001cd70000)]
  0x000000001ae95800 JavaThread "Cache worker for file hash cache (C:\Users\emene\.gradle\caches\4.4\fileHashes)" [_thread_blocked, id=5576, stack(0x000000001cb70000,0x000000001cc70000)]
  0x000000001b0a3000 JavaThread "Daemon periodic checks" [_thread_blocked, id=14552, stack(0x000000001c070000,0x000000001c170000)]
  0x000000001b091000 JavaThread "Incoming local TCP Connector on port 54532" [_thread_in_native, id=15220, stack(0x000000001bb80000,0x000000001bc80000)]
  0x0000000019890800 JavaThread "Service Thread" daemon [_thread_blocked, id=4240, stack(0x0000000019c70000,0x0000000019d70000)]
  0x0000000017e1e800 JavaThread "C1 CompilerThread2" daemon [_thread_blocked, id=13372, stack(0x0000000019770000,0x0000000019870000)]
  0x0000000017e1b800 JavaThread "C2 CompilerThread1" daemon [_thread_blocked, id=8576, stack(0x0000000019670000,0x0000000019770000)]
=>0x0000000017e18000 JavaThread "C2 CompilerThread0" daemon [_thread_in_native, id=14664, stack(0x0000000019570000,0x0000000019670000)]
  0x0000000017e24800 JavaThread "Attach Listener" daemon [_thread_blocked, id=5568, stack(0x0000000019470000,0x0000000019570000)]
  0x0000000017e23800 JavaThread "Signal Dispatcher" daemon [_thread_blocked, id=5076, stack(0x0000000019370000,0x0000000019470000)]
  0x00000000044ac000 JavaThread "Finalizer" daemon [_thread_blocked, id=13488, stack(0x0000000019070000,0x0000000019170000)]
  0x00000000044a1000 JavaThread "Reference Handler" daemon [_thread_blocked, id=1640, stack(0x0000000018f70000,0x0000000019070000)]
  0x0000000002a1d800 JavaThread "main" [_thread_blocked, id=14308, stack(0x0000000004260000,0x0000000004360000)]

Other Threads:
  0x0000000017de5000 VMThread [stack: 0x0000000018e70000,0x0000000018f70000] [id=13936]
  0x0000000017e7e800 WatcherThread [stack: 0x0000000019d70000,0x0000000019e70000] [id=13020]

VM state:not at safepoint (normal execution)

VM Mutex/Monitor currently owned by a thread: None

Heap:
 PSYoungGen      total 269312K, used 158010K [0x00000000e0000000, 0x00000000f8180000, 0x0000000100000000)
  eden space 245248K, 60% used [0x00000000e0000000,0x00000000e9085de0,0x00000000eef80000)
  from space 24064K, 41% used [0x00000000eef80000,0x00000000ef948cb0,0x00000000f0700000)
  to   space 23040K, 0% used [0x00000000f6b00000,0x00000000f6b00000,0x00000000f8180000)
 ParOldGen       total 162816K, used 48641K [0x00000000a0000000, 0x00000000a9f00000, 0x00000000e0000000)
  object space 162816K, 29% used [0x00000000a0000000,0x00000000a2f80778,0x00000000a9f00000)
 Metaspace       used 72041K, capacity 75016K, committed 75224K, reserved 1114112K
  class space    used 9227K, capacity 9921K, committed 9984K, reserved 1048576K

Card table byte_map: [0x0000000013870000,0x0000000013b80000] byte_map_base: 0x0000000013370000

Marking Bits: (ParMarkBitMap*) 0x000000005dbb4970
 Begin Bits: [0x0000000014180000, 0x0000000015980000)
 End Bits:   [0x0000000015980000, 0x0000000017180000)

Polling page: 0x00000000003f0000

CodeCache: size=245760Kb used=37479Kb max_used=37490Kb free=208280Kb
 bounds [0x00000000044b0000, 0x0000000006990000, 0x00000000134b0000]
 total_blobs=12070 nmethods=11150 adapters=831
 compilation: enabled

Compilation events (10 events):
Event: 185.436 Thread 0x0000000017e1e800 13771       3       java.util.concurrent.ConcurrentLinkedDeque::skipDeletedSuccessors (84 bytes)
Event: 185.437 Thread 0x0000000017e1e800 nmethod 13771 0x0000000006973710 code [0x00000000069738a0, 0x0000000006973e50]
Event: 185.437 Thread 0x0000000017e1e800 13774       3       java.util.concurrent.ConcurrentLinkedDeque::skipDeletedPredecessors (84 bytes)
Event: 185.437 Thread 0x0000000017e1e800 nmethod 13774 0x0000000006972dd0 code [0x0000000006972f60, 0x0000000006973510]
Event: 185.437 Thread 0x0000000017e1e800 13772       3       java.util.concurrent.ConcurrentLinkedDeque::updateHead (68 bytes)
Event: 185.438 Thread 0x0000000017e1e800 nmethod 13772 0x000000000697b610 code [0x000000000697b7a0, 0x000000000697bc30]
Event: 185.438 Thread 0x0000000017e1e800 13773       3       java.util.concurrent.ConcurrentLinkedDeque::updateTail (68 bytes)
Event: 185.438 Thread 0x0000000017e1e800 nmethod 13773 0x000000000697ae10 code [0x000000000697afa0, 0x000000000697b430]
Event: 185.444 Thread 0x0000000017e1b800 13775       4       java.lang.Class::getEnclosingClass (60 bytes)
Event: 185.449 Thread 0x0000000017e1b800 nmethod 13775 0x000000000697a3d0 code [0x000000000697a560, 0x000000000697a8a8]

GC Heap History (10 events):
Event: 14.203 GC heap before
{Heap before GC invocations=14 (full 3):
 PSYoungGen      total 201728K, used 20454K [0x00000000e0000000, 0x00000000f0980000, 0x0000000100000000)
  eden space 181248K, 0% used [0x00000000e0000000,0x00000000e0000000,0x00000000eb100000)
  from space 20480K, 99% used [0x00000000eb100000,0x00000000ec4f9850,0x00000000ec500000)
  to   space 24576K, 0% used [0x00000000ef180000,0x00000000ef180000,0x00000000f0980000)
 ParOldGen       total 98304K, used 34490K [0x00000000a0000000, 0x00000000a6000000, 0x00000000e0000000)
  object space 98304K, 35% used [0x00000000a0000000,0x00000000a21aeb40,0x00000000a6000000)
 Metaspace       used 57192K, capacity 58892K, committed 59028K, reserved 1099776K
  class space    used 7660K, capacity 8083K, committed 8192K, reserved 1048576K
Event: 14.508 GC heap after
Heap after GC invocations=14 (full 3):
 PSYoungGen      total 201728K, used 0K [0x00000000e0000000, 0x00000000f0980000, 0x0000000100000000)
  eden space 181248K, 0% used [0x00000000e0000000,0x00000000e0000000,0x00000000eb100000)
  from space 20480K, 0% used [0x00000000eb100000,0x00000000eb100000,0x00000000ec500000)
  to   space 24576K, 0% used [0x00000000ef180000,0x00000000ef180000,0x00000000f0980000)
 ParOldGen       total 162816K, used 45665K [0x00000000a0000000, 0x00000000a9f00000, 0x00000000e0000000)
  object space 162816K, 28% used [0x00000000a0000000,0x00000000a2c98688,0x00000000a9f00000)
 Metaspace       used 57192K, capacity 58892K, committed 59028K, reserved 1099776K
  class space    used 7660K, capacity 8083K, committed 8192K, reserved 1048576K
}
Event: 31.392 GC heap before
{Heap before GC invocations=15 (full 3):
 PSYoungGen      total 201728K, used 181248K [0x00000000e0000000, 0x00000000f0980000, 0x0000000100000000)
  eden space 181248K, 100% used [0x00000000e0000000,0x00000000eb100000,0x00000000eb100000)
  from space 20480K, 0% used [0x00000000eb100000,0x00000000eb100000,0x00000000ec500000)
  to   space 24576K, 0% used [0x00000000ef180000,0x00000000ef180000,0x00000000f0980000)
 ParOldGen       total 162816K, used 45665K [0x00000000a0000000, 0x00000000a9f00000, 0x00000000e0000000)
  object space 162816K, 28% used [0x00000000a0000000,0x00000000a2c98688,0x00000000a9f00000)
 Metaspace       used 62157K, capacity 64142K, committed 64472K, reserved 1105920K
  class space    used 8110K, capacity 8612K, committed 8704K, reserved 1048576K
Event: 31.407 GC heap after
Heap after GC invocations=15 (full 3):
 PSYoungGen      total 224768K, used 7828K [0x00000000e0000000, 0x00000000efd80000, 0x0000000100000000)
  eden space 212480K, 0% used [0x00000000e0000000,0x00000000e0000000,0x00000000ecf80000)
  from space 12288K, 63% used [0x00000000ef180000,0x00000000ef9250a0,0x00000000efd80000)
  to   space 23552K, 0% used [0x00000000ecf80000,0x00000000ecf80000,0x00000000ee680000)
 ParOldGen       total 162816K, used 45673K [0x00000000a0000000, 0x00000000a9f00000, 0x00000000e0000000)
  object space 162816K, 28% used [0x00000000a0000000,0x00000000a2c9a688,0x00000000a9f00000)
 Metaspace       used 62157K, capacity 64142K, committed 64472K, reserved 1105920K
  class space    used 8110K, capacity 8612K, committed 8704K, reserved 1048576K
}
Event: 36.982 GC heap before
{Heap before GC invocations=16 (full 3):
 PSYoungGen      total 224768K, used 219522K [0x00000000e0000000, 0x00000000efd80000, 0x0000000100000000)
  eden space 212480K, 99% used [0x00000000e0000000,0x00000000ecebba10,0x00000000ecf80000)
  from space 12288K, 63% used [0x00000000ef180000,0x00000000ef9250a0,0x00000000efd80000)
  to   space 23552K, 0% used [0x00000000ecf80000,0x00000000ecf80000,0x00000000ee680000)
 ParOldGen       total 162816K, used 45673K [0x00000000a0000000, 0x00000000a9f00000, 0x00000000e0000000)
  object space 162816K, 28% used [0x00000000a0000000,0x00000000a2c9a688,0x00000000a9f00000)
 Metaspace       used 70020K, capacity 72394K, committed 72536K, reserved 1112064K
  class space    used 9026K, capacity 9588K, committed 9600K, reserved 1048576K
Event: 37.009 GC heap after
Heap after GC invocations=16 (full 3):
 PSYoungGen      total 236032K, used 15982K [0x00000000e0000000, 0x00000000f1f00000, 0x0000000100000000)
  eden space 212480K, 0% used [0x00000000e0000000,0x00000000e0000000,0x00000000ecf80000)
  from space 23552K, 67% used [0x00000000ecf80000,0x00000000edf1bbe8,0x00000000ee680000)
  to   space 24576K, 0% used [0x00000000f0700000,0x00000000f0700000,0x00000000f1f00000)
 ParOldGen       total 162816K, used 45689K [0x00000000a0000000, 0x00000000a9f00000, 0x00000000e0000000)
  object space 162816K, 28% used [0x00000000a0000000,0x00000000a2c9e688,0x00000000a9f00000)
 Metaspace       used 70020K, capacity 72394K, committed 72536K, reserved 1112064K
  class space    used 9026K, capacity 9588K, committed 9600K, reserved 1048576K
}
Event: 37.036 GC heap before
{Heap before GC invocations=17 (full 3):
 PSYoungGen      total 236032K, used 228043K [0x00000000e0000000, 0x00000000f1f00000, 0x0000000100000000)
  eden space 212480K, 99% used [0x00000000e0000000,0x00000000ecf17350,0x00000000ecf80000)
  from space 23552K, 67% used [0x00000000ecf80000,0x00000000edf1bbe8,0x00000000ee680000)
  to   space 24576K, 0% used [0x00000000f0700000,0x00000000f0700000,0x00000000f1f00000)
 ParOldGen       total 162816K, used 45689K [0x00000000a0000000, 0x00000000a9f00000, 0x00000000e0000000)
  object space 162816K, 28% used [0x00000000a0000000,0x00000000a2c9e688,0x00000000a9f00000)
 Metaspace       used 70030K, capacity 72394K, committed 72536K, reserved 1112064K
  class space    used 9026K, capacity 9588K, committed 9600K, reserved 1048576K
Event: 37.052 GC heap after
Heap after GC invocations=17 (full 3):
 PSYoungGen      total 269824K, used 14000K [0x00000000e0000000, 0x00000000f5d00000, 0x0000000100000000)
  eden space 245248K, 0% used [0x00000000e0000000,0x00000000e0000000,0x00000000eef80000)
  from space 24576K, 56% used [0x00000000f0700000,0x00000000f14ac120,0x00000000f1f00000)
  to   space 24064K, 0% used [0x00000000eef80000,0x00000000eef80000,0x00000000f0700000)
 ParOldGen       total 162816K, used 45697K [0x00000000a0000000, 0x00000000a9f00000, 0x00000000e0000000)
  object space 162816K, 28% used [0x00000000a0000000,0x00000000a2ca0688,0x00000000a9f00000)
 Metaspace       used 70030K, capacity 72394K, committed 72536K, reserved 1112064K
  class space    used 9026K, capacity 9588K, committed 9600K, reserved 1048576K
}
Event: 179.915 GC heap before
{Heap before GC invocations=18 (full 3):
 PSYoungGen      total 269824K, used 259248K [0x00000000e0000000, 0x00000000f5d00000, 0x0000000100000000)
  eden space 245248K, 100% used [0x00000000e0000000,0x00000000eef80000,0x00000000eef80000)
  from space 24576K, 56% used [0x00000000f0700000,0x00000000f14ac120,0x00000000f1f00000)
  to   space 24064K, 0% used [0x00000000eef80000,0x00000000eef80000,0x00000000f0700000)
 ParOldGen       total 162816K, used 45697K [0x00000000a0000000, 0x00000000a9f00000, 0x00000000e0000000)
  object space 162816K, 28% used [0x00000000a0000000,0x00000000a2ca0688,0x00000000a9f00000)
 Metaspace       used 71573K, capacity 74430K, committed 74712K, reserved 1114112K
  class space    used 9216K, capacity 9900K, committed 9984K, reserved 1048576K
Event: 179.931 GC heap after
Heap after GC invocations=18 (full 3):
 PSYoungGen      total 269312K, used 10019K [0x00000000e0000000, 0x00000000f8180000, 0x0000000100000000)
  eden space 245248K, 0% used [0x00000000e0000000,0x00000000e0000000,0x00000000eef80000)
  from space 24064K, 41% used [0x00000000eef80000,0x00000000ef948cb0,0x00000000f0700000)
  to   space 23040K, 0% used [0x00000000f6b00000,0x00000000f6b00000,0x00000000f8180000)
 ParOldGen       total 162816K, used 48641K [0x00000000a0000000, 0x00000000a9f00000, 0x00000000e0000000)
  object space 162816K, 29% used [0x00000000a0000000,0x00000000a2f80778,0x00000000a9f00000)
 Metaspace       used 71573K, capacity 74430K, committed 74712K, reserved 1114112K
  class space    used 9216K, capacity 9900K, committed 9984K, reserved 1048576K
}

Deoptimization events (10 events):
Event: 101.708 Thread 0x000000001b0a3000 Uncommon trap: reason=bimorphic action=maybe_recompile pc=0x0000000005e703e4 method=java.util.HashMap.removeNode(ILjava/lang/Object;Ljava/lang/Object;ZZ)Ljava/util/HashMap$Node; @ 283
Event: 101.708 Thread 0x000000001b0a3000 Uncommon trap: reason=bimorphic action=maybe_recompile pc=0x0000000005e703e4 method=java.util.HashMap.removeNode(ILjava/lang/Object;Ljava/lang/Object;ZZ)Ljava/util/HashMap$Node; @ 283
Event: 101.710 Thread 0x000000001b0a3000 Uncommon trap: reason=bimorphic action=maybe_recompile pc=0x0000000005e703e4 method=java.util.HashMap.removeNode(ILjava/lang/Object;Ljava/lang/Object;ZZ)Ljava/util/HashMap$Node; @ 283
Event: 131.709 Thread 0x000000001b0a3000 Uncommon trap: reason=bimorphic action=maybe_recompile pc=0x0000000005e703e4 method=java.util.HashMap.removeNode(ILjava/lang/Object;Ljava/lang/Object;ZZ)Ljava/util/HashMap$Node; @ 283
Event: 131.709 Thread 0x000000001b0a3000 Uncommon trap: reason=bimorphic action=maybe_recompile pc=0x0000000005c515bc method=java.util.HashMap.removeNode(ILjava/lang/Object;Ljava/lang/Object;ZZ)Ljava/util/HashMap$Node; @ 283
Event: 180.039 Thread 0x000000001fd12800 Uncommon trap: reason=null_check action=make_not_entrant pc=0x00000000065a6790 method=java.lang.ThreadLocal$ThreadLocalMap.getEntryAfterMiss(Ljava/lang/ThreadLocal;ILjava/lang/ThreadLocal$ThreadLocalMap$Entry;)Ljava/lang/ThreadLocal$ThreadLocalMap$Entry; 
Event: 180.147 Thread 0x000000001fd12800 Uncommon trap: reason=unstable_if action=reinterpret pc=0x0000000005ea4448 method=com.sun.org.apache.xerces.internal.parsers.AbstractSAXParser.setFeature(Ljava/lang/String;Z)V @ 96
Event: 183.067 Thread 0x000000001dc6b000 Uncommon trap: reason=null_check action=make_not_entrant pc=0x00000000068b39b0 method=com.sun.org.apache.xerces.internal.dom.NamedNodeMapImpl.findNamePoint(Ljava/lang/String;Ljava/lang/String;)I @ 76
Event: 183.283 Thread 0x000000001cdcd800 Uncommon trap: reason=unstable_if action=reinterpret pc=0x00000000059088dc method=com.sun.imageio.plugins.png.PNGImageWriter.encodePass(Ljavax/imageio/stream/ImageOutputStream;Ljava/awt/image/RenderedImage;IIII)V @ 303
Event: 183.371 Thread 0x000000001dc6b000 Uncommon trap: reason=unstable_if action=reinterpret pc=0x0000000004f5b928 method=com.sun.org.apache.xerces.internal.dom.ChildNode.getParentNode()Lorg/w3c/dom/Node; @ 4

Classes redefined (0 events):
No events

Internal exceptions (10 events):
Event: 182.612 Thread 0x000000001dc6b000 Exception <a 'sun/nio/fs/WindowsException'> (0x00000000e3479170) thrown at [D:\src\AOSP-openjdk-cygwin\jdk8u\hotspot\src\share\vm\prims\jni.cpp, line 709]
Event: 182.650 Thread 0x000000001dc6b000 Exception <a 'sun/nio/fs/WindowsException'> (0x00000000e34beb28) thrown at [D:\src\AOSP-openjdk-cygwin\jdk8u\hotspot\src\share\vm\prims\jni.cpp, line 709]
Event: 182.650 Thread 0x000000001dc6b000 Exception <a 'sun/nio/fs/WindowsException'> (0x00000000e34bf248) thrown at [D:\src\AOSP-openjdk-cygwin\jdk8u\hotspot\src\share\vm\prims\jni.cpp, line 709]
Event: 182.650 Thread 0x000000001dc6b000 Exception <a 'sun/nio/fs/WindowsException'> (0x00000000e34c01d8) thrown at [D:\src\AOSP-openjdk-cygwin\jdk8u\hotspot\src\share\vm\prims\jni.cpp, line 709]
Event: 182.650 Thread 0x000000001dc6b000 Exception <a 'sun/nio/fs/WindowsException'> (0x00000000e34c0900) thrown at [D:\src\AOSP-openjdk-cygwin\jdk8u\hotspot\src\share\vm\prims\jni.cpp, line 709]
Event: 182.651 Thread 0x000000001dc6b000 Exception <a 'sun/nio/fs/WindowsException'> (0x00000000e3545068) thrown at [D:\src\AOSP-openjdk-cygwin\jdk8u\hotspot\src\share\vm\prims\jni.cpp, line 709]
Event: 182.651 Thread 0x000000001dc6b000 Exception <a 'sun/nio/fs/WindowsException'> (0x00000000e3545788) thrown at [D:\src\AOSP-openjdk-cygwin\jdk8u\hotspot\src\share\vm\prims\jni.cpp, line 709]
Event: 182.651 Thread 0x000000001dc6b000 Exception <a 'sun/nio/fs/WindowsException'> (0x00000000e3546740) thrown at [D:\src\AOSP-openjdk-cygwin\jdk8u\hotspot\src\share\vm\prims\jni.cpp, line 709]
Event: 182.651 Thread 0x000000001dc6b000 Exception <a 'sun/nio/fs/WindowsException'> (0x00000000e3546e68) thrown at [D:\src\AOSP-openjdk-cygwin\jdk8u\hotspot\src\share\vm\prims\jni.cpp, line 709]
Event: 183.067 Thread 0x000000001dc6b000 Implicit null exception at 0x00000000068b3187 to 0x00000000068b3991

Events (10 events):
Event: 183.431 Thread 0x000000001a5ec800 Thread added: 0x000000001a5ec800
Event: 183.579 Executing VM operation: RevokeBias
Event: 183.580 Executing VM operation: RevokeBias done
Event: 183.634 Thread 0x000000001a5f4000 Thread added: 0x000000001a5f4000
Event: 183.638 Executing VM operation: RevokeBias
Event: 183.638 Executing VM operation: RevokeBias done
Event: 183.648 Executing VM operation: RevokeBias
Event: 183.648 Executing VM operation: RevokeBias done
Event: 183.658 Executing VM operation: RevokeBias
Event: 183.658 Executing VM operation: RevokeBias done


Dynamic libraries:
0x00007ff6a8fb0000 - 0x00007ff6a8fe1000 	C:\Program Files\Android\Android Studio\jre\bin\java.exe
0x00007ffdb0700000 - 0x00007ffdb08e0000 	C:\WINDOWS\SYSTEM32\ntdll.dll
0x00007ffd80ea0000 - 0x00007ffd80ed4000 	C:\Program Files\AVAST Software\Avast\x64\aswhooka.dll
0x00007ffdb0320000 - 0x00007ffdb03ce000 	C:\WINDOWS\System32\KERNEL32.DLL
0x00007ffdad350000 - 0x00007ffdad5b6000 	C:\WINDOWS\System32\KERNELBASE.dll
0x00007ffdb0150000 - 0x00007ffdb01f1000 	C:\WINDOWS\System32\ADVAPI32.dll
0x00007ffdaffa0000 - 0x00007ffdb003d000 	C:\WINDOWS\System32\msvcrt.dll
0x00007ffdafcd0000 - 0x00007ffdafd2b000 	C:\WINDOWS\System32\sechost.dll
0x00007ffdb05b0000 - 0x00007ffdb06cf000 	C:\WINDOWS\System32\RPCRT4.dll
0x00007ffdae520000 - 0x00007ffdae6af000 	C:\WINDOWS\System32\USER32.dll
0x00007ffdacb00000 - 0x00007ffdacb20000 	C:\WINDOWS\System32\win32u.dll
0x00007ffdadd80000 - 0x00007ffdadda8000 	C:\WINDOWS\System32\GDI32.dll
0x00007ffdada30000 - 0x00007ffdadbc3000 	C:\WINDOWS\System32\gdi32full.dll
0x00007ffdad890000 - 0x00007ffdad92b000 	C:\WINDOWS\System32\msvcp_win.dll
0x00007ffdad930000 - 0x00007ffdada26000 	C:\WINDOWS\System32\ucrtbase.dll
0x00007ffd9eb60000 - 0x00007ffd9edc9000 	C:\WINDOWS\WinSxS\amd64_microsoft.windows.common-controls_6595b64144ccf1df_6.0.16299.309_none_15cfd4c4935e6b11\COMCTL32.dll
0x00007ffdae210000 - 0x00007ffdae518000 	C:\WINDOWS\System32\combase.dll
0x00007ffdacb80000 - 0x00007ffdacbf2000 	C:\WINDOWS\System32\bcryptPrimitives.dll
0x00007ffdb0270000 - 0x00007ffdb029d000 	C:\WINDOWS\System32\IMM32.DLL
0x000000005e750000 - 0x000000005e822000 	C:\Program Files\Android\Android Studio\jre\jre\bin\msvcr100.dll
0x000000005d3f0000 - 0x000000005dc2f000 	C:\Program Files\Android\Android Studio\jre\jre\bin\server\jvm.dll
0x00007ffdae200000 - 0x00007ffdae208000 	C:\WINDOWS\System32\PSAPI.DLL
0x00007ffd9e370000 - 0x00007ffd9e379000 	C:\WINDOWS\SYSTEM32\WSOCK32.dll
0x00007ffdb0200000 - 0x00007ffdb026c000 	C:\WINDOWS\System32\WS2_32.dll
0x00007ffda9b30000 - 0x00007ffda9b53000 	C:\WINDOWS\SYSTEM32\WINMM.dll
0x00007ffd9f210000 - 0x00007ffd9f21a000 	C:\WINDOWS\SYSTEM32\VERSION.dll
0x00007ffda9ad0000 - 0x00007ffda9afa000 	C:\WINDOWS\SYSTEM32\WINMMBASE.dll
0x00007ffdad840000 - 0x00007ffdad88a000 	C:\WINDOWS\System32\cfgmgr32.dll
0x00007ffd9c090000 - 0x00007ffd9c09f000 	C:\Program Files\Android\Android Studio\jre\jre\bin\verify.dll
0x00007ffd977e0000 - 0x00007ffd97809000 	C:\Program Files\Android\Android Studio\jre\jre\bin\java.dll
0x00007ffd9aed0000 - 0x00007ffd9aee6000 	C:\Program Files\Android\Android Studio\jre\jre\bin\zip.dll
0x00007ffdae7e0000 - 0x00007ffdafc16000 	C:\WINDOWS\System32\SHELL32.dll
0x00007ffdae730000 - 0x00007ffdae7d6000 	C:\WINDOWS\System32\shcore.dll
0x00007ffdacc00000 - 0x00007ffdad347000 	C:\WINDOWS\System32\windows.storage.dll
0x00007ffdb02c0000 - 0x00007ffdb0311000 	C:\WINDOWS\System32\shlwapi.dll
0x00007ffdacae0000 - 0x00007ffdacaf1000 	C:\WINDOWS\System32\kernel.appcore.dll
0x00007ffdaca90000 - 0x00007ffdacadc000 	C:\WINDOWS\System32\powrprof.dll
0x00007ffdaca50000 - 0x00007ffdaca6b000 	C:\WINDOWS\System32\profapi.dll
0x00007ffd97f80000 - 0x00007ffd97f9a000 	C:\Program Files\Android\Android Studio\jre\jre\bin\net.dll
0x00007ffdac280000 - 0x00007ffdac2e6000 	C:\WINDOWS\system32\mswsock.dll
0x00007ffd97e70000 - 0x00007ffd97e81000 	C:\Program Files\Android\Android Studio\jre\jre\bin\nio.dll
0x00007ffd97c90000 - 0x00007ffd97cae000 	C:\Users\emene\.gradle\native\25\windows-amd64\native-platform.dll
0x00007ffd9b440000 - 0x00007ffd9b44d000 	C:\Program Files\Android\Android Studio\jre\jre\bin\management.dll
0x00007ffdac440000 - 0x00007ffdac457000 	C:\WINDOWS\SYSTEM32\CRYPTSP.dll
0x00007ffdabe80000 - 0x00007ffdabeb3000 	C:\WINDOWS\system32\rsaenh.dll
0x00007ffdac5b0000 - 0x00007ffdac5d5000 	C:\WINDOWS\SYSTEM32\bcrypt.dll
0x00007ffdac950000 - 0x00007ffdac979000 	C:\WINDOWS\SYSTEM32\USERENV.dll
0x00007ffdac460000 - 0x00007ffdac46b000 	C:\WINDOWS\SYSTEM32\CRYPTBASE.dll
0x00007ffdac010000 - 0x00007ffdac049000 	C:\WINDOWS\SYSTEM32\IPHLPAPI.DLL
0x00007ffdafcc0000 - 0x00007ffdafcc8000 	C:\WINDOWS\System32\NSI.dll
0x00007ffda3240000 - 0x00007ffda3256000 	C:\WINDOWS\SYSTEM32\dhcpcsvc6.DLL
0x00007ffda3950000 - 0x00007ffda396a000 	C:\WINDOWS\SYSTEM32\dhcpcsvc.DLL
0x00007ffd850c0000 - 0x00007ffd85256000 	C:\Program Files\Android\Android Studio\jre\jre\bin\awt.dll
0x00007ffdafd30000 - 0x00007ffdafdf5000 	C:\WINDOWS\System32\OLEAUT32.dll
0x00007ffdaa400000 - 0x00007ffdaa9b8000 	C:\WINDOWS\SYSTEM32\d2d1.dll
0x00007ffdad5c0000 - 0x00007ffdad78e000 	C:\WINDOWS\System32\CRYPT32.dll
0x00007ffdaca70000 - 0x00007ffdaca82000 	C:\WINDOWS\System32\MSASN1.dll
0x00007ffdaafd0000 - 0x00007ffdab058000 	C:\WINDOWS\SYSTEM32\apphelp.dll
0x00007ffdab2f0000 - 0x00007ffdab31a000 	C:\WINDOWS\system32\DWMAPI.DLL
0x00007ffdab080000 - 0x00007ffdab115000 	C:\WINDOWS\system32\uxtheme.dll
0x00007ffdabb80000 - 0x00007ffdabbb1000 	C:\WINDOWS\SYSTEM32\ntmarta.dll

VM Arguments:
jvm_args: -Xmx1536m -Dfile.encoding=windows-1252 -Duser.country=BR -Duser.language=pt -Duser.variant 
java_command: org.gradle.launcher.daemon.bootstrap.GradleDaemon 4.4
java_class_path (initial): C:\Users\emene\.gradle\wrapper\dists\gradle-4.4-all\9br9xq1tocpiv8o6njlyu5op1\gradle-4.4\lib\gradle-launcher-4.4.jar
Launcher Type: SUN_STANDARD

Environment Variables:
PATH=C:\ProgramData\Oracle\Java\javapath;C:\WINDOWS\system32;C:\WINDOWS;C:\WINDOWS\System32\Wbem;C:\WINDOWS\System32\WindowsPowerShell\v1.0\;C:\Users\emene\AppData\Local\Microsoft\WindowsApps;
USERNAME=emene
OS=Windows_NT
PROCESSOR_IDENTIFIER=Intel64 Family 6 Model 78 Stepping 3, GenuineIntel



---------------  S Y S T E M  ---------------

OS: Windows 10.0 , 64 bit Build 16299 (10.0.16299.15)

CPU:total 4 (initial active 4) (2 cores per cpu, 2 threads per core) family 6 model 78 stepping 3, cmov, cx8, fxsr, mmx, sse, sse2, sse3, ssse3, sse4.1, sse4.2, popcnt, avx, avx2, aes, clmul, erms, 3dnowpref, lzcnt, ht, tsc, tscinvbit, bmi1, bmi2, adx

Memory: 4k page, physical 8265120k(684148k free), swap 8265120k(6884k free)

vm_info: OpenJDK 64-Bit Server VM (25.152-b02) for windows-amd64 JRE (1.8.0_152-release-1024-b02), built by "builder" with MS VC++ 10.0 (VS2010)

time: Mon Apr 09 20:58:27 2018
elapsed time: 185 seconds (0d 0h 3m 5s)

