#
# There is insufficient memory for the Java Runtime Environment to continue.
# Native memory allocation (malloc) failed to allocate 210576 bytes for Chunk::new
# Possible reasons:
#   The system is out of physical RAM or swap space
#   In 32 bit mode, the process size limit was hit
# Possible solutions:
#   Reduce memory load on the system
#   Increase physical memory or swap space
#   Check if swap backing store is full
#   Use 64 bit Java on a 64 bit OS
#   Decrease Java heap size (-Xmx/-Xms)
#   Decrease number of Java threads
#   Decrease Java thread stack sizes (-Xss)
#   Set larger code cache with -XX:ReservedCodeCacheSize=
# This output file may be truncated or incomplete.
#
#  Out of Memory Error (allocation.cpp:390), pid=3456, tid=0x0000000000000328
#
# JRE version: OpenJDK Runtime Environment (8.0_152-b01) (build 1.8.0_152-release-915-b01)
# Java VM: OpenJDK 64-Bit Server VM (25.152-b01 mixed mode windows-amd64 compressed oops)
# Failed to write core dump. Minidumps are not enabled by default on client versions of Windows
#

---------------  T H R E A D  ---------------

Current thread (0x00000000188d2000):  JavaThread "C2 CompilerThread1" daemon [_thread_in_native, id=808, stack(0x000000001a130000,0x000000001a230000)]

Stack: [0x000000001a130000,0x000000001a230000]
[error occurred during error reporting (printing stack bounds), id 0xc0000005]

Native frames: (J=compiled Java code, j=interpreted, Vv=VM code, C=native code)


Current CompileTask:
C2:   9098 3995       4       org.objectweb.asm.Frame::execute (2252 bytes)


---------------  P R O C E S S  ---------------

Java Threads: ( => current thread )
  0x000000001c015000 JavaThread "Memory manager" [_thread_blocked, id=8780, stack(0x0000000023520000,0x0000000023620000)]
  0x000000001c018000 JavaThread "pool-1-thread-1" [_thread_blocked, id=12728, stack(0x0000000023220000,0x0000000023320000)]
  0x000000001c016800 JavaThread "build operations Thread 4" [_thread_blocked, id=13064, stack(0x0000000022d20000,0x0000000022e20000)]
  0x000000001c019800 JavaThread "build operations Thread 3" [_thread_blocked, id=8732, stack(0x0000000022c20000,0x0000000022d20000)]
  0x000000001c017000 JavaThread "build operations Thread 2" [_thread_blocked, id=4160, stack(0x0000000022b20000,0x0000000022c20000)]
  0x000000001c014000 JavaThread "build operations" [_thread_blocked, id=13216, stack(0x0000000022a20000,0x0000000022b20000)]
  0x000000001c018800 JavaThread "Cache worker for Artifact transforms cache (C:\Users\emene\.gradle\caches\transforms-1)" [_thread_blocked, id=6436, stack(0x000000001fcd0000,0x000000001fdd0000)]
  0x000000001d5f9000 JavaThread "Cache worker for file hash cache (C:\xampp\htdocs\projeto\infolabsys\.gradle\4.1\fileHashes)" [_thread_blocked, id=3500, stack(0x000000001e800000,0x000000001e900000)]
  0x000000001b4b0000 JavaThread "File lock request listener" [_thread_in_native, id=10276, stack(0x000000001e700000,0x000000001e800000)]
  0x000000001b73a800 JavaThread "Cache worker for file hash cache (C:\Users\emene\.gradle\caches\4.1\fileHashes)" [_thread_blocked, id=12864, stack(0x000000001e400000,0x000000001e500000)]
  0x000000001b6f7800 JavaThread "Stdin handler" [_thread_blocked, id=11232, stack(0x000000001d330000,0x000000001d430000)]
  0x000000001b6f4000 JavaThread "Asynchronous log dispatcher for DefaultDaemonConnection: socket connection from /127.0.0.1:52989 to /127.0.0.1:52990" [_thread_blocked, id=1056, stack(0x000000001d230000,0x000000001d330000)]
  0x000000001b7de000 JavaThread "Daemon worker" [_thread_in_Java, id=11412, stack(0x000000001d130000,0x000000001d230000)]
  0x000000001b7db000 JavaThread "Cancel handler" [_thread_blocked, id=8348, stack(0x000000001d030000,0x000000001d130000)]
  0x000000001b6e2800 JavaThread "Handler for socket connection from /127.0.0.1:52989 to /127.0.0.1:52990" [_thread_in_native, id=10232, stack(0x000000001cd30000,0x000000001ce30000)]
  0x000000001b6e1800 JavaThread "Daemon" [_thread_blocked, id=4088, stack(0x000000001cc30000,0x000000001cd30000)]
  0x000000001b39f800 JavaThread "Daemon periodic checks" [_thread_blocked, id=9912, stack(0x000000001cb30000,0x000000001cc30000)]
  0x000000001b39e000 JavaThread "Incoming local TCP Connector on port 52989" [_thread_in_native, id=1448, stack(0x000000001c640000,0x000000001c740000)]
  0x000000001892d000 JavaThread "Service Thread" daemon [_thread_blocked, id=10868, stack(0x000000001a730000,0x000000001a830000)]
  0x00000000188d5800 JavaThread "C1 CompilerThread2" daemon [_thread_blocked, id=10152, stack(0x000000001a230000,0x000000001a330000)]
=>0x00000000188d2000 JavaThread "C2 CompilerThread1" daemon [_thread_in_native, id=808, stack(0x000000001a130000,0x000000001a230000)]
  0x00000000188cf800 JavaThread "C2 CompilerThread0" daemon [_thread_in_native, id=6836, stack(0x000000001a030000,0x000000001a130000)]
  0x00000000188cb800 JavaThread "Attach Listener" daemon [_thread_blocked, id=11020, stack(0x0000000019f30000,0x000000001a030000)]
  0x00000000188ca000 JavaThread "Signal Dispatcher" daemon [_thread_blocked, id=10388, stack(0x0000000019e30000,0x0000000019f30000)]
  0x0000000004f5c000 JavaThread "Finalizer" daemon [_thread_blocked, id=6936, stack(0x0000000019b30000,0x0000000019c30000)]
  0x0000000004f51000 JavaThread "Reference Handler" daemon [_thread_blocked, id=784, stack(0x0000000019a30000,0x0000000019b30000)]
  0x0000000004d5d800 JavaThread "main" [_thread_blocked, id=6736, stack(0x0000000004d60000,0x0000000004e60000)]

Other Threads:
  0x0000000018895000 VMThread [stack: 0x0000000019930000,0x0000000019a30000] [id=9712]
  0x000000001a359000 WatcherThread [stack: 0x000000001a830000,0x000000001a930000] [id=12240]

VM state:not at safepoint (normal execution)

VM Mutex/Monitor currently owned by a thread: None

Heap:
 PSYoungGen      total 111104K, used 26622K [0x00000000e0000000, 0x00000000ea780000, 0x0000000100000000)
  eden space 99840K, 26% used [0x00000000e0000000,0x00000000e19ffbe0,0x00000000e6180000)
  from space 11264K, 0% used [0x00000000e6180000,0x00000000e6180000,0x00000000e6c80000)
  to   space 12288K, 0% used [0x00000000e9b80000,0x00000000e9b80000,0x00000000ea780000)
 ParOldGen       total 98304K, used 16321K [0x00000000a0000000, 0x00000000a6000000, 0x00000000e0000000)
  object space 98304K, 16% used [0x00000000a0000000,0x00000000a0ff0788,0x00000000a6000000)
 Metaspace       used 38220K, capacity 39088K, committed 39384K, reserved 1083392K
  class space    used 5175K, capacity 5531K, committed 5632K, reserved 1048576K

Card table byte_map: [0x0000000014320000,0x0000000014630000] byte_map_base: 0x0000000013e20000

Marking Bits: (ParMarkBitMap*) 0x000000006b193950
 Begin Bits: [0x0000000014c30000, 0x0000000016430000)
 End Bits:   [0x0000000016430000, 0x0000000017c30000)

Polling page: 0x00000000034b0000

CodeCache: size=245760Kb used=14205Kb max_used=14205Kb free=231554Kb
 bounds [0x0000000004f60000, 0x0000000005d50000, 0x0000000013f60000]
 total_blobs=4445 nmethods=3735 adapters=623
 compilation: enabled

Compilation events (10 events):
Event: 9.086 Thread 0x00000000188d5800 4040   !   3       org.gradle.model.internal.method.WeaklyTypeReferencingMethod::getMethod (47 bytes)
Event: 9.087 Thread 0x00000000188d5800 nmethod 4040 0x0000000005d465d0 code [0x0000000005d468e0, 0x0000000005d47f58]
Event: 9.087 Thread 0x00000000188d5800 4043       3       java.lang.Class::getGenericInterfaces (21 bytes)
Event: 9.088 Thread 0x00000000188d5800 nmethod 4043 0x0000000005d49090 code [0x0000000005d49220, 0x0000000005d494e8]
Event: 9.088 Thread 0x00000000188d5800 4041       3       org.gradle.model.internal.method.WeaklyTypeReferencingMethod$2::apply (9 bytes)
Event: 9.088 Thread 0x00000000188d5800 nmethod 4041 0x0000000005d495d0 code [0x0000000005d49760, 0x0000000005d49c08]
Event: 9.088 Thread 0x00000000188d5800 4042       3       org.gradle.model.internal.method.WeaklyTypeReferencingMethod$2::apply (5 bytes)
Event: 9.088 Thread 0x00000000188d5800 nmethod 4042 0x0000000005d49e10 code [0x0000000005d49f80, 0x0000000005d4a2c8]
Event: 9.088 Thread 0x00000000188d5800 4044       1       org.gradle.model.internal.manage.schema.extract.DefaultModelSchemaExtractionContext::getType (5 bytes)
Event: 9.088 Thread 0x00000000188d5800 nmethod 4044 0x0000000005d4a410 code [0x0000000005d4a560, 0x0000000005d4a670]

GC Heap History (10 events):
Event: 3.670 GC heap before
{Heap before GC invocations=5 (full 1):
 PSYoungGen      total 71680K, used 5104K [0x00000000e0000000, 0x00000000e4b00000, 0x0000000100000000)
  eden space 66560K, 0% used [0x00000000e0000000,0x00000000e0000000,0x00000000e4100000)
  from space 5120K, 99% used [0x00000000e4600000,0x00000000e4afc020,0x00000000e4b00000)
  to   space 5120K, 0% used [0x00000000e4100000,0x00000000e4100000,0x00000000e4600000)
 ParOldGen       total 87552K, used 7585K [0x00000000a0000000, 0x00000000a5580000, 0x00000000e0000000)
  object space 87552K, 8% used [0x00000000a0000000,0x00000000a0768788,0x00000000a5580000)
 Metaspace       used 20686K, capacity 21124K, committed 21248K, reserved 1067008K
  class space    used 2859K, capacity 3039K, committed 3072K, reserved 1048576K
Event: 3.715 GC heap after
Heap after GC invocations=5 (full 1):
 PSYoungGen      total 71680K, used 0K [0x00000000e0000000, 0x00000000e4b00000, 0x0000000100000000)
  eden space 66560K, 0% used [0x00000000e0000000,0x00000000e0000000,0x00000000e4100000)
  from space 5120K, 0% used [0x00000000e4600000,0x00000000e4600000,0x00000000e4b00000)
  to   space 5120K, 0% used [0x00000000e4100000,0x00000000e4100000,0x00000000e4600000)
 ParOldGen       total 61440K, used 8671K [0x00000000a0000000, 0x00000000a3c00000, 0x00000000e0000000)
  object space 61440K, 14% used [0x00000000a0000000,0x00000000a0877fa0,0x00000000a3c00000)
 Metaspace       used 20686K, capacity 21124K, committed 21248K, reserved 1067008K
  class space    used 2859K, capacity 3039K, committed 3072K, reserved 1048576K
}
Event: 5.339 GC heap before
{Heap before GC invocations=6 (full 1):
 PSYoungGen      total 71680K, used 66560K [0x00000000e0000000, 0x00000000e4b00000, 0x0000000100000000)
  eden space 66560K, 100% used [0x00000000e0000000,0x00000000e4100000,0x00000000e4100000)
  from space 5120K, 0% used [0x00000000e4600000,0x00000000e4600000,0x00000000e4b00000)
  to   space 5120K, 0% used [0x00000000e4100000,0x00000000e4100000,0x00000000e4600000)
 ParOldGen       total 61440K, used 8671K [0x00000000a0000000, 0x00000000a3c00000, 0x00000000e0000000)
  object space 61440K, 14% used [0x00000000a0000000,0x00000000a0877fa0,0x00000000a3c00000)
 Metaspace       used 26144K, capacity 26662K, committed 26880K, reserved 1073152K
  class space    used 3539K, capacity 3746K, committed 3840K, reserved 1048576K
Event: 5.348 GC heap after
Heap after GC invocations=6 (full 1):
 PSYoungGen      total 71680K, used 5091K [0x00000000e0000000, 0x00000000e7680000, 0x0000000100000000)
  eden space 66560K, 0% used [0x00000000e0000000,0x00000000e0000000,0x00000000e4100000)
  from space 5120K, 99% used [0x00000000e4100000,0x00000000e45f8dc0,0x00000000e4600000)
  to   space 9728K, 0% used [0x00000000e6d00000,0x00000000e6d00000,0x00000000e7680000)
 ParOldGen       total 61440K, used 10347K [0x00000000a0000000, 0x00000000a3c00000, 0x00000000e0000000)
  object space 61440K, 16% used [0x00000000a0000000,0x00000000a0a1ae08,0x00000000a3c00000)
 Metaspace       used 26144K, capacity 26662K, committed 26880K, reserved 1073152K
  class space    used 3539K, capacity 3746K, committed 3840K, reserved 1048576K
}
Event: 6.874 GC heap before
{Heap before GC invocations=7 (full 1):
 PSYoungGen      total 71680K, used 71651K [0x00000000e0000000, 0x00000000e7680000, 0x0000000100000000)
  eden space 66560K, 100% used [0x00000000e0000000,0x00000000e4100000,0x00000000e4100000)
  from space 5120K, 99% used [0x00000000e4100000,0x00000000e45f8dc0,0x00000000e4600000)
  to   space 9728K, 0% used [0x00000000e6d00000,0x00000000e6d00000,0x00000000e7680000)
 ParOldGen       total 61440K, used 10347K [0x00000000a0000000, 0x00000000a3c00000, 0x00000000e0000000)
  object space 61440K, 16% used [0x00000000a0000000,0x00000000a0a1ae08,0x00000000a3c00000)
 Metaspace       used 31200K, capacity 31862K, committed 32000K, reserved 1077248K
  class space    used 4303K, capacity 4584K, committed 4608K, reserved 1048576K
Event: 6.885 GC heap after
Heap after GC invocations=7 (full 1):
 PSYoungGen      total 109568K, used 9703K [0x00000000e0000000, 0x00000000e7780000, 0x0000000100000000)
  eden space 99840K, 0% used [0x00000000e0000000,0x00000000e0000000,0x00000000e6180000)
  from space 9728K, 99% used [0x00000000e6d00000,0x00000000e7679fe0,0x00000000e7680000)
  to   space 11264K, 0% used [0x00000000e6180000,0x00000000e6180000,0x00000000e6c80000)
 ParOldGen       total 61440K, used 10430K [0x00000000a0000000, 0x00000000a3c00000, 0x00000000e0000000)
  object space 61440K, 16% used [0x00000000a0000000,0x00000000a0a2f8f0,0x00000000a3c00000)
 Metaspace       used 31200K, capacity 31862K, committed 32000K, reserved 1077248K
  class space    used 4303K, capacity 4584K, committed 4608K, reserved 1048576K
}
Event: 8.532 GC heap before
{Heap before GC invocations=8 (full 1):
 PSYoungGen      total 109568K, used 75872K [0x00000000e0000000, 0x00000000e7780000, 0x0000000100000000)
  eden space 99840K, 66% used [0x00000000e0000000,0x00000000e409e0a8,0x00000000e6180000)
  from space 9728K, 99% used [0x00000000e6d00000,0x00000000e7679fe0,0x00000000e7680000)
  to   space 11264K, 0% used [0x00000000e6180000,0x00000000e6180000,0x00000000e6c80000)
 ParOldGen       total 61440K, used 10430K [0x00000000a0000000, 0x00000000a3c00000, 0x00000000e0000000)
  object space 61440K, 16% used [0x00000000a0000000,0x00000000a0a2f8f0,0x00000000a3c00000)
 Metaspace       used 34501K, capacity 35316K, committed 35416K, reserved 1079296K
  class space    used 4691K, capacity 4974K, committed 4992K, reserved 1048576K
Event: 8.543 GC heap after
Heap after GC invocations=8 (full 1):
 PSYoungGen      total 111104K, used 10331K [0x00000000e0000000, 0x00000000ea780000, 0x0000000100000000)
  eden space 99840K, 0% used [0x00000000e0000000,0x00000000e0000000,0x00000000e6180000)
  from space 11264K, 91% used [0x00000000e6180000,0x00000000e6b96c98,0x00000000e6c80000)
  to   space 12288K, 0% used [0x00000000e9b80000,0x00000000e9b80000,0x00000000ea780000)
 ParOldGen       total 61440K, used 10502K [0x00000000a0000000, 0x00000000a3c00000, 0x00000000e0000000)
  object space 61440K, 17% used [0x00000000a0000000,0x00000000a0a41900,0x00000000a3c00000)
 Metaspace       used 34501K, capacity 35316K, committed 35416K, reserved 1079296K
  class space    used 4691K, capacity 4974K, committed 4992K, reserved 1048576K
}
Event: 8.543 GC heap before
{Heap before GC invocations=9 (full 2):
 PSYoungGen      total 111104K, used 10331K [0x00000000e0000000, 0x00000000ea780000, 0x0000000100000000)
  eden space 99840K, 0% used [0x00000000e0000000,0x00000000e0000000,0x00000000e6180000)
  from space 11264K, 91% used [0x00000000e6180000,0x00000000e6b96c98,0x00000000e6c80000)
  to   space 12288K, 0% used [0x00000000e9b80000,0x00000000e9b80000,0x00000000ea780000)
 ParOldGen       total 61440K, used 10502K [0x00000000a0000000, 0x00000000a3c00000, 0x00000000e0000000)
  object space 61440K, 17% used [0x00000000a0000000,0x00000000a0a41900,0x00000000a3c00000)
 Metaspace       used 34501K, capacity 35316K, committed 35416K, reserved 1079296K
  class space    used 4691K, capacity 4974K, committed 4992K, reserved 1048576K
Event: 8.653 GC heap after
Heap after GC invocations=9 (full 2):
 PSYoungGen      total 111104K, used 0K [0x00000000e0000000, 0x00000000ea780000, 0x0000000100000000)
  eden space 99840K, 0% used [0x00000000e0000000,0x00000000e0000000,0x00000000e6180000)
  from space 11264K, 0% used [0x00000000e6180000,0x00000000e6180000,0x00000000e6c80000)
  to   space 12288K, 0% used [0x00000000e9b80000,0x00000000e9b80000,0x00000000ea780000)
 ParOldGen       total 98304K, used 16321K [0x00000000a0000000, 0x00000000a6000000, 0x00000000e0000000)
  object space 98304K, 16% used [0x00000000a0000000,0x00000000a0ff0788,0x00000000a6000000)
 Metaspace       used 34501K, capacity 35316K, committed 35416K, reserved 1079296K
  class space    used 4691K, capacity 4974K, committed 4992K, reserved 1048576K
}

Deoptimization events (10 events):
Event: 8.383 Thread 0x000000001b7de000 Uncommon trap: reason=class_check action=maybe_recompile pc=0x00000000057d173c method=java.util.Hashtable.get(Ljava/lang/Object;)Ljava/lang/Object; @ 6
Event: 8.383 Thread 0x000000001b7de000 Uncommon trap: reason=class_check action=maybe_recompile pc=0x00000000057d173c method=java.util.Hashtable.get(Ljava/lang/Object;)Ljava/lang/Object; @ 6
Event: 8.383 Thread 0x000000001b7de000 Uncommon trap: reason=class_check action=maybe_recompile pc=0x00000000057d173c method=java.util.Hashtable.get(Ljava/lang/Object;)Ljava/lang/Object; @ 6
Event: 8.383 Thread 0x000000001b7de000 Uncommon trap: reason=class_check action=maybe_recompile pc=0x00000000057d173c method=java.util.Hashtable.get(Ljava/lang/Object;)Ljava/lang/Object; @ 6
Event: 8.402 Thread 0x000000001b7de000 Uncommon trap: reason=unstable_if action=reinterpret pc=0x0000000005105078 method=java.lang.String.replace(CC)Ljava/lang/String; @ 2
Event: 8.406 Thread 0x000000001b7de000 Uncommon trap: reason=unstable_if action=reinterpret pc=0x000000000598f70c method=groovy.lang.MetaClassImpl.checkIfStdMethod(Lgroovy/lang/MetaMethod;)V @ 55
Event: 8.406 Thread 0x000000001b7de000 Uncommon trap: reason=unstable_if action=reinterpret pc=0x00000000051f94c4 method=org.codehaus.groovy.runtime.metaclass.MetaMethodIndex.copyNonPrivateNonNewMetaMethods(Lorg/codehaus/groovy/runtime/metaclass/MetaMethodIndex$Entry;Lorg/codehaus/groovy/runti
Event: 8.406 Thread 0x000000001b7de000 Uncommon trap: reason=unstable_if action=reinterpret pc=0x0000000005afc400 method=groovy.lang.MetaClassImpl$1MOPIter.methodNameAction(Ljava/lang/Class;Lorg/codehaus/groovy/runtime/metaclass/MetaMethodIndex$Entry;)V @ 259
Event: 8.657 Thread 0x000000001b7de000 Uncommon trap: reason=unstable_if action=reinterpret pc=0x0000000005b38f10 method=java.lang.Integer.valueOf(I)Ljava/lang/Integer; @ 3
Event: 8.661 Thread 0x000000001b7de000 Uncommon trap: reason=predicate action=maybe_recompile pc=0x000000000584b4a4 method=java.util.Arrays.binarySearch0([Ljava/lang/Object;IILjava/lang/Object;Ljava/util/Comparator;)I @ 28

Classes redefined (0 events):
No events

Internal exceptions (10 events):
Event: 8.409 Thread 0x000000001b7de000 Exception <a 'java/lang/ClassNotFoundException': org/gradle/api/internal/project/ant/BasicAntBuilderBeanInfo> (0x00000000e3c37940) thrown at [D:\src\AOSP-openjdk-cygwin\jdk8u\hotspot\src\share\vm\classfile\systemDictionary.cpp, line 210]
Event: 8.441 Thread 0x000000001b7de000 Exception <a 'java/lang/ClassNotFoundException': org/gradle/api/AntBuilderBeanInfo> (0x00000000e3c57eb8) thrown at [D:\src\AOSP-openjdk-cygwin\jdk8u\hotspot\src\share\vm\classfile\systemDictionary.cpp, line 210]
Event: 8.442 Thread 0x000000001b7de000 Exception <a 'java/lang/ClassNotFoundException': groovy/util/AntBuilderBeanInfo> (0x00000000e3c76f10) thrown at [D:\src\AOSP-openjdk-cygwin\jdk8u\hotspot\src\share\vm\classfile\systemDictionary.cpp, line 210]
Event: 8.442 Thread 0x000000001b7de000 Exception <a 'java/lang/ClassNotFoundException': groovy/util/BuilderSupportBeanInfo> (0x00000000e3c97460) thrown at [D:\src\AOSP-openjdk-cygwin\jdk8u\hotspot\src\share\vm\classfile\systemDictionary.cpp, line 210]
Event: 8.445 Thread 0x000000001b7de000 Exception <a 'java/lang/ClassNotFoundException': groovy/util/BuilderSupportCustomizer> (0x00000000e3cb9840) thrown at [D:\src\AOSP-openjdk-cygwin\jdk8u\hotspot\src\share\vm\classfile\systemDictionary.cpp, line 210]
Event: 8.446 Thread 0x000000001b7de000 Exception <a 'java/lang/ClassNotFoundException': groovy/util/AntBuilderCustomizer> (0x00000000e3cdca48) thrown at [D:\src\AOSP-openjdk-cygwin\jdk8u\hotspot\src\share\vm\classfile\systemDictionary.cpp, line 210]
Event: 8.447 Thread 0x000000001b7de000 Exception <a 'java/lang/ClassNotFoundException': org/gradle/api/AntBuilderCustomizer> (0x00000000e3d04e28) thrown at [D:\src\AOSP-openjdk-cygwin\jdk8u\hotspot\src\share\vm\classfile\systemDictionary.cpp, line 210]
Event: 8.449 Thread 0x000000001b7de000 Exception <a 'java/lang/ClassNotFoundException': org/gradle/api/internal/project/ant/BasicAntBuilderCustomizer> (0x00000000e3d41198) thrown at [D:\src\AOSP-openjdk-cygwin\jdk8u\hotspot\src\share\vm\classfile\systemDictionary.cpp, line 210]
Event: 8.451 Thread 0x000000001b7de000 Exception <a 'java/lang/ClassNotFoundException': org/gradle/api/internal/project/DefaultAntBuilderCustomizer> (0x00000000e3d840a0) thrown at [D:\src\AOSP-openjdk-cygwin\jdk8u\hotspot\src\share\vm\classfile\systemDictionary.cpp, line 210]
Event: 8.790 Thread 0x000000001b7de000 Exception <a 'sun/nio/fs/WindowsException'> (0x00000000e06764c0) thrown at [D:\src\AOSP-openjdk-cygwin\jdk8u\hotspot\src\share\vm\prims\jni.cpp, line 709]

Events (10 events):
Event: 9.075 loading class org/gradle/language/base/ProjectSourceSet
Event: 9.075 loading class org/gradle/language/base/ProjectSourceSet done
Event: 9.079 loading class org/gradle/platform/base/plugins/BinaryBasePlugin
Event: 9.079 loading class org/gradle/platform/base/plugins/BinaryBasePlugin done
Event: 9.080 loading class org/gradle/platform/base/plugins/BinaryBasePlugin$Rules
Event: 9.080 loading class org/gradle/platform/base/plugins/BinaryBasePlugin$Rules done
Event: 9.082 loading class org/gradle/platform/base/internal/BinarySpecInternal
Event: 9.082 loading class org/gradle/platform/base/internal/BinarySpecInternal done
Event: 9.086 loading class org/gradle/platform/base/BinaryTasksCollection
Event: 9.086 loading class org/gradle/platform/base/BinaryTasksCollection done


Dynamic libraries:
0x00007ff795fe0000 - 0x00007ff796011000 	C:\Program Files\Android\Android Studio\jre\bin\java.exe
0x00007ffd6f300000 - 0x00007ffd6f4e0000 	C:\WINDOWS\SYSTEM32\ntdll.dll
0x00007ffd67480000 - 0x00007ffd674b4000 	C:\Program Files\AVAST Software\Avast\x64\aswhooka.dll
0x00007ffd6d850000 - 0x00007ffd6d8fe000 	C:\WINDOWS\System32\KERNEL32.DLL
0x00007ffd6b950000 - 0x00007ffd6bbb6000 	C:\WINDOWS\System32\KERNELBASE.dll
0x00007ffd6d1b0000 - 0x00007ffd6d251000 	C:\WINDOWS\System32\ADVAPI32.dll
0x00007ffd6d9c0000 - 0x00007ffd6da5d000 	C:\WINDOWS\System32\msvcrt.dll
0x00007ffd6d7f0000 - 0x00007ffd6d84b000 	C:\WINDOWS\System32\sechost.dll
0x00007ffd6da60000 - 0x00007ffd6db7f000 	C:\WINDOWS\System32\RPCRT4.dll
0x00007ffd6c900000 - 0x00007ffd6ca8f000 	C:\WINDOWS\System32\USER32.dll
0x00007ffd6bd60000 - 0x00007ffd6bd80000 	C:\WINDOWS\System32\win32u.dll
0x00007ffd6cd00000 - 0x00007ffd6cd28000 	C:\WINDOWS\System32\GDI32.dll
0x00007ffd6bbc0000 - 0x00007ffd6bd53000 	C:\WINDOWS\System32\gdi32full.dll
0x00007ffd6b8b0000 - 0x00007ffd6b94b000 	C:\WINDOWS\System32\msvcp_win.dll
0x00007ffd6b700000 - 0x00007ffd6b7f6000 	C:\WINDOWS\System32\ucrtbase.dll
0x00007ffd5eb10000 - 0x00007ffd5ed79000 	C:\WINDOWS\WinSxS\amd64_microsoft.windows.common-controls_6595b64144ccf1df_6.0.16299.309_none_15cfd4c4935e6b11\COMCTL32.dll
0x00007ffd6efc0000 - 0x00007ffd6f2c8000 	C:\WINDOWS\System32\combase.dll
0x00007ffd6be30000 - 0x00007ffd6bea2000 	C:\WINDOWS\System32\bcryptPrimitives.dll
0x00007ffd6cd30000 - 0x00007ffd6cd5d000 	C:\WINDOWS\System32\IMM32.DLL
0x000000006bcb0000 - 0x000000006bd82000 	C:\Program Files\Android\Android Studio\jre\jre\bin\msvcr100.dll
0x000000006a9d0000 - 0x000000006b20e000 	C:\Program Files\Android\Android Studio\jre\jre\bin\server\jvm.dll
0x00007ffd6d5e0000 - 0x00007ffd6d5e8000 	C:\WINDOWS\System32\PSAPI.DLL
0x00007ffd420c0000 - 0x00007ffd420c9000 	C:\WINDOWS\SYSTEM32\WSOCK32.dll
0x00007ffd6d5f0000 - 0x00007ffd6d65c000 	C:\WINDOWS\System32\WS2_32.dll
0x00007ffd694b0000 - 0x00007ffd694d3000 	C:\WINDOWS\SYSTEM32\WINMM.dll
0x00007ffd60d50000 - 0x00007ffd60d5a000 	C:\WINDOWS\SYSTEM32\VERSION.dll
0x00007ffd693a0000 - 0x00007ffd693ca000 	C:\WINDOWS\SYSTEM32\WINMMBASE.dll
0x00007ffd6b800000 - 0x00007ffd6b84a000 	C:\WINDOWS\System32\cfgmgr32.dll
0x00007ffd41d40000 - 0x00007ffd41d4f000 	C:\Program Files\Android\Android Studio\jre\jre\bin\verify.dll
0x00007ffd3ab80000 - 0x00007ffd3aba9000 	C:\Program Files\Android\Android Studio\jre\jre\bin\java.dll
0x00007ffd3ab60000 - 0x00007ffd3ab76000 	C:\Program Files\Android\Android Studio\jre\jre\bin\zip.dll
0x00007ffd6db80000 - 0x00007ffd6efb6000 	C:\WINDOWS\System32\SHELL32.dll
0x00007ffd6d340000 - 0x00007ffd6d3e6000 	C:\WINDOWS\System32\shcore.dll
0x00007ffd6beb0000 - 0x00007ffd6c5f7000 	C:\WINDOWS\System32\windows.storage.dll
0x00007ffd6d960000 - 0x00007ffd6d9b1000 	C:\WINDOWS\System32\shlwapi.dll
0x00007ffd6b670000 - 0x00007ffd6b681000 	C:\WINDOWS\System32\kernel.appcore.dll
0x00007ffd6b690000 - 0x00007ffd6b6dc000 	C:\WINDOWS\System32\powrprof.dll
0x00007ffd6b6e0000 - 0x00007ffd6b6fb000 	C:\WINDOWS\System32\profapi.dll
0x00007ffd3ab40000 - 0x00007ffd3ab5a000 	C:\Program Files\Android\Android Studio\jre\jre\bin\net.dll
0x00007ffd6aee0000 - 0x00007ffd6af46000 	C:\WINDOWS\system32\mswsock.dll
0x00007ffd3ab20000 - 0x00007ffd3ab31000 	C:\Program Files\Android\Android Studio\jre\jre\bin\nio.dll
0x00007ffd54680000 - 0x00007ffd5469e000 	C:\Users\emene\.gradle\native\25\windows-amd64\native-platform.dll
0x00007ffd41d30000 - 0x00007ffd41d3d000 	C:\Program Files\Android\Android Studio\jre\jre\bin\management.dll
0x00007ffd6b0b0000 - 0x00007ffd6b0c7000 	C:\WINDOWS\SYSTEM32\CRYPTSP.dll
0x00007ffd6aa80000 - 0x00007ffd6aab3000 	C:\WINDOWS\system32\rsaenh.dll
0x00007ffd6b1b0000 - 0x00007ffd6b1d5000 	C:\WINDOWS\SYSTEM32\bcrypt.dll
0x00007ffd6b580000 - 0x00007ffd6b5a9000 	C:\WINDOWS\SYSTEM32\USERENV.dll
0x00007ffd6b0a0000 - 0x00007ffd6b0ab000 	C:\WINDOWS\SYSTEM32\CRYPTBASE.dll
0x00007ffd6ac10000 - 0x00007ffd6ac49000 	C:\WINDOWS\SYSTEM32\IPHLPAPI.DLL
0x00007ffd6d7d0000 - 0x00007ffd6d7d8000 	C:\WINDOWS\System32\NSI.dll
0x00007ffd61eb0000 - 0x00007ffd61ec6000 	C:\WINDOWS\SYSTEM32\dhcpcsvc6.DLL
0x00007ffd61e90000 - 0x00007ffd61eaa000 	C:\WINDOWS\SYSTEM32\dhcpcsvc.DLL

VM Arguments:
jvm_args: -Xmx1536m -Dfile.encoding=windows-1252 -Duser.country=BR -Duser.language=pt -Duser.variant 
java_command: org.gradle.launcher.daemon.bootstrap.GradleDaemon 4.1
java_class_path (initial): C:\Users\emene\.gradle\wrapper\dists\gradle-4.1-all\bzyivzo6n839fup2jbap0tjew\gradle-4.1\lib\gradle-launcher-4.1.jar
Launcher Type: SUN_STANDARD

Environment Variables:
PATH=C:\ProgramData\Oracle\Java\javapath;C:\WINDOWS\system32;C:\WINDOWS;C:\WINDOWS\System32\Wbem;C:\WINDOWS\System32\WindowsPowerShell\v1.0\;C:\Users\emene\AppData\Local\Microsoft\WindowsApps;
USERNAME=emene
OS=Windows_NT
PROCESSOR_IDENTIFIER=Intel64 Family 6 Model 78 Stepping 3, GenuineIntel



---------------  S Y S T E M  ---------------

OS: Windows 10.0 , 64 bit Build 16299 (10.0.16299.15)

CPU:total 4 (initial active 4) (2 cores per cpu, 2 threads per core) family 6 model 78 stepping 3, cmov, cx8, fxsr, mmx, sse, sse2, sse3, ssse3, sse4.1, sse4.2, popcnt, avx, avx2, aes, clmul, erms, 3dnowpref, lzcnt, ht, tsc, tscinvbit, bmi1, bmi2, adx

Memory: 4k page, physical 8265120k(1379216k free), swap 8265120k(4328k free)

vm_info: OpenJDK 64-Bit Server VM (25.152-b01) for windows-amd64 JRE (1.8.0_152-release-915-b01), built by "builder" with MS VC++ 10.0 (VS2010)

time: Thu Mar 22 17:19:57 2018
elapsed time: 9 seconds (0d 0h 0m 9s)

