#
# There is insufficient memory for the Java Runtime Environment to continue.
# Native memory allocation (malloc) failed to allocate 1459616 bytes for Chunk::new
# Possible reasons:
#   The system is out of physical RAM or swap space
#   In 32 bit mode, the process size limit was hit
# Possible solutions:
#   Reduce memory load on the system
#   Increase physical memory or swap space
#   Check if swap backing store is full
#   Use 64 bit Java on a 64 bit OS
#   Decrease Java heap size (-Xmx/-Xms)
#   Decrease number of Java threads
#   Decrease Java thread stack sizes (-Xss)
#   Set larger code cache with -XX:ReservedCodeCacheSize=
# This output file may be truncated or incomplete.
#
#  Out of Memory Error (allocation.cpp:390), pid=848, tid=0x0000000000000690
#
# JRE version: OpenJDK Runtime Environment (8.0_152-b01) (build 1.8.0_152-release-915-b01)
# Java VM: OpenJDK 64-Bit Server VM (25.152-b01 mixed mode windows-amd64 compressed oops)
# Failed to write core dump. Minidumps are not enabled by default on client versions of Windows
#

---------------  T H R E A D  ---------------

Current thread (0x0000000017f42000):  JavaThread "C2 CompilerThread1" daemon [_thread_in_native, id=1680, stack(0x0000000019790000,0x0000000019890000)]

Stack: [0x0000000019790000,0x0000000019890000]
[error occurred during error reporting (printing stack bounds), id 0xc0000005]

Native frames: (J=compiled Java code, j=interpreted, Vv=VM code, C=native code)


Current CompileTask:
C2:5033183 25882       4       com.android.build.gradle.internal.incremental.StringSwitch::visitClassifier (268 bytes)


---------------  P R O C E S S  ---------------

Java Threads: ( => current thread )
  0x0000000021640800 JavaThread "ForkJoinPool.commonPool-worker-3" daemon [_thread_in_Java, id=9104, stack(0x00000000759b0000,0x0000000075ab0000)]
  0x000000002163d800 JavaThread "ForkJoinPool.commonPool-worker-2" daemon [_thread_blocked, id=9928, stack(0x00000000758b0000,0x00000000759b0000)]
  0x000000002163f000 JavaThread "ForkJoinPool.commonPool-worker-1" daemon [_thread_blocked, id=3484, stack(0x00000000757b0000,0x00000000758b0000)]
  0x0000000021637000 JavaThread "ForkJoinPool.commonPool-worker-0" daemon [_thread_in_Java, id=8656, stack(0x00000000756b0000,0x00000000757b0000)]
  0x000000001f80e800 JavaThread "Task worker for ':' Thread 3" [_thread_blocked, id=5204, stack(0x00000000748b0000,0x00000000749b0000)]
  0x000000001f80b800 JavaThread "Task worker for ':' Thread 2" [_thread_blocked, id=7616, stack(0x00000000747b0000,0x00000000748b0000)]
  0x000000001f80d800 JavaThread "Task worker for ':'" [_thread_blocked, id=11928, stack(0x00000000746b0000,0x00000000747b0000)]
  0x000000001f803000 JavaThread "Cache worker for task history cache (C:\xampp\htdocs\projeto\infolabsys\.gradle\4.1\taskHistory)" [_thread_blocked, id=12904, stack(0x00000000745b0000,0x00000000746b0000)]
  0x000000001f80a000 JavaThread "Cache worker for file content cache (C:\xampp\htdocs\projeto\infolabsys\.gradle\4.1\fileContent)" [_thread_blocked, id=6988, stack(0x00000000744b0000,0x00000000745b0000)]
  0x000000001f802800 JavaThread "build operations Thread 4" [_thread_blocked, id=10556, stack(0x00000000743b0000,0x00000000744b0000)]
  0x000000001f809000 JavaThread "build operations Thread 3" [_thread_blocked, id=7744, stack(0x00000000742b0000,0x00000000743b0000)]
  0x000000001f804800 JavaThread "build operations Thread 2" [_thread_blocked, id=2504, stack(0x00000000741b0000,0x00000000742b0000)]
  0x000000001f807800 JavaThread "build operations" [_thread_blocked, id=9536, stack(0x00000000740b0000,0x00000000741b0000)]
  0x000000001f808800 JavaThread "Cache worker for Artifact transforms cache (C:\Users\emene\.gradle\caches\transforms-1)" [_thread_blocked, id=12536, stack(0x0000000073fb0000,0x00000000740b0000)]
  0x000000001f807000 JavaThread "Cache worker for file hash cache (C:\xampp\htdocs\projeto\infolabsys\.gradle\4.1\fileHashes)" [_thread_blocked, id=1668, stack(0x0000000073eb0000,0x0000000073fb0000)]
  0x000000001f801800 JavaThread "Stdin handler" [_thread_blocked, id=11748, stack(0x0000000073db0000,0x0000000073eb0000)]
  0x000000001f800000 JavaThread "Asynchronous log dispatcher for DefaultDaemonConnection: socket connection from /127.0.0.1:57898 to /127.0.0.1:61015" [_thread_in_native, id=8796, stack(0x0000000073cb0000,0x0000000073db0000)]
  0x000000001f805800 JavaThread "Cancel handler" [_thread_blocked, id=7336, stack(0x0000000073bb0000,0x0000000073cb0000)]
  0x000000001f804000 JavaThread "Handler for socket connection from /127.0.0.1:57898 to /127.0.0.1:61015" [_thread_in_native, id=4420, stack(0x0000000073ab0000,0x0000000073bb0000)]
  0x000000002163c800 JavaThread "Daemon worker Thread 13" [_thread_blocked, id=11220, stack(0x000000006feb0000,0x000000006ffb0000)]
  0x0000000021638800 JavaThread "Daemon Thread 13" [_thread_blocked, id=2548, stack(0x000000006fbb0000,0x000000006fcb0000)]
  0x000000001d928000 JavaThread "Memory manager" [_thread_blocked, id=12884, stack(0x0000000022e40000,0x0000000022f40000)]
  0x000000001d927800 JavaThread "pool-1-thread-1" [_thread_blocked, id=2228, stack(0x0000000022b40000,0x0000000022c40000)]
  0x000000001af65000 JavaThread "File lock request listener" [_thread_in_native, id=4980, stack(0x000000001ed30000,0x000000001ee30000)]
  0x000000001ad6d800 JavaThread "Cache worker for file hash cache (C:\Users\emene\.gradle\caches\4.1\fileHashes)" [_thread_blocked, id=9364, stack(0x000000001ca90000,0x000000001cb90000)]
  0x000000001b5cc800 JavaThread "Daemon periodic checks" [_thread_blocked, id=9144, stack(0x000000001c190000,0x000000001c290000)]
  0x000000001ac62800 JavaThread "Incoming local TCP Connector on port 57898" [_thread_in_native, id=12620, stack(0x000000001bca0000,0x000000001bda0000)]
  0x00000000199c0800 JavaThread "Service Thread" daemon [_thread_blocked, id=11876, stack(0x0000000019d90000,0x0000000019e90000)]
  0x0000000017f49800 JavaThread "C1 CompilerThread2" daemon [_thread_blocked, id=1692, stack(0x0000000019890000,0x0000000019990000)]
=>0x0000000017f42000 JavaThread "C2 CompilerThread1" daemon [_thread_in_native, id=1680, stack(0x0000000019790000,0x0000000019890000)]
  0x0000000017f3f000 JavaThread "C2 CompilerThread0" daemon [_thread_blocked, id=10592, stack(0x0000000019690000,0x0000000019790000)]
  0x0000000017f3c000 JavaThread "Attach Listener" daemon [_thread_blocked, id=11256, stack(0x0000000019590000,0x0000000019690000)]
  0x0000000017f3b000 JavaThread "Signal Dispatcher" daemon [_thread_blocked, id=7672, stack(0x0000000019490000,0x0000000019590000)]
  0x0000000017f2e000 JavaThread "Finalizer" daemon [_thread_blocked, id=1292, stack(0x0000000019190000,0x0000000019290000)]
  0x0000000004512000 JavaThread "Reference Handler" daemon [_thread_blocked, id=7980, stack(0x0000000019090000,0x0000000019190000)]
  0x00000000045cd800 JavaThread "main" [_thread_blocked, id=9336, stack(0x0000000004310000,0x0000000004410000)]

Other Threads:
  0x0000000017f06000 VMThread [stack: 0x0000000018f90000,0x0000000019090000] [id=7356]
  0x0000000017f9a000 WatcherThread [stack: 0x0000000019e90000,0x0000000019f90000] [id=12704]

VM state:not at safepoint (normal execution)

VM Mutex/Monitor currently owned by a thread: None

Heap:
 PSYoungGen      total 394752K, used 316388K [0x00000000e0000000, 0x00000000fdd80000, 0x0000000100000000)
  eden space 353792K, 88% used [0x00000000e0000000,0x00000000f322c1c8,0x00000000f5980000)
  from space 40960K, 7% used [0x00000000f5980000,0x00000000f5c4ced8,0x00000000f8180000)
  to   space 40448K, 0% used [0x00000000fb600000,0x00000000fb600000,0x00000000fdd80000)
 ParOldGen       total 178176K, used 109165K [0x00000000a0000000, 0x00000000aae00000, 0x00000000e0000000)
  object space 178176K, 61% used [0x00000000a0000000,0x00000000a6a9b668,0x00000000aae00000)
 Metaspace       used 88195K, capacity 96988K, committed 97368K, reserved 1132544K
  class space    used 11257K, capacity 13347K, committed 13440K, reserved 1048576K

Card table byte_map: [0x0000000013990000,0x0000000013ca0000] byte_map_base: 0x0000000013490000

Marking Bits: (ParMarkBitMap*) 0x000000006a7c3950
 Begin Bits: [0x00000000142a0000, 0x0000000015aa0000)
 End Bits:   [0x0000000015aa0000, 0x00000000172a0000)

Polling page: 0x0000000002930000

CodeCache: size=245760Kb used=72324Kb max_used=72480Kb free=173435Kb
 bounds [0x00000000045d0000, 0x0000000008d20000, 0x00000000135d0000]
 total_blobs=20646 nmethods=19769 adapters=788
 compilation: enabled

Compilation events (10 events):
Event: 5031.270 Thread 0x0000000017f49800 nmethod 25881 0x00000000048cdd90 code [0x00000000048cdfe0, 0x00000000048cecb8]
Event: 5031.285 Thread 0x0000000017f49800 25883       3       org.objectweb.asm.tree.FieldNode::visitAnnotation (78 bytes)
Event: 5031.286 Thread 0x0000000017f49800 nmethod 25883 0x00000000087f6790 code [0x00000000087f6980, 0x00000000087f7258]
Event: 5031.314 Thread 0x0000000017f3f000 nmethod 25878 0x000000000537ded0 code [0x000000000537e120, 0x000000000537fa50]
Event: 5031.316 Thread 0x0000000017f3f000 25884       4       java.util.zip.ZipEntry::<init> (146 bytes)
Event: 5031.318 Thread 0x0000000017f3f000 nmethod 25884 0x0000000008a06cd0 code [0x0000000008a06e00, 0x0000000008a06f18]
Event: 5031.321 Thread 0x0000000017f49800 25885       1       org.objectweb.asm.tree.LabelNode::getType (3 bytes)
Event: 5031.321 Thread 0x0000000017f49800 nmethod 25885 0x000000000485bdd0 code [0x000000000485bf20, 0x000000000485c030]
Event: 5031.323 Thread 0x0000000017f49800 25886       1       org.objectweb.asm.tree.LineNumberNode::getType (3 bytes)
Event: 5031.323 Thread 0x0000000017f49800 nmethod 25886 0x00000000052cf490 code [0x00000000052cf5e0, 0x00000000052cf6f0]

GC Heap History (10 events):
Event: 4880.261 GC heap before
{Heap before GC invocations=49 (full 4):
 PSYoungGen      total 413696K, used 401926K [0x00000000e0000000, 0x00000000fcd00000, 0x0000000100000000)
  eden space 392192K, 100% used [0x00000000e0000000,0x00000000f7f00000,0x00000000f7f00000)
  from space 21504K, 45% used [0x00000000fb800000,0x00000000fc181b08,0x00000000fcd00000)
  to   space 39936K, 0% used [0x00000000f7f00000,0x00000000f7f00000,0x00000000fa600000)
 ParOldGen       total 178176K, used 102021K [0x00000000a0000000, 0x00000000aae00000, 0x00000000e0000000)
  object space 178176K, 57% used [0x00000000a0000000,0x00000000a63a17b8,0x00000000aae00000)
 Metaspace       used 87845K, capacity 96456K, committed 97112K, reserved 1132544K
  class space    used 11224K, capacity 13251K, committed 13440K, reserved 1048576K
Event: 4880.267 GC heap after
Heap after GC invocations=49 (full 4):
 PSYoungGen      total 381952K, used 4907K [0x00000000e0000000, 0x00000000fbd00000, 0x0000000100000000)
  eden space 376832K, 0% used [0x00000000e0000000,0x00000000e0000000,0x00000000f7000000)
  from space 5120K, 95% used [0x00000000f7f00000,0x00000000f83cafb0,0x00000000f8400000)
  to   space 39424K, 0% used [0x00000000f9680000,0x00000000f9680000,0x00000000fbd00000)
 ParOldGen       total 178176K, used 103109K [0x00000000a0000000, 0x00000000aae00000, 0x00000000e0000000)
  object space 178176K, 57% used [0x00000000a0000000,0x00000000a64b17e8,0x00000000aae00000)
 Metaspace       used 87845K, capacity 96456K, committed 97112K, reserved 1132544K
  class space    used 11224K, capacity 13251K, committed 13440K, reserved 1048576K
}
Event: 4990.761 GC heap before
{Heap before GC invocations=50 (full 4):
 PSYoungGen      total 381952K, used 381739K [0x00000000e0000000, 0x00000000fbd00000, 0x0000000100000000)
  eden space 376832K, 100% used [0x00000000e0000000,0x00000000f7000000,0x00000000f7000000)
  from space 5120K, 95% used [0x00000000f7f00000,0x00000000f83cafb0,0x00000000f8400000)
  to   space 39424K, 0% used [0x00000000f9680000,0x00000000f9680000,0x00000000fbd00000)
 ParOldGen       total 178176K, used 103109K [0x00000000a0000000, 0x00000000aae00000, 0x00000000e0000000)
  object space 178176K, 57% used [0x00000000a0000000,0x00000000a64b17e8,0x00000000aae00000)
 Metaspace       used 87962K, capacity 96728K, committed 97112K, reserved 1132544K
  class space    used 11238K, capacity 13295K, committed 13440K, reserved 1048576K
Event: 4990.768 GC heap after
Heap after GC invocations=50 (full 4):
 PSYoungGen      total 384512K, used 3524K [0x00000000e0000000, 0x00000000fac80000, 0x0000000100000000)
  eden space 361984K, 0% used [0x00000000e0000000,0x00000000e0000000,0x00000000f6180000)
  from space 22528K, 15% used [0x00000000f9680000,0x00000000f99f12d8,0x00000000fac80000)
  to   space 38400K, 0% used [0x00000000f6180000,0x00000000f6180000,0x00000000f8700000)
 ParOldGen       total 178176K, used 103293K [0x00000000a0000000, 0x00000000aae00000, 0x00000000e0000000)
  object space 178176K, 57% used [0x00000000a0000000,0x00000000a64df7e8,0x00000000aae00000)
 Metaspace       used 87962K, capacity 96728K, committed 97112K, reserved 1132544K
  class space    used 11238K, capacity 13295K, committed 13440K, reserved 1048576K
}
Event: 4994.197 GC heap before
{Heap before GC invocations=51 (full 4):
 PSYoungGen      total 384512K, used 365508K [0x00000000e0000000, 0x00000000fac80000, 0x0000000100000000)
  eden space 361984K, 100% used [0x00000000e0000000,0x00000000f6180000,0x00000000f6180000)
  from space 22528K, 15% used [0x00000000f9680000,0x00000000f99f12d8,0x00000000fac80000)
  to   space 38400K, 0% used [0x00000000f6180000,0x00000000f6180000,0x00000000f8700000)
 ParOldGen       total 178176K, used 103293K [0x00000000a0000000, 0x00000000aae00000, 0x00000000e0000000)
  object space 178176K, 57% used [0x00000000a0000000,0x00000000a64df7e8,0x00000000aae00000)
 Metaspace       used 88029K, capacity 96792K, committed 97368K, reserved 1132544K
  class space    used 11238K, capacity 13295K, committed 13440K, reserved 1048576K
Event: 4994.218 GC heap after
Heap after GC invocations=51 (full 4):
 PSYoungGen      total 380416K, used 32489K [0x00000000e0000000, 0x00000000fa780000, 0x0000000100000000)
  eden space 347648K, 0% used [0x00000000e0000000,0x00000000e0000000,0x00000000f5380000)
  from space 32768K, 99% used [0x00000000f6180000,0x00000000f813a420,0x00000000f8180000)
  to   space 38912K, 0% used [0x00000000f8180000,0x00000000f8180000,0x00000000fa780000)
 ParOldGen       total 178176K, used 104697K [0x00000000a0000000, 0x00000000aae00000, 0x00000000e0000000)
  object space 178176K, 58% used [0x00000000a0000000,0x00000000a663e728,0x00000000aae00000)
 Metaspace       used 88029K, capacity 96792K, committed 97368K, reserved 1132544K
  class space    used 11238K, capacity 13295K, committed 13440K, reserved 1048576K
}
Event: 4994.704 GC heap before
{Heap before GC invocations=52 (full 4):
 PSYoungGen      total 380416K, used 380125K [0x00000000e0000000, 0x00000000fa780000, 0x0000000100000000)
  eden space 347648K, 99% used [0x00000000e0000000,0x00000000f537d178,0x00000000f5380000)
  from space 32768K, 99% used [0x00000000f6180000,0x00000000f813a420,0x00000000f8180000)
  to   space 38912K, 0% used [0x00000000f8180000,0x00000000f8180000,0x00000000fa780000)
 ParOldGen       total 178176K, used 104697K [0x00000000a0000000, 0x00000000aae00000, 0x00000000e0000000)
  object space 178176K, 58% used [0x00000000a0000000,0x00000000a663e728,0x00000000aae00000)
 Metaspace       used 88031K, capacity 96792K, committed 97368K, reserved 1132544K
  class space    used 11238K, capacity 13295K, committed 13440K, reserved 1048576K
Event: 4994.718 GC heap after
Heap after GC invocations=52 (full 4):
 PSYoungGen      total 392704K, used 11644K [0x00000000e0000000, 0x00000000fdc80000, 0x0000000100000000)
  eden space 353792K, 0% used [0x00000000e0000000,0x00000000e0000000,0x00000000f5980000)
  from space 38912K, 29% used [0x00000000f8180000,0x00000000f8cdf3e8,0x00000000fa780000)
  to   space 40960K, 0% used [0x00000000f5980000,0x00000000f5980000,0x00000000f8180000)
 ParOldGen       total 178176K, used 108861K [0x00000000a0000000, 0x00000000aae00000, 0x00000000e0000000)
  object space 178176K, 61% used [0x00000000a0000000,0x00000000a6a4f668,0x00000000aae00000)
 Metaspace       used 88031K, capacity 96792K, committed 97368K, reserved 1132544K
  class space    used 11238K, capacity 13295K, committed 13440K, reserved 1048576K
}
Event: 4996.018 GC heap before
{Heap before GC invocations=53 (full 4):
 PSYoungGen      total 392704K, used 364894K [0x00000000e0000000, 0x00000000fdc80000, 0x0000000100000000)
  eden space 353792K, 99% used [0x00000000e0000000,0x00000000f58f8458,0x00000000f5980000)
  from space 38912K, 29% used [0x00000000f8180000,0x00000000f8cdf3e8,0x00000000fa780000)
  to   space 40960K, 0% used [0x00000000f5980000,0x00000000f5980000,0x00000000f8180000)
 ParOldGen       total 178176K, used 108861K [0x00000000a0000000, 0x00000000aae00000, 0x00000000e0000000)
  object space 178176K, 61% used [0x00000000a0000000,0x00000000a6a4f668,0x00000000aae00000)
 Metaspace       used 88071K, capacity 96792K, committed 97368K, reserved 1132544K
  class space    used 11238K, capacity 13295K, committed 13440K, reserved 1048576K
Event: 4996.022 GC heap after
Heap after GC invocations=53 (full 4):
 PSYoungGen      total 394752K, used 2867K [0x00000000e0000000, 0x00000000fdd80000, 0x0000000100000000)
  eden space 353792K, 0% used [0x00000000e0000000,0x00000000e0000000,0x00000000f5980000)
  from space 40960K, 7% used [0x00000000f5980000,0x00000000f5c4ced8,0x00000000f8180000)
  to   space 40448K, 0% used [0x00000000fb600000,0x00000000fb600000,0x00000000fdd80000)
 ParOldGen       total 178176K, used 109165K [0x00000000a0000000, 0x00000000aae00000, 0x00000000e0000000)
  object space 178176K, 61% used [0x00000000a0000000,0x00000000a6a9b668,0x00000000aae00000)
 Metaspace       used 88071K, capacity 96792K, committed 97368K, reserved 1132544K
  class space    used 11238K, capacity 13295K, committed 13440K, reserved 1048576K
}

Deoptimization events (10 events):
Event: 4992.366 Thread 0x000000001f801800 Uncommon trap: reason=class_check action=maybe_recompile pc=0x000000000581b860 method=com.google.common.collect.AbstractMapBasedMultimap$Itr.next()Ljava/lang/Object; @ 75
Event: 4995.292 Thread 0x000000001f804000 Uncommon trap: reason=predicate action=maybe_recompile pc=0x00000000077c2768 method=java.util.TimSort.mergeHi(IIII)V @ 191
Event: 4995.292 Thread 0x000000001f804000 Uncommon trap: reason=array_check action=maybe_recompile pc=0x0000000006ceeccc method=java.util.TimSort.mergeLo(IIII)V @ 212
Event: 4995.293 Thread 0x000000001f803000 Uncommon trap: reason=array_check action=maybe_recompile pc=0x0000000006ceeccc method=java.util.TimSort.mergeLo(IIII)V @ 212
Event: 4996.117 Thread 0x0000000021638800 Uncommon trap: reason=unstable_if action=reinterpret pc=0x000000000707c340 method=java.text.DecimalFormat.format(JLjava/lang/StringBuffer;Ljava/text/Format$FieldDelegate;)Ljava/lang/StringBuffer; @ 136
Event: 4996.117 Thread 0x0000000021638800 Uncommon trap: reason=unstable_if action=reinterpret pc=0x0000000006e6b108 method=java.text.DigitList.set(ZJI)V @ 8
Event: 4996.117 Thread 0x0000000021638800 Uncommon trap: reason=unstable_if action=reinterpret pc=0x0000000005764198 method=java.text.DigitList.isZero()Z @ 7
Event: 5030.313 Thread 0x000000001f80d800 Uncommon trap: reason=bimorphic action=maybe_recompile pc=0x000000000581b318 method=com.google.common.collect.AbstractMapBasedMultimap$Itr.next()Ljava/lang/Object; @ 4
Event: 5030.313 Thread 0x000000001f80d800 Uncommon trap: reason=class_check action=maybe_recompile pc=0x00000000067a32e8 method=org.gradle.api.internal.changedetection.state.AbstractNormalizedFileSnapshot.compareTo(Ljava/lang/Object;)I @ 2
Event: 5030.313 Thread 0x000000001f80d800 Uncommon trap: reason=class_check action=maybe_recompile pc=0x00000000067a37b8 method=org.gradle.api.internal.changedetection.state.AbstractNormalizedFileSnapshot.compareTo(Lorg/gradle/api/internal/changedetection/state/NormalizedFileSnapshot;)I @ 1

Classes redefined (0 events):
No events

Internal exceptions (10 events):
Event: 5027.041 Thread 0x000000002163c800 Exception <a 'sun/nio/fs/WindowsException'> (0x00000000e6f3ad78) thrown at [D:\src\AOSP-openjdk-cygwin\jdk8u\hotspot\src\share\vm\prims\jni.cpp, line 709]
Event: 5027.041 Thread 0x000000002163c800 Exception <a 'sun/nio/fs/WindowsException'> (0x00000000e6f3be90) thrown at [D:\src\AOSP-openjdk-cygwin\jdk8u\hotspot\src\share\vm\prims\jni.cpp, line 709]
Event: 5027.041 Thread 0x000000002163c800 Exception <a 'sun/nio/fs/WindowsException'> (0x00000000e6f3d118) thrown at [D:\src\AOSP-openjdk-cygwin\jdk8u\hotspot\src\share\vm\prims\jni.cpp, line 709]
Event: 5027.042 Thread 0x000000002163c800 Exception <a 'sun/nio/fs/WindowsException'> (0x00000000e6f3e228) thrown at [D:\src\AOSP-openjdk-cygwin\jdk8u\hotspot\src\share\vm\prims\jni.cpp, line 709]
Event: 5027.042 Thread 0x000000002163c800 Exception <a 'sun/nio/fs/WindowsException'> (0x00000000e6f46150) thrown at [D:\src\AOSP-openjdk-cygwin\jdk8u\hotspot\src\share\vm\prims\jni.cpp, line 709]
Event: 5027.042 Thread 0x000000002163c800 Exception <a 'sun/nio/fs/WindowsException'> (0x00000000e6f47278) thrown at [D:\src\AOSP-openjdk-cygwin\jdk8u\hotspot\src\share\vm\prims\jni.cpp, line 709]
Event: 5027.043 Thread 0x000000002163c800 Exception <a 'sun/nio/fs/WindowsException'> (0x00000000e6f48ee8) thrown at [D:\src\AOSP-openjdk-cygwin\jdk8u\hotspot\src\share\vm\prims\jni.cpp, line 709]
Event: 5027.043 Thread 0x000000002163c800 Exception <a 'sun/nio/fs/WindowsException'> (0x00000000e6f4a000) thrown at [D:\src\AOSP-openjdk-cygwin\jdk8u\hotspot\src\share\vm\prims\jni.cpp, line 709]
Event: 5027.043 Thread 0x000000002163c800 Exception <a 'sun/nio/fs/WindowsException'> (0x00000000e6f4b288) thrown at [D:\src\AOSP-openjdk-cygwin\jdk8u\hotspot\src\share\vm\prims\jni.cpp, line 709]
Event: 5027.043 Thread 0x000000002163c800 Exception <a 'sun/nio/fs/WindowsException'> (0x00000000e6f4c398) thrown at [D:\src\AOSP-openjdk-cygwin\jdk8u\hotspot\src\share\vm\prims\jni.cpp, line 709]

Events (10 events):
Event: 5031.271 Thread 0x0000000017f49800 flushing nmethod 0x000000000615de50
Event: 5031.286 Thread 0x0000000017f49800 flushing nmethod 0x00000000063dd6d0
Event: 5031.287 Thread 0x0000000017f49800 flushing nmethod 0x00000000063e2310
Event: 5031.316 Thread 0x0000000017f3f000 flushing nmethod 0x0000000006a044d0
Event: 5031.318 Thread 0x0000000017f3f000 flushing nmethod 0x0000000006a9c650
Event: 5031.318 Thread 0x0000000017f3f000 flushing nmethod 0x0000000006b66f50
Event: 5031.323 Thread 0x0000000017f49800 flushing nmethod 0x000000000710c210
Event: 5031.323 Thread 0x0000000017f49800 flushing nmethod 0x00000000071b8290
Event: 5031.323 Thread 0x0000000017f49800 flushing nmethod 0x00000000071bc0d0
Event: 5031.323 Thread 0x0000000017f49800 flushing nmethod 0x00000000071c37d0


Dynamic libraries:
0x00007ff6f50f0000 - 0x00007ff6f5121000 	C:\Program Files\Android\Android Studio\jre\bin\java.exe
0x00007ffd6f300000 - 0x00007ffd6f4e0000 	C:\WINDOWS\SYSTEM32\ntdll.dll
0x00007ffd67480000 - 0x00007ffd674b4000 	C:\Program Files\AVAST Software\Avast\x64\aswhooka.dll
0x00007ffd6d850000 - 0x00007ffd6d8fe000 	C:\WINDOWS\System32\KERNEL32.DLL
0x00007ffd6b950000 - 0x00007ffd6bbb6000 	C:\WINDOWS\System32\KERNELBASE.dll
0x00007ffd6d1b0000 - 0x00007ffd6d251000 	C:\WINDOWS\System32\ADVAPI32.dll
0x00007ffd6d9c0000 - 0x00007ffd6da5d000 	C:\WINDOWS\System32\msvcrt.dll
0x00007ffd6d7f0000 - 0x00007ffd6d84b000 	C:\WINDOWS\System32\sechost.dll
0x00007ffd6da60000 - 0x00007ffd6db7f000 	C:\WINDOWS\System32\RPCRT4.dll
0x00007ffd6c900000 - 0x00007ffd6ca8f000 	C:\WINDOWS\System32\USER32.dll
0x00007ffd6bd60000 - 0x00007ffd6bd80000 	C:\WINDOWS\System32\win32u.dll
0x00007ffd6cd00000 - 0x00007ffd6cd28000 	C:\WINDOWS\System32\GDI32.dll
0x00007ffd6bbc0000 - 0x00007ffd6bd53000 	C:\WINDOWS\System32\gdi32full.dll
0x00007ffd6b8b0000 - 0x00007ffd6b94b000 	C:\WINDOWS\System32\msvcp_win.dll
0x00007ffd6b700000 - 0x00007ffd6b7f6000 	C:\WINDOWS\System32\ucrtbase.dll
0x00007ffd5eb10000 - 0x00007ffd5ed79000 	C:\WINDOWS\WinSxS\amd64_microsoft.windows.common-controls_6595b64144ccf1df_6.0.16299.309_none_15cfd4c4935e6b11\COMCTL32.dll
0x00007ffd6efc0000 - 0x00007ffd6f2c8000 	C:\WINDOWS\System32\combase.dll
0x00007ffd6be30000 - 0x00007ffd6bea2000 	C:\WINDOWS\System32\bcryptPrimitives.dll
0x00007ffd6cd30000 - 0x00007ffd6cd5d000 	C:\WINDOWS\System32\IMM32.DLL
0x000000006bdd0000 - 0x000000006bea2000 	C:\Program Files\Android\Android Studio\jre\jre\bin\msvcr100.dll
0x000000006a000000 - 0x000000006a83e000 	C:\Program Files\Android\Android Studio\jre\jre\bin\server\jvm.dll
0x00007ffd6d5e0000 - 0x00007ffd6d5e8000 	C:\WINDOWS\System32\PSAPI.DLL
0x00007ffd60bc0000 - 0x00007ffd60bc9000 	C:\WINDOWS\SYSTEM32\WSOCK32.dll
0x00007ffd6d5f0000 - 0x00007ffd6d65c000 	C:\WINDOWS\System32\WS2_32.dll
0x00007ffd694b0000 - 0x00007ffd694d3000 	C:\WINDOWS\SYSTEM32\WINMM.dll
0x00007ffd60d50000 - 0x00007ffd60d5a000 	C:\WINDOWS\SYSTEM32\VERSION.dll
0x00007ffd693a0000 - 0x00007ffd693ca000 	C:\WINDOWS\SYSTEM32\WINMMBASE.dll
0x00007ffd6b800000 - 0x00007ffd6b84a000 	C:\WINDOWS\System32\cfgmgr32.dll
0x00007ffd609f0000 - 0x00007ffd609ff000 	C:\Program Files\Android\Android Studio\jre\jre\bin\verify.dll
0x00007ffd60940000 - 0x00007ffd60969000 	C:\Program Files\Android\Android Studio\jre\jre\bin\java.dll
0x00007ffd609c0000 - 0x00007ffd609d6000 	C:\Program Files\Android\Android Studio\jre\jre\bin\zip.dll
0x00007ffd6db80000 - 0x00007ffd6efb6000 	C:\WINDOWS\System32\SHELL32.dll
0x00007ffd6d340000 - 0x00007ffd6d3e6000 	C:\WINDOWS\System32\shcore.dll
0x00007ffd6beb0000 - 0x00007ffd6c5f7000 	C:\WINDOWS\System32\windows.storage.dll
0x00007ffd6d960000 - 0x00007ffd6d9b1000 	C:\WINDOWS\System32\shlwapi.dll
0x00007ffd6b670000 - 0x00007ffd6b681000 	C:\WINDOWS\System32\kernel.appcore.dll
0x00007ffd6b690000 - 0x00007ffd6b6dc000 	C:\WINDOWS\System32\powrprof.dll
0x00007ffd6b6e0000 - 0x00007ffd6b6fb000 	C:\WINDOWS\System32\profapi.dll
0x00007ffd5da20000 - 0x00007ffd5da3a000 	C:\Program Files\Android\Android Studio\jre\jre\bin\net.dll
0x00007ffd6aee0000 - 0x00007ffd6af46000 	C:\WINDOWS\system32\mswsock.dll
0x00007ffd5c1c0000 - 0x00007ffd5c1d1000 	C:\Program Files\Android\Android Studio\jre\jre\bin\nio.dll
0x00007ffd5da00000 - 0x00007ffd5da1e000 	C:\Users\emene\.gradle\native\25\windows-amd64\native-platform.dll
0x00007ffd60850000 - 0x00007ffd6085d000 	C:\Program Files\Android\Android Studio\jre\jre\bin\management.dll
0x00007ffd6b0b0000 - 0x00007ffd6b0c7000 	C:\WINDOWS\SYSTEM32\CRYPTSP.dll
0x00007ffd6aa80000 - 0x00007ffd6aab3000 	C:\WINDOWS\system32\rsaenh.dll
0x00007ffd6b1b0000 - 0x00007ffd6b1d5000 	C:\WINDOWS\SYSTEM32\bcrypt.dll
0x00007ffd6b580000 - 0x00007ffd6b5a9000 	C:\WINDOWS\SYSTEM32\USERENV.dll
0x00007ffd6b0a0000 - 0x00007ffd6b0ab000 	C:\WINDOWS\SYSTEM32\CRYPTBASE.dll
0x00007ffd6ac10000 - 0x00007ffd6ac49000 	C:\WINDOWS\SYSTEM32\IPHLPAPI.DLL
0x00007ffd6d7d0000 - 0x00007ffd6d7d8000 	C:\WINDOWS\System32\NSI.dll
0x00007ffd61eb0000 - 0x00007ffd61ec6000 	C:\WINDOWS\SYSTEM32\dhcpcsvc6.DLL
0x00007ffd61e90000 - 0x00007ffd61eaa000 	C:\WINDOWS\SYSTEM32\dhcpcsvc.DLL
0x00007ffd4bff0000 - 0x00007ffd4c014000 	C:\Program Files\Android\Android Studio\jre\jre\bin\sunec.dll
0x00007ffd6ac50000 - 0x00007ffd6ad06000 	C:\WINDOWS\SYSTEM32\DNSAPI.dll
0x000000006a8c0000 - 0x000000006a8e6000 	C:\Program Files\Bonjour\mdnsNSP.dll
0x00007ffd612c0000 - 0x00007ffd612ca000 	C:\Windows\System32\rasadhlp.dll
0x00007ffd62010000 - 0x00007ffd62080000 	C:\WINDOWS\System32\fwpuclnt.dll
0x00007ffd5f6f0000 - 0x00007ffd5f6fb000 	C:\Program Files\Android\Android Studio\jre\jre\bin\sunmscapi.dll
0x00007ffd6c600000 - 0x00007ffd6c7ce000 	C:\WINDOWS\System32\CRYPT32.dll
0x00007ffd6b650000 - 0x00007ffd6b662000 	C:\WINDOWS\System32\MSASN1.dll
0x00007ffd6a780000 - 0x00007ffd6a7b1000 	C:\WINDOWS\SYSTEM32\ntmarta.dll

VM Arguments:
jvm_args: -Xmx1536m -Dfile.encoding=windows-1252 -Duser.country=BR -Duser.language=pt -Duser.variant 
java_command: org.gradle.launcher.daemon.bootstrap.GradleDaemon 4.1
java_class_path (initial): C:\Users\emene\.gradle\wrapper\dists\gradle-4.1-all\bzyivzo6n839fup2jbap0tjew\gradle-4.1\lib\gradle-launcher-4.1.jar
Launcher Type: SUN_STANDARD

Environment Variables:
PATH=C:\Program Files (x86)\Google\Chrome\Application;C:\ProgramData\Oracle\Java\javapath;C:\WINDOWS\system32;C:\WINDOWS;C:\WINDOWS\System32\Wbem;C:\WINDOWS\System32\WindowsPowerShell\v1.0\;C:\Users\emene\AppData\Local\Microsoft\WindowsApps;
USERNAME=emene
OS=Windows_NT
PROCESSOR_IDENTIFIER=Intel64 Family 6 Model 78 Stepping 3, GenuineIntel



---------------  S Y S T E M  ---------------

OS: Windows 10.0 , 64 bit Build 16299 (10.0.16299.15)

CPU:total 4 (initial active 4) (2 cores per cpu, 2 threads per core) family 6 model 78 stepping 3, cmov, cx8, fxsr, mmx, sse, sse2, sse3, ssse3, sse4.1, sse4.2, popcnt, avx, avx2, aes, clmul, erms, 3dnowpref, lzcnt, ht, tsc, tscinvbit, bmi1, bmi2, adx

Memory: 4k page, physical 8265120k(1353816k free), swap 8265120k(5924k free)

vm_info: OpenJDK 64-Bit Server VM (25.152-b01) for windows-amd64 JRE (1.8.0_152-release-915-b01), built by "builder" with MS VC++ 10.0 (VS2010)

time: Thu Mar 22 19:58:09 2018
elapsed time: 5031 seconds (0d 1h 23m 51s)

