#
# There is insufficient memory for the Java Runtime Environment to continue.
# Native memory allocation (malloc) failed to allocate 1396544 bytes for Chunk::new
# Possible reasons:
#   The system is out of physical RAM or swap space
#   In 32 bit mode, the process size limit was hit
# Possible solutions:
#   Reduce memory load on the system
#   Increase physical memory or swap space
#   Check if swap backing store is full
#   Use 64 bit Java on a 64 bit OS
#   Decrease Java heap size (-Xmx/-Xms)
#   Decrease number of Java threads
#   Decrease Java thread stack sizes (-Xss)
#   Set larger code cache with -XX:ReservedCodeCacheSize=
# This output file may be truncated or incomplete.
#
#  Out of Memory Error (allocation.cpp:390), pid=11576, tid=0x000000000000364c
#
# JRE version: OpenJDK Runtime Environment (8.0_152-b02) (build 1.8.0_152-release-1024-b02)
# Java VM: OpenJDK 64-Bit Server VM (25.152-b02 mixed mode windows-amd64 compressed oops)
# Failed to write core dump. Minidumps are not enabled by default on client versions of Windows
#

---------------  T H R E A D  ---------------

Current thread (0x0000000018ac1800):  JavaThread "C2 CompilerThread1" daemon [_thread_in_native, id=13900, stack(0x000000001a310000,0x000000001a410000)]

Stack: [0x000000001a310000,0x000000001a410000]
[error occurred during error reporting (printing stack bounds), id 0xc0000005]

Native frames: (J=compiled Java code, j=interpreted, Vv=VM code, C=native code)


Current CompileTask:
C2: 310853 15885       4       com.sun.tools.javac.code.Symbol$MethodSymbol::implementation (57 bytes)


---------------  P R O C E S S  ---------------

Java Threads: ( => current thread )
  0x0000000024bc6800 JavaThread "Cache worker for Java compile cache (C:\xampp\htdocs\infolabsys\infolabsys\.gradle\4.4\javaCompile)" [_thread_blocked, id=10132, stack(0x000000002d210000,0x000000002d310000)]
  0x000000001f137800 JavaThread "Task worker for ':' Thread 3" [_thread_blocked, id=8040, stack(0x000000002c410000,0x000000002c510000)]
  0x000000001f137000 JavaThread "Task worker for ':' Thread 2" [_thread_blocked, id=11028, stack(0x000000002c310000,0x000000002c410000)]
  0x000000001f12f800 JavaThread "Task worker for ':'" [_thread_in_Java, id=9528, stack(0x000000002c210000,0x000000002c310000)]
  0x000000001f136000 JavaThread "Cache worker for Build Output Cleanup Cache (C:\xampp\htdocs\infolabsys\infolabsys\.gradle\buildOutputCleanup)" [_thread_blocked, id=12952, stack(0x000000002c110000,0x000000002c210000)]
  0x000000001f12e800 JavaThread "Cache worker for task history cache (C:\xampp\htdocs\infolabsys\infolabsys\.gradle\4.4\taskHistory)" [_thread_blocked, id=6916, stack(0x000000002c010000,0x000000002c110000)]
  0x000000001f134800 JavaThread "Cache worker for file content cache (C:\xampp\htdocs\infolabsys\infolabsys\.gradle\4.4\fileContent)" [_thread_blocked, id=9976, stack(0x000000002bf10000,0x000000002c010000)]
  0x000000001f134000 JavaThread "build operations Thread 4" [_thread_blocked, id=9500, stack(0x000000002be10000,0x000000002bf10000)]
  0x000000001f133000 JavaThread "build operations Thread 3" [_thread_blocked, id=9876, stack(0x000000002bd10000,0x000000002be10000)]
  0x000000001f135800 JavaThread "build operations Thread 2" [_thread_blocked, id=4808, stack(0x000000002bc10000,0x000000002bd10000)]
  0x000000001f12b800 JavaThread "build operations" [_thread_blocked, id=12276, stack(0x000000002bb10000,0x000000002bc10000)]
  0x000000001f12b000 JavaThread "Cache worker for Artifact transforms cache (C:\Users\emene\.gradle\caches\transforms-1)" [_thread_blocked, id=1388, stack(0x000000002ba10000,0x000000002bb10000)]
  0x000000001f131000 JavaThread "Cache worker for file hash cache (C:\xampp\htdocs\infolabsys\infolabsys\.gradle\4.4\fileHashes)" [_thread_blocked, id=1616, stack(0x000000002b910000,0x000000002ba10000)]
  0x000000001f12e000 JavaThread "Stdin handler" [_thread_blocked, id=12684, stack(0x000000002b810000,0x000000002b910000)]
  0x000000001f12d000 JavaThread "Asynchronous log dispatcher for DefaultDaemonConnection: socket connection from /127.0.0.1:56286 to /127.0.0.1:56382" [_thread_blocked, id=7696, stack(0x000000002b710000,0x000000002b810000)]
  0x000000001f129800 JavaThread "Cancel handler" [_thread_blocked, id=9932, stack(0x000000002b610000,0x000000002b710000)]
  0x000000001f130000 JavaThread "Handler for socket connection from /127.0.0.1:56286 to /127.0.0.1:56382" [_thread_in_native, id=11684, stack(0x000000002b510000,0x000000002b610000)]
  0x000000001f131800 JavaThread "Java2D Disposer" daemon [_thread_blocked, id=13816, stack(0x000000002a310000,0x000000002a410000)]
  0x0000000024bc2800 JavaThread "pool-2-thread-1" [_thread_blocked, id=6800, stack(0x0000000028110000,0x0000000028210000)]
  0x000000001be97800 JavaThread "Memory manager" [_thread_blocked, id=14116, stack(0x00000000243a0000,0x00000000244a0000)]
  0x000000001be99000 JavaThread "pool-1-thread-1" [_thread_blocked, id=13752, stack(0x00000000240a0000,0x00000000241a0000)]
  0x000000001bfae000 JavaThread "File lock request listener" [_thread_in_native, id=7864, stack(0x000000001d910000,0x000000001da10000)]
  0x000000001bd0f800 JavaThread "Cache worker for file hash cache (C:\Users\emene\.gradle\caches\4.4\fileHashes)" [_thread_blocked, id=9180, stack(0x000000001d810000,0x000000001d910000)]
  0x000000001bb53800 JavaThread "Daemon worker" [_thread_blocked, id=12736, stack(0x000000001d310000,0x000000001d410000)]
  0x000000001bcf6000 JavaThread "Daemon" [_thread_blocked, id=4492, stack(0x000000001ce10000,0x000000001cf10000)]
  0x000000001bcf2000 JavaThread "Daemon periodic checks" [_thread_blocked, id=14268, stack(0x000000001cd10000,0x000000001ce10000)]
  0x000000001bcf1000 JavaThread "Incoming local TCP Connector on port 56286" [_thread_in_native, id=4048, stack(0x000000001c820000,0x000000001c920000)]
  0x000000001a538800 JavaThread "Service Thread" daemon [_thread_blocked, id=3024, stack(0x000000001a910000,0x000000001aa10000)]
  0x0000000018ac9000 JavaThread "C1 CompilerThread2" daemon [_thread_in_native, id=4888, stack(0x000000001a410000,0x000000001a510000)]
=>0x0000000018ac1800 JavaThread "C2 CompilerThread1" daemon [_thread_in_native, id=13900, stack(0x000000001a310000,0x000000001a410000)]
  0x0000000018abe800 JavaThread "C2 CompilerThread0" daemon [_thread_in_native, id=9956, stack(0x000000001a210000,0x000000001a310000)]
  0x0000000018aba800 JavaThread "Attach Listener" daemon [_thread_blocked, id=11748, stack(0x000000001a110000,0x000000001a210000)]
  0x0000000018ab9000 JavaThread "Signal Dispatcher" daemon [_thread_blocked, id=6840, stack(0x000000001a010000,0x000000001a110000)]
  0x000000000514c000 JavaThread "Finalizer" daemon [_thread_blocked, id=6504, stack(0x0000000019d10000,0x0000000019e10000)]
  0x0000000005141000 JavaThread "Reference Handler" daemon [_thread_blocked, id=1844, stack(0x0000000019c10000,0x0000000019d10000)]
  0x00000000035fd800 JavaThread "main" [_thread_blocked, id=3872, stack(0x0000000004e50000,0x0000000004f50000)]

Other Threads:
  0x0000000018a85000 VMThread [stack: 0x0000000019b10000,0x0000000019c10000] [id=9344]
  0x0000000018b1d000 WatcherThread [stack: 0x000000001aa10000,0x000000001ab10000] [id=13996]

VM state:not at safepoint (normal execution)

VM Mutex/Monitor currently owned by a thread: None

Heap:
 PSYoungGen      total 372224K, used 13586K [0x00000000e0000000, 0x00000000fc100000, 0x0000000100000000)
  eden space 325120K, 4% used [0x00000000e0000000,0x00000000e0d44be8,0x00000000f3d80000)
  from space 47104K, 0% used [0x00000000f7300000,0x00000000f7300000,0x00000000fa100000)
  to   space 54784K, 0% used [0x00000000f3d80000,0x00000000f3d80000,0x00000000f7300000)
 ParOldGen       total 158720K, used 73881K [0x00000000a0000000, 0x00000000a9b00000, 0x00000000e0000000)
  object space 158720K, 46% used [0x00000000a0000000,0x00000000a4826448,0x00000000a9b00000)
 Metaspace       used 94784K, capacity 98626K, committed 98892K, reserved 1134592K
  class space    used 12032K, capacity 12932K, committed 13056K, reserved 1048576K

Card table byte_map: [0x0000000014510000,0x0000000014820000] byte_map_base: 0x0000000014010000

Marking Bits: (ParMarkBitMap*) 0x000000005dc34970
 Begin Bits: [0x0000000014e20000, 0x0000000016620000)
 End Bits:   [0x0000000016620000, 0x0000000017e20000)

Polling page: 0x00000000035e0000

CodeCache: size=245760Kb used=46895Kb max_used=46895Kb free=198864Kb
 bounds [0x0000000005150000, 0x0000000007f60000, 0x0000000014150000]
 total_blobs=14037 nmethods=13069 adapters=879
 compilation: enabled

Compilation events (10 events):
Event: 310.683 Thread 0x0000000018ac9000 15956       2       com.sun.tools.javac.file.RelativePath$RelativeFile::<init> (24 bytes)
Event: 310.684 Thread 0x0000000018ac9000 nmethod 15956 0x0000000007f4bb10 code [0x0000000007f4bc80, 0x0000000007f4bef8]
Event: 310.706 Thread 0x0000000018ac9000 15957       3       com.sun.tools.javac.jvm.Code$State::markInitialized (143 bytes)
Event: 310.707 Thread 0x0000000018ac9000 nmethod 15957 0x0000000007f4c0d0 code [0x0000000007f4c2c0, 0x0000000007f4cda8]
Event: 310.707 Thread 0x0000000018ac9000 15958       1       com.sun.tools.javac.jvm.UninitializedType::initializedType (5 bytes)
Event: 310.707 Thread 0x0000000018ac9000 nmethod 15958 0x0000000007f4d510 code [0x0000000007f4d660, 0x0000000007f4d770]
Event: 310.719 Thread 0x0000000018ac9000 15959       3       com.sun.tools.javac.util.Assert::checkNull (8 bytes)
Event: 310.720 Thread 0x0000000018ac9000 nmethod 15959 0x0000000007f4d7d0 code [0x0000000007f4d940, 0x0000000007f4dbc8]
Event: 310.722 Thread 0x0000000018ac9000 15960       3       com.sun.tools.javac.jvm.ClassWriter::nameType (43 bytes)
Event: 310.723 Thread 0x0000000018ac9000 nmethod 15960 0x0000000007f4dd10 code [0x0000000007f4dec0, 0x0000000007f4e508]

GC Heap History (10 events):
Event: 225.396 GC heap before
{Heap before GC invocations=20 (full 3):
 PSYoungGen      total 284672K, used 284651K [0x00000000e0000000, 0x00000000f3680000, 0x0000000100000000)
  eden space 260608K, 100% used [0x00000000e0000000,0x00000000efe80000,0x00000000efe80000)
  from space 24064K, 99% used [0x00000000f1c00000,0x00000000f337aff0,0x00000000f3380000)
  to   space 28672K, 0% used [0x00000000efe80000,0x00000000efe80000,0x00000000f1a80000)
 ParOldGen       total 158720K, used 44996K [0x00000000a0000000, 0x00000000a9b00000, 0x00000000e0000000)
  object space 158720K, 28% used [0x00000000a0000000,0x00000000a2bf1250,0x00000000a9b00000)
 Metaspace       used 79096K, capacity 82294K, committed 82520K, reserved 1120256K
  class space    used 10345K, capacity 11091K, committed 11136K, reserved 1048576K
Event: 225.465 GC heap after
Heap after GC invocations=20 (full 3):
 PSYoungGen      total 289280K, used 28661K [0x00000000e0000000, 0x00000000f6d80000, 0x0000000100000000)
  eden space 260608K, 0% used [0x00000000e0000000,0x00000000e0000000,0x00000000efe80000)
  from space 28672K, 99% used [0x00000000efe80000,0x00000000f1a7d620,0x00000000f1a80000)
  to   space 37888K, 0% used [0x00000000f4880000,0x00000000f4880000,0x00000000f6d80000)
 ParOldGen       total 158720K, used 59135K [0x00000000a0000000, 0x00000000a9b00000, 0x00000000e0000000)
  object space 158720K, 37% used [0x00000000a0000000,0x00000000a39bfd40,0x00000000a9b00000)
 Metaspace       used 79096K, capacity 82294K, committed 82520K, reserved 1120256K
  class space    used 10345K, capacity 11091K, committed 11136K, reserved 1048576K
}
Event: 299.320 GC heap before
{Heap before GC invocations=21 (full 3):
 PSYoungGen      total 289280K, used 289269K [0x00000000e0000000, 0x00000000f6d80000, 0x0000000100000000)
  eden space 260608K, 100% used [0x00000000e0000000,0x00000000efe80000,0x00000000efe80000)
  from space 28672K, 99% used [0x00000000efe80000,0x00000000f1a7d620,0x00000000f1a80000)
  to   space 37888K, 0% used [0x00000000f4880000,0x00000000f4880000,0x00000000f6d80000)
 ParOldGen       total 158720K, used 59135K [0x00000000a0000000, 0x00000000a9b00000, 0x00000000e0000000)
  object space 158720K, 37% used [0x00000000a0000000,0x00000000a39bfd40,0x00000000a9b00000)
 Metaspace       used 88106K, capacity 91800K, committed 91992K, reserved 1128448K
  class space    used 11276K, capacity 12124K, committed 12160K, reserved 1048576K
Event: 299.373 GC heap after
Heap after GC invocations=21 (full 3):
 PSYoungGen      total 330752K, used 36387K [0x00000000e0000000, 0x00000000f7300000, 0x0000000100000000)
  eden space 292864K, 0% used [0x00000000e0000000,0x00000000e0000000,0x00000000f1e00000)
  from space 37888K, 96% used [0x00000000f4880000,0x00000000f6c08c38,0x00000000f6d80000)
  to   space 43520K, 0% used [0x00000000f1e00000,0x00000000f1e00000,0x00000000f4880000)
 ParOldGen       total 158720K, used 59143K [0x00000000a0000000, 0x00000000a9b00000, 0x00000000e0000000)
  object space 158720K, 37% used [0x00000000a0000000,0x00000000a39c1d40,0x00000000a9b00000)
 Metaspace       used 88106K, capacity 91800K, committed 91992K, reserved 1128448K
  class space    used 11276K, capacity 12124K, committed 12160K, reserved 1048576K
}
Event: 306.464 GC heap before
{Heap before GC invocations=22 (full 3):
 PSYoungGen      total 330752K, used 329251K [0x00000000e0000000, 0x00000000f7300000, 0x0000000100000000)
  eden space 292864K, 100% used [0x00000000e0000000,0x00000000f1e00000,0x00000000f1e00000)
  from space 37888K, 96% used [0x00000000f4880000,0x00000000f6c08c38,0x00000000f6d80000)
  to   space 43520K, 0% used [0x00000000f1e00000,0x00000000f1e00000,0x00000000f4880000)
 ParOldGen       total 158720K, used 59143K [0x00000000a0000000, 0x00000000a9b00000, 0x00000000e0000000)
  object space 158720K, 37% used [0x00000000a0000000,0x00000000a39c1d40,0x00000000a9b00000)
 Metaspace       used 89084K, capacity 92966K, committed 93144K, reserved 1130496K
  class space    used 11402K, capacity 12283K, committed 12288K, reserved 1048576K
Event: 306.519 GC heap after
Heap after GC invocations=22 (full 3):
 PSYoungGen      total 336384K, used 35024K [0x00000000e0000000, 0x00000000fa100000, 0x0000000100000000)
  eden space 292864K, 0% used [0x00000000e0000000,0x00000000e0000000,0x00000000f1e00000)
  from space 43520K, 80% used [0x00000000f1e00000,0x00000000f4034380,0x00000000f4880000)
  to   space 47104K, 0% used [0x00000000f7300000,0x00000000f7300000,0x00000000fa100000)
 ParOldGen       total 158720K, used 59151K [0x00000000a0000000, 0x00000000a9b00000, 0x00000000e0000000)
  object space 158720K, 37% used [0x00000000a0000000,0x00000000a39c3d40,0x00000000a9b00000)
 Metaspace       used 89084K, capacity 92966K, committed 93144K, reserved 1130496K
  class space    used 11402K, capacity 12283K, committed 12288K, reserved 1048576K
}
Event: 309.187 GC heap before
{Heap before GC invocations=23 (full 3):
 PSYoungGen      total 336384K, used 141029K [0x00000000e0000000, 0x00000000fa100000, 0x0000000100000000)
  eden space 292864K, 36% used [0x00000000e0000000,0x00000000e67853c8,0x00000000f1e00000)
  from space 43520K, 80% used [0x00000000f1e00000,0x00000000f4034380,0x00000000f4880000)
  to   space 47104K, 0% used [0x00000000f7300000,0x00000000f7300000,0x00000000fa100000)
 ParOldGen       total 158720K, used 59151K [0x00000000a0000000, 0x00000000a9b00000, 0x00000000e0000000)
  object space 158720K, 37% used [0x00000000a0000000,0x00000000a39c3d40,0x00000000a9b00000)
 Metaspace       used 94230K, capacity 98182K, committed 98380K, reserved 1134592K
  class space    used 12025K, capacity 12955K, committed 13056K, reserved 1048576K
Event: 309.253 GC heap after
Heap after GC invocations=23 (full 3):
 PSYoungGen      total 372224K, used 46867K [0x00000000e0000000, 0x00000000fc100000, 0x0000000100000000)
  eden space 325120K, 0% used [0x00000000e0000000,0x00000000e0000000,0x00000000f3d80000)
  from space 47104K, 99% used [0x00000000f7300000,0x00000000fa0c4f10,0x00000000fa100000)
  to   space 54784K, 0% used [0x00000000f3d80000,0x00000000f3d80000,0x00000000f7300000)
 ParOldGen       total 158720K, used 59159K [0x00000000a0000000, 0x00000000a9b00000, 0x00000000e0000000)
  object space 158720K, 37% used [0x00000000a0000000,0x00000000a39c5d40,0x00000000a9b00000)
 Metaspace       used 94230K, capacity 98182K, committed 98380K, reserved 1134592K
  class space    used 12025K, capacity 12955K, committed 13056K, reserved 1048576K
}
Event: 309.253 GC heap before
{Heap before GC invocations=24 (full 4):
 PSYoungGen      total 372224K, used 46867K [0x00000000e0000000, 0x00000000fc100000, 0x0000000100000000)
  eden space 325120K, 0% used [0x00000000e0000000,0x00000000e0000000,0x00000000f3d80000)
  from space 47104K, 99% used [0x00000000f7300000,0x00000000fa0c4f10,0x00000000fa100000)
  to   space 54784K, 0% used [0x00000000f3d80000,0x00000000f3d80000,0x00000000f7300000)
 ParOldGen       total 158720K, used 59159K [0x00000000a0000000, 0x00000000a9b00000, 0x00000000e0000000)
  object space 158720K, 37% used [0x00000000a0000000,0x00000000a39c5d40,0x00000000a9b00000)
 Metaspace       used 94230K, capacity 98182K, committed 98380K, reserved 1134592K
  class space    used 12025K, capacity 12955K, committed 13056K, reserved 1048576K
Event: 309.679 GC heap after
Heap after GC invocations=24 (full 4):
 PSYoungGen      total 372224K, used 0K [0x00000000e0000000, 0x00000000fc100000, 0x0000000100000000)
  eden space 325120K, 0% used [0x00000000e0000000,0x00000000e0000000,0x00000000f3d80000)
  from space 47104K, 0% used [0x00000000f7300000,0x00000000f7300000,0x00000000fa100000)
  to   space 54784K, 0% used [0x00000000f3d80000,0x00000000f3d80000,0x00000000f7300000)
 ParOldGen       total 158720K, used 73881K [0x00000000a0000000, 0x00000000a9b00000, 0x00000000e0000000)
  object space 158720K, 46% used [0x00000000a0000000,0x00000000a4826448,0x00000000a9b00000)
 Metaspace       used 94157K, capacity 97954K, committed 98380K, reserved 1134592K
  class space    used 12002K, capacity 12900K, committed 13056K, reserved 1048576K
}

Deoptimization events (10 events):
Event: 309.998 Thread 0x000000001f12f800 Uncommon trap: reason=class_check action=maybe_recompile pc=0x0000000007e0b9d0 method=com.sun.tools.javac.code.Types$SameTypeVisitor.visitType(Lcom/sun/tools/javac/code/Type;Lcom/sun/tools/javac/code/Type;)Ljava/lang/Boolean; @ 31
Event: 310.024 Thread 0x000000001f12f800 Uncommon trap: reason=bimorphic action=maybe_recompile pc=0x00000000057f51a0 method=com.sun.tools.javac.code.Types$14.visitClassType(Lcom/sun/tools/javac/code/Type$ClassType;Lcom/sun/tools/javac/code/Symbol;)Lcom/sun/tools/javac/code/Type; @ 6
Event: 310.024 Thread 0x000000001f12f800 Uncommon trap: reason=bimorphic action=maybe_recompile pc=0x00000000057f51a0 method=com.sun.tools.javac.code.Types$14.visitClassType(Lcom/sun/tools/javac/code/Type$ClassType;Lcom/sun/tools/javac/code/Symbol;)Lcom/sun/tools/javac/code/Type; @ 6
Event: 310.025 Thread 0x000000001f12f800 Uncommon trap: reason=bimorphic action=maybe_recompile pc=0x00000000057f51a0 method=com.sun.tools.javac.code.Types$14.visitClassType(Lcom/sun/tools/javac/code/Type$ClassType;Lcom/sun/tools/javac/code/Symbol;)Lcom/sun/tools/javac/code/Type; @ 6
Event: 310.025 Thread 0x000000001f12f800 Uncommon trap: reason=bimorphic action=maybe_recompile pc=0x00000000057f51a0 method=com.sun.tools.javac.code.Types$14.visitClassType(Lcom/sun/tools/javac/code/Type$ClassType;Lcom/sun/tools/javac/code/Symbol;)Lcom/sun/tools/javac/code/Type; @ 6
Event: 310.058 Thread 0x000000001f12f800 Uncommon trap: reason=unstable_if action=reinterpret pc=0x0000000007dae2cc method=com.sun.tools.javac.code.Types$18.visitClassType(Lcom/sun/tools/javac/code/Type$ClassType;Ljava/lang/Void;)Lcom/sun/tools/javac/code/Type; @ 75
Event: 310.058 Thread 0x000000001f12f800 Uncommon trap: reason=unstable_if action=reinterpret pc=0x0000000007d5593c method=com.sun.tools.javac.code.Types$18.visitClassType(Lcom/sun/tools/javac/code/Type$ClassType;Ljava/lang/Void;)Lcom/sun/tools/javac/code/Type; @ 75
Event: 310.058 Thread 0x000000001f12f800 Uncommon trap: reason=unstable_if action=reinterpret pc=0x0000000007dd7d04 method=com.sun.tools.javac.code.Types$19.visitClassType(Lcom/sun/tools/javac/code/Type$ClassType;Ljava/lang/Void;)Lcom/sun/tools/javac/util/List; @ 67
Event: 310.059 Thread 0x000000001f12f800 Uncommon trap: reason=unstable_if action=reinterpret pc=0x0000000007ddf3f4 method=com.sun.tools.javac.code.Types$19.visitClassType(Lcom/sun/tools/javac/code/Type$ClassType;Ljava/lang/Void;)Lcom/sun/tools/javac/util/List; @ 67
Event: 310.068 Thread 0x000000001f12f800 Uncommon trap: reason=unstable_if action=reinterpret pc=0x000000000757739c method=com.sun.tools.javac.code.Types$SameTypeVisitor.visitClassType(Lcom/sun/tools/javac/code/Type$ClassType;Lcom/sun/tools/javac/code/Type;)Ljava/lang/Boolean; @ 327

Classes redefined (0 events):
No events

Internal exceptions (10 events):
Event: 300.059 Thread 0x000000001bb53800 Exception <a 'sun/nio/fs/WindowsException'> (0x00000000e3c5ca90) thrown at [D:\src\AOSP-openjdk-cygwin\jdk8u\hotspot\src\share\vm\prims\jni.cpp, line 709]
Event: 300.060 Thread 0x000000001bb53800 Exception <a 'sun/nio/fs/WindowsException'> (0x00000000e3c64a28) thrown at [D:\src\AOSP-openjdk-cygwin\jdk8u\hotspot\src\share\vm\prims\jni.cpp, line 709]
Event: 300.060 Thread 0x000000001bb53800 Exception <a 'sun/nio/fs/WindowsException'> (0x00000000e3c65b68) thrown at [D:\src\AOSP-openjdk-cygwin\jdk8u\hotspot\src\share\vm\prims\jni.cpp, line 709]
Event: 300.060 Thread 0x000000001bb53800 Exception <a 'sun/nio/fs/WindowsException'> (0x00000000e3c67838) thrown at [D:\src\AOSP-openjdk-cygwin\jdk8u\hotspot\src\share\vm\prims\jni.cpp, line 709]
Event: 300.060 Thread 0x000000001bb53800 Exception <a 'sun/nio/fs/WindowsException'> (0x00000000e3c68968) thrown at [D:\src\AOSP-openjdk-cygwin\jdk8u\hotspot\src\share\vm\prims\jni.cpp, line 709]
Event: 300.060 Thread 0x000000001bb53800 Exception <a 'sun/nio/fs/WindowsException'> (0x00000000e3c69c08) thrown at [D:\src\AOSP-openjdk-cygwin\jdk8u\hotspot\src\share\vm\prims\jni.cpp, line 709]
Event: 300.060 Thread 0x000000001bb53800 Exception <a 'sun/nio/fs/WindowsException'> (0x00000000e3c6ad30) thrown at [D:\src\AOSP-openjdk-cygwin\jdk8u\hotspot\src\share\vm\prims\jni.cpp, line 709]
Event: 300.362 Thread 0x000000001bb53800 Implicit null exception at 0x0000000005b58bb7 to 0x0000000005b59381
Event: 301.233 Thread 0x000000001f137000 Implicit null exception at 0x0000000006300542 to 0x0000000006301043
Event: 309.694 Thread 0x000000001f12f800 Implicit null exception at 0x0000000007c28d1e to 0x0000000007c293e9

Events (10 events):
Event: 310.059 Thread 0x000000001f12f800 DEOPT UNPACKING pc=0x000000000519557b sp=0x000000002c30bae0 mode 2
Event: 310.068 Thread 0x000000001f12f800 Uncommon trap: trap_request=0xffffff65 fr.pc=0x000000000757739c
Event: 310.068 Thread 0x000000001f12f800 DEOPT PACKING pc=0x000000000757739c sp=0x000000002c30ca60
Event: 310.068 Thread 0x000000001f12f800 DEOPT UNPACKING pc=0x000000000519557b sp=0x000000002c30c9f8 mode 2
Event: 310.137 loading class com/sun/tools/javac/code/TypeAnnotationPosition$TypePathEntry
Event: 310.137 loading class com/sun/tools/javac/code/TypeAnnotationPosition$TypePathEntry done
Event: 310.138 loading class com/sun/tools/javac/code/TypeAnnotationPosition$TypePathEntryKind
Event: 310.138 loading class com/sun/tools/javac/code/TypeAnnotationPosition$TypePathEntryKind done
Event: 310.435 Executing VM operation: ForceSafepoint
Event: 310.435 Executing VM operation: ForceSafepoint done


Dynamic libraries:
0x00007ff7cb7c0000 - 0x00007ff7cb7f1000 	C:\Program Files\Android\Android Studio\jre\bin\java.exe
0x00007ffdb0700000 - 0x00007ffdb08e0000 	C:\WINDOWS\SYSTEM32\ntdll.dll
0x00007ffd80ea0000 - 0x00007ffd80ed4000 	C:\Program Files\AVAST Software\Avast\x64\aswhooka.dll
0x00007ffdb0320000 - 0x00007ffdb03ce000 	C:\WINDOWS\System32\KERNEL32.DLL
0x00007ffdad350000 - 0x00007ffdad5b6000 	C:\WINDOWS\System32\KERNELBASE.dll
0x00007ffdb0150000 - 0x00007ffdb01f1000 	C:\WINDOWS\System32\ADVAPI32.dll
0x00007ffdaffa0000 - 0x00007ffdb003d000 	C:\WINDOWS\System32\msvcrt.dll
0x00007ffdafcd0000 - 0x00007ffdafd2b000 	C:\WINDOWS\System32\sechost.dll
0x00007ffdb05b0000 - 0x00007ffdb06cf000 	C:\WINDOWS\System32\RPCRT4.dll
0x00007ffdae520000 - 0x00007ffdae6af000 	C:\WINDOWS\System32\USER32.dll
0x00007ffdacb00000 - 0x00007ffdacb20000 	C:\WINDOWS\System32\win32u.dll
0x00007ffdadd80000 - 0x00007ffdadda8000 	C:\WINDOWS\System32\GDI32.dll
0x00007ffdada30000 - 0x00007ffdadbc3000 	C:\WINDOWS\System32\gdi32full.dll
0x00007ffdad890000 - 0x00007ffdad92b000 	C:\WINDOWS\System32\msvcp_win.dll
0x00007ffdad930000 - 0x00007ffdada26000 	C:\WINDOWS\System32\ucrtbase.dll
0x00007ffd9eb60000 - 0x00007ffd9edc9000 	C:\WINDOWS\WinSxS\amd64_microsoft.windows.common-controls_6595b64144ccf1df_6.0.16299.309_none_15cfd4c4935e6b11\COMCTL32.dll
0x00007ffdae210000 - 0x00007ffdae518000 	C:\WINDOWS\System32\combase.dll
0x00007ffdacb80000 - 0x00007ffdacbf2000 	C:\WINDOWS\System32\bcryptPrimitives.dll
0x00007ffdb0270000 - 0x00007ffdb029d000 	C:\WINDOWS\System32\IMM32.DLL
0x000000005cf00000 - 0x000000005cfd2000 	C:\Program Files\Android\Android Studio\jre\jre\bin\msvcr100.dll
0x000000005d470000 - 0x000000005dcaf000 	C:\Program Files\Android\Android Studio\jre\jre\bin\server\jvm.dll
0x00007ffdae200000 - 0x00007ffdae208000 	C:\WINDOWS\System32\PSAPI.DLL
0x00007ffd7e590000 - 0x00007ffd7e599000 	C:\WINDOWS\SYSTEM32\WSOCK32.dll
0x00007ffdb0200000 - 0x00007ffdb026c000 	C:\WINDOWS\System32\WS2_32.dll
0x00007ffda9b30000 - 0x00007ffda9b53000 	C:\WINDOWS\SYSTEM32\WINMM.dll
0x00007ffd9f210000 - 0x00007ffd9f21a000 	C:\WINDOWS\SYSTEM32\VERSION.dll
0x00007ffda9ad0000 - 0x00007ffda9afa000 	C:\WINDOWS\SYSTEM32\WINMMBASE.dll
0x00007ffdad840000 - 0x00007ffdad88a000 	C:\WINDOWS\System32\cfgmgr32.dll
0x00007ffda9840000 - 0x00007ffda984f000 	C:\Program Files\Android\Android Studio\jre\jre\bin\verify.dll
0x00007ffda4050000 - 0x00007ffda4079000 	C:\Program Files\Android\Android Studio\jre\jre\bin\java.dll
0x00007ffd9c8a0000 - 0x00007ffd9c8b6000 	C:\Program Files\Android\Android Studio\jre\jre\bin\zip.dll
0x00007ffdae7e0000 - 0x00007ffdafc16000 	C:\WINDOWS\System32\SHELL32.dll
0x00007ffdae730000 - 0x00007ffdae7d6000 	C:\WINDOWS\System32\shcore.dll
0x00007ffdacc00000 - 0x00007ffdad347000 	C:\WINDOWS\System32\windows.storage.dll
0x00007ffdb02c0000 - 0x00007ffdb0311000 	C:\WINDOWS\System32\shlwapi.dll
0x00007ffdacae0000 - 0x00007ffdacaf1000 	C:\WINDOWS\System32\kernel.appcore.dll
0x00007ffdaca90000 - 0x00007ffdacadc000 	C:\WINDOWS\System32\powrprof.dll
0x00007ffdaca50000 - 0x00007ffdaca6b000 	C:\WINDOWS\System32\profapi.dll
0x00007ffd97e70000 - 0x00007ffd97e8a000 	C:\Program Files\Android\Android Studio\jre\jre\bin\net.dll
0x00007ffdac280000 - 0x00007ffdac2e6000 	C:\WINDOWS\system32\mswsock.dll
0x00007ffd970f0000 - 0x00007ffd97101000 	C:\Program Files\Android\Android Studio\jre\jre\bin\nio.dll
0x00007ffda3f70000 - 0x00007ffda3f8e000 	C:\Users\emene\.gradle\native\25\windows-amd64\native-platform.dll
0x00007ffda97c0000 - 0x00007ffda97cd000 	C:\Program Files\Android\Android Studio\jre\jre\bin\management.dll
0x00007ffdac440000 - 0x00007ffdac457000 	C:\WINDOWS\SYSTEM32\CRYPTSP.dll
0x00007ffdabe80000 - 0x00007ffdabeb3000 	C:\WINDOWS\system32\rsaenh.dll
0x00007ffdac5b0000 - 0x00007ffdac5d5000 	C:\WINDOWS\SYSTEM32\bcrypt.dll
0x00007ffdac950000 - 0x00007ffdac979000 	C:\WINDOWS\SYSTEM32\USERENV.dll
0x00007ffdac460000 - 0x00007ffdac46b000 	C:\WINDOWS\SYSTEM32\CRYPTBASE.dll
0x00007ffdac010000 - 0x00007ffdac049000 	C:\WINDOWS\SYSTEM32\IPHLPAPI.DLL
0x00007ffdafcc0000 - 0x00007ffdafcc8000 	C:\WINDOWS\System32\NSI.dll
0x00007ffda3240000 - 0x00007ffda3256000 	C:\WINDOWS\SYSTEM32\dhcpcsvc6.DLL
0x00007ffda3950000 - 0x00007ffda396a000 	C:\WINDOWS\SYSTEM32\dhcpcsvc.DLL
0x00007ffd91b10000 - 0x00007ffd91b34000 	C:\Program Files\Android\Android Studio\jre\jre\bin\sunec.dll
0x00007ffdac050000 - 0x00007ffdac106000 	C:\WINDOWS\SYSTEM32\DNSAPI.dll
0x000000005def0000 - 0x000000005df16000 	C:\Program Files\Bonjour\mdnsNSP.dll
0x00007ffda3080000 - 0x00007ffda308a000 	C:\Windows\System32\rasadhlp.dll
0x00007ffda37a0000 - 0x00007ffda3810000 	C:\WINDOWS\System32\fwpuclnt.dll
0x00007ffda71d0000 - 0x00007ffda71db000 	C:\Program Files\Android\Android Studio\jre\jre\bin\sunmscapi.dll
0x00007ffdad5c0000 - 0x00007ffdad78e000 	C:\WINDOWS\System32\CRYPT32.dll
0x00007ffdaca70000 - 0x00007ffdaca82000 	C:\WINDOWS\System32\MSASN1.dll
0x00007ffd850c0000 - 0x00007ffd85256000 	C:\Program Files\Android\Android Studio\jre\jre\bin\awt.dll
0x00007ffdafd30000 - 0x00007ffdafdf5000 	C:\WINDOWS\System32\OLEAUT32.dll
0x00007ffdaa400000 - 0x00007ffdaa9b8000 	C:\WINDOWS\SYSTEM32\d2d1.dll
0x00007ffdaafd0000 - 0x00007ffdab058000 	C:\WINDOWS\SYSTEM32\apphelp.dll
0x00007ffdab2f0000 - 0x00007ffdab31a000 	C:\WINDOWS\system32\DWMAPI.DLL
0x00007ffdab080000 - 0x00007ffdab115000 	C:\WINDOWS\system32\uxtheme.dll

VM Arguments:
jvm_args: -Xmx1536m -Dfile.encoding=windows-1252 -Duser.country=BR -Duser.language=pt -Duser.variant 
java_command: org.gradle.launcher.daemon.bootstrap.GradleDaemon 4.4
java_class_path (initial): C:\Users\emene\.gradle\wrapper\dists\gradle-4.4-all\9br9xq1tocpiv8o6njlyu5op1\gradle-4.4\lib\gradle-launcher-4.4.jar
Launcher Type: SUN_STANDARD

Environment Variables:
PATH=C:\ProgramData\Oracle\Java\javapath;C:\WINDOWS\system32;C:\WINDOWS;C:\WINDOWS\System32\Wbem;C:\WINDOWS\System32\WindowsPowerShell\v1.0\;C:\Users\emene\AppData\Local\Microsoft\WindowsApps;
USERNAME=emene
OS=Windows_NT
PROCESSOR_IDENTIFIER=Intel64 Family 6 Model 78 Stepping 3, GenuineIntel



---------------  S Y S T E M  ---------------

OS: Windows 10.0 , 64 bit Build 16299 (10.0.16299.15)

CPU:total 4 (initial active 4) (2 cores per cpu, 2 threads per core) family 6 model 78 stepping 3, cmov, cx8, fxsr, mmx, sse, sse2, sse3, ssse3, sse4.1, sse4.2, popcnt, avx, avx2, aes, clmul, erms, 3dnowpref, lzcnt, ht, tsc, tscinvbit, bmi1, bmi2, adx

Memory: 4k page, physical 8265120k(548216k free), swap 8265120k(5444k free)

vm_info: OpenJDK 64-Bit Server VM (25.152-b02) for windows-amd64 JRE (1.8.0_152-release-1024-b02), built by "builder" with MS VC++ 10.0 (VS2010)

time: Fri Apr 06 00:52:38 2018
elapsed time: 310 seconds (0d 0h 5m 10s)

