#
# There is insufficient memory for the Java Runtime Environment to continue.
# Native memory allocation (malloc) failed to allocate 1359216 bytes for Chunk::new
# Possible reasons:
#   The system is out of physical RAM or swap space
#   In 32 bit mode, the process size limit was hit
# Possible solutions:
#   Reduce memory load on the system
#   Increase physical memory or swap space
#   Check if swap backing store is full
#   Use 64 bit Java on a 64 bit OS
#   Decrease Java heap size (-Xmx/-Xms)
#   Decrease number of Java threads
#   Decrease Java thread stack sizes (-Xss)
#   Set larger code cache with -XX:ReservedCodeCacheSize=
# This output file may be truncated or incomplete.
#
#  Out of Memory Error (allocation.cpp:390), pid=11668, tid=0x00000000000007ac
#
# JRE version: OpenJDK Runtime Environment (8.0_152-b01) (build 1.8.0_152-release-915-b01)
# Java VM: OpenJDK 64-Bit Server VM (25.152-b01 mixed mode windows-amd64 compressed oops)
# Failed to write core dump. Minidumps are not enabled by default on client versions of Windows
#

---------------  T H R E A D  ---------------

Current thread (0x0000000017c7d800):  JavaThread "C2 CompilerThread0" daemon [_thread_in_native, id=1964, stack(0x00000000193f0000,0x00000000194f0000)]

Stack: [0x00000000193f0000,0x00000000194f0000]
[error occurred during error reporting (printing stack bounds), id 0xc0000005]

Native frames: (J=compiled Java code, j=interpreted, Vv=VM code, C=native code)


Current CompileTask:
C2:   8981 3960       4       java.net.URLClassLoader$1::run (5 bytes)


---------------  P R O C E S S  ---------------

Java Threads: ( => current thread )
  0x000000001cbff000 JavaThread "Memory manager" [_thread_blocked, id=12764, stack(0x0000000023a40000,0x0000000023b40000)]
  0x000000001f6e1000 JavaThread "pool-1-thread-1" [_thread_blocked, id=9436, stack(0x0000000023740000,0x0000000023840000)]
  0x000000001f6dc800 JavaThread "build operations Thread 4" [_thread_blocked, id=11400, stack(0x0000000023240000,0x0000000023340000)]
  0x000000001f6de800 JavaThread "build operations Thread 3" [_thread_blocked, id=4704, stack(0x0000000023140000,0x0000000023240000)]
  0x000000001f6e0000 JavaThread "build operations Thread 2" [_thread_blocked, id=11664, stack(0x0000000022dd0000,0x0000000022ed0000)]
  0x000000001f6db800 JavaThread "build operations" [_thread_blocked, id=10512, stack(0x0000000022cd0000,0x0000000022dd0000)]
  0x000000001f6dd000 JavaThread "Cache worker for Artifact transforms cache (C:\Users\emene\.gradle\caches\transforms-1)" [_thread_blocked, id=3488, stack(0x0000000020230000,0x0000000020330000)]
  0x000000001b188800 JavaThread "Cache worker for file hash cache (C:\xampp\htdocs\projeto\infolabsys\.gradle\4.1\fileHashes)" [_thread_blocked, id=1220, stack(0x000000001dbc0000,0x000000001dcc0000)]
  0x000000001b0aa000 JavaThread "File lock request listener" [_thread_in_native, id=12472, stack(0x000000001caf0000,0x000000001cbf0000)]
  0x000000001b0f1800 JavaThread "Cache worker for file hash cache (C:\Users\emene\.gradle\caches\4.1\fileHashes)" [_thread_blocked, id=8564, stack(0x000000001c7f0000,0x000000001c8f0000)]
  0x000000001af22000 JavaThread "Stdin handler" [_thread_blocked, id=7760, stack(0x000000001c6f0000,0x000000001c7f0000)]
  0x000000001af21000 JavaThread "Asynchronous log dispatcher for DefaultDaemonConnection: socket connection from /127.0.0.1:53017 to /127.0.0.1:53018" [_thread_blocked, id=11416, stack(0x000000001c5f0000,0x000000001c6f0000)]
  0x000000001af1e800 JavaThread "Daemon worker" [_thread_in_vm, id=13072, stack(0x000000001c4f0000,0x000000001c5f0000)]
  0x000000001aa4d800 JavaThread "Cancel handler" [_thread_blocked, id=12932, stack(0x000000001c3f0000,0x000000001c4f0000)]
  0x000000001ab30800 JavaThread "Handler for socket connection from /127.0.0.1:53017 to /127.0.0.1:53018" [_thread_in_native, id=5248, stack(0x000000001c0f0000,0x000000001c1f0000)]
  0x000000001a8af800 JavaThread "Daemon" [_thread_blocked, id=11864, stack(0x000000001bff0000,0x000000001c0f0000)]
  0x000000001abbd000 JavaThread "Daemon periodic checks" [_thread_blocked, id=9140, stack(0x000000001bef0000,0x000000001bff0000)]
  0x000000001abf5800 JavaThread "Incoming local TCP Connector on port 53017" [_thread_in_native, id=9104, stack(0x000000001ba00000,0x000000001bb00000)]
  0x000000001971c000 JavaThread "Service Thread" daemon [_thread_blocked, id=8388, stack(0x0000000019af0000,0x0000000019bf0000)]
  0x0000000017c84000 JavaThread "C1 CompilerThread2" daemon [_thread_blocked, id=2688, stack(0x00000000195f0000,0x00000000196f0000)]
  0x0000000017c80000 JavaThread "C2 CompilerThread1" daemon [_thread_in_native, id=4080, stack(0x00000000194f0000,0x00000000195f0000)]
=>0x0000000017c7d800 JavaThread "C2 CompilerThread0" daemon [_thread_in_native, id=1964, stack(0x00000000193f0000,0x00000000194f0000)]
  0x0000000017c79800 JavaThread "Attach Listener" daemon [_thread_blocked, id=11508, stack(0x00000000192f0000,0x00000000193f0000)]
  0x0000000017c78000 JavaThread "Signal Dispatcher" daemon [_thread_blocked, id=13244, stack(0x00000000191f0000,0x00000000192f0000)]
  0x000000000430b800 JavaThread "Finalizer" daemon [_thread_blocked, id=10468, stack(0x0000000018ef0000,0x0000000018ff0000)]
  0x0000000004301000 JavaThread "Reference Handler" daemon [_thread_blocked, id=13132, stack(0x0000000018df0000,0x0000000018ef0000)]
  0x00000000003fd800 JavaThread "main" [_thread_blocked, id=4728, stack(0x0000000004110000,0x0000000004210000)]

Other Threads:
  0x0000000017c45000 VMThread [stack: 0x0000000018cf0000,0x0000000018df0000] [id=11540]
  0x000000001970a800 WatcherThread [stack: 0x0000000019bf0000,0x0000000019cf0000] [id=5312]

VM state:not at safepoint (normal execution)

VM Mutex/Monitor currently owned by a thread: None

Heap:
 PSYoungGen      total 146432K, used 34514K [0x00000000e0000000, 0x00000000eb200000, 0x0000000100000000)
  eden space 133120K, 25% used [0x00000000e0000000,0x00000000e21b4bf0,0x00000000e8200000)
  from space 13312K, 0% used [0x00000000ea500000,0x00000000ea500000,0x00000000eb200000)
  to   space 5120K, 0% used [0x00000000e8200000,0x00000000e8200000,0x00000000e8700000)
 ParOldGen       total 72192K, used 16253K [0x00000000a0000000, 0x00000000a4680000, 0x00000000e0000000)
  object space 72192K, 22% used [0x00000000a0000000,0x00000000a0fdf740,0x00000000a4680000)
 Metaspace       used 38353K, capacity 39222K, committed 39424K, reserved 1083392K
  class space    used 5184K, capacity 5532K, committed 5632K, reserved 1048576K

Card table byte_map: [0x00000000136d0000,0x00000000139e0000] byte_map_base: 0x00000000131d0000

Marking Bits: (ParMarkBitMap*) 0x000000006b193950
 Begin Bits: [0x0000000013fe0000, 0x00000000157e0000)
 End Bits:   [0x00000000157e0000, 0x0000000016fe0000)

Polling page: 0x0000000002880000

CodeCache: size=245760Kb used=14633Kb max_used=14659Kb free=231126Kb
 bounds [0x0000000004310000, 0x0000000005170000, 0x0000000013310000]
 total_blobs=4562 nmethods=3852 adapters=623
 compilation: enabled

Compilation events (10 events):
Event: 8.952 Thread 0x0000000017c84000 4168       3       com.google.common.collect.ImmutableListMultimap::copyOf (138 bytes)
Event: 8.953 Thread 0x0000000017c84000 nmethod 4168 0x00000000051556d0 code [0x0000000005155a20, 0x0000000005157618]
Event: 8.953 Thread 0x0000000017c84000 4166       3       com.google.common.collect.ImmutableMultimap::<init> (15 bytes)
Event: 8.954 Thread 0x0000000017c84000 nmethod 4166 0x00000000051583d0 code [0x0000000005158540, 0x0000000005158770]
Event: 8.954 Thread 0x0000000017c84000 4165       3       com.google.common.collect.ImmutableMultimap$BuilderMultimap::<init> (12 bytes)
Event: 8.954 Thread 0x0000000017c84000 nmethod 4165 0x0000000005158850 code [0x0000000005158a00, 0x0000000005159108]
Event: 8.954 Thread 0x0000000017c84000 4167       3       org.gradle.model.internal.manage.schema.extract.ModelSchemaUtils$2::<init> (5 bytes)
Event: 8.954 Thread 0x0000000017c84000 nmethod 4167 0x0000000005159450 code [0x00000000051595a0, 0x0000000005159750]
Event: 8.954 Thread 0x0000000017c84000 4169       3       sun.reflect.generics.reflectiveObjects.LazyReflectiveObjectGenerator::<init> (10 bytes)
Event: 8.954 Thread 0x0000000017c84000 nmethod 4169 0x0000000005159810 code [0x0000000005159960, 0x0000000005159b30]

GC Heap History (10 events):
Event: 3.724 GC heap before
{Heap before GC invocations=4 (full 1):
 PSYoungGen      total 71680K, used 5088K [0x00000000e0000000, 0x00000000e8c00000, 0x0000000100000000)
  eden space 66560K, 0% used [0x00000000e0000000,0x00000000e0000000,0x00000000e4100000)
  from space 5120K, 99% used [0x00000000e4100000,0x00000000e45f8030,0x00000000e4600000)
  to   space 5120K, 0% used [0x00000000e8700000,0x00000000e8700000,0x00000000e8c00000)
 ParOldGen       total 87552K, used 8190K [0x00000000a0000000, 0x00000000a5580000, 0x00000000e0000000)
  object space 87552K, 9% used [0x00000000a0000000,0x00000000a07ff978,0x00000000a5580000)
 Metaspace       used 20663K, capacity 21124K, committed 21248K, reserved 1067008K
  class space    used 2860K, capacity 3039K, committed 3072K, reserved 1048576K
Event: 3.777 GC heap after
Heap after GC invocations=4 (full 1):
 PSYoungGen      total 71680K, used 0K [0x00000000e0000000, 0x00000000e8c00000, 0x0000000100000000)
  eden space 66560K, 0% used [0x00000000e0000000,0x00000000e0000000,0x00000000e4100000)
  from space 5120K, 0% used [0x00000000e4100000,0x00000000e4100000,0x00000000e4600000)
  to   space 5120K, 0% used [0x00000000e8700000,0x00000000e8700000,0x00000000e8c00000)
 ParOldGen       total 72192K, used 11935K [0x00000000a0000000, 0x00000000a4680000, 0x00000000e0000000)
  object space 72192K, 16% used [0x00000000a0000000,0x00000000a0ba7f48,0x00000000a4680000)
 Metaspace       used 20663K, capacity 21124K, committed 21248K, reserved 1067008K
  class space    used 2860K, capacity 3039K, committed 3072K, reserved 1048576K
}
Event: 5.257 GC heap before
{Heap before GC invocations=5 (full 1):
 PSYoungGen      total 71680K, used 66560K [0x00000000e0000000, 0x00000000e8c00000, 0x0000000100000000)
  eden space 66560K, 100% used [0x00000000e0000000,0x00000000e4100000,0x00000000e4100000)
  from space 5120K, 0% used [0x00000000e4100000,0x00000000e4100000,0x00000000e4600000)
  to   space 5120K, 0% used [0x00000000e8700000,0x00000000e8700000,0x00000000e8c00000)
 ParOldGen       total 72192K, used 11935K [0x00000000a0000000, 0x00000000a4680000, 0x00000000e0000000)
  object space 72192K, 16% used [0x00000000a0000000,0x00000000a0ba7f48,0x00000000a4680000)
 Metaspace       used 25669K, capacity 26182K, committed 26368K, reserved 1071104K
  class space    used 3535K, capacity 3714K, committed 3840K, reserved 1048576K
Event: 5.304 GC heap after
Heap after GC invocations=5 (full 1):
 PSYoungGen      total 107008K, used 5091K [0x00000000e0000000, 0x00000000e8c00000, 0x0000000100000000)
  eden space 101888K, 0% used [0x00000000e0000000,0x00000000e0000000,0x00000000e6380000)
  from space 5120K, 99% used [0x00000000e8700000,0x00000000e8bf8ef0,0x00000000e8c00000)
  to   space 5120K, 0% used [0x00000000e8200000,0x00000000e8200000,0x00000000e8700000)
 ParOldGen       total 72192K, used 13666K [0x00000000a0000000, 0x00000000a4680000, 0x00000000e0000000)
  object space 72192K, 18% used [0x00000000a0000000,0x00000000a0d58ba0,0x00000000a4680000)
 Metaspace       used 25669K, capacity 26182K, committed 26368K, reserved 1071104K
  class space    used 3535K, capacity 3714K, committed 3840K, reserved 1048576K
}
Event: 7.449 GC heap before
{Heap before GC invocations=6 (full 1):
 PSYoungGen      total 107008K, used 106979K [0x00000000e0000000, 0x00000000e8c00000, 0x0000000100000000)
  eden space 101888K, 100% used [0x00000000e0000000,0x00000000e6380000,0x00000000e6380000)
  from space 5120K, 99% used [0x00000000e8700000,0x00000000e8bf8ef0,0x00000000e8c00000)
  to   space 5120K, 0% used [0x00000000e8200000,0x00000000e8200000,0x00000000e8700000)
 ParOldGen       total 72192K, used 13666K [0x00000000a0000000, 0x00000000a4680000, 0x00000000e0000000)
  object space 72192K, 18% used [0x00000000a0000000,0x00000000a0d58ba0,0x00000000a4680000)
 Metaspace       used 31451K, capacity 32118K, committed 32256K, reserved 1077248K
  class space    used 4308K, capacity 4584K, committed 4608K, reserved 1048576K
Event: 7.481 GC heap after
Heap after GC invocations=6 (full 1):
 PSYoungGen      total 138240K, used 5104K [0x00000000e0000000, 0x00000000eb200000, 0x0000000100000000)
  eden space 133120K, 0% used [0x00000000e0000000,0x00000000e0000000,0x00000000e8200000)
  from space 5120K, 99% used [0x00000000e8200000,0x00000000e86fc020,0x00000000e8700000)
  to   space 13312K, 0% used [0x00000000ea500000,0x00000000ea500000,0x00000000eb200000)
 ParOldGen       total 72192K, used 19029K [0x00000000a0000000, 0x00000000a4680000, 0x00000000e0000000)
  object space 72192K, 26% used [0x00000000a0000000,0x00000000a12954c0,0x00000000a4680000)
 Metaspace       used 31451K, capacity 32118K, committed 32256K, reserved 1077248K
  class space    used 4308K, capacity 4584K, committed 4608K, reserved 1048576K
}
Event: 8.338 GC heap before
{Heap before GC invocations=7 (full 1):
 PSYoungGen      total 138240K, used 37556K [0x00000000e0000000, 0x00000000eb200000, 0x0000000100000000)
  eden space 133120K, 24% used [0x00000000e0000000,0x00000000e1fb1258,0x00000000e8200000)
  from space 5120K, 99% used [0x00000000e8200000,0x00000000e86fc020,0x00000000e8700000)
  to   space 13312K, 0% used [0x00000000ea500000,0x00000000ea500000,0x00000000eb200000)
 ParOldGen       total 72192K, used 19029K [0x00000000a0000000, 0x00000000a4680000, 0x00000000e0000000)
  object space 72192K, 26% used [0x00000000a0000000,0x00000000a12954c0,0x00000000a4680000)
 Metaspace       used 34470K, capacity 35252K, committed 35416K, reserved 1079296K
  class space    used 4694K, capacity 4974K, committed 4992K, reserved 1048576K
Event: 8.348 GC heap after
Heap after GC invocations=7 (full 1):
 PSYoungGen      total 146432K, used 8768K [0x00000000e0000000, 0x00000000eb200000, 0x0000000100000000)
  eden space 133120K, 0% used [0x00000000e0000000,0x00000000e0000000,0x00000000e8200000)
  from space 13312K, 65% used [0x00000000ea500000,0x00000000ead902d8,0x00000000eb200000)
  to   space 5120K, 0% used [0x00000000e8200000,0x00000000e8200000,0x00000000e8700000)
 ParOldGen       total 72192K, used 19037K [0x00000000a0000000, 0x00000000a4680000, 0x00000000e0000000)
  object space 72192K, 26% used [0x00000000a0000000,0x00000000a12974c0,0x00000000a4680000)
 Metaspace       used 34470K, capacity 35252K, committed 35416K, reserved 1079296K
  class space    used 4694K, capacity 4974K, committed 4992K, reserved 1048576K
}
Event: 8.348 GC heap before
{Heap before GC invocations=8 (full 2):
 PSYoungGen      total 146432K, used 8768K [0x00000000e0000000, 0x00000000eb200000, 0x0000000100000000)
  eden space 133120K, 0% used [0x00000000e0000000,0x00000000e0000000,0x00000000e8200000)
  from space 13312K, 65% used [0x00000000ea500000,0x00000000ead902d8,0x00000000eb200000)
  to   space 5120K, 0% used [0x00000000e8200000,0x00000000e8200000,0x00000000e8700000)
 ParOldGen       total 72192K, used 19037K [0x00000000a0000000, 0x00000000a4680000, 0x00000000e0000000)
  object space 72192K, 26% used [0x00000000a0000000,0x00000000a12974c0,0x00000000a4680000)
 Metaspace       used 34470K, capacity 35252K, committed 35416K, reserved 1079296K
  class space    used 4694K, capacity 4974K, committed 4992K, reserved 1048576K
Event: 8.449 GC heap after
Heap after GC invocations=8 (full 2):
 PSYoungGen      total 146432K, used 0K [0x00000000e0000000, 0x00000000eb200000, 0x0000000100000000)
  eden space 133120K, 0% used [0x00000000e0000000,0x00000000e0000000,0x00000000e8200000)
  from space 13312K, 0% used [0x00000000ea500000,0x00000000ea500000,0x00000000eb200000)
  to   space 5120K, 0% used [0x00000000e8200000,0x00000000e8200000,0x00000000e8700000)
 ParOldGen       total 72192K, used 16253K [0x00000000a0000000, 0x00000000a4680000, 0x00000000e0000000)
  object space 72192K, 22% used [0x00000000a0000000,0x00000000a0fdf740,0x00000000a4680000)
 Metaspace       used 34470K, capacity 35252K, committed 35416K, reserved 1079296K
  class space    used 4694K, capacity 4974K, committed 4992K, reserved 1048576K
}

Deoptimization events (10 events):
Event: 8.232 Thread 0x000000001af1e800 Uncommon trap: reason=unstable_if action=reinterpret pc=0x0000000004d5ee84 method=groovy.lang.MetaClassImpl.checkIfStdMethod(Lgroovy/lang/MetaMethod;)V @ 55
Event: 8.232 Thread 0x000000001af1e800 Uncommon trap: reason=unstable_if action=reinterpret pc=0x00000000045f4344 method=org.codehaus.groovy.runtime.metaclass.MetaMethodIndex.copyNonPrivateNonNewMetaMethods(Lorg/codehaus/groovy/runtime/metaclass/MetaMethodIndex$Entry;Lorg/codehaus/groovy/runti
Event: 8.233 Thread 0x000000001af1e800 Uncommon trap: reason=unstable_if action=reinterpret pc=0x0000000004e8e438 method=groovy.lang.MetaClassImpl$1MOPIter.methodNameAction(Ljava/lang/Class;Lorg/codehaus/groovy/runtime/metaclass/MetaMethodIndex$Entry;)V @ 259
Event: 8.453 Thread 0x000000001af1e800 Uncommon trap: reason=unstable_if action=reinterpret pc=0x0000000004f01bd0 method=java.lang.Integer.valueOf(I)Ljava/lang/Integer; @ 3
Event: 8.455 Thread 0x000000001af1e800 Uncommon trap: reason=predicate action=maybe_recompile pc=0x0000000004bf4138 method=java.util.Arrays.binarySearch0([Ljava/lang/Object;IILjava/lang/Object;Ljava/util/Comparator;)I @ 28
Event: 8.896 Thread 0x000000001af1e800 Uncommon trap: reason=unstable_if action=reinterpret pc=0x0000000004f41c18 method=java.util.HashMap.removeNode(ILjava/lang/Object;Ljava/lang/Object;ZZ)Ljava/util/HashMap$Node; @ 58
Event: 8.927 Thread 0x000000001af1e800 Uncommon trap: reason=unstable_if action=reinterpret pc=0x0000000004d4d174 method=java.util.HashMap.putVal(ILjava/lang/Object;Ljava/lang/Object;ZZ)Ljava/lang/Object; @ 162
Event: 8.927 Thread 0x000000001af1e800 Uncommon trap: reason=unstable_if action=reinterpret pc=0x0000000004fad3dc method=java.util.HashMap.putVal(ILjava/lang/Object;Ljava/lang/Object;ZZ)Ljava/lang/Object; @ 162
Event: 8.927 Thread 0x000000001af1e800 Uncommon trap: reason=unstable_if action=reinterpret pc=0x00000000047ce280 method=java.util.HashMap.resize()[Ljava/util/HashMap$Node; @ 206
Event: 8.938 Thread 0x000000001af1e800 Uncommon trap: reason=unstable_if action=reinterpret pc=0x0000000004f24d98 method=java.util.HashMap.removeNode(ILjava/lang/Object;Ljava/lang/Object;ZZ)Ljava/util/HashMap$Node; @ 58

Classes redefined (0 events):
No events

Internal exceptions (10 events):
Event: 8.235 Thread 0x000000001af1e800 Exception <a 'java/lang/ClassNotFoundException': org/gradle/api/internal/project/ant/BasicAntBuilderBeanInfo> (0x00000000e1ba3ce8) thrown at [D:\src\AOSP-openjdk-cygwin\jdk8u\hotspot\src\share\vm\classfile\systemDictionary.cpp, line 210]
Event: 8.236 Thread 0x000000001af1e800 Exception <a 'java/lang/ClassNotFoundException': org/gradle/api/AntBuilderBeanInfo> (0x00000000e1bc4260) thrown at [D:\src\AOSP-openjdk-cygwin\jdk8u\hotspot\src\share\vm\classfile\systemDictionary.cpp, line 210]
Event: 8.237 Thread 0x000000001af1e800 Exception <a 'java/lang/ClassNotFoundException': groovy/util/AntBuilderBeanInfo> (0x00000000e1be32b8) thrown at [D:\src\AOSP-openjdk-cygwin\jdk8u\hotspot\src\share\vm\classfile\systemDictionary.cpp, line 210]
Event: 8.238 Thread 0x000000001af1e800 Exception <a 'java/lang/ClassNotFoundException': groovy/util/BuilderSupportBeanInfo> (0x00000000e1c03808) thrown at [D:\src\AOSP-openjdk-cygwin\jdk8u\hotspot\src\share\vm\classfile\systemDictionary.cpp, line 210]
Event: 8.239 Thread 0x000000001af1e800 Exception <a 'java/lang/ClassNotFoundException': groovy/util/BuilderSupportCustomizer> (0x00000000e1c25be8) thrown at [D:\src\AOSP-openjdk-cygwin\jdk8u\hotspot\src\share\vm\classfile\systemDictionary.cpp, line 210]
Event: 8.240 Thread 0x000000001af1e800 Exception <a 'java/lang/ClassNotFoundException': groovy/util/AntBuilderCustomizer> (0x00000000e1c48dc0) thrown at [D:\src\AOSP-openjdk-cygwin\jdk8u\hotspot\src\share\vm\classfile\systemDictionary.cpp, line 210]
Event: 8.242 Thread 0x000000001af1e800 Exception <a 'java/lang/ClassNotFoundException': org/gradle/api/AntBuilderCustomizer> (0x00000000e1c711a0) thrown at [D:\src\AOSP-openjdk-cygwin\jdk8u\hotspot\src\share\vm\classfile\systemDictionary.cpp, line 210]
Event: 8.252 Thread 0x000000001af1e800 Exception <a 'java/lang/ClassNotFoundException': org/gradle/api/internal/project/ant/BasicAntBuilderCustomizer> (0x00000000e1cad4d8) thrown at [D:\src\AOSP-openjdk-cygwin\jdk8u\hotspot\src\share\vm\classfile\systemDictionary.cpp, line 210]
Event: 8.254 Thread 0x000000001af1e800 Exception <a 'java/lang/ClassNotFoundException': org/gradle/api/internal/project/DefaultAntBuilderCustomizer> (0x00000000e1cf05c0) thrown at [D:\src\AOSP-openjdk-cygwin\jdk8u\hotspot\src\share\vm\classfile\systemDictionary.cpp, line 210]
Event: 8.570 Thread 0x000000001af1e800 Exception <a 'sun/nio/fs/WindowsException'> (0x00000000e069ed50) thrown at [D:\src\AOSP-openjdk-cygwin\jdk8u\hotspot\src\share\vm\prims\jni.cpp, line 709]

Events (10 events):
Event: 8.942 loading class org/gradle/api/file/SourceDirectorySet
Event: 8.942 loading class org/gradle/api/file/SourceDirectorySet done
Event: 8.945 loading class org/apache/tools/ant/types/Path
Event: 8.945 loading class org/apache/tools/ant/types/Path done
Event: 8.946 loading class org/apache/tools/ant/AntClassLoader
Event: 8.946 loading class org/apache/tools/ant/AntClassLoader done
Event: 8.948 loading class org/apache/tools/ant/SubBuildListener
Event: 8.948 loading class org/apache/tools/ant/SubBuildListener done
Event: 8.949 loading class org/apache/tools/ant/Executor
Event: 8.949 loading class org/apache/tools/ant/Executor done


Dynamic libraries:
0x00007ff795fe0000 - 0x00007ff796011000 	C:\Program Files\Android\Android Studio\jre\bin\java.exe
0x00007ffd6f300000 - 0x00007ffd6f4e0000 	C:\WINDOWS\SYSTEM32\ntdll.dll
0x00007ffd67480000 - 0x00007ffd674b4000 	C:\Program Files\AVAST Software\Avast\x64\aswhooka.dll
0x00007ffd6d850000 - 0x00007ffd6d8fe000 	C:\WINDOWS\System32\KERNEL32.DLL
0x00007ffd6b950000 - 0x00007ffd6bbb6000 	C:\WINDOWS\System32\KERNELBASE.dll
0x00007ffd6d1b0000 - 0x00007ffd6d251000 	C:\WINDOWS\System32\ADVAPI32.dll
0x00007ffd6d9c0000 - 0x00007ffd6da5d000 	C:\WINDOWS\System32\msvcrt.dll
0x00007ffd6d7f0000 - 0x00007ffd6d84b000 	C:\WINDOWS\System32\sechost.dll
0x00007ffd6da60000 - 0x00007ffd6db7f000 	C:\WINDOWS\System32\RPCRT4.dll
0x00007ffd6c900000 - 0x00007ffd6ca8f000 	C:\WINDOWS\System32\USER32.dll
0x00007ffd6bd60000 - 0x00007ffd6bd80000 	C:\WINDOWS\System32\win32u.dll
0x00007ffd6cd00000 - 0x00007ffd6cd28000 	C:\WINDOWS\System32\GDI32.dll
0x00007ffd6bbc0000 - 0x00007ffd6bd53000 	C:\WINDOWS\System32\gdi32full.dll
0x00007ffd6b8b0000 - 0x00007ffd6b94b000 	C:\WINDOWS\System32\msvcp_win.dll
0x00007ffd6b700000 - 0x00007ffd6b7f6000 	C:\WINDOWS\System32\ucrtbase.dll
0x00007ffd5eb10000 - 0x00007ffd5ed79000 	C:\WINDOWS\WinSxS\amd64_microsoft.windows.common-controls_6595b64144ccf1df_6.0.16299.309_none_15cfd4c4935e6b11\COMCTL32.dll
0x00007ffd6efc0000 - 0x00007ffd6f2c8000 	C:\WINDOWS\System32\combase.dll
0x00007ffd6be30000 - 0x00007ffd6bea2000 	C:\WINDOWS\System32\bcryptPrimitives.dll
0x00007ffd6cd30000 - 0x00007ffd6cd5d000 	C:\WINDOWS\System32\IMM32.DLL
0x000000006bcb0000 - 0x000000006bd82000 	C:\Program Files\Android\Android Studio\jre\jre\bin\msvcr100.dll
0x000000006a9d0000 - 0x000000006b20e000 	C:\Program Files\Android\Android Studio\jre\jre\bin\server\jvm.dll
0x00007ffd6d5e0000 - 0x00007ffd6d5e8000 	C:\WINDOWS\System32\PSAPI.DLL
0x00007ffd420c0000 - 0x00007ffd420c9000 	C:\WINDOWS\SYSTEM32\WSOCK32.dll
0x00007ffd6d5f0000 - 0x00007ffd6d65c000 	C:\WINDOWS\System32\WS2_32.dll
0x00007ffd694b0000 - 0x00007ffd694d3000 	C:\WINDOWS\SYSTEM32\WINMM.dll
0x00007ffd60d50000 - 0x00007ffd60d5a000 	C:\WINDOWS\SYSTEM32\VERSION.dll
0x00007ffd693a0000 - 0x00007ffd693ca000 	C:\WINDOWS\SYSTEM32\WINMMBASE.dll
0x00007ffd6b800000 - 0x00007ffd6b84a000 	C:\WINDOWS\System32\cfgmgr32.dll
0x00007ffd41d40000 - 0x00007ffd41d4f000 	C:\Program Files\Android\Android Studio\jre\jre\bin\verify.dll
0x00007ffd3ab80000 - 0x00007ffd3aba9000 	C:\Program Files\Android\Android Studio\jre\jre\bin\java.dll
0x00007ffd3ab60000 - 0x00007ffd3ab76000 	C:\Program Files\Android\Android Studio\jre\jre\bin\zip.dll
0x00007ffd6db80000 - 0x00007ffd6efb6000 	C:\WINDOWS\System32\SHELL32.dll
0x00007ffd6d340000 - 0x00007ffd6d3e6000 	C:\WINDOWS\System32\shcore.dll
0x00007ffd6beb0000 - 0x00007ffd6c5f7000 	C:\WINDOWS\System32\windows.storage.dll
0x00007ffd6d960000 - 0x00007ffd6d9b1000 	C:\WINDOWS\System32\shlwapi.dll
0x00007ffd6b670000 - 0x00007ffd6b681000 	C:\WINDOWS\System32\kernel.appcore.dll
0x00007ffd6b690000 - 0x00007ffd6b6dc000 	C:\WINDOWS\System32\powrprof.dll
0x00007ffd6b6e0000 - 0x00007ffd6b6fb000 	C:\WINDOWS\System32\profapi.dll
0x00007ffd3ab40000 - 0x00007ffd3ab5a000 	C:\Program Files\Android\Android Studio\jre\jre\bin\net.dll
0x00007ffd6aee0000 - 0x00007ffd6af46000 	C:\WINDOWS\system32\mswsock.dll
0x00007ffd3ab20000 - 0x00007ffd3ab31000 	C:\Program Files\Android\Android Studio\jre\jre\bin\nio.dll
0x00007ffd54680000 - 0x00007ffd5469e000 	C:\Users\emene\.gradle\native\25\windows-amd64\native-platform.dll
0x00007ffd41d30000 - 0x00007ffd41d3d000 	C:\Program Files\Android\Android Studio\jre\jre\bin\management.dll
0x00007ffd6b0b0000 - 0x00007ffd6b0c7000 	C:\WINDOWS\SYSTEM32\CRYPTSP.dll
0x00007ffd6aa80000 - 0x00007ffd6aab3000 	C:\WINDOWS\system32\rsaenh.dll
0x00007ffd6b1b0000 - 0x00007ffd6b1d5000 	C:\WINDOWS\SYSTEM32\bcrypt.dll
0x00007ffd6b580000 - 0x00007ffd6b5a9000 	C:\WINDOWS\SYSTEM32\USERENV.dll
0x00007ffd6b0a0000 - 0x00007ffd6b0ab000 	C:\WINDOWS\SYSTEM32\CRYPTBASE.dll
0x00007ffd6ac10000 - 0x00007ffd6ac49000 	C:\WINDOWS\SYSTEM32\IPHLPAPI.DLL
0x00007ffd6d7d0000 - 0x00007ffd6d7d8000 	C:\WINDOWS\System32\NSI.dll
0x00007ffd61eb0000 - 0x00007ffd61ec6000 	C:\WINDOWS\SYSTEM32\dhcpcsvc6.DLL
0x00007ffd61e90000 - 0x00007ffd61eaa000 	C:\WINDOWS\SYSTEM32\dhcpcsvc.DLL

VM Arguments:
jvm_args: -Xmx1536m -Dfile.encoding=windows-1252 -Duser.country=BR -Duser.language=pt -Duser.variant 
java_command: org.gradle.launcher.daemon.bootstrap.GradleDaemon 4.1
java_class_path (initial): C:\Users\emene\.gradle\wrapper\dists\gradle-4.1-all\bzyivzo6n839fup2jbap0tjew\gradle-4.1\lib\gradle-launcher-4.1.jar
Launcher Type: SUN_STANDARD

Environment Variables:
PATH=C:\ProgramData\Oracle\Java\javapath;C:\WINDOWS\system32;C:\WINDOWS;C:\WINDOWS\System32\Wbem;C:\WINDOWS\System32\WindowsPowerShell\v1.0\;C:\Users\emene\AppData\Local\Microsoft\WindowsApps;
USERNAME=emene
OS=Windows_NT
PROCESSOR_IDENTIFIER=Intel64 Family 6 Model 78 Stepping 3, GenuineIntel



---------------  S Y S T E M  ---------------

OS: Windows 10.0 , 64 bit Build 16299 (10.0.16299.15)

CPU:total 4 (initial active 4) (2 cores per cpu, 2 threads per core) family 6 model 78 stepping 3, cmov, cx8, fxsr, mmx, sse, sse2, sse3, ssse3, sse4.1, sse4.2, popcnt, avx, avx2, aes, clmul, erms, 3dnowpref, lzcnt, ht, tsc, tscinvbit, bmi1, bmi2, adx

Memory: 4k page, physical 8265120k(1353980k free), swap 8265120k(5872k free)

vm_info: OpenJDK 64-Bit Server VM (25.152-b01) for windows-amd64 JRE (1.8.0_152-release-915-b01), built by "builder" with MS VC++ 10.0 (VS2010)

time: Thu Mar 22 17:21:32 2018
elapsed time: 8 seconds (0d 0h 0m 8s)

