#
# There is insufficient memory for the Java Runtime Environment to continue.
# Native memory allocation (malloc) failed to allocate 1156736 bytes for Chunk::new
# Possible reasons:
#   The system is out of physical RAM or swap space
#   In 32 bit mode, the process size limit was hit
# Possible solutions:
#   Reduce memory load on the system
#   Increase physical memory or swap space
#   Check if swap backing store is full
#   Use 64 bit Java on a 64 bit OS
#   Decrease Java heap size (-Xmx/-Xms)
#   Decrease number of Java threads
#   Decrease Java thread stack sizes (-Xss)
#   Set larger code cache with -XX:ReservedCodeCacheSize=
# This output file may be truncated or incomplete.
#
#  Out of Memory Error (allocation.cpp:390), pid=5188, tid=0x0000000000000db4
#
# JRE version: OpenJDK Runtime Environment (8.0_152-b02) (build 1.8.0_152-release-1024-b02)
# Java VM: OpenJDK 64-Bit Server VM (25.152-b02 mixed mode windows-amd64 compressed oops)
# Failed to write core dump. Minidumps are not enabled by default on client versions of Windows
#

---------------  T H R E A D  ---------------

Current thread (0x000000001854c800):  JavaThread "C2 CompilerThread1" daemon [_thread_in_native, id=3508, stack(0x0000000019dd0000,0x0000000019ed0000)]

Stack: [0x0000000019dd0000,0x0000000019ed0000]
[error occurred during error reporting (printing stack bounds), id 0xc0000005]

Native frames: (J=compiled Java code, j=interpreted, Vv=VM code, C=native code)


Current CompileTask:
C2:1224726 14914       4       org.gradle.api.internal.project.taskfactory.DefaultTaskClassValidatorExtractor::createProperty (71 bytes)


---------------  P R O C E S S  ---------------

Java Threads: ( => current thread )
  0x000000001bbe2000 JavaThread "stdout" daemon [_thread_in_native, id=15008, stack(0x00000000331a0000,0x00000000332a0000)]
  0x000000001bbe0800 JavaThread "stderr" daemon [_thread_in_native, id=14312, stack(0x00000000330a0000,0x00000000331a0000)]
  0x000000001bbdf000 JavaThread "stdout" daemon [_thread_in_native, id=14540, stack(0x0000000032fa0000,0x00000000330a0000)]
  0x000000001bbd3800 JavaThread "stderr" daemon [_thread_in_native, id=14972, stack(0x0000000032ea0000,0x0000000032fa0000)]
  0x000000001bbd6000 JavaThread "stdout" daemon [_thread_in_native, id=3572, stack(0x0000000032da0000,0x0000000032ea0000)]
  0x000000001bbda800 JavaThread "stderr" daemon [_thread_in_native, id=14592, stack(0x0000000032ca0000,0x0000000032da0000)]
  0x000000001bbd3000 JavaThread "stdout" daemon [_thread_in_native, id=14724, stack(0x0000000032ba0000,0x0000000032ca0000)]
  0x000000001bbd5000 JavaThread "stderr" daemon [_thread_in_native, id=2732, stack(0x0000000032aa0000,0x0000000032ba0000)]
  0x000000001bbd7800 JavaThread "queued-resource-processor_20" daemon [_thread_blocked, id=3344, stack(0x00000000329a0000,0x0000000032aa0000)]
  0x000000001bbd8000 JavaThread "queued-resource-processor_19" daemon [_thread_blocked, id=6968, stack(0x00000000328a0000,0x00000000329a0000)]
  0x000000001bbd9800 JavaThread "queued-resource-processor_18" daemon [_thread_blocked, id=13504, stack(0x00000000327a0000,0x00000000328a0000)]
  0x000000002099b800 JavaThread "queued-resource-processor_17" daemon [_thread_blocked, id=14788, stack(0x00000000326a0000,0x00000000327a0000)]
  0x0000000020999800 JavaThread "Task worker for ':' Thread 3" [_thread_blocked, id=2156, stack(0x00000000325a0000,0x00000000326a0000)]
  0x0000000020992000 JavaThread "Task worker for ':' Thread 2" [_thread_blocked, id=2592, stack(0x00000000324a0000,0x00000000325a0000)]
  0x0000000020998000 JavaThread "Task worker for ':'" [_thread_blocked, id=10096, stack(0x00000000323a0000,0x00000000324a0000)]
  0x0000000020997000 JavaThread "Cache worker for Build Output Cleanup Cache (C:\xampp\htdocs\infolabsys\infolabsys\.gradle\buildOutputCleanup)" [_thread_blocked, id=10804, stack(0x00000000322a0000,0x00000000323a0000)]
  0x0000000020996800 JavaThread "Cache worker for task history cache (C:\xampp\htdocs\infolabsys\infolabsys\.gradle\4.4\taskHistory)" [_thread_blocked, id=11032, stack(0x00000000321a0000,0x00000000322a0000)]
  0x0000000020995800 JavaThread "Cache worker for file content cache (C:\xampp\htdocs\infolabsys\infolabsys\.gradle\4.4\fileContent)" [_thread_blocked, id=13804, stack(0x00000000320a0000,0x00000000321a0000)]
  0x0000000020995000 JavaThread "build operations Thread 4" [_thread_blocked, id=14360, stack(0x0000000031fa0000,0x00000000320a0000)]
  0x000000002099a000 JavaThread "build operations Thread 3" [_thread_blocked, id=11468, stack(0x0000000031ea0000,0x0000000031fa0000)]
  0x000000002098c800 JavaThread "build operations Thread 2" [_thread_blocked, id=2664, stack(0x0000000031da0000,0x0000000031ea0000)]
  0x0000000020991000 JavaThread "build operations" [_thread_blocked, id=12700, stack(0x0000000031ca0000,0x0000000031da0000)]
  0x000000002098d800 JavaThread "Cache worker for Artifact transforms cache (C:\Users\emene\.gradle\caches\transforms-1)" [_thread_blocked, id=3824, stack(0x0000000031ba0000,0x0000000031ca0000)]
  0x0000000020990800 JavaThread "Cache worker for file hash cache (C:\xampp\htdocs\infolabsys\infolabsys\.gradle\4.4\fileHashes)" [_thread_blocked, id=3684, stack(0x0000000031aa0000,0x0000000031ba0000)]
  0x0000000020994000 JavaThread "Stdin handler" [_thread_blocked, id=8572, stack(0x00000000319a0000,0x0000000031aa0000)]
  0x0000000020993800 JavaThread "Asynchronous log dispatcher for DefaultDaemonConnection: socket connection from /127.0.0.1:52331 to /127.0.0.1:54451" [_thread_blocked, id=6788, stack(0x00000000318a0000,0x00000000319a0000)]
  0x000000002098f000 JavaThread "Cancel handler" [_thread_blocked, id=13576, stack(0x00000000317a0000,0x00000000318a0000)]
  0x0000000020992800 JavaThread "Handler for socket connection from /127.0.0.1:52331 to /127.0.0.1:54451" [_thread_in_native, id=11916, stack(0x00000000316a0000,0x00000000317a0000)]
  0x0000000020bf7000 JavaThread "Java2D Disposer" daemon [_thread_blocked, id=8884, stack(0x00000000307a0000,0x00000000308a0000)]
  0x0000000020beb800 JavaThread "Worker Daemon Execution Thread 7" [_thread_blocked, id=8756, stack(0x000000002f9a0000,0x000000002faa0000)]
  0x0000000020bef800 JavaThread "Worker Daemon Execution Thread 6" [_thread_blocked, id=14044, stack(0x000000002f8a0000,0x000000002f9a0000)]
  0x0000000020be8000 JavaThread "Worker Daemon Execution Thread 5" [_thread_blocked, id=1980, stack(0x000000002f7a0000,0x000000002f8a0000)]
  0x0000000020bee000 JavaThread "Worker Daemon Execution Thread 4" [_thread_blocked, id=15320, stack(0x000000002f6a0000,0x000000002f7a0000)]
  0x0000000020beb000 JavaThread "Worker Daemon Execution Thread 3" [_thread_blocked, id=996, stack(0x000000002f5a0000,0x000000002f6a0000)]
  0x0000000020bed000 JavaThread "Worker Daemon Execution Thread 2" [_thread_blocked, id=14888, stack(0x000000002f4a0000,0x000000002f5a0000)]
  0x0000000020bee800 JavaThread "Worker Daemon Execution" [_thread_blocked, id=7736, stack(0x000000002f3a0000,0x000000002f4a0000)]
  0x000000001b80e000 JavaThread "Daemon worker Thread 3" [_thread_blocked, id=1664, stack(0x000000002cca0000,0x000000002cda0000)]
  0x000000001b812800 JavaThread "Daemon Thread 3" [_thread_blocked, id=14632, stack(0x000000002c9a0000,0x000000002caa0000)]
  0x000000001bbd4800 JavaThread "Memory manager" [_thread_blocked, id=13252, stack(0x0000000023400000,0x0000000023500000)]
  0x000000001bbd9000 JavaThread "pool-1-thread-1" [_thread_blocked, id=7848, stack(0x0000000022ef0000,0x0000000022ff0000)]
  0x000000001b754800 JavaThread "File lock request listener" [_thread_in_native, id=14440, stack(0x000000001d3d0000,0x000000001d4d0000)]
  0x000000001b754000 JavaThread "Cache worker for file hash cache (C:\Users\emene\.gradle\caches\4.4\fileHashes)" [_thread_blocked, id=14548, stack(0x000000001d2d0000,0x000000001d3d0000)]
  0x000000001b4cd800 JavaThread "Daemon periodic checks" [_thread_blocked, id=14512, stack(0x000000001c7d0000,0x000000001c8d0000)]
  0x000000001b6ce800 JavaThread "Incoming local TCP Connector on port 52331" [_thread_in_native, id=14380, stack(0x000000001c2e0000,0x000000001c3e0000)]
  0x00000000185ae800 JavaThread "Service Thread" daemon [_thread_blocked, id=12016, stack(0x000000001a3d0000,0x000000001a4d0000)]
  0x0000000018550000 JavaThread "C1 CompilerThread2" daemon [_thread_blocked, id=12168, stack(0x0000000019ed0000,0x0000000019fd0000)]
=>0x000000001854c800 JavaThread "C2 CompilerThread1" daemon [_thread_in_native, id=3508, stack(0x0000000019dd0000,0x0000000019ed0000)]
  0x000000001854a000 JavaThread "C2 CompilerThread0" daemon [_thread_blocked, id=11808, stack(0x0000000019cd0000,0x0000000019dd0000)]
  0x0000000018555000 JavaThread "Attach Listener" daemon [_thread_blocked, id=6336, stack(0x0000000019bd0000,0x0000000019cd0000)]
  0x0000000018553800 JavaThread "Signal Dispatcher" daemon [_thread_blocked, id=10116, stack(0x0000000019ad0000,0x0000000019bd0000)]
  0x0000000004bdc000 JavaThread "Finalizer" daemon [_thread_blocked, id=4248, stack(0x00000000197d0000,0x00000000198d0000)]
  0x0000000004bd1000 JavaThread "Reference Handler" daemon [_thread_blocked, id=11736, stack(0x00000000196d0000,0x00000000197d0000)]
  0x000000000319d800 JavaThread "main" [_thread_blocked, id=14088, stack(0x00000000049e0000,0x0000000004ae0000)]

Other Threads:
  0x0000000018515000 VMThread [stack: 0x00000000195d0000,0x00000000196d0000] [id=5820]
  0x0000000019ff2000 WatcherThread [stack: 0x000000001a4d0000,0x000000001a5d0000] [id=4632]

VM state:not at safepoint (normal execution)

VM Mutex/Monitor currently owned by a thread: None

Heap:
 PSYoungGen      total 330240K, used 122478K [0x00000000e0000000, 0x00000000f9380000, 0x0000000100000000)
  eden space 304640K, 33% used [0x00000000e0000000,0x00000000e644fb70,0x00000000f2980000)
  from space 25600K, 77% used [0x00000000f2980000,0x00000000f3ccbf18,0x00000000f4280000)
  to   space 27136K, 0% used [0x00000000f7900000,0x00000000f7900000,0x00000000f9380000)
 ParOldGen       total 141824K, used 35943K [0x00000000a0000000, 0x00000000a8a80000, 0x00000000e0000000)
  object space 141824K, 25% used [0x00000000a0000000,0x00000000a2319f90,0x00000000a8a80000)
 Metaspace       used 81134K, capacity 85104K, committed 85336K, reserved 1124352K
  class space    used 10532K, capacity 11375K, committed 11392K, reserved 1048576K

Card table byte_map: [0x0000000013fa0000,0x00000000142b0000] byte_map_base: 0x0000000013aa0000

Marking Bits: (ParMarkBitMap*) 0x000000005dbb4970
 Begin Bits: [0x00000000148b0000, 0x00000000160b0000)
 End Bits:   [0x00000000160b0000, 0x00000000178b0000)

Polling page: 0x0000000003160000

CodeCache: size=245760Kb used=42283Kb max_used=42376Kb free=203476Kb
 bounds [0x0000000004be0000, 0x0000000007580000, 0x0000000013be0000]
 total_blobs=13375 nmethods=12422 adapters=865
 compilation: enabled

Compilation events (10 events):
Event: 1224.098 Thread 0x000000001854a000 15104       4       sun.nio.fs.WindowsFileSystemProvider::readAttributes (63 bytes)
Event: 1224.102 Thread 0x000000001854a000 nmethod 15104 0x00000000051782d0 code [0x0000000005178440, 0x0000000005178638]
Event: 1224.121 Thread 0x000000001854a000 15105       4       java.util.stream.ReferencePipeline$2$1::accept (27 bytes)
Event: 1224.122 Thread 0x000000001854a000 nmethod 15105 0x0000000005726a50 code [0x0000000005726ba0, 0x0000000005726c58]
Event: 1224.131 Thread 0x000000001854a000 15106       4       java.io.OutputStreamWriter::write (9 bytes)
Event: 1224.132 Thread 0x000000001854a000 nmethod 15106 0x0000000005880a50 code [0x0000000005880ba0, 0x0000000005880cc8]
Event: 1224.135 Thread 0x000000001854a000 15107   !   4       java.nio.charset.CharsetEncoder::encode (285 bytes)
Event: 1224.151 Thread 0x000000001854a000 nmethod 15107 0x0000000004fa3310 code [0x0000000004fa3480, 0x0000000004fa3e18]
Event: 1224.152 Thread 0x000000001854a000 15108       4       sun.nio.cs.SingleByte$Encoder::encodeLoop (28 bytes)
Event: 1224.165 Thread 0x000000001854a000 nmethod 15108 0x000000000631c910 code [0x000000000631ca60, 0x000000000631d1b8]

GC Heap History (10 events):
Event: 11.480 GC heap before
{Heap before GC invocations=14 (full 3):
 PSYoungGen      total 207360K, used 15424K [0x00000000e0000000, 0x00000000f2780000, 0x0000000100000000)
  eden space 186880K, 0% used [0x00000000e0000000,0x00000000e0000000,0x00000000eb680000)
  from space 20480K, 75% used [0x00000000eb680000,0x00000000ec590058,0x00000000eca80000)
  to   space 21504K, 0% used [0x00000000f1280000,0x00000000f1280000,0x00000000f2780000)
 ParOldGen       total 97792K, used 31866K [0x00000000a0000000, 0x00000000a5f80000, 0x00000000e0000000)
  object space 97792K, 32% used [0x00000000a0000000,0x00000000a1f1eb28,0x00000000a5f80000)
 Metaspace       used 57127K, capacity 58918K, committed 58968K, reserved 1099776K
  class space    used 7831K, capacity 8294K, committed 8320K, reserved 1048576K
Event: 11.730 GC heap after
Heap after GC invocations=14 (full 3):
 PSYoungGen      total 207360K, used 0K [0x00000000e0000000, 0x00000000f2780000, 0x0000000100000000)
  eden space 186880K, 0% used [0x00000000e0000000,0x00000000e0000000,0x00000000eb680000)
  from space 20480K, 0% used [0x00000000eb680000,0x00000000eb680000,0x00000000eca80000)
  to   space 21504K, 0% used [0x00000000f1280000,0x00000000f1280000,0x00000000f2780000)
 ParOldGen       total 141824K, used 35919K [0x00000000a0000000, 0x00000000a8a80000, 0x00000000e0000000)
  object space 141824K, 25% used [0x00000000a0000000,0x00000000a2313f90,0x00000000a8a80000)
 Metaspace       used 57127K, capacity 58918K, committed 58968K, reserved 1099776K
  class space    used 7831K, capacity 8294K, committed 8320K, reserved 1048576K
}
Event: 17.813 GC heap before
{Heap before GC invocations=15 (full 3):
 PSYoungGen      total 207360K, used 186880K [0x00000000e0000000, 0x00000000f2780000, 0x0000000100000000)
  eden space 186880K, 100% used [0x00000000e0000000,0x00000000eb680000,0x00000000eb680000)
  from space 20480K, 0% used [0x00000000eb680000,0x00000000eb680000,0x00000000eca80000)
  to   space 21504K, 0% used [0x00000000f1280000,0x00000000f1280000,0x00000000f2780000)
 ParOldGen       total 141824K, used 35919K [0x00000000a0000000, 0x00000000a8a80000, 0x00000000e0000000)
  object space 141824K, 25% used [0x00000000a0000000,0x00000000a2313f90,0x00000000a8a80000)
 Metaspace       used 70473K, capacity 73080K, committed 73176K, reserved 1112064K
  class space    used 9561K, capacity 10153K, committed 10240K, reserved 1048576K
Event: 17.834 GC heap after
Heap after GC invocations=15 (full 3):
 PSYoungGen      total 264192K, used 21365K [0x00000000e0000000, 0x00000000f2780000, 0x0000000100000000)
  eden space 242688K, 0% used [0x00000000e0000000,0x00000000e0000000,0x00000000eed00000)
  from space 21504K, 99% used [0x00000000f1280000,0x00000000f275d450,0x00000000f2780000)
  to   space 24576K, 0% used [0x00000000ef780000,0x00000000ef780000,0x00000000f0f80000)
 ParOldGen       total 141824K, used 35919K [0x00000000a0000000, 0x00000000a8a80000, 0x00000000e0000000)
  object space 141824K, 25% used [0x00000000a0000000,0x00000000a2313f90,0x00000000a8a80000)
 Metaspace       used 70473K, capacity 73080K, committed 73176K, reserved 1112064K
  class space    used 9561K, capacity 10153K, committed 10240K, reserved 1048576K
}
Event: 178.989 GC heap before
{Heap before GC invocations=16 (full 3):
 PSYoungGen      total 264192K, used 264053K [0x00000000e0000000, 0x00000000f2780000, 0x0000000100000000)
  eden space 242688K, 100% used [0x00000000e0000000,0x00000000eed00000,0x00000000eed00000)
  from space 21504K, 99% used [0x00000000f1280000,0x00000000f275d450,0x00000000f2780000)
  to   space 24576K, 0% used [0x00000000ef780000,0x00000000ef780000,0x00000000f0f80000)
 ParOldGen       total 141824K, used 35919K [0x00000000a0000000, 0x00000000a8a80000, 0x00000000e0000000)
  object space 141824K, 25% used [0x00000000a0000000,0x00000000a2313f90,0x00000000a8a80000)
 Metaspace       used 74915K, capacity 78040K, committed 78296K, reserved 1116160K
  class space    used 9944K, capacity 10655K, committed 10752K, reserved 1048576K
Event: 179.012 GC heap after
Heap after GC invocations=16 (full 3):
 PSYoungGen      total 278016K, used 17207K [0x00000000e0000000, 0x00000000f5b00000, 0x0000000100000000)
  eden space 253440K, 0% used [0x00000000e0000000,0x00000000e0000000,0x00000000ef780000)
  from space 24576K, 70% used [0x00000000ef780000,0x00000000f084de60,0x00000000f0f80000)
  to   space 25088K, 0% used [0x00000000f4280000,0x00000000f4280000,0x00000000f5b00000)
 ParOldGen       total 141824K, used 35927K [0x00000000a0000000, 0x00000000a8a80000, 0x00000000e0000000)
  object space 141824K, 25% used [0x00000000a0000000,0x00000000a2315f90,0x00000000a8a80000)
 Metaspace       used 74915K, capacity 78040K, committed 78296K, reserved 1116160K
  class space    used 9944K, capacity 10655K, committed 10752K, reserved 1048576K
}
Event: 1146.371 GC heap before
{Heap before GC invocations=17 (full 3):
 PSYoungGen      total 278016K, used 270647K [0x00000000e0000000, 0x00000000f5b00000, 0x0000000100000000)
  eden space 253440K, 100% used [0x00000000e0000000,0x00000000ef780000,0x00000000ef780000)
  from space 24576K, 70% used [0x00000000ef780000,0x00000000f084de60,0x00000000f0f80000)
  to   space 25088K, 0% used [0x00000000f4280000,0x00000000f4280000,0x00000000f5b00000)
 ParOldGen       total 141824K, used 35927K [0x00000000a0000000, 0x00000000a8a80000, 0x00000000e0000000)
  object space 141824K, 25% used [0x00000000a0000000,0x00000000a2315f90,0x00000000a8a80000)
 Metaspace       used 76045K, capacity 79466K, committed 79704K, reserved 1118208K
  class space    used 10013K, capacity 10784K, committed 10880K, reserved 1048576K
Event: 1146.408 GC heap after
Heap after GC invocations=17 (full 3):
 PSYoungGen      total 329728K, used 16700K [0x00000000e0000000, 0x00000000f5f00000, 0x0000000100000000)
  eden space 304640K, 0% used [0x00000000e0000000,0x00000000e0000000,0x00000000f2980000)
  from space 25088K, 66% used [0x00000000f4280000,0x00000000f52cf1f8,0x00000000f5b00000)
  to   space 25600K, 0% used [0x00000000f2980000,0x00000000f2980000,0x00000000f4280000)
 ParOldGen       total 141824K, used 35935K [0x00000000a0000000, 0x00000000a8a80000, 0x00000000e0000000)
  object space 141824K, 25% used [0x00000000a0000000,0x00000000a2317f90,0x00000000a8a80000)
 Metaspace       used 76045K, capacity 79466K, committed 79704K, reserved 1118208K
  class space    used 10013K, capacity 10784K, committed 10880K, reserved 1048576K
}
Event: 1221.746 GC heap before
{Heap before GC invocations=18 (full 3):
 PSYoungGen      total 329728K, used 321340K [0x00000000e0000000, 0x00000000f5f00000, 0x0000000100000000)
  eden space 304640K, 100% used [0x00000000e0000000,0x00000000f2980000,0x00000000f2980000)
  from space 25088K, 66% used [0x00000000f4280000,0x00000000f52cf1f8,0x00000000f5b00000)
  to   space 25600K, 0% used [0x00000000f2980000,0x00000000f2980000,0x00000000f4280000)
 ParOldGen       total 141824K, used 35935K [0x00000000a0000000, 0x00000000a8a80000, 0x00000000e0000000)
  object space 141824K, 25% used [0x00000000a0000000,0x00000000a2317f90,0x00000000a8a80000)
 Metaspace       used 80890K, capacity 84718K, committed 84824K, reserved 1122304K
  class space    used 10509K, capacity 11334K, committed 11392K, reserved 1048576K
Event: 1221.768 GC heap after
Heap after GC invocations=18 (full 3):
 PSYoungGen      total 330240K, used 19759K [0x00000000e0000000, 0x00000000f9380000, 0x0000000100000000)
  eden space 304640K, 0% used [0x00000000e0000000,0x00000000e0000000,0x00000000f2980000)
  from space 25600K, 77% used [0x00000000f2980000,0x00000000f3ccbf18,0x00000000f4280000)
  to   space 27136K, 0% used [0x00000000f7900000,0x00000000f7900000,0x00000000f9380000)
 ParOldGen       total 141824K, used 35943K [0x00000000a0000000, 0x00000000a8a80000, 0x00000000e0000000)
  object space 141824K, 25% used [0x00000000a0000000,0x00000000a2319f90,0x00000000a8a80000)
 Metaspace       used 80890K, capacity 84718K, committed 84824K, reserved 1122304K
  class space    used 10509K, capacity 11334K, committed 11392K, reserved 1048576K
}

Deoptimization events (10 events):
Event: 1205.616 Thread 0x0000000020990800 Uncommon trap: reason=class_check action=maybe_recompile pc=0x0000000006036968 method=java.io.BufferedOutputStream.write([BII)V @ 20
Event: 1205.618 Thread 0x0000000020990800 Uncommon trap: reason=class_check action=maybe_recompile pc=0x0000000006036968 method=java.io.BufferedOutputStream.write([BII)V @ 20
Event: 1222.130 Thread 0x000000001b80e000 Uncommon trap: reason=null_check action=make_not_entrant pc=0x000000000696c430 method=java.lang.ThreadLocal$ThreadLocalMap.getEntryAfterMiss(Ljava/lang/ThreadLocal;ILjava/lang/ThreadLocal$ThreadLocalMap$Entry;)Ljava/lang/ThreadLocal$ThreadLocalMap$Entry; 
Event: 1222.251 Thread 0x000000001b80e000 Uncommon trap: reason=predicate action=maybe_recompile pc=0x0000000004de35f0 method=com.google.common.collect.RegularImmutableMap.fromEntryArray(I[Ljava/util/Map$Entry;)Lcom/google/common/collect/RegularImmutableMap; @ 62
Event: 1222.334 Thread 0x000000001b80e000 Uncommon trap: reason=unstable_if action=reinterpret pc=0x0000000005ebc76c method=com.google.common.base.CharMatcher$IsEither.matches(C)Z @ 5
Event: 1222.455 Thread 0x000000001b80e000 Uncommon trap: reason=bimorphic action=maybe_recompile pc=0x0000000007269430 method=com.google.common.collect.TransformedIterator.next()Ljava/lang/Object; @ 10
Event: 1223.494 Thread 0x000000001b80e000 Uncommon trap: reason=array_check action=maybe_recompile pc=0x0000000007495e28 method=com.google.common.collect.RegularImmutableMap.fromEntryArray(I[Ljava/util/Map$Entry;)Lcom/google/common/collect/RegularImmutableMap; @ 200
Event: 1223.570 Thread 0x000000001b80e000 Uncommon trap: reason=null_check action=make_not_entrant pc=0x00000000070411ac method=com.sun.org.apache.xerces.internal.dom.NamedNodeMapImpl.findNamePoint(Ljava/lang/String;Ljava/lang/String;)I @ 105
Event: 1223.570 Thread 0x000000001b80e000 Uncommon trap: reason=bimorphic action=maybe_recompile pc=0x00000000057444c8 method=com.sun.org.apache.xerces.internal.dom.ElementImpl.getNodeName()Ljava/lang/String; @ 8
Event: 1223.920 Thread 0x0000000020999800 Uncommon trap: reason=unstable_if action=reinterpret pc=0x0000000007093370 method=org.gradle.api.internal.changedetection.state.AbstractScalarValueSnapshot.equals(Ljava/lang/Object;)Z @ 19

Classes redefined (0 events):
No events

Internal exceptions (10 events):
Event: 1222.398 Thread 0x000000001b80e000 Exception <a 'sun/nio/fs/WindowsException'> (0x00000000e469ac88) thrown at [D:\src\AOSP-openjdk-cygwin\jdk8u\hotspot\src\share\vm\prims\jni.cpp, line 709]
Event: 1222.399 Thread 0x000000001b80e000 Exception <a 'sun/nio/fs/WindowsException'> (0x00000000e469bf28) thrown at [D:\src\AOSP-openjdk-cygwin\jdk8u\hotspot\src\share\vm\prims\jni.cpp, line 709]
Event: 1222.399 Thread 0x000000001b80e000 Exception <a 'sun/nio/fs/WindowsException'> (0x00000000e469d038) thrown at [D:\src\AOSP-openjdk-cygwin\jdk8u\hotspot\src\share\vm\prims\jni.cpp, line 709]
Event: 1222.400 Thread 0x000000001b80e000 Exception <a 'sun/nio/fs/WindowsException'> (0x00000000e46a4fa8) thrown at [D:\src\AOSP-openjdk-cygwin\jdk8u\hotspot\src\share\vm\prims\jni.cpp, line 709]
Event: 1222.400 Thread 0x000000001b80e000 Exception <a 'sun/nio/fs/WindowsException'> (0x00000000e46a60d0) thrown at [D:\src\AOSP-openjdk-cygwin\jdk8u\hotspot\src\share\vm\prims\jni.cpp, line 709]
Event: 1222.401 Thread 0x000000001b80e000 Exception <a 'sun/nio/fs/WindowsException'> (0x00000000e46a7da0) thrown at [D:\src\AOSP-openjdk-cygwin\jdk8u\hotspot\src\share\vm\prims\jni.cpp, line 709]
Event: 1222.401 Thread 0x000000001b80e000 Exception <a 'sun/nio/fs/WindowsException'> (0x00000000e46a8eb8) thrown at [D:\src\AOSP-openjdk-cygwin\jdk8u\hotspot\src\share\vm\prims\jni.cpp, line 709]
Event: 1222.401 Thread 0x000000001b80e000 Exception <a 'sun/nio/fs/WindowsException'> (0x00000000e46aa158) thrown at [D:\src\AOSP-openjdk-cygwin\jdk8u\hotspot\src\share\vm\prims\jni.cpp, line 709]
Event: 1222.401 Thread 0x000000001b80e000 Exception <a 'sun/nio/fs/WindowsException'> (0x00000000e46ab268) thrown at [D:\src\AOSP-openjdk-cygwin\jdk8u\hotspot\src\share\vm\prims\jni.cpp, line 709]
Event: 1223.570 Thread 0x000000001b80e000 Implicit null exception at 0x0000000007040682 to 0x0000000007041183

Events (10 events):
Event: 1224.097 Thread 0x000000001854a000 flushing nmethod 0x0000000005b92dd0
Event: 1224.102 Thread 0x000000001854a000 flushing nmethod 0x0000000005d7de50
Event: 1224.103 Thread 0x000000001854a000 flushing nmethod 0x0000000005d8e950
Event: 1224.123 Thread 0x000000001854a000 flushing nmethod 0x00000000062c0e10
Event: 1224.123 Thread 0x000000001854a000 flushing nmethod 0x000000000631c910
Event: 1224.133 Thread 0x000000001854a000 flushing nmethod 0x0000000006579bd0
Event: 1224.151 Thread 0x000000001854a000 flushing nmethod 0x0000000006615590
Event: 1224.152 Thread 0x000000001854a000 flushing nmethod 0x00000000067b6850
Event: 1224.166 Thread 0x000000001854a000 flushing nmethod 0x00000000068f2e50
Event: 1224.166 Thread 0x000000001854a000 flushing nmethod 0x000000000690ef10


Dynamic libraries:
0x00007ff6a8fb0000 - 0x00007ff6a8fe1000 	C:\Program Files\Android\Android Studio\jre\bin\java.exe
0x00007ffdb0700000 - 0x00007ffdb08e0000 	C:\WINDOWS\SYSTEM32\ntdll.dll
0x00007ffd80ea0000 - 0x00007ffd80ed4000 	C:\Program Files\AVAST Software\Avast\x64\aswhooka.dll
0x00007ffdb0320000 - 0x00007ffdb03ce000 	C:\WINDOWS\System32\KERNEL32.DLL
0x00007ffdad350000 - 0x00007ffdad5b6000 	C:\WINDOWS\System32\KERNELBASE.dll
0x00007ffdb0150000 - 0x00007ffdb01f1000 	C:\WINDOWS\System32\ADVAPI32.dll
0x00007ffdaffa0000 - 0x00007ffdb003d000 	C:\WINDOWS\System32\msvcrt.dll
0x00007ffdafcd0000 - 0x00007ffdafd2b000 	C:\WINDOWS\System32\sechost.dll
0x00007ffdb05b0000 - 0x00007ffdb06cf000 	C:\WINDOWS\System32\RPCRT4.dll
0x00007ffdae520000 - 0x00007ffdae6af000 	C:\WINDOWS\System32\USER32.dll
0x00007ffdacb00000 - 0x00007ffdacb20000 	C:\WINDOWS\System32\win32u.dll
0x00007ffdadd80000 - 0x00007ffdadda8000 	C:\WINDOWS\System32\GDI32.dll
0x00007ffdada30000 - 0x00007ffdadbc3000 	C:\WINDOWS\System32\gdi32full.dll
0x00007ffdad890000 - 0x00007ffdad92b000 	C:\WINDOWS\System32\msvcp_win.dll
0x00007ffdad930000 - 0x00007ffdada26000 	C:\WINDOWS\System32\ucrtbase.dll
0x00007ffd9eb60000 - 0x00007ffd9edc9000 	C:\WINDOWS\WinSxS\amd64_microsoft.windows.common-controls_6595b64144ccf1df_6.0.16299.309_none_15cfd4c4935e6b11\COMCTL32.dll
0x00007ffdae210000 - 0x00007ffdae518000 	C:\WINDOWS\System32\combase.dll
0x00007ffdacb80000 - 0x00007ffdacbf2000 	C:\WINDOWS\System32\bcryptPrimitives.dll
0x00007ffdb0270000 - 0x00007ffdb029d000 	C:\WINDOWS\System32\IMM32.DLL
0x000000005ce20000 - 0x000000005cef2000 	C:\Program Files\Android\Android Studio\jre\jre\bin\msvcr100.dll
0x000000005d3f0000 - 0x000000005dc2f000 	C:\Program Files\Android\Android Studio\jre\jre\bin\server\jvm.dll
0x00007ffdae200000 - 0x00007ffdae208000 	C:\WINDOWS\System32\PSAPI.DLL
0x00007ffd9e370000 - 0x00007ffd9e379000 	C:\WINDOWS\SYSTEM32\WSOCK32.dll
0x00007ffdb0200000 - 0x00007ffdb026c000 	C:\WINDOWS\System32\WS2_32.dll
0x00007ffda9b30000 - 0x00007ffda9b53000 	C:\WINDOWS\SYSTEM32\WINMM.dll
0x00007ffd9f210000 - 0x00007ffd9f21a000 	C:\WINDOWS\SYSTEM32\VERSION.dll
0x00007ffda9ad0000 - 0x00007ffda9afa000 	C:\WINDOWS\SYSTEM32\WINMMBASE.dll
0x00007ffdad840000 - 0x00007ffdad88a000 	C:\WINDOWS\System32\cfgmgr32.dll
0x00007ffd9c090000 - 0x00007ffd9c09f000 	C:\Program Files\Android\Android Studio\jre\jre\bin\verify.dll
0x00007ffd977e0000 - 0x00007ffd97809000 	C:\Program Files\Android\Android Studio\jre\jre\bin\java.dll
0x00007ffd9aed0000 - 0x00007ffd9aee6000 	C:\Program Files\Android\Android Studio\jre\jre\bin\zip.dll
0x00007ffdae7e0000 - 0x00007ffdafc16000 	C:\WINDOWS\System32\SHELL32.dll
0x00007ffdae730000 - 0x00007ffdae7d6000 	C:\WINDOWS\System32\shcore.dll
0x00007ffdacc00000 - 0x00007ffdad347000 	C:\WINDOWS\System32\windows.storage.dll
0x00007ffdb02c0000 - 0x00007ffdb0311000 	C:\WINDOWS\System32\shlwapi.dll
0x00007ffdacae0000 - 0x00007ffdacaf1000 	C:\WINDOWS\System32\kernel.appcore.dll
0x00007ffdaca90000 - 0x00007ffdacadc000 	C:\WINDOWS\System32\powrprof.dll
0x00007ffdaca50000 - 0x00007ffdaca6b000 	C:\WINDOWS\System32\profapi.dll
0x00007ffd97f80000 - 0x00007ffd97f9a000 	C:\Program Files\Android\Android Studio\jre\jre\bin\net.dll
0x00007ffdac280000 - 0x00007ffdac2e6000 	C:\WINDOWS\system32\mswsock.dll
0x00007ffd97e70000 - 0x00007ffd97e81000 	C:\Program Files\Android\Android Studio\jre\jre\bin\nio.dll
0x00007ffd97c90000 - 0x00007ffd97cae000 	C:\Users\emene\.gradle\native\25\windows-amd64\native-platform.dll
0x00007ffd9b440000 - 0x00007ffd9b44d000 	C:\Program Files\Android\Android Studio\jre\jre\bin\management.dll
0x00007ffdac440000 - 0x00007ffdac457000 	C:\WINDOWS\SYSTEM32\CRYPTSP.dll
0x00007ffdabe80000 - 0x00007ffdabeb3000 	C:\WINDOWS\system32\rsaenh.dll
0x00007ffdac5b0000 - 0x00007ffdac5d5000 	C:\WINDOWS\SYSTEM32\bcrypt.dll
0x00007ffdac950000 - 0x00007ffdac979000 	C:\WINDOWS\SYSTEM32\USERENV.dll
0x00007ffdac460000 - 0x00007ffdac46b000 	C:\WINDOWS\SYSTEM32\CRYPTBASE.dll
0x00007ffdac010000 - 0x00007ffdac049000 	C:\WINDOWS\SYSTEM32\IPHLPAPI.DLL
0x00007ffdafcc0000 - 0x00007ffdafcc8000 	C:\WINDOWS\System32\NSI.dll
0x00007ffda3240000 - 0x00007ffda3256000 	C:\WINDOWS\SYSTEM32\dhcpcsvc6.DLL
0x00007ffda3950000 - 0x00007ffda396a000 	C:\WINDOWS\SYSTEM32\dhcpcsvc.DLL
0x00007ffd850c0000 - 0x00007ffd85256000 	C:\Program Files\Android\Android Studio\jre\jre\bin\awt.dll
0x00007ffdafd30000 - 0x00007ffdafdf5000 	C:\WINDOWS\System32\OLEAUT32.dll
0x00007ffdaa400000 - 0x00007ffdaa9b8000 	C:\WINDOWS\SYSTEM32\d2d1.dll
0x00007ffdad5c0000 - 0x00007ffdad78e000 	C:\WINDOWS\System32\CRYPT32.dll
0x00007ffdaca70000 - 0x00007ffdaca82000 	C:\WINDOWS\System32\MSASN1.dll
0x00007ffdaafd0000 - 0x00007ffdab058000 	C:\WINDOWS\SYSTEM32\apphelp.dll
0x00007ffdab2f0000 - 0x00007ffdab31a000 	C:\WINDOWS\system32\DWMAPI.DLL
0x00007ffdab080000 - 0x00007ffdab115000 	C:\WINDOWS\system32\uxtheme.dll

VM Arguments:
jvm_args: -Xmx1536m -Dfile.encoding=windows-1252 -Duser.country=BR -Duser.language=pt -Duser.variant 
java_command: org.gradle.launcher.daemon.bootstrap.GradleDaemon 4.4
java_class_path (initial): C:\Users\emene\.gradle\wrapper\dists\gradle-4.4-all\9br9xq1tocpiv8o6njlyu5op1\gradle-4.4\lib\gradle-launcher-4.4.jar
Launcher Type: SUN_STANDARD

Environment Variables:
PATH=C:\ProgramData\Oracle\Java\javapath;C:\WINDOWS\system32;C:\WINDOWS;C:\WINDOWS\System32\Wbem;C:\WINDOWS\System32\WindowsPowerShell\v1.0\;C:\Users\emene\AppData\Local\Microsoft\WindowsApps;
USERNAME=emene
OS=Windows_NT
PROCESSOR_IDENTIFIER=Intel64 Family 6 Model 78 Stepping 3, GenuineIntel



---------------  S Y S T E M  ---------------

OS: Windows 10.0 , 64 bit Build 16299 (10.0.16299.15)

CPU:total 4 (initial active 4) (2 cores per cpu, 2 threads per core) family 6 model 78 stepping 3, cmov, cx8, fxsr, mmx, sse, sse2, sse3, ssse3, sse4.1, sse4.2, popcnt, avx, avx2, aes, clmul, erms, 3dnowpref, lzcnt, ht, tsc, tscinvbit, bmi1, bmi2, adx

Memory: 4k page, physical 8265120k(639048k free), swap 8265120k(1272k free)

vm_info: OpenJDK 64-Bit Server VM (25.152-b02) for windows-amd64 JRE (1.8.0_152-release-1024-b02), built by "builder" with MS VC++ 10.0 (VS2010)

time: Mon Apr 09 20:54:37 2018
elapsed time: 1224 seconds (0d 0h 20m 24s)

