#
# There is insufficient memory for the Java Runtime Environment to continue.
# Native memory allocation (malloc) failed to allocate 1088736 bytes for Chunk::new
# Possible reasons:
#   The system is out of physical RAM or swap space
#   In 32 bit mode, the process size limit was hit
# Possible solutions:
#   Reduce memory load on the system
#   Increase physical memory or swap space
#   Check if swap backing store is full
#   Use 64 bit Java on a 64 bit OS
#   Decrease Java heap size (-Xmx/-Xms)
#   Decrease number of Java threads
#   Decrease Java thread stack sizes (-Xss)
#   Set larger code cache with -XX:ReservedCodeCacheSize=
# This output file may be truncated or incomplete.
#
#  Out of Memory Error (allocation.cpp:390), pid=10848, tid=0x0000000000000e1c
#
# JRE version: OpenJDK Runtime Environment (8.0_152-b02) (build 1.8.0_152-release-1024-b02)
# Java VM: OpenJDK 64-Bit Server VM (25.152-b02 mixed mode windows-amd64 compressed oops)
# Failed to write core dump. Minidumps are not enabled by default on client versions of Windows
#

---------------  T H R E A D  ---------------

Current thread (0x0000000017fca000):  JavaThread "C2 CompilerThread0" daemon [_thread_in_native, id=3612, stack(0x0000000019730000,0x0000000019830000)]

Stack: [0x0000000019730000,0x0000000019830000]
[error occurred during error reporting (printing stack bounds), id 0xc0000005]

Native frames: (J=compiled Java code, j=interpreted, Vv=VM code, C=native code)


Current CompileTask:
C2:4765181 25925       4       org.gradle.api.internal.artifacts.ivyservice.ivyresolve.parser.GradlePomModuleDescriptorParser::addDependencies (100 bytes)


---------------  P R O C E S S  ---------------

Java Threads: ( => current thread )
  0x000000002d91f000 JavaThread "build operations Thread 4" [_thread_blocked, id=1208, stack(0x0000000053b30000,0x0000000053c30000)]
  0x000000002d920800 JavaThread "build operations Thread 3" [_thread_blocked, id=10052, stack(0x0000000053a30000,0x0000000053b30000)]
  0x000000002d91e000 JavaThread "build operations Thread 2" [_thread_blocked, id=212, stack(0x0000000053930000,0x0000000053a30000)]
  0x000000002d919000 JavaThread "build operations" [_thread_blocked, id=7584, stack(0x0000000053830000,0x0000000053930000)]
  0x000000002d911800 JavaThread "Cache worker for Artifact transforms cache (C:\Users\emene\.gradle\caches\transforms-1)" [_thread_blocked, id=13484, stack(0x0000000053730000,0x0000000053830000)]
  0x000000002d918000 JavaThread "Cache worker for file hash cache (C:\xampp\htdocs\infolabsys\Avaliacao\.gradle\4.4\fileHashes)" [_thread_blocked, id=14272, stack(0x0000000053630000,0x0000000053730000)]
  0x000000002d916800 JavaThread "Stdin handler" [_thread_blocked, id=9600, stack(0x0000000053530000,0x0000000053630000)]
  0x000000002d917800 JavaThread "Asynchronous log dispatcher for DefaultDaemonConnection: socket connection from /127.0.0.1:55306 to /127.0.0.1:56833" [_thread_blocked, id=332, stack(0x0000000053430000,0x0000000053530000)]
  0x000000002d912000 JavaThread "Cancel handler" [_thread_blocked, id=8984, stack(0x0000000053330000,0x0000000053430000)]
  0x000000002d916000 JavaThread "Handler for socket connection from /127.0.0.1:55306 to /127.0.0.1:56833" [_thread_in_native, id=5152, stack(0x0000000053230000,0x0000000053330000)]
  0x000000002d915000 JavaThread "Worker Daemon Execution Thread 4" [_thread_blocked, id=1160, stack(0x0000000050bc0000,0x0000000050cc0000)]
  0x000000002d914800 JavaThread "Worker Daemon Execution Thread 3" [_thread_blocked, id=12696, stack(0x0000000050ac0000,0x0000000050bc0000)]
  0x000000002d913000 JavaThread "Worker Daemon Execution Thread 2" [_thread_blocked, id=8076, stack(0x00000000509c0000,0x0000000050ac0000)]
  0x000000002d913800 JavaThread "Worker Daemon Execution" [_thread_blocked, id=13420, stack(0x00000000508c0000,0x00000000509c0000)]
  0x000000002055f000 JavaThread "Daemon worker Thread 7" [_thread_in_native, id=6864, stack(0x00000000492c0000,0x00000000493c0000)]
  0x0000000020557800 JavaThread "Daemon Thread 7" [_thread_blocked, id=10492, stack(0x0000000048fc0000,0x00000000490c0000)]
  0x0000000020ecc000 JavaThread "Java2D Disposer" daemon [_thread_blocked, id=13444, stack(0x00000000326c0000,0x00000000327c0000)]
  0x000000001d96a800 JavaThread "pool-7-thread-1" [_thread_blocked, id=7888, stack(0x000000002bef0000,0x000000002bff0000)]
  0x000000001d96c800 JavaThread "pool-6-thread-1" [_thread_blocked, id=3080, stack(0x000000002b3f0000,0x000000002b4f0000)]
  0x000000001f980800 JavaThread "pool-4-thread-1" [_thread_blocked, id=13308, stack(0x00000000291f0000,0x00000000292f0000)]
  0x0000000020561800 JavaThread "pool-3-thread-1" [_thread_blocked, id=13304, stack(0x0000000027470000,0x0000000027570000)]
  0x0000000020563000 JavaThread "pool-2-thread-1" [_thread_blocked, id=8840, stack(0x00000000259e0000,0x0000000025ae0000)]
  0x0000000020554000 JavaThread "Memory manager" [_thread_blocked, id=11280, stack(0x0000000022a40000,0x0000000022b40000)]
  0x0000000020559000 JavaThread "pool-1-thread-1" [_thread_blocked, id=11524, stack(0x0000000022740000,0x0000000022840000)]
  0x000000001b2e0800 JavaThread "File lock request listener" [_thread_in_native, id=8116, stack(0x000000001de10000,0x000000001df10000)]
  0x000000001b72a000 JavaThread "Cache worker for file hash cache (C:\Users\emene\.gradle\caches\4.4\fileHashes)" [_thread_blocked, id=11880, stack(0x000000001cd40000,0x000000001ce40000)]
  0x000000001ae20800 JavaThread "Daemon periodic checks" [_thread_blocked, id=2024, stack(0x000000001c240000,0x000000001c340000)]
  0x000000001b241800 JavaThread "Incoming local TCP Connector on port 55306" [_thread_in_native, id=4536, stack(0x000000001bd40000,0x000000001be40000)]
  0x0000000019a50800 JavaThread "Service Thread" daemon [_thread_blocked, id=13700, stack(0x0000000019e30000,0x0000000019f30000)]
  0x0000000017fd0000 JavaThread "C1 CompilerThread2" daemon [_thread_blocked, id=7412, stack(0x0000000019930000,0x0000000019a30000)]
  0x0000000017fcc800 JavaThread "C2 CompilerThread1" daemon [_thread_in_native, id=12704, stack(0x0000000019830000,0x0000000019930000)]
=>0x0000000017fca000 JavaThread "C2 CompilerThread0" daemon [_thread_in_native, id=3612, stack(0x0000000019730000,0x0000000019830000)]
  0x0000000017fd5000 JavaThread "Attach Listener" daemon [_thread_blocked, id=9768, stack(0x0000000019630000,0x0000000019730000)]
  0x0000000017fd3800 JavaThread "Signal Dispatcher" daemon [_thread_blocked, id=2212, stack(0x0000000019530000,0x0000000019630000)]
  0x000000000465c000 JavaThread "Finalizer" daemon [_thread_blocked, id=10584, stack(0x0000000019230000,0x0000000019330000)]
  0x0000000004651000 JavaThread "Reference Handler" daemon [_thread_blocked, id=9968, stack(0x0000000019130000,0x0000000019230000)]
  0x000000000455d800 JavaThread "main" [_thread_blocked, id=4248, stack(0x0000000004390000,0x0000000004490000)]

Other Threads:
  0x0000000017f95000 VMThread [stack: 0x0000000019030000,0x0000000019130000] [id=14280]
  0x000000001802d800 WatcherThread [stack: 0x0000000019f30000,0x000000001a030000] [id=13696]

VM state:not at safepoint (normal execution)

VM Mutex/Monitor currently owned by a thread: None

Heap:
 PSYoungGen      total 379392K, used 135899K [0x00000000e0000000, 0x00000000fbd00000, 0x0000000100000000)
  eden space 333824K, 34% used [0x00000000e0000000,0x00000000e7200b08,0x00000000f4600000)
  from space 45568K, 42% used [0x00000000f7380000,0x00000000f8636490,0x00000000fa000000)
  to   space 46592K, 0% used [0x00000000f4600000,0x00000000f4600000,0x00000000f7380000)
 ParOldGen       total 236544K, used 78262K [0x00000000a0000000, 0x00000000ae700000, 0x00000000e0000000)
  object space 236544K, 33% used [0x00000000a0000000,0x00000000a4c6d818,0x00000000ae700000)
 Metaspace       used 160044K, capacity 171018K, committed 171212K, reserved 1198080K
  class space    used 20414K, capacity 22631K, committed 22732K, reserved 1048576K

Card table byte_map: [0x0000000013a20000,0x0000000013d30000] byte_map_base: 0x0000000013520000

Marking Bits: (ParMarkBitMap*) 0x0000000051734970
 Begin Bits: [0x0000000014330000, 0x0000000015b30000)
 End Bits:   [0x0000000015b30000, 0x0000000017330000)

Polling page: 0x00000000029b0000

CodeCache: size=245760Kb used=71567Kb max_used=71567Kb free=174193Kb
 bounds [0x0000000004660000, 0x0000000008ca0000, 0x0000000013660000]
 total_blobs=21509 nmethods=20558 adapters=861
 compilation: enabled

Compilation events (10 events):
Event: 4763.230 Thread 0x0000000017fd0000 nmethod 25922 0x0000000008c495d0 code [0x0000000008c49760, 0x0000000008c49b48]
Event: 4763.230 Thread 0x0000000017fd0000 25923       3       org.gradle.api.internal.artifacts.ivyservice.resolveengine.graph.conflicts.PotentialConflictFactory::potentialConflict (21 bytes)
Event: 4763.230 Thread 0x0000000017fd0000 nmethod 25923 0x000000000531f5d0 code [0x000000000531f740, 0x000000000531fa50]
Event: 4763.230 Thread 0x0000000017fd0000 25924       3       org.gradle.api.internal.artifacts.ivyservice.resolveengine.graph.conflicts.PotentialConflictFactory$HasConflict::<init> (6 bytes)
Event: 4763.231 Thread 0x0000000017fd0000 nmethod 25924 0x0000000005932a90 code [0x0000000005932c00, 0x0000000005932e30]
Event: 4763.288 Thread 0x0000000017fca000 25925       4       org.gradle.api.internal.artifacts.ivyservice.ivyresolve.parser.GradlePomModuleDescriptorParser::addDependencies (100 bytes)
Event: 4763.457 Thread 0x0000000017fd0000 25927       3       org.gradle.api.internal.artifacts.ivyservice.resolveengine.graph.builder.EdgeState::restart (14 bytes)
Event: 4763.457 Thread 0x0000000017fd0000 nmethod 25927 0x0000000005932650 code [0x00000000059327c0, 0x00000000059329d8]
Event: 4763.470 Thread 0x0000000017fd0000 25928       3       org.gradle.api.internal.artifacts.ivyservice.DefaultLenientConfiguration::select (40 bytes)
Event: 4763.471 Thread 0x0000000017fd0000 nmethod 25928 0x0000000008c6cb90 code [0x0000000008c6cd40, 0x0000000008c6d438]

GC Heap History (10 events):
Event: 4347.971 GC heap before
{Heap before GC invocations=41 (full 5):
 PSYoungGen      total 288256K, used 244371K [0x00000000e0000000, 0x00000000f7a80000, 0x0000000100000000)
  eden space 238592K, 99% used [0x00000000e0000000,0x00000000ee893538,0x00000000ee900000)
  from space 49664K, 12% used [0x00000000ee900000,0x00000000eef118c0,0x00000000f1980000)
  to   space 51200K, 0% used [0x00000000f4880000,0x00000000f4880000,0x00000000f7a80000)
 ParOldGen       total 236544K, used 75217K [0x00000000a0000000, 0x00000000ae700000, 0x00000000e0000000)
  object space 236544K, 31% used [0x00000000a0000000,0x00000000a4974708,0x00000000ae700000)
 Metaspace       used 157176K, capacity 165974K, committed 167884K, reserved 1196032K
  class space    used 19982K, capacity 21788K, committed 22220K, reserved 1048576K
Event: 4347.978 GC heap after
Heap after GC invocations=41 (full 5):
 PSYoungGen      total 332288K, used 4695K [0x00000000e0000000, 0x00000000f7980000, 0x0000000100000000)
  eden space 282112K, 0% used [0x00000000e0000000,0x00000000e0000000,0x00000000f1380000)
  from space 50176K, 9% used [0x00000000f4880000,0x00000000f4d15c20,0x00000000f7980000)
  to   space 52224K, 0% used [0x00000000f1380000,0x00000000f1380000,0x00000000f4680000)
 ParOldGen       total 236544K, used 75225K [0x00000000a0000000, 0x00000000ae700000, 0x00000000e0000000)
  object space 236544K, 31% used [0x00000000a0000000,0x00000000a4976708,0x00000000ae700000)
 Metaspace       used 157176K, capacity 165974K, committed 167884K, reserved 1196032K
  class space    used 19982K, capacity 21788K, committed 22220K, reserved 1048576K
}
Event: 4507.227 GC heap before
{Heap before GC invocations=42 (full 5):
 PSYoungGen      total 332288K, used 286807K [0x00000000e0000000, 0x00000000f7980000, 0x0000000100000000)
  eden space 282112K, 100% used [0x00000000e0000000,0x00000000f1380000,0x00000000f1380000)
  from space 50176K, 9% used [0x00000000f4880000,0x00000000f4d15c20,0x00000000f7980000)
  to   space 52224K, 0% used [0x00000000f1380000,0x00000000f1380000,0x00000000f4680000)
 ParOldGen       total 236544K, used 75225K [0x00000000a0000000, 0x00000000ae700000, 0x00000000e0000000)
  object space 236544K, 31% used [0x00000000a0000000,0x00000000a4976708,0x00000000ae700000)
 Metaspace       used 158182K, capacity 167314K, committed 168780K, reserved 1196032K
  class space    used 20132K, capacity 21996K, committed 22348K, reserved 1048576K
Event: 4507.254 GC heap after
Heap after GC invocations=42 (full 5):
 PSYoungGen      total 334336K, used 11101K [0x00000000e0000000, 0x00000000fa580000, 0x0000000100000000)
  eden space 282112K, 0% used [0x00000000e0000000,0x00000000e0000000,0x00000000f1380000)
  from space 52224K, 21% used [0x00000000f1380000,0x00000000f1e57700,0x00000000f4680000)
  to   space 51200K, 0% used [0x00000000f7380000,0x00000000f7380000,0x00000000fa580000)
 ParOldGen       total 236544K, used 75225K [0x00000000a0000000, 0x00000000ae700000, 0x00000000e0000000)
  object space 236544K, 31% used [0x00000000a0000000,0x00000000a4976708,0x00000000ae700000)
 Metaspace       used 158182K, capacity 167314K, committed 168780K, reserved 1196032K
  class space    used 20132K, capacity 21996K, committed 22348K, reserved 1048576K
}
Event: 4609.913 GC heap before
{Heap before GC invocations=43 (full 5):
 PSYoungGen      total 334336K, used 293213K [0x00000000e0000000, 0x00000000fa580000, 0x0000000100000000)
  eden space 282112K, 100% used [0x00000000e0000000,0x00000000f1380000,0x00000000f1380000)
  from space 52224K, 21% used [0x00000000f1380000,0x00000000f1e57700,0x00000000f4680000)
  to   space 51200K, 0% used [0x00000000f7380000,0x00000000f7380000,0x00000000fa580000)
 ParOldGen       total 236544K, used 75225K [0x00000000a0000000, 0x00000000ae700000, 0x00000000e0000000)
  object space 236544K, 31% used [0x00000000a0000000,0x00000000a4976708,0x00000000ae700000)
 Metaspace       used 158744K, capacity 168582K, committed 169420K, reserved 1196032K
  class space    used 20231K, capacity 22230K, committed 22476K, reserved 1048576K
Event: 4609.926 GC heap after
Heap after GC invocations=43 (full 5):
 PSYoungGen      total 370176K, used 8368K [0x00000000e0000000, 0x00000000fa000000, 0x0000000100000000)
  eden space 324608K, 0% used [0x00000000e0000000,0x00000000e0000000,0x00000000f3d00000)
  from space 45568K, 18% used [0x00000000f7380000,0x00000000f7bac0c0,0x00000000fa000000)
  to   space 50688K, 0% used [0x00000000f3d00000,0x00000000f3d00000,0x00000000f6e80000)
 ParOldGen       total 236544K, used 75233K [0x00000000a0000000, 0x00000000ae700000, 0x00000000e0000000)
  object space 236544K, 31% used [0x00000000a0000000,0x00000000a4978708,0x00000000ae700000)
 Metaspace       used 158744K, capacity 168582K, committed 169420K, reserved 1196032K
  class space    used 20231K, capacity 22230K, committed 22476K, reserved 1048576K
}
Event: 4697.821 GC heap before
{Heap before GC invocations=44 (full 5):
 PSYoungGen      total 370176K, used 332976K [0x00000000e0000000, 0x00000000fa000000, 0x0000000100000000)
  eden space 324608K, 100% used [0x00000000e0000000,0x00000000f3d00000,0x00000000f3d00000)
  from space 45568K, 18% used [0x00000000f7380000,0x00000000f7bac0c0,0x00000000fa000000)
  to   space 50688K, 0% used [0x00000000f3d00000,0x00000000f3d00000,0x00000000f6e80000)
 ParOldGen       total 236544K, used 75233K [0x00000000a0000000, 0x00000000ae700000, 0x00000000e0000000)
  object space 236544K, 31% used [0x00000000a0000000,0x00000000a4978708,0x00000000ae700000)
 Metaspace       used 159586K, capacity 170316K, committed 170700K, reserved 1198080K
  class space    used 20369K, capacity 22523K, committed 22732K, reserved 1048576K
Event: 4697.839 GC heap after
Heap after GC invocations=44 (full 5):
 PSYoungGen      total 375296K, used 8432K [0x00000000e0000000, 0x00000000fa000000, 0x0000000100000000)
  eden space 324608K, 0% used [0x00000000e0000000,0x00000000e0000000,0x00000000f3d00000)
  from space 50688K, 16% used [0x00000000f3d00000,0x00000000f453c060,0x00000000f6e80000)
  to   space 45568K, 0% used [0x00000000f7380000,0x00000000f7380000,0x00000000fa000000)
 ParOldGen       total 236544K, used 77541K [0x00000000a0000000, 0x00000000ae700000, 0x00000000e0000000)
  object space 236544K, 32% used [0x00000000a0000000,0x00000000a4bb97e8,0x00000000ae700000)
 Metaspace       used 159586K, capacity 170316K, committed 170700K, reserved 1198080K
  class space    used 20369K, capacity 22523K, committed 22732K, reserved 1048576K
}
Event: 4728.701 GC heap before
{Heap before GC invocations=45 (full 5):
 PSYoungGen      total 375296K, used 332909K [0x00000000e0000000, 0x00000000fa000000, 0x0000000100000000)
  eden space 324608K, 99% used [0x00000000e0000000,0x00000000f3cdf3b0,0x00000000f3d00000)
  from space 50688K, 16% used [0x00000000f3d00000,0x00000000f453c060,0x00000000f6e80000)
  to   space 45568K, 0% used [0x00000000f7380000,0x00000000f7380000,0x00000000fa000000)
 ParOldGen       total 236544K, used 77541K [0x00000000a0000000, 0x00000000ae700000, 0x00000000e0000000)
  object space 236544K, 32% used [0x00000000a0000000,0x00000000a4bb97e8,0x00000000ae700000)
 Metaspace       used 159938K, capacity 170676K, committed 170956K, reserved 1198080K
  class space    used 20394K, capacity 22581K, committed 22732K, reserved 1048576K
Event: 4728.723 GC heap after
Heap after GC invocations=45 (full 5):
 PSYoungGen      total 379392K, used 19161K [0x00000000e0000000, 0x00000000fbd00000, 0x0000000100000000)
  eden space 333824K, 0% used [0x00000000e0000000,0x00000000e0000000,0x00000000f4600000)
  from space 45568K, 42% used [0x00000000f7380000,0x00000000f8636490,0x00000000fa000000)
  to   space 46592K, 0% used [0x00000000f4600000,0x00000000f4600000,0x00000000f7380000)
 ParOldGen       total 236544K, used 78262K [0x00000000a0000000, 0x00000000ae700000, 0x00000000e0000000)
  object space 236544K, 33% used [0x00000000a0000000,0x00000000a4c6d818,0x00000000ae700000)
 Metaspace       used 159938K, capacity 170676K, committed 170956K, reserved 1198080K
  class space    used 20394K, capacity 22581K, committed 22732K, reserved 1048576K
}

Deoptimization events (10 events):
Event: 4697.844 Thread 0x000000002055f000 Uncommon trap: reason=null_check action=make_not_entrant pc=0x000000000868bb10 method=java.lang.ThreadLocal$ThreadLocalMap.set(Ljava/lang/ThreadLocal;Ljava/lang/Object;)V @ 36
Event: 4701.712 Thread 0x000000002d918000 Uncommon trap: reason=null_check action=make_not_entrant pc=0x0000000008adf374 method=com.sun.org.apache.xerces.internal.dom.NamedNodeMapImpl.findNamePoint(Ljava/lang/String;Ljava/lang/String;)I @ 76
Event: 4701.974 Thread 0x000000002d912000 Uncommon trap: reason=unstable_if action=reinterpret pc=0x0000000007593a80 method=com.sun.imageio.plugins.png.PNGImageWriter.encodePass(Ljavax/imageio/stream/ImageOutputStream;Ljava/awt/image/RenderedImage;IIII)V @ 303
Event: 4704.098 Thread 0x0000000020ebf800 Uncommon trap: reason=bimorphic action=maybe_recompile pc=0x000000000869c088 method=com.google.common.collect.ImmutableList.hashCode()I @ 23
Event: 4704.098 Thread 0x0000000020ebf800 Uncommon trap: reason=unstable_if action=reinterpret pc=0x00000000075eeccc method=com.android.ide.common.blame.SourceFile.hashCode()I @ 4
Event: 4707.079 Thread 0x000000002d91d800 Uncommon trap: reason=bimorphic action=maybe_recompile pc=0x000000000551f814 method=java.io.PrintStream.write([BII)V @ 16
Event: 4707.087 Thread 0x000000002d91b000 Uncommon trap: reason=bimorphic action=maybe_recompile pc=0x000000000551f814 method=java.io.PrintStream.write([BII)V @ 16
Event: 4707.099 Thread 0x000000002d91c800 Uncommon trap: reason=bimorphic action=maybe_recompile pc=0x000000000551f814 method=java.io.PrintStream.write([BII)V @ 16
Event: 4707.381 Thread 0x000000002d91d800 Uncommon trap: reason=bimorphic action=maybe_recompile pc=0x000000000551f814 method=java.io.PrintStream.write([BII)V @ 16
Event: 4728.971 Thread 0x000000002055f000 Uncommon trap: reason=null_check action=make_not_entrant pc=0x0000000008ae151c method=com.sun.org.apache.xerces.internal.dom.NamedNodeMapImpl.findNamePoint(Ljava/lang/String;Ljava/lang/String;)I @ 105

Classes redefined (0 events):
No events

Internal exceptions (10 events):
Event: 4724.551 Thread 0x000000002055f000 Exception <a 'sun/nio/fs/WindowsException'> (0x00000000ed4f8330) thrown at [D:\src\AOSP-openjdk-cygwin\jdk8u\hotspot\src\share\vm\prims\jni.cpp, line 709]
Event: 4728.971 Thread 0x000000002055f000 Implicit null exception at 0x0000000008ae1180 to 0x0000000008ae14dd
Event: 4729.799 Thread 0x000000001d96a800 Exception <a 'sun/nio/fs/WindowsException'> (0x00000000e1ed1450) thrown at [D:\src\AOSP-openjdk-cygwin\jdk8u\hotspot\src\share\vm\prims\jni.cpp, line 709]
Event: 4754.950 Thread 0x000000001d96a800 Exception <a 'sun/nio/fs/WindowsException'> (0x00000000e28dfa88) thrown at [D:\src\AOSP-openjdk-cygwin\jdk8u\hotspot\src\share\vm\prims\jni.cpp, line 709]
Event: 4762.774 Thread 0x000000002055f000 Exception <a 'java/lang/ClassNotFoundException': sync_local_repo1592_ewn3utnjhiq5tyoepr3y6rfcqBeanInfo> (0x00000000e2ac9308) thrown at [D:\src\AOSP-openjdk-cygwin\jdk8u\hotspot\src\share\vm\classfile\systemDictionary.cpp, line 210]
Event: 4762.774 Thread 0x000000002055f000 Exception <a 'java/lang/ClassNotFoundException': sync_local_repo1592_ewn3utnjhiq5tyoepr3y6rfcqCustomizer> (0x00000000e2ad4900) thrown at [D:\src\AOSP-openjdk-cygwin\jdk8u\hotspot\src\share\vm\classfile\systemDictionary.cpp, line 210]
Event: 4762.811 Thread 0x000000002055f000 Exception <a 'java/lang/ClassNotFoundException': settings_8iib15a1kcfiqx01q8aweh9xtBeanInfo> (0x00000000e2b6baf8) thrown at [D:\src\AOSP-openjdk-cygwin\jdk8u\hotspot\src\share\vm\classfile\systemDictionary.cpp, line 210]
Event: 4762.811 Thread 0x000000002055f000 Exception <a 'java/lang/ClassNotFoundException': settings_8iib15a1kcfiqx01q8aweh9xtCustomizer> (0x00000000e2b762e8) thrown at [D:\src\AOSP-openjdk-cygwin\jdk8u\hotspot\src\share\vm\classfile\systemDictionary.cpp, line 210]
Event: 4762.900 Thread 0x000000002055f000 Exception <a 'java/lang/ClassNotFoundException': build_9bcpohic7audqs8k6qkpo5gksBeanInfo> (0x00000000e2cf3740) thrown at [D:\src\AOSP-openjdk-cygwin\jdk8u\hotspot\src\share\vm\classfile\systemDictionary.cpp, line 210]
Event: 4762.900 Thread 0x000000002055f000 Exception <a 'java/lang/ClassNotFoundException': build_9bcpohic7audqs8k6qkpo5gksCustomizer> (0x00000000e2cfd820) thrown at [D:\src\AOSP-openjdk-cygwin\jdk8u\hotspot\src\share\vm\classfile\systemDictionary.cpp, line 210]

Events (10 events):
Event: 4763.471 Thread 0x000000002d920800 Thread added: 0x000000002d920800
Event: 4763.471 Thread 0x000000002d91f000 Thread added: 0x000000002d91f000
Event: 4763.471 Executing VM operation: RevokeBias
Event: 4763.472 Executing VM operation: RevokeBias done
Event: 4763.472 Executing VM operation: RevokeBias
Event: 4763.473 Executing VM operation: RevokeBias done
Event: 4763.473 Executing VM operation: BulkRevokeBias
Event: 4763.473 Executing VM operation: BulkRevokeBias done
Event: 4763.473 Executing VM operation: RevokeBias
Event: 4763.473 Executing VM operation: RevokeBias done


Dynamic libraries:
0x00007ff637100000 - 0x00007ff637131000 	C:\Program Files\Android\Android Studio\jre\bin\java.exe
0x00007ffdb70b0000 - 0x00007ffdb7290000 	C:\WINDOWS\SYSTEM32\ntdll.dll
0x00007ffd9fde0000 - 0x00007ffd9fe14000 	C:\Program Files\AVAST Software\Avast\x64\aswhooka.dll
0x00007ffdb6830000 - 0x00007ffdb68de000 	C:\WINDOWS\System32\KERNEL32.DLL
0x00007ffdb3d50000 - 0x00007ffdb3fb6000 	C:\WINDOWS\System32\KERNELBASE.dll
0x00007ffdb5ef0000 - 0x00007ffdb5f91000 	C:\WINDOWS\System32\ADVAPI32.dll
0x00007ffdb6fe0000 - 0x00007ffdb707d000 	C:\WINDOWS\System32\msvcrt.dll
0x00007ffdb6cd0000 - 0x00007ffdb6d2b000 	C:\WINDOWS\System32\sechost.dll
0x00007ffdb5c40000 - 0x00007ffdb5d5f000 	C:\WINDOWS\System32\RPCRT4.dll
0x00007ffdb5d60000 - 0x00007ffdb5eef000 	C:\WINDOWS\System32\USER32.dll
0x00007ffdb4260000 - 0x00007ffdb4280000 	C:\WINDOWS\System32\win32u.dll
0x00007ffdb4580000 - 0x00007ffdb45a8000 	C:\WINDOWS\System32\GDI32.dll
0x00007ffdb3fc0000 - 0x00007ffdb4153000 	C:\WINDOWS\System32\gdi32full.dll
0x00007ffdb3cb0000 - 0x00007ffdb3d4b000 	C:\WINDOWS\System32\msvcp_win.dll
0x00007ffdb4160000 - 0x00007ffdb4256000 	C:\WINDOWS\System32\ucrtbase.dll
0x00007ffda2890000 - 0x00007ffda2af9000 	C:\WINDOWS\WinSxS\amd64_microsoft.windows.common-controls_6595b64144ccf1df_6.0.16299.371_none_15c7d1789365a290\COMCTL32.dll
0x00007ffdb6000000 - 0x00007ffdb6308000 	C:\WINDOWS\System32\combase.dll
0x00007ffdb4280000 - 0x00007ffdb42f2000 	C:\WINDOWS\System32\bcryptPrimitives.dll
0x00007ffdb6ae0000 - 0x00007ffdb6b0d000 	C:\WINDOWS\System32\IMM32.DLL
0x0000000051e50000 - 0x0000000051f22000 	C:\Program Files\Android\Android Studio\jre\jre\bin\msvcr100.dll
0x0000000050f70000 - 0x00000000517af000 	C:\Program Files\Android\Android Studio\jre\jre\bin\server\jvm.dll
0x00007ffdb6cc0000 - 0x00007ffdb6cc8000 	C:\WINDOWS\System32\PSAPI.DLL
0x00007ffdaa1b0000 - 0x00007ffdaa1b9000 	C:\WINDOWS\SYSTEM32\WSOCK32.dll
0x00007ffdb67c0000 - 0x00007ffdb682c000 	C:\WINDOWS\System32\WS2_32.dll
0x00007ffdb15d0000 - 0x00007ffdb15f3000 	C:\WINDOWS\SYSTEM32\WINMM.dll
0x00007ffda4f00000 - 0x00007ffda4f0a000 	C:\WINDOWS\SYSTEM32\VERSION.dll
0x00007ffdb15a0000 - 0x00007ffdb15ca000 	C:\WINDOWS\SYSTEM32\WINMMBASE.dll
0x00007ffdb34b0000 - 0x00007ffdb34fa000 	C:\WINDOWS\System32\cfgmgr32.dll
0x00007ffdaa1a0000 - 0x00007ffdaa1af000 	C:\Program Files\Android\Android Studio\jre\jre\bin\verify.dll
0x00007ffdaa170000 - 0x00007ffdaa199000 	C:\Program Files\Android\Android Studio\jre\jre\bin\java.dll
0x00007ffda6ca0000 - 0x00007ffda6cb6000 	C:\Program Files\Android\Android Studio\jre\jre\bin\zip.dll
0x00007ffdb45b0000 - 0x00007ffdb59e6000 	C:\WINDOWS\System32\SHELL32.dll
0x00007ffdb68e0000 - 0x00007ffdb6986000 	C:\WINDOWS\System32\shcore.dll
0x00007ffdb3560000 - 0x00007ffdb3ca7000 	C:\WINDOWS\System32\windows.storage.dll
0x00007ffdb5a90000 - 0x00007ffdb5ae1000 	C:\WINDOWS\System32\shlwapi.dll
0x00007ffdb3490000 - 0x00007ffdb34a1000 	C:\WINDOWS\System32\kernel.appcore.dll
0x00007ffdb3420000 - 0x00007ffdb346c000 	C:\WINDOWS\System32\powrprof.dll
0x00007ffdb3400000 - 0x00007ffdb341b000 	C:\WINDOWS\System32\profapi.dll
0x00007ffda6c80000 - 0x00007ffda6c9a000 	C:\Program Files\Android\Android Studio\jre\jre\bin\net.dll
0x00007ffdb2c30000 - 0x00007ffdb2c96000 	C:\WINDOWS\system32\mswsock.dll
0x00007ffda6c60000 - 0x00007ffda6c71000 	C:\Program Files\Android\Android Studio\jre\jre\bin\nio.dll
0x00007ffdaf600000 - 0x00007ffdaf61e000 	C:\Users\emene\.gradle\native\25\windows-amd64\native-platform.dll
0x00007ffdaa160000 - 0x00007ffdaa16d000 	C:\Program Files\Android\Android Studio\jre\jre\bin\management.dll
0x00007ffdb2df0000 - 0x00007ffdb2e07000 	C:\WINDOWS\SYSTEM32\CRYPTSP.dll
0x00007ffdb2830000 - 0x00007ffdb2863000 	C:\WINDOWS\system32\rsaenh.dll
0x00007ffdb2f00000 - 0x00007ffdb2f25000 	C:\WINDOWS\SYSTEM32\bcrypt.dll
0x00007ffdb3330000 - 0x00007ffdb3359000 	C:\WINDOWS\SYSTEM32\USERENV.dll
0x00007ffdb2e10000 - 0x00007ffdb2e1b000 	C:\WINDOWS\SYSTEM32\CRYPTBASE.dll
0x00007ffdb29c0000 - 0x00007ffdb29f9000 	C:\WINDOWS\SYSTEM32\IPHLPAPI.DLL
0x00007ffdb6fd0000 - 0x00007ffdb6fd8000 	C:\WINDOWS\System32\NSI.dll
0x00007ffdaa600000 - 0x00007ffdaa616000 	C:\WINDOWS\SYSTEM32\dhcpcsvc6.DLL
0x00007ffdaa420000 - 0x00007ffdaa43a000 	C:\WINDOWS\SYSTEM32\dhcpcsvc.DLL
0x00007ffd8f900000 - 0x00007ffd8fa96000 	C:\Program Files\Android\Android Studio\jre\jre\bin\awt.dll
0x00007ffdb5af0000 - 0x00007ffdb5bb5000 	C:\WINDOWS\System32\OLEAUT32.dll
0x00007ffdb0980000 - 0x00007ffdb0f38000 	C:\WINDOWS\SYSTEM32\d2d1.dll
0x00007ffdb4300000 - 0x00007ffdb44ce000 	C:\WINDOWS\System32\CRYPT32.dll
0x00007ffdb3470000 - 0x00007ffdb3482000 	C:\WINDOWS\System32\MSASN1.dll
0x00007ffdb1850000 - 0x00007ffdb18d8000 	C:\WINDOWS\SYSTEM32\apphelp.dll
0x00007ffdb1ca0000 - 0x00007ffdb1cca000 	C:\WINDOWS\system32\DWMAPI.DLL
0x00007ffdb1a30000 - 0x00007ffdb1ac5000 	C:\WINDOWS\system32\uxtheme.dll
0x00007ffdb2530000 - 0x00007ffdb2561000 	C:\WINDOWS\SYSTEM32\ntmarta.dll

VM Arguments:
jvm_args: -Xmx1536m -Dfile.encoding=windows-1252 -Duser.country=BR -Duser.language=pt -Duser.variant 
java_command: org.gradle.launcher.daemon.bootstrap.GradleDaemon 4.4
java_class_path (initial): C:\Users\emene\.gradle\wrapper\dists\gradle-4.4-all\9br9xq1tocpiv8o6njlyu5op1\gradle-4.4\lib\gradle-launcher-4.4.jar
Launcher Type: SUN_STANDARD

Environment Variables:
PATH=C:\ProgramData\Oracle\Java\javapath;C:\WINDOWS\system32;C:\WINDOWS;C:\WINDOWS\System32\Wbem;C:\WINDOWS\System32\WindowsPowerShell\v1.0\;C:\Users\emene\AppData\Local\Microsoft\WindowsApps;
USERNAME=emene
OS=Windows_NT
PROCESSOR_IDENTIFIER=Intel64 Family 6 Model 78 Stepping 3, GenuineIntel



---------------  S Y S T E M  ---------------

OS: Windows 10.0 , 64 bit Build 16299 (10.0.16299.15)

CPU:total 4 (initial active 4) (2 cores per cpu, 2 threads per core) family 6 model 78 stepping 3, cmov, cx8, fxsr, mmx, sse, sse2, sse3, ssse3, sse4.1, sse4.2, popcnt, avx, avx2, aes, clmul, erms, 3dnowpref, lzcnt, ht, tsc, tscinvbit, bmi1, bmi2, adx

Memory: 4k page, physical 8265120k(775700k free), swap 8265120k(3712k free)

vm_info: OpenJDK 64-Bit Server VM (25.152-b02) for windows-amd64 JRE (1.8.0_152-release-1024-b02), built by "builder" with MS VC++ 10.0 (VS2010)

time: Fri Apr 27 17:23:48 2018
elapsed time: 4763 seconds (0d 1h 19m 23s)

