#
# There is insufficient memory for the Java Runtime Environment to continue.
# Native memory allocation (malloc) failed to allocate 32744 bytes for ChunkPool::allocate
# Possible reasons:
#   The system is out of physical RAM or swap space
#   In 32 bit mode, the process size limit was hit
# Possible solutions:
#   Reduce memory load on the system
#   Increase physical memory or swap space
#   Check if swap backing store is full
#   Use 64 bit Java on a 64 bit OS
#   Decrease Java heap size (-Xmx/-Xms)
#   Decrease number of Java threads
#   Decrease Java thread stack sizes (-Xss)
#   Set larger code cache with -XX:ReservedCodeCacheSize=
# This output file may be truncated or incomplete.
#
#  Out of Memory Error (allocation.cpp:273), pid=13064, tid=0x0000000000000b94
#
# JRE version: OpenJDK Runtime Environment (8.0_152-b01) (build 1.8.0_152-release-915-b01)
# Java VM: OpenJDK 64-Bit Server VM (25.152-b01 mixed mode windows-amd64 compressed oops)
# Failed to write core dump. Minidumps are not enabled by default on client versions of Windows
#

---------------  T H R E A D  ---------------

Current thread (0x000000001522d800):  JavaThread "C2 CompilerThread0" daemon [_thread_in_native, id=2964, stack(0x0000000016980000,0x0000000016a80000)]

Stack: [0x0000000016980000,0x0000000016a80000]
[error occurred during error reporting (printing stack bounds), id 0xc0000005]

Native frames: (J=compiled Java code, j=interpreted, Vv=VM code, C=native code)


Current CompileTask:
C2:   1533  765       4       org.objectweb.asm.ClassReader::readUTF8 (60 bytes)


---------------  P R O C E S S  ---------------

Java Threads: ( => current thread )
  0x0000000016b84800 JavaThread "Service Thread" daemon [_thread_blocked, id=8204, stack(0x0000000017080000,0x0000000017180000)]
  0x0000000016b80800 JavaThread "C1 CompilerThread2" daemon [_thread_in_native, id=10704, stack(0x0000000016f80000,0x0000000017080000)]
  0x0000000015230000 JavaThread "C2 CompilerThread1" daemon [_thread_in_native, id=3824, stack(0x0000000016a80000,0x0000000016b80000)]
=>0x000000001522d800 JavaThread "C2 CompilerThread0" daemon [_thread_in_native, id=2964, stack(0x0000000016980000,0x0000000016a80000)]
  0x000000001522b800 JavaThread "Attach Listener" daemon [_thread_blocked, id=2636, stack(0x0000000016880000,0x0000000016980000)]
  0x000000001522a000 JavaThread "Signal Dispatcher" daemon [_thread_blocked, id=12548, stack(0x0000000016780000,0x0000000016880000)]
  0x0000000004ec8000 JavaThread "Finalizer" daemon [_thread_blocked, id=9852, stack(0x0000000016480000,0x0000000016580000)]
  0x0000000004ec2800 JavaThread "Reference Handler" daemon [_thread_blocked, id=8652, stack(0x0000000016380000,0x0000000016480000)]
  0x0000000004dd2800 JavaThread "main" [_thread_in_Java, id=7360, stack(0x0000000004cd0000,0x0000000004dd0000)]

Other Threads:
  0x00000000151f6000 VMThread [stack: 0x0000000016280000,0x0000000016380000] [id=12096]
  0x0000000016b86800 WatcherThread [stack: 0x0000000017180000,0x0000000017280000] [id=6788]

VM state:not at safepoint (normal execution)

VM Mutex/Monitor currently owned by a thread: None

Heap:
 PSYoungGen      total 18944K, used 14342K [0x00000000feb00000, 0x0000000100000000, 0x0000000100000000)
  eden space 16384K, 72% used [0x00000000feb00000,0x00000000ff689a88,0x00000000ffb00000)
  from space 2560K, 98% used [0x00000000ffb00000,0x00000000ffd78010,0x00000000ffd80000)
  to   space 2560K, 0% used [0x00000000ffd80000,0x00000000ffd80000,0x0000000100000000)
 ParOldGen       total 44032K, used 1574K [0x00000000fc000000, 0x00000000feb00000, 0x00000000feb00000)
  object space 44032K, 3% used [0x00000000fc000000,0x00000000fc1898b8,0x00000000feb00000)
 Metaspace       used 8009K, capacity 8228K, committed 8448K, reserved 1056768K
  class space    used 948K, capacity 1024K, committed 1024K, reserved 1048576K

Card table byte_map: [0x0000000003470000,0x00000000034a0000] byte_map_base: 0x0000000002c90000

Marking Bits: (ParMarkBitMap*) 0x000000006b193950
 Begin Bits: [0x0000000014690000, 0x0000000014790000)
 End Bits:   [0x0000000014790000, 0x0000000014890000)

Polling page: 0x0000000003440000

CodeCache: size=245760Kb used=2785Kb max_used=2796Kb free=242974Kb
 bounds [0x0000000004ed0000, 0x0000000005190000, 0x0000000013ed0000]
 total_blobs=1096 nmethods=758 adapters=252
 compilation: enabled

Compilation events (10 events):
Event: 1.516 Thread 0x0000000016b80800 nmethod 753 0x0000000005188710 code [0x0000000005188880, 0x0000000005188ab0]
Event: 1.516 Thread 0x0000000016b80800  757       3       org.objectweb.asm.MethodVisitor::<init> (35 bytes)
Event: 1.516 Thread 0x0000000016b80800 nmethod 757 0x0000000005188b90 code [0x0000000005188d00, 0x0000000005189008]
Event: 1.516 Thread 0x0000000016b80800  756       3       org.objectweb.asm.ClassWriter::a (15 bytes)
Event: 1.516 Thread 0x0000000016b80800 nmethod 756 0x0000000005189110 code [0x0000000005189280, 0x0000000005189478]
Event: 1.516 Thread 0x0000000016b80800  758       3       org.objectweb.asm.ClassReader::a (3587 bytes)
Event: 1.519 Thread 0x000000001522d800  765       4       org.objectweb.asm.ClassReader::readUTF8 (60 bytes)
Event: 1.522 Thread 0x0000000015230000  766       4       org.objectweb.asm.ClassReader::readInt (52 bytes)
Event: 1.523 Thread 0x0000000015230000 nmethod 766 0x000000000518c290 code [0x000000000518c3c0, 0x000000000518c4b8]
Event: 1.529 Thread 0x0000000015230000  772       4       org.objectweb.asm.ClassReader::a (194 bytes)

GC Heap History (2 events):
Event: 1.128 GC heap before
{Heap before GC invocations=1 (full 0):
 PSYoungGen      total 18944K, used 16384K [0x00000000feb00000, 0x0000000100000000, 0x0000000100000000)
  eden space 16384K, 100% used [0x00000000feb00000,0x00000000ffb00000,0x00000000ffb00000)
  from space 2560K, 0% used [0x00000000ffd80000,0x00000000ffd80000,0x0000000100000000)
  to   space 2560K, 0% used [0x00000000ffb00000,0x00000000ffb00000,0x00000000ffd80000)
 ParOldGen       total 44032K, used 0K [0x00000000fc000000, 0x00000000feb00000, 0x00000000feb00000)
  object space 44032K, 0% used [0x00000000fc000000,0x00000000fc000000,0x00000000feb00000)
 Metaspace       used 6983K, capacity 7254K, committed 7296K, reserved 1056768K
  class space    used 824K, capacity 891K, committed 896K, reserved 1048576K
Event: 1.144 GC heap after
Heap after GC invocations=1 (full 0):
 PSYoungGen      total 18944K, used 2528K [0x00000000feb00000, 0x0000000100000000, 0x0000000100000000)
  eden space 16384K, 0% used [0x00000000feb00000,0x00000000feb00000,0x00000000ffb00000)
  from space 2560K, 98% used [0x00000000ffb00000,0x00000000ffd78010,0x00000000ffd80000)
  to   space 2560K, 0% used [0x00000000ffd80000,0x00000000ffd80000,0x0000000100000000)
 ParOldGen       total 44032K, used 1574K [0x00000000fc000000, 0x00000000feb00000, 0x00000000feb00000)
  object space 44032K, 3% used [0x00000000fc000000,0x00000000fc1898b8,0x00000000feb00000)
 Metaspace       used 6983K, capacity 7254K, committed 7296K, reserved 1056768K
  class space    used 824K, capacity 891K, committed 896K, reserved 1048576K
}

Deoptimization events (10 events):
Event: 1.423 Thread 0x0000000004dd2800 Uncommon trap: reason=class_check action=maybe_recompile pc=0x0000000005102e2c method=com.google.common.collect.TransformedIterator.hasNext()Z @ 4
Event: 1.423 Thread 0x0000000004dd2800 Uncommon trap: reason=class_check action=maybe_recompile pc=0x0000000005102e2c method=com.google.common.collect.TransformedIterator.hasNext()Z @ 4
Event: 1.423 Thread 0x0000000004dd2800 Uncommon trap: reason=class_check action=maybe_recompile pc=0x000000000510c3f0 method=com.google.common.collect.TransformedIterator.next()Ljava/lang/Object; @ 5
Event: 1.423 Thread 0x0000000004dd2800 Uncommon trap: reason=class_check action=maybe_recompile pc=0x0000000005109610 method=com.google.common.collect.Iterators$7.transform(Ljava/lang/Object;)Ljava/lang/Object; @ 5
Event: 1.423 Thread 0x0000000004dd2800 Uncommon trap: reason=class_check action=maybe_recompile pc=0x0000000005102e2c method=com.google.common.collect.TransformedIterator.hasNext()Z @ 4
Event: 1.423 Thread 0x0000000004dd2800 Uncommon trap: reason=class_check action=maybe_recompile pc=0x000000000510c3f0 method=com.google.common.collect.TransformedIterator.next()Ljava/lang/Object; @ 5
Event: 1.423 Thread 0x0000000004dd2800 Uncommon trap: reason=class_check action=maybe_recompile pc=0x0000000005109610 method=com.google.common.collect.Iterators$7.transform(Ljava/lang/Object;)Ljava/lang/Object; @ 5
Event: 1.423 Thread 0x0000000004dd2800 Uncommon trap: reason=class_check action=maybe_recompile pc=0x000000000510c3f0 method=com.google.common.collect.TransformedIterator.next()Ljava/lang/Object; @ 5
Event: 1.423 Thread 0x0000000004dd2800 Uncommon trap: reason=class_check action=maybe_recompile pc=0x0000000005109610 method=com.google.common.collect.Iterators$7.transform(Ljava/lang/Object;)Ljava/lang/Object; @ 5
Event: 1.505 Thread 0x0000000004dd2800 Uncommon trap: reason=unstable_if action=reinterpret pc=0x00000000050c5f80 method=java.lang.String.indexOf([CII[CIII)I @ 134

Classes redefined (0 events):
No events

Internal exceptions (10 events):
Event: 1.057 Thread 0x0000000004dd2800 Implicit null exception at 0x00000000050f70b8 to 0x00000000050f7581
Event: 1.231 Thread 0x0000000004dd2800 Exception <a 'sun/nio/fs/WindowsException'> (0x00000000ff19cca8) thrown at [D:\src\AOSP-openjdk-cygwin\jdk8u\hotspot\src\share\vm\prims\jni.cpp, line 709]
Event: 1.232 Thread 0x0000000004dd2800 Exception <a 'sun/nio/fs/WindowsException'> (0x00000000ff19d278) thrown at [D:\src\AOSP-openjdk-cygwin\jdk8u\hotspot\src\share\vm\prims\jni.cpp, line 709]
Event: 1.232 Thread 0x0000000004dd2800 Exception <a 'sun/nio/fs/WindowsException'> (0x00000000ff19d850) thrown at [D:\src\AOSP-openjdk-cygwin\jdk8u\hotspot\src\share\vm\prims\jni.cpp, line 709]
Event: 1.232 Thread 0x0000000004dd2800 Exception <a 'sun/nio/fs/WindowsException'> (0x00000000ff19e020) thrown at [D:\src\AOSP-openjdk-cygwin\jdk8u\hotspot\src\share\vm\prims\jni.cpp, line 709]
Event: 1.232 Thread 0x0000000004dd2800 Exception <a 'sun/nio/fs/WindowsException'> (0x00000000ff19e5d0) thrown at [D:\src\AOSP-openjdk-cygwin\jdk8u\hotspot\src\share\vm\prims\jni.cpp, line 709]
Event: 1.232 Thread 0x0000000004dd2800 Exception <a 'sun/nio/fs/WindowsException'> (0x00000000ff19ed80) thrown at [D:\src\AOSP-openjdk-cygwin\jdk8u\hotspot\src\share\vm\prims\jni.cpp, line 709]
Event: 1.242 Thread 0x0000000004dd2800 Exception <a 'sun/nio/fs/WindowsException'> (0x00000000ff1a4158) thrown at [D:\src\AOSP-openjdk-cygwin\jdk8u\hotspot\src\share\vm\prims\jni.cpp, line 709]
Event: 1.360 Thread 0x0000000004dd2800 Exception <a 'sun/nio/fs/WindowsException'> (0x00000000ff357508) thrown at [D:\src\AOSP-openjdk-cygwin\jdk8u\hotspot\src\share\vm\prims\jni.cpp, line 709]
Event: 1.360 Thread 0x0000000004dd2800 Exception <a 'sun/nio/fs/WindowsException'> (0x00000000ff357a98) thrown at [D:\src\AOSP-openjdk-cygwin\jdk8u\hotspot\src\share\vm\prims\jni.cpp, line 709]

Events (10 events):
Event: 1.505 loading class sun/util/calendar/BaseCalendar$Date done
Event: 1.505 loading class sun/util/calendar/Gregorian$Date done
Event: 1.505 loading class sun/util/calendar/CalendarUtils
Event: 1.505 loading class sun/util/calendar/CalendarUtils done
Event: 1.505 loading class java/util/zip/ZipOutputStream$XEntry
Event: 1.505 loading class java/util/zip/ZipOutputStream$XEntry done
Event: 1.513 loading class org/objectweb/asm/tree/TryCatchBlockNode
Event: 1.513 loading class org/objectweb/asm/tree/TryCatchBlockNode done
Event: 1.514 loading class org/objectweb/asm/Handler
Event: 1.514 loading class org/objectweb/asm/Handler done


Dynamic libraries:
0x00007ff6f50f0000 - 0x00007ff6f5121000 	C:\Program Files\Android\Android Studio\jre\bin\java.exe
0x00007ffd6f300000 - 0x00007ffd6f4e0000 	C:\WINDOWS\SYSTEM32\ntdll.dll
0x00007ffd67480000 - 0x00007ffd674b4000 	C:\Program Files\AVAST Software\Avast\x64\aswhooka.dll
0x00007ffd6d850000 - 0x00007ffd6d8fe000 	C:\WINDOWS\System32\KERNEL32.DLL
0x00007ffd6b950000 - 0x00007ffd6bbb6000 	C:\WINDOWS\System32\KERNELBASE.dll
0x00007ffd6d1b0000 - 0x00007ffd6d251000 	C:\WINDOWS\System32\ADVAPI32.dll
0x00007ffd6d9c0000 - 0x00007ffd6da5d000 	C:\WINDOWS\System32\msvcrt.dll
0x00007ffd6d7f0000 - 0x00007ffd6d84b000 	C:\WINDOWS\System32\sechost.dll
0x00007ffd6da60000 - 0x00007ffd6db7f000 	C:\WINDOWS\System32\RPCRT4.dll
0x00007ffd6c900000 - 0x00007ffd6ca8f000 	C:\WINDOWS\System32\USER32.dll
0x00007ffd6bd60000 - 0x00007ffd6bd80000 	C:\WINDOWS\System32\win32u.dll
0x00007ffd6cd00000 - 0x00007ffd6cd28000 	C:\WINDOWS\System32\GDI32.dll
0x00007ffd6bbc0000 - 0x00007ffd6bd53000 	C:\WINDOWS\System32\gdi32full.dll
0x00007ffd6b8b0000 - 0x00007ffd6b94b000 	C:\WINDOWS\System32\msvcp_win.dll
0x00007ffd6b700000 - 0x00007ffd6b7f6000 	C:\WINDOWS\System32\ucrtbase.dll
0x00007ffd5eb10000 - 0x00007ffd5ed79000 	C:\WINDOWS\WinSxS\amd64_microsoft.windows.common-controls_6595b64144ccf1df_6.0.16299.309_none_15cfd4c4935e6b11\COMCTL32.dll
0x00007ffd6efc0000 - 0x00007ffd6f2c8000 	C:\WINDOWS\System32\combase.dll
0x00007ffd6be30000 - 0x00007ffd6bea2000 	C:\WINDOWS\System32\bcryptPrimitives.dll
0x00007ffd6cd30000 - 0x00007ffd6cd5d000 	C:\WINDOWS\System32\IMM32.DLL
0x000000006baf0000 - 0x000000006bbc2000 	C:\Program Files\Android\Android Studio\jre\jre\bin\msvcr100.dll
0x000000006a9d0000 - 0x000000006b20e000 	C:\Program Files\Android\Android Studio\jre\jre\bin\server\jvm.dll
0x00007ffd6d5e0000 - 0x00007ffd6d5e8000 	C:\WINDOWS\System32\PSAPI.DLL
0x00007ffd60bc0000 - 0x00007ffd60bc9000 	C:\WINDOWS\SYSTEM32\WSOCK32.dll
0x00007ffd6d5f0000 - 0x00007ffd6d65c000 	C:\WINDOWS\System32\WS2_32.dll
0x00007ffd694b0000 - 0x00007ffd694d3000 	C:\WINDOWS\SYSTEM32\WINMM.dll
0x00007ffd60d50000 - 0x00007ffd60d5a000 	C:\WINDOWS\SYSTEM32\VERSION.dll
0x00007ffd693a0000 - 0x00007ffd693ca000 	C:\WINDOWS\SYSTEM32\WINMMBASE.dll
0x00007ffd6b800000 - 0x00007ffd6b84a000 	C:\WINDOWS\System32\cfgmgr32.dll
0x00007ffd609f0000 - 0x00007ffd609ff000 	C:\Program Files\Android\Android Studio\jre\jre\bin\verify.dll
0x00007ffd60830000 - 0x00007ffd60859000 	C:\Program Files\Android\Android Studio\jre\jre\bin\java.dll
0x00007ffd60370000 - 0x00007ffd60386000 	C:\Program Files\Android\Android Studio\jre\jre\bin\zip.dll
0x00007ffd6db80000 - 0x00007ffd6efb6000 	C:\WINDOWS\System32\SHELL32.dll
0x00007ffd6d340000 - 0x00007ffd6d3e6000 	C:\WINDOWS\System32\shcore.dll
0x00007ffd6beb0000 - 0x00007ffd6c5f7000 	C:\WINDOWS\System32\windows.storage.dll
0x00007ffd6d960000 - 0x00007ffd6d9b1000 	C:\WINDOWS\System32\shlwapi.dll
0x00007ffd6b670000 - 0x00007ffd6b681000 	C:\WINDOWS\System32\kernel.appcore.dll
0x00007ffd6b690000 - 0x00007ffd6b6dc000 	C:\WINDOWS\System32\powrprof.dll
0x00007ffd6b6e0000 - 0x00007ffd6b6fb000 	C:\WINDOWS\System32\profapi.dll
0x00007ffd6b0b0000 - 0x00007ffd6b0c7000 	C:\WINDOWS\SYSTEM32\CRYPTSP.dll
0x00007ffd6aa80000 - 0x00007ffd6aab3000 	C:\WINDOWS\system32\rsaenh.dll
0x00007ffd6b1b0000 - 0x00007ffd6b1d5000 	C:\WINDOWS\SYSTEM32\bcrypt.dll
0x00007ffd6b580000 - 0x00007ffd6b5a9000 	C:\WINDOWS\SYSTEM32\USERENV.dll
0x00007ffd6b0a0000 - 0x00007ffd6b0ab000 	C:\WINDOWS\SYSTEM32\CRYPTBASE.dll
0x00007ffd5da20000 - 0x00007ffd5da3a000 	C:\Program Files\Android\Android Studio\jre\jre\bin\net.dll
0x00007ffd6aee0000 - 0x00007ffd6af46000 	C:\WINDOWS\system32\mswsock.dll
0x00007ffd6ac10000 - 0x00007ffd6ac49000 	C:\WINDOWS\SYSTEM32\IPHLPAPI.DLL
0x00007ffd6d7d0000 - 0x00007ffd6d7d8000 	C:\WINDOWS\System32\NSI.dll
0x00007ffd61eb0000 - 0x00007ffd61ec6000 	C:\WINDOWS\SYSTEM32\dhcpcsvc6.DLL
0x00007ffd61e90000 - 0x00007ffd61eaa000 	C:\WINDOWS\SYSTEM32\dhcpcsvc.DLL
0x00007ffd5d980000 - 0x00007ffd5d991000 	C:\Program Files\Android\Android Studio\jre\jre\bin\nio.dll

VM Arguments:
jvm_args: -Djava.awt.headless=true -Xmx64M -Dfile.encoding=windows-1252 -Duser.country=BR -Duser.language=pt -Duser.variant 
java_command: com.google.devtools.build.android.desugar.Desugar --verbose --input C:\xampp\htdocs\infolabsys\infolabsys\app\build\intermediates\transforms\stackFramesFixer\debug\3.jar --output C:\xampp\htdocs\infolabsys\infolabsys\app\build\intermediates\transforms\desugar\debug\4.jar --input C:\xampp\htdocs\infolabsys\infolabsys\app\build\intermediates\transforms\stackFramesFixer\debug\9.jar --output C:\xampp\htdocs\infolabsys\infolabsys\app\build\intermediates\transforms\desugar\debug\10.jar --input C:\xampp\htdocs\infolabsys\infolabsys\app\build\intermediates\transforms\stackFramesFixer\debug\13.jar --output C:\xampp\htdocs\infolabsys\infolabsys\app\build\intermediates\transforms\desugar\debug\14.jar --input C:\xampp\htdocs\infolabsys\infolabsys\app\build\intermediates\transforms\stackFramesFixer\debug\1.jar --output C:\xampp\htdocs\infolabsys\infolabsys\app\build\intermediates\transforms\desugar\debug\2.jar --classpath_entry C:\xampp\htdocs\infolabsys\infolabsys\app\build\intermediates\classes\debug --classpath_entry C:\xampp\htdocs\infolabsys\infolabsys\app\build\intermediates\transforms\stackFramesFixer\debug\0.jar --classpath_entry C:\xampp\htdocs\infolabsys\infolabsys\app\build\intermediates\transforms\stackFramesFixer\debug\1.jar --classpath_entry C:\xampp\htdocs\infolabsys\infolabsys\app\build\intermediates\transforms\stackFramesFixer\debug\2.jar --classpath_entry C:\xampp\htdocs\infolabsys\infolabsys\app\build\intermediates\transforms\stackFramesFixer\debug\3.jar --classpath_entry C:\xampp\htdocs\infolabsys\infolabsys\app\build\intermediates\transforms\stackFramesFixer\debug\4.jar --classpath_entry C:\xampp\htdocs\infolabsys\infolabsys\app\build\intermediates\transforms\stackFramesFixer\debug\5.jar --classpath_entry C:\xampp\htdocs\infolabsys\infolabsys\app\build\intermediates\transforms\stackFramesFixer\debug\6.jar --classpath_entry C:\xampp\htdocs\infolabsys\infolabsys\app\build\intermediates\transforms\stackFramesFixer\debug\7.jar --classpath_entry C
java_class_path (initial): C:\Users\emene\AppData\Local\Temp\desugar_deploy.jar6977479595348273650
Launcher Type: SUN_STANDARD

Environment Variables:
PATH=C:\ProgramData\Oracle\Java\javapath;C:\WINDOWS\system32;C:\WINDOWS;C:\WINDOWS\System32\Wbem;C:\WINDOWS\System32\WindowsPowerShell\v1.0\;C:\Users\emene\AppData\Local\Microsoft\WindowsApps;
USERNAME=emene
OS=Windows_NT
PROCESSOR_IDENTIFIER=Intel64 Family 6 Model 78 Stepping 3, GenuineIntel



---------------  S Y S T E M  ---------------

OS: Windows 10.0 , 64 bit Build 16299 (10.0.16299.15)

CPU:total 4 (initial active 4) (2 cores per cpu, 2 threads per core) family 6 model 78 stepping 3, cmov, cx8, fxsr, mmx, sse, sse2, sse3, ssse3, sse4.1, sse4.2, popcnt, avx, avx2, aes, clmul, erms, 3dnowpref, lzcnt, ht, tsc, tscinvbit, bmi1, bmi2, adx

Memory: 4k page, physical 8265120k(915680k free), swap 8265120k(2124k free)

vm_info: OpenJDK 64-Bit Server VM (25.152-b01) for windows-amd64 JRE (1.8.0_152-release-915-b01), built by "builder" with MS VC++ 10.0 (VS2010)

time: Fri Mar 23 20:45:12 2018
elapsed time: 1 seconds (0d 0h 0m 1s)

