#
# There is insufficient memory for the Java Runtime Environment to continue.
# Native memory allocation (malloc) failed to allocate 1048576 bytes for AllocateHeap
# Possible reasons:
#   The system is out of physical RAM or swap space
#   In 32 bit mode, the process size limit was hit
# Possible solutions:
#   Reduce memory load on the system
#   Increase physical memory or swap space
#   Check if swap backing store is full
#   Use 64 bit Java on a 64 bit OS
#   Decrease Java heap size (-Xmx/-Xms)
#   Decrease number of Java threads
#   Decrease Java thread stack sizes (-Xss)
#   Set larger code cache with -XX:ReservedCodeCacheSize=
# This output file may be truncated or incomplete.
#
#  Out of Memory Error (memory/allocation.inline.hpp:61), pid=16076, tid=0x00000000000011f4
#
# JRE version:  (8.0_152-b02) (build )
# Java VM: OpenJDK 64-Bit Server VM (25.152-b02 mixed mode windows-amd64 compressed oops)
# Failed to write core dump. Minidumps are not enabled by default on client versions of Windows
#

---------------  T H R E A D  ---------------

Current thread (0x0000000002e4e800):  JavaThread "Unknown thread" [_thread_in_vm, id=4596, stack(0x0000000004640000,0x0000000004740000)]

Stack: [0x0000000004640000,0x0000000004740000]
[error occurred during error reporting (printing stack bounds), id 0xc0000005]

Native frames: (J=compiled Java code, j=interpreted, Vv=VM code, C=native code)


---------------  P R O C E S S  ---------------

Java Threads: ( => current thread )

Other Threads:

=>0x0000000002e4e800 (exited) JavaThread "Unknown thread" [_thread_in_vm, id=4596, stack(0x0000000004640000,0x0000000004740000)]

VM state:not at safepoint (normal execution)

VM Mutex/Monitor currently owned by a thread: None

Heap:
 PSYoungGen      total 18944K, used 327K [0x00000000feb00000, 0x0000000100000000, 0x0000000100000000)
  eden space 16384K, 2% used [0x00000000feb00000,0x00000000feb51ec8,0x00000000ffb00000)
  from space 2560K, 0% used [0x00000000ffd80000,0x00000000ffd80000,0x0000000100000000)
  to   space 2560K, 0% used [0x00000000ffb00000,0x00000000ffb00000,0x00000000ffd80000)
 ParOldGen       total 44032K, used 0K [0x00000000fc000000, 0x00000000feb00000, 0x00000000feb00000)
  object space 44032K, 0% used [0x00000000fc000000,0x00000000fc000000,0x00000000feb00000)
 Metaspace       used 772K, capacity 4480K, committed 4480K, reserved 1056768K
  class space    used 73K, capacity 384K, committed 384K, reserved 1048576K

Card table byte_map: [0x0000000002dd0000,0x0000000002e00000] byte_map_base: 0x00000000025f0000

Marking Bits: (ParMarkBitMap*) 0x000000005dbb4970
 Begin Bits: [0x0000000014060000, 0x0000000014160000)
 End Bits:   [0x0000000014160000, 0x0000000014260000)

Polling page: 0x0000000002da0000

CodeCache: size=245760Kb used=328Kb max_used=328Kb free=245431Kb
 bounds [0x00000000048a0000, 0x0000000004b10000, 0x00000000138a0000]
 total_blobs=57 nmethods=0 adapters=38
 compilation: enabled

Compilation events (0 events):
No events

GC Heap History (0 events):
No events

Deoptimization events (0 events):
No events

Classes redefined (0 events):
No events

Internal exceptions (0 events):
No events

Events (10 events):
Event: 0.022 loading class java/lang/Short
Event: 0.022 loading class java/lang/Short done
Event: 0.022 loading class java/lang/Integer
Event: 0.022 loading class java/lang/Integer done
Event: 0.022 loading class java/lang/Long
Event: 0.022 loading class java/lang/Long done
Event: 0.023 loading class java/lang/NullPointerException
Event: 0.023 loading class java/lang/NullPointerException done
Event: 0.023 loading class java/lang/ArithmeticException
Event: 0.023 loading class java/lang/ArithmeticException done


Dynamic libraries:
0x00007ff789b90000 - 0x00007ff789bc1000 	C:\Program Files\Android\Android Studio\jre\bin\java.exe
0x00007ffdb0700000 - 0x00007ffdb08e0000 	C:\WINDOWS\SYSTEM32\ntdll.dll
0x00007ffdb0320000 - 0x00007ffdb03ce000 	C:\WINDOWS\System32\KERNEL32.DLL
0x00007ffdad350000 - 0x00007ffdad5b6000 	C:\WINDOWS\System32\KERNELBASE.dll
0x00007ffdb0150000 - 0x00007ffdb01f1000 	C:\WINDOWS\System32\ADVAPI32.dll
0x00007ffdaffa0000 - 0x00007ffdb003d000 	C:\WINDOWS\System32\msvcrt.dll
0x00007ffdafcd0000 - 0x00007ffdafd2b000 	C:\WINDOWS\System32\sechost.dll
0x00007ffdb05b0000 - 0x00007ffdb06cf000 	C:\WINDOWS\System32\RPCRT4.dll
0x00007ffdae520000 - 0x00007ffdae6af000 	C:\WINDOWS\System32\USER32.dll
0x00007ffdacb00000 - 0x00007ffdacb20000 	C:\WINDOWS\System32\win32u.dll
0x00007ffdadd80000 - 0x00007ffdadda8000 	C:\WINDOWS\System32\GDI32.dll
0x00007ffdada30000 - 0x00007ffdadbc3000 	C:\WINDOWS\System32\gdi32full.dll
0x00007ffdad890000 - 0x00007ffdad92b000 	C:\WINDOWS\System32\msvcp_win.dll
0x00007ffdad930000 - 0x00007ffdada26000 	C:\WINDOWS\System32\ucrtbase.dll
0x00007ffd9eb60000 - 0x00007ffd9edc9000 	C:\WINDOWS\WinSxS\amd64_microsoft.windows.common-controls_6595b64144ccf1df_6.0.16299.309_none_15cfd4c4935e6b11\COMCTL32.dll
0x00007ffdae210000 - 0x00007ffdae518000 	C:\WINDOWS\System32\combase.dll
0x00007ffdacb80000 - 0x00007ffdacbf2000 	C:\WINDOWS\System32\bcryptPrimitives.dll
0x00007ffdb0270000 - 0x00007ffdb029d000 	C:\WINDOWS\System32\IMM32.DLL
0x000000005e550000 - 0x000000005e622000 	C:\Program Files\Android\Android Studio\jre\jre\bin\msvcr100.dll
0x000000005d3f0000 - 0x000000005dc2f000 	C:\Program Files\Android\Android Studio\jre\jre\bin\server\jvm.dll
0x00007ffdae200000 - 0x00007ffdae208000 	C:\WINDOWS\System32\PSAPI.DLL
0x00007ffd9e370000 - 0x00007ffd9e379000 	C:\WINDOWS\SYSTEM32\WSOCK32.dll
0x00007ffd9f210000 - 0x00007ffd9f21a000 	C:\WINDOWS\SYSTEM32\VERSION.dll
0x00007ffda9b30000 - 0x00007ffda9b53000 	C:\WINDOWS\SYSTEM32\WINMM.dll
0x00007ffdb0200000 - 0x00007ffdb026c000 	C:\WINDOWS\System32\WS2_32.dll
0x00007ffda9ad0000 - 0x00007ffda9afa000 	C:\WINDOWS\SYSTEM32\winmmbase.dll
0x00007ffdad840000 - 0x00007ffdad88a000 	C:\WINDOWS\System32\cfgmgr32.dll
0x00007ffda3f20000 - 0x00007ffda3f2f000 	C:\Program Files\Android\Android Studio\jre\jre\bin\verify.dll
0x00007ffd9a350000 - 0x00007ffd9a379000 	C:\Program Files\Android\Android Studio\jre\jre\bin\java.dll
0x00007ffd9aed0000 - 0x00007ffd9aee6000 	C:\Program Files\Android\Android Studio\jre\jre\bin\zip.dll

VM Arguments:
jvm_args: -Djava.awt.headless=true -Xmx64M -Dfile.encoding=windows-1252 -Duser.country=BR -Duser.language=pt -Duser.variant 
java_command: com.google.devtools.build.android.desugar.Desugar --verbose --input C:\xampp\htdocs\infolabsys\infolabsys\app\build\intermediates\transforms\stackFramesFixer\debug\1.jar --output C:\xampp\htdocs\infolabsys\infolabsys\app\build\intermediates\transforms\desugar\debug\2.jar --input C:\xampp\htdocs\infolabsys\infolabsys\app\build\intermediates\transforms\stackFramesFixer\debug\5.jar --output C:\xampp\htdocs\infolabsys\infolabsys\app\build\intermediates\transforms\desugar\debug\6.jar --input C:\xampp\htdocs\infolabsys\infolabsys\app\build\intermediates\transforms\stackFramesFixer\debug\7.jar --output C:\xampp\htdocs\infolabsys\infolabsys\app\build\intermediates\transforms\desugar\debug\8.jar --input C:\xampp\htdocs\infolabsys\infolabsys\app\build\intermediates\transforms\stackFramesFixer\debug\14.jar --output C:\xampp\htdocs\infolabsys\infolabsys\app\build\intermediates\transforms\desugar\debug\15.jar --input C:\xampp\htdocs\infolabsys\infolabsys\app\build\intermediates\transforms\stackFramesFixer\debug\9.jar --output C:\xampp\htdocs\infolabsys\infolabsys\app\build\intermediates\transforms\desugar\debug\10.jar --input C:\xampp\htdocs\infolabsys\infolabsys\app\build\intermediates\transforms\stackFramesFixer\debug\4.jar --output C:\xampp\htdocs\infolabsys\infolabsys\app\build\intermediates\transforms\desugar\debug\5.jar --classpath_entry C:\xampp\htdocs\infolabsys\infolabsys\app\build\intermediates\classes\debug --classpath_entry C:\xampp\htdocs\infolabsys\infolabsys\app\build\intermediates\transforms\stackFramesFixer\debug\0.jar --classpath_entry C:\xampp\htdocs\infolabsys\infolabsys\app\build\intermediates\transforms\stackFramesFixer\debug\1.jar --classpath_entry C:\xampp\htdocs\infolabsys\infolabsys\app\build\intermediates\transforms\stackFramesFixer\debug\2.jar --classpath_entry C:\xampp\htdocs\infolabsys\infolabsys\app\build\intermediates\transforms\stackFramesFixer\debug\3.jar --classpath_entry C:\xampp\htdocs\infolabsys\infolabsys\app\build\intermedi
java_class_path (initial): C:\Users\emene\AppData\Local\Temp\desugar_deploy.jar2891963414682672912
Launcher Type: SUN_STANDARD

Environment Variables:
PATH=C:\ProgramData\Oracle\Java\javapath;C:\WINDOWS\system32;C:\WINDOWS;C:\WINDOWS\System32\Wbem;C:\WINDOWS\System32\WindowsPowerShell\v1.0\;C:\Users\emene\AppData\Local\Microsoft\WindowsApps;
USERNAME=emene
OS=Windows_NT
PROCESSOR_IDENTIFIER=Intel64 Family 6 Model 78 Stepping 3, GenuineIntel



---------------  S Y S T E M  ---------------

OS: Windows 10.0 , 64 bit Build 16299 (10.0.16299.15)

CPU:total 4 (initial active 4) (2 cores per cpu, 2 threads per core) family 6 model 78 stepping 3, cmov, cx8, fxsr, mmx, sse, sse2, sse3, ssse3, sse4.1, sse4.2, popcnt, avx, avx2, aes, clmul, erms, 3dnowpref, lzcnt, ht, tsc, tscinvbit, bmi1, bmi2, adx

Memory: 4k page, physical 8265120k(647616k free), swap 8265120k(5672k free)

vm_info: OpenJDK 64-Bit Server VM (25.152-b02) for windows-amd64 JRE (1.8.0_152-release-1024-b02), built by "builder" with MS VC++ 10.0 (VS2010)

time: Fri Apr 13 00:02:00 2018
elapsed time: 0 seconds (0d 0h 0m 0s)

