#
# There is insufficient memory for the Java Runtime Environment to continue.
# Native memory allocation (malloc) failed to allocate 117936 bytes for Chunk::new
# Possible reasons:
#   The system is out of physical RAM or swap space
#   In 32 bit mode, the process size limit was hit
# Possible solutions:
#   Reduce memory load on the system
#   Increase physical memory or swap space
#   Check if swap backing store is full
#   Use 64 bit Java on a 64 bit OS
#   Decrease Java heap size (-Xmx/-Xms)
#   Decrease number of Java threads
#   Decrease Java thread stack sizes (-Xss)
#   Set larger code cache with -XX:ReservedCodeCacheSize=
# This output file may be truncated or incomplete.
#
#  Out of Memory Error (allocation.cpp:390), pid=192, tid=0x0000000000002034
#
# JRE version: OpenJDK Runtime Environment (8.0_152-b01) (build 1.8.0_152-release-915-b01)
# Java VM: OpenJDK 64-Bit Server VM (25.152-b01 mixed mode windows-amd64 compressed oops)
# Failed to write core dump. Minidumps are not enabled by default on client versions of Windows
#

---------------  T H R E A D  ---------------

Current thread (0x0000000014f4a000):  JavaThread "C2 CompilerThread0" daemon [_thread_in_native, id=8244, stack(0x00000000166a0000,0x00000000167a0000)]

Stack: [0x00000000166a0000,0x00000000167a0000]
[error occurred during error reporting (printing stack bounds), id 0xc0000005]

Native frames: (J=compiled Java code, j=interpreted, Vv=VM code, C=native code)


Current CompileTask:
C2:   3532  797       4       org.objectweb.asm.Item::a (143 bytes)


---------------  P R O C E S S  ---------------

Java Threads: ( => current thread )
  0x0000000014f9c800 JavaThread "Service Thread" daemon [_thread_blocked, id=9584, stack(0x0000000016da0000,0x0000000016ea0000)]
  0x0000000014f98000 JavaThread "C1 CompilerThread2" daemon [_thread_in_native, id=4940, stack(0x0000000016ca0000,0x0000000016da0000)]
  0x0000000014f3b000 JavaThread "C2 CompilerThread1" daemon [_thread_blocked, id=12604, stack(0x00000000167a0000,0x00000000168a0000)]
=>0x0000000014f4a000 JavaThread "C2 CompilerThread0" daemon [_thread_in_native, id=8244, stack(0x00000000166a0000,0x00000000167a0000)]
  0x0000000014f49000 JavaThread "Attach Listener" daemon [_thread_blocked, id=1788, stack(0x00000000165a0000,0x00000000166a0000)]
  0x0000000014f47800 JavaThread "Signal Dispatcher" daemon [_thread_blocked, id=8108, stack(0x00000000164a0000,0x00000000165a0000)]
  0x0000000004bd8000 JavaThread "Finalizer" daemon [_thread_blocked, id=580, stack(0x00000000161a0000,0x00000000162a0000)]
  0x0000000004bd2800 JavaThread "Reference Handler" daemon [_thread_blocked, id=2500, stack(0x00000000160a0000,0x00000000161a0000)]
  0x0000000004ae2800 JavaThread "main" [_thread_in_vm, id=12668, stack(0x0000000004940000,0x0000000004a40000)]

Other Threads:
  0x0000000014f06000 VMThread [stack: 0x0000000015fa0000,0x00000000160a0000] [id=9220]
  0x0000000014f9e800 WatcherThread [stack: 0x0000000016ea0000,0x0000000016fa0000] [id=9876]

VM state:not at safepoint (normal execution)

VM Mutex/Monitor currently owned by a thread: None

Heap:
 PSYoungGen      total 18944K, used 14363K [0x00000000feb00000, 0x0000000100000000, 0x0000000100000000)
  eden space 16384K, 72% used [0x00000000feb00000,0x00000000ff68ae80,0x00000000ffb00000)
  from space 2560K, 99% used [0x00000000ffb00000,0x00000000ffd7c020,0x00000000ffd80000)
  to   space 2560K, 0% used [0x00000000ffd80000,0x00000000ffd80000,0x0000000100000000)
 ParOldGen       total 44032K, used 1580K [0x00000000fc000000, 0x00000000feb00000, 0x00000000feb00000)
  object space 44032K, 3% used [0x00000000fc000000,0x00000000fc18b3d0,0x00000000feb00000)
 Metaspace       used 7615K, capacity 7816K, committed 7936K, reserved 1056768K
  class space    used 896K, capacity 988K, committed 1024K, reserved 1048576K

Card table byte_map: [0x0000000003040000,0x0000000003070000] byte_map_base: 0x0000000002860000

Marking Bits: (ParMarkBitMap*) 0x000000006a7c3950
 Begin Bits: [0x00000000143a0000, 0x00000000144a0000)
 End Bits:   [0x00000000144a0000, 0x00000000145a0000)

Polling page: 0x0000000003000000

CodeCache: size=245760Kb used=3060Kb max_used=3060Kb free=242699Kb
 bounds [0x0000000004be0000, 0x0000000004ee0000, 0x0000000013be0000]
 total_blobs=1127 nmethods=795 adapters=245
 compilation: enabled

Compilation events (10 events):
Event: 3.527 Thread 0x0000000014f98000 nmethod 792 0x0000000004edd090 code [0x0000000004edd260, 0x0000000004edd778]
Event: 3.527 Thread 0x0000000014f98000  794       3       java.util.ArrayList::<init> (12 bytes)
Event: 3.528 Thread 0x0000000014f98000 nmethod 794 0x0000000004edda50 code [0x0000000004eddbc0, 0x0000000004edde50]
Event: 3.528 Thread 0x0000000014f98000  795       3       com.google.common.collect.RegularImmutableMap::get (13 bytes)
Event: 3.528 Thread 0x0000000014f98000 nmethod 795 0x0000000004eddf50 code [0x0000000004ede0c0, 0x0000000004ede268]
Event: 3.528 Thread 0x0000000014f98000  796       3       com.google.common.collect.RegularImmutableMap::get (60 bytes)
Event: 3.528 Thread 0x0000000014f4a000  797       4       org.objectweb.asm.Item::a (143 bytes)
Event: 3.528 Thread 0x0000000014f98000 nmethod 796 0x0000000004ede310 code [0x0000000004ede4c0, 0x0000000004edebe8]
Event: 3.528 Thread 0x0000000014f98000  798       3       org.objectweb.asm.ClassReader::b (1124 bytes)
Event: 3.528 Thread 0x0000000014f3b000 


GC Heap History (2 events):
Event: 2.502 GC heap before
{Heap before GC invocations=1 (full 0):
 PSYoungGen      total 18944K, used 16384K [0x00000000feb00000, 0x0000000100000000, 0x0000000100000000)
  eden space 16384K, 100% used [0x00000000feb00000,0x00000000ffb00000,0x00000000ffb00000)
  from space 2560K, 0% used [0x00000000ffd80000,0x00000000ffd80000,0x0000000100000000)
  to   space 2560K, 0% used [0x00000000ffb00000,0x00000000ffb00000,0x00000000ffd80000)
 ParOldGen       total 44032K, used 0K [0x00000000fc000000, 0x00000000feb00000, 0x00000000feb00000)
  object space 44032K, 0% used [0x00000000fc000000,0x00000000fc000000,0x00000000feb00000)
 Metaspace       used 6521K, capacity 6682K, committed 6784K, reserved 1056768K
  class space    used 768K, capacity 823K, committed 896K, reserved 1048576K
Event: 2.565 GC heap after
Heap after GC invocations=1 (full 0):
 PSYoungGen      total 18944K, used 2544K [0x00000000feb00000, 0x0000000100000000, 0x0000000100000000)
  eden space 16384K, 0% used [0x00000000feb00000,0x00000000feb00000,0x00000000ffb00000)
  from space 2560K, 99% used [0x00000000ffb00000,0x00000000ffd7c020,0x00000000ffd80000)
  to   space 2560K, 0% used [0x00000000ffd80000,0x00000000ffd80000,0x0000000100000000)
 ParOldGen       total 44032K, used 1580K [0x00000000fc000000, 0x00000000feb00000, 0x00000000feb00000)
  object space 44032K, 3% used [0x00000000fc000000,0x00000000fc18b3d0,0x00000000feb00000)
 Metaspace       used 6521K, capacity 6682K, committed 6784K, reserved 1056768K
  class space    used 768K, capacity 823K, committed 896K, reserved 1048576K
}

Deoptimization events (10 events):
Event: 3.151 Thread 0x0000000004ae2800 Uncommon trap: reason=class_check action=maybe_recompile pc=0x0000000004e13aac method=com.google.common.collect.TransformedIterator.hasNext()Z @ 4
Event: 3.151 Thread 0x0000000004ae2800 Uncommon trap: reason=class_check action=maybe_recompile pc=0x0000000004e1cdec method=com.google.common.collect.TransformedIterator.next()Ljava/lang/Object; @ 5
Event: 3.151 Thread 0x0000000004ae2800 Uncommon trap: reason=class_check action=maybe_recompile pc=0x0000000004e068d0 method=com.google.common.collect.Iterators$7.transform(Ljava/lang/Object;)Ljava/lang/Object; @ 5
Event: 3.151 Thread 0x0000000004ae2800 Uncommon trap: reason=class_check action=maybe_recompile pc=0x0000000004e13aac method=com.google.common.collect.TransformedIterator.hasNext()Z @ 4
Event: 3.151 Thread 0x0000000004ae2800 Uncommon trap: reason=class_check action=maybe_recompile pc=0x0000000004e1cdec method=com.google.common.collect.TransformedIterator.next()Ljava/lang/Object; @ 5
Event: 3.151 Thread 0x0000000004ae2800 Uncommon trap: reason=class_check action=maybe_recompile pc=0x0000000004e068d0 method=com.google.common.collect.Iterators$7.transform(Ljava/lang/Object;)Ljava/lang/Object; @ 5
Event: 3.151 Thread 0x0000000004ae2800 Uncommon trap: reason=class_check action=maybe_recompile pc=0x0000000004e1cdec method=com.google.common.collect.TransformedIterator.next()Ljava/lang/Object; @ 5
Event: 3.151 Thread 0x0000000004ae2800 Uncommon trap: reason=class_check action=maybe_recompile pc=0x0000000004e068d0 method=com.google.common.collect.Iterators$7.transform(Ljava/lang/Object;)Ljava/lang/Object; @ 5
Event: 3.424 Thread 0x0000000004ae2800 Uncommon trap: reason=unstable_if action=reinterpret pc=0x0000000004dda140 method=java.lang.String.indexOf([CII[CIII)I @ 134
Event: 3.428 Thread 0x0000000004ae2800 Uncommon trap: reason=unstable_if action=reinterpret pc=0x0000000004db7478 method=java.lang.String.<init>([CII)V @ 18

Classes redefined (0 events):
No events

Internal exceptions (10 events):
Event: 2.298 Thread 0x0000000004ae2800 Implicit null exception at 0x0000000004e052e4 to 0x0000000004e058bd
Event: 2.691 Thread 0x0000000004ae2800 Exception <a 'sun/nio/fs/WindowsException'> (0x00000000ff141900) thrown at [D:\src\AOSP-openjdk-cygwin\jdk8u\hotspot\src\share\vm\prims\jni.cpp, line 709]
Event: 2.691 Thread 0x0000000004ae2800 Exception <a 'sun/nio/fs/WindowsException'> (0x00000000ff141ec0) thrown at [D:\src\AOSP-openjdk-cygwin\jdk8u\hotspot\src\share\vm\prims\jni.cpp, line 709]
Event: 2.691 Thread 0x0000000004ae2800 Exception <a 'sun/nio/fs/WindowsException'> (0x00000000ff142488) thrown at [D:\src\AOSP-openjdk-cygwin\jdk8u\hotspot\src\share\vm\prims\jni.cpp, line 709]
Event: 2.691 Thread 0x0000000004ae2800 Exception <a 'sun/nio/fs/WindowsException'> (0x00000000ff142c48) thrown at [D:\src\AOSP-openjdk-cygwin\jdk8u\hotspot\src\share\vm\prims\jni.cpp, line 709]
Event: 2.691 Thread 0x0000000004ae2800 Exception <a 'sun/nio/fs/WindowsException'> (0x00000000ff1431e8) thrown at [D:\src\AOSP-openjdk-cygwin\jdk8u\hotspot\src\share\vm\prims\jni.cpp, line 709]
Event: 2.691 Thread 0x0000000004ae2800 Exception <a 'sun/nio/fs/WindowsException'> (0x00000000ff143998) thrown at [D:\src\AOSP-openjdk-cygwin\jdk8u\hotspot\src\share\vm\prims\jni.cpp, line 709]
Event: 2.716 Thread 0x0000000004ae2800 Exception <a 'sun/nio/fs/WindowsException'> (0x00000000ff148cd8) thrown at [D:\src\AOSP-openjdk-cygwin\jdk8u\hotspot\src\share\vm\prims\jni.cpp, line 709]
Event: 2.863 Thread 0x0000000004ae2800 Exception <a 'sun/nio/fs/WindowsException'> (0x00000000ff3083b0) thrown at [D:\src\AOSP-openjdk-cygwin\jdk8u\hotspot\src\share\vm\prims\jni.cpp, line 709]
Event: 2.863 Thread 0x0000000004ae2800 Exception <a 'sun/nio/fs/WindowsException'> (0x00000000ff308940) thrown at [D:\src\AOSP-openjdk-cygwin\jdk8u\hotspot\src\share\vm\prims\jni.cpp, line 709]

Events (10 events):
Event: 3.425 loading class java/util/zip/ZipOutputStream$XEntry done
Event: 3.426 loading class org/objectweb/asm/Opcodes
Event: 3.426 loading class org/objectweb/asm/Opcodes done
Event: 3.428 Thread 0x0000000004ae2800 Uncommon trap: trap_request=0xffffff65 fr.pc=0x0000000004db7478
Event: 3.428 Thread 0x0000000004ae2800 DEOPT PACKING pc=0x0000000004db7478 sp=0x0000000004a3ebe0
Event: 3.428 Thread 0x0000000004ae2800 DEOPT UNPACKING pc=0x0000000004c2556a sp=0x0000000004a3eba8 mode 2
Event: 3.431 loading class org/objectweb/asm/tree/TryCatchBlockNode
Event: 3.431 loading class org/objectweb/asm/tree/TryCatchBlockNode done
Event: 3.432 loading class org/objectweb/asm/Handler
Event: 3.432 loading class org/objectweb/asm/Handler done


Dynamic libraries:
0x00007ff6f50f0000 - 0x00007ff6f5121000 	C:\Program Files\Android\Android Studio\jre\bin\java.exe
0x00007ffd6f300000 - 0x00007ffd6f4e0000 	C:\WINDOWS\SYSTEM32\ntdll.dll
0x00007ffd67480000 - 0x00007ffd674b4000 	C:\Program Files\AVAST Software\Avast\x64\aswhooka.dll
0x00007ffd6d850000 - 0x00007ffd6d8fe000 	C:\WINDOWS\System32\KERNEL32.DLL
0x00007ffd6b950000 - 0x00007ffd6bbb6000 	C:\WINDOWS\System32\KERNELBASE.dll
0x00007ffd6d1b0000 - 0x00007ffd6d251000 	C:\WINDOWS\System32\ADVAPI32.dll
0x00007ffd6d9c0000 - 0x00007ffd6da5d000 	C:\WINDOWS\System32\msvcrt.dll
0x00007ffd6d7f0000 - 0x00007ffd6d84b000 	C:\WINDOWS\System32\sechost.dll
0x00007ffd6da60000 - 0x00007ffd6db7f000 	C:\WINDOWS\System32\RPCRT4.dll
0x00007ffd6c900000 - 0x00007ffd6ca8f000 	C:\WINDOWS\System32\USER32.dll
0x00007ffd6bd60000 - 0x00007ffd6bd80000 	C:\WINDOWS\System32\win32u.dll
0x00007ffd6cd00000 - 0x00007ffd6cd28000 	C:\WINDOWS\System32\GDI32.dll
0x00007ffd6bbc0000 - 0x00007ffd6bd53000 	C:\WINDOWS\System32\gdi32full.dll
0x00007ffd6b8b0000 - 0x00007ffd6b94b000 	C:\WINDOWS\System32\msvcp_win.dll
0x00007ffd6b700000 - 0x00007ffd6b7f6000 	C:\WINDOWS\System32\ucrtbase.dll
0x00007ffd5eb10000 - 0x00007ffd5ed79000 	C:\WINDOWS\WinSxS\amd64_microsoft.windows.common-controls_6595b64144ccf1df_6.0.16299.309_none_15cfd4c4935e6b11\COMCTL32.dll
0x00007ffd6efc0000 - 0x00007ffd6f2c8000 	C:\WINDOWS\System32\combase.dll
0x00007ffd6be30000 - 0x00007ffd6bea2000 	C:\WINDOWS\System32\bcryptPrimitives.dll
0x00007ffd6cd30000 - 0x00007ffd6cd5d000 	C:\WINDOWS\System32\IMM32.DLL
0x000000006bdd0000 - 0x000000006bea2000 	C:\Program Files\Android\Android Studio\jre\jre\bin\msvcr100.dll
0x000000006a000000 - 0x000000006a83e000 	C:\Program Files\Android\Android Studio\jre\jre\bin\server\jvm.dll
0x00007ffd6d5e0000 - 0x00007ffd6d5e8000 	C:\WINDOWS\System32\PSAPI.DLL
0x00007ffd60bc0000 - 0x00007ffd60bc9000 	C:\WINDOWS\SYSTEM32\WSOCK32.dll
0x00007ffd6d5f0000 - 0x00007ffd6d65c000 	C:\WINDOWS\System32\WS2_32.dll
0x00007ffd694b0000 - 0x00007ffd694d3000 	C:\WINDOWS\SYSTEM32\WINMM.dll
0x00007ffd60d50000 - 0x00007ffd60d5a000 	C:\WINDOWS\SYSTEM32\VERSION.dll
0x00007ffd693a0000 - 0x00007ffd693ca000 	C:\WINDOWS\SYSTEM32\WINMMBASE.dll
0x00007ffd6b800000 - 0x00007ffd6b84a000 	C:\WINDOWS\System32\cfgmgr32.dll
0x00007ffd609f0000 - 0x00007ffd609ff000 	C:\Program Files\Android\Android Studio\jre\jre\bin\verify.dll
0x00007ffd60940000 - 0x00007ffd60969000 	C:\Program Files\Android\Android Studio\jre\jre\bin\java.dll
0x00007ffd609c0000 - 0x00007ffd609d6000 	C:\Program Files\Android\Android Studio\jre\jre\bin\zip.dll
0x00007ffd6db80000 - 0x00007ffd6efb6000 	C:\WINDOWS\System32\SHELL32.dll
0x00007ffd6d340000 - 0x00007ffd6d3e6000 	C:\WINDOWS\System32\shcore.dll
0x00007ffd6beb0000 - 0x00007ffd6c5f7000 	C:\WINDOWS\System32\windows.storage.dll
0x00007ffd6d960000 - 0x00007ffd6d9b1000 	C:\WINDOWS\System32\shlwapi.dll
0x00007ffd6b670000 - 0x00007ffd6b681000 	C:\WINDOWS\System32\kernel.appcore.dll
0x00007ffd6b690000 - 0x00007ffd6b6dc000 	C:\WINDOWS\System32\powrprof.dll
0x00007ffd6b6e0000 - 0x00007ffd6b6fb000 	C:\WINDOWS\System32\profapi.dll
0x00007ffd6b0b0000 - 0x00007ffd6b0c7000 	C:\WINDOWS\SYSTEM32\CRYPTSP.dll
0x00007ffd6aa80000 - 0x00007ffd6aab3000 	C:\WINDOWS\system32\rsaenh.dll
0x00007ffd6b1b0000 - 0x00007ffd6b1d5000 	C:\WINDOWS\SYSTEM32\bcrypt.dll
0x00007ffd6b580000 - 0x00007ffd6b5a9000 	C:\WINDOWS\SYSTEM32\USERENV.dll
0x00007ffd6b0a0000 - 0x00007ffd6b0ab000 	C:\WINDOWS\SYSTEM32\CRYPTBASE.dll
0x00007ffd5da20000 - 0x00007ffd5da3a000 	C:\Program Files\Android\Android Studio\jre\jre\bin\net.dll
0x00007ffd6aee0000 - 0x00007ffd6af46000 	C:\WINDOWS\system32\mswsock.dll
0x00007ffd6ac10000 - 0x00007ffd6ac49000 	C:\WINDOWS\SYSTEM32\IPHLPAPI.DLL
0x00007ffd6d7d0000 - 0x00007ffd6d7d8000 	C:\WINDOWS\System32\NSI.dll
0x00007ffd61eb0000 - 0x00007ffd61ec6000 	C:\WINDOWS\SYSTEM32\dhcpcsvc6.DLL
0x00007ffd61e90000 - 0x00007ffd61eaa000 	C:\WINDOWS\SYSTEM32\dhcpcsvc.DLL
0x00007ffd5c1c0000 - 0x00007ffd5c1d1000 	C:\Program Files\Android\Android Studio\jre\jre\bin\nio.dll

VM Arguments:
jvm_args: -Djava.awt.headless=true -Xmx64M -Dfile.encoding=windows-1252 -Duser.country=BR -Duser.language=pt -Duser.variant 
java_command: com.google.devtools.build.android.desugar.Desugar --input C:\xampp\htdocs\projeto\infolabsys\app\build\intermediates\transforms\stackFramesFixer\debug\2.jar --output C:\xampp\htdocs\projeto\infolabsys\app\build\intermediates\transforms\desugar\debug\3.jar --input C:\xampp\htdocs\projeto\infolabsys\app\build\intermediates\transforms\stackFramesFixer\debug\7.jar --output C:\xampp\htdocs\projeto\infolabsys\app\build\intermediates\transforms\desugar\debug\8.jar --input C:\xampp\htdocs\projeto\infolabsys\app\build\intermediates\transforms\stackFramesFixer\debug\1.jar --output C:\xampp\htdocs\projeto\infolabsys\app\build\intermediates\transforms\desugar\debug\2.jar --input C:\xampp\htdocs\projeto\infolabsys\app\build\intermediates\transforms\stackFramesFixer\debug\12.jar --output C:\xampp\htdocs\projeto\infolabsys\app\build\intermediates\transforms\desugar\debug\13.jar --classpath_entry C:\xampp\htdocs\projeto\infolabsys\app\build\intermediates\classes\debug --classpath_entry C:\xampp\htdocs\projeto\infolabsys\app\build\intermediates\transforms\stackFramesFixer\debug\0.jar --classpath_entry C:\xampp\htdocs\projeto\infolabsys\app\build\intermediates\transforms\stackFramesFixer\debug\1.jar --classpath_entry C:\xampp\htdocs\projeto\infolabsys\app\build\intermediates\transforms\stackFramesFixer\debug\2.jar --classpath_entry C:\xampp\htdocs\projeto\infolabsys\app\build\intermediates\transforms\stackFramesFixer\debug\3.jar --classpath_entry C:\xampp\htdocs\projeto\infolabsys\app\build\intermediates\transforms\stackFramesFixer\debug\4.jar --classpath_entry C:\xampp\htdocs\projeto\infolabsys\app\build\intermediates\transforms\stackFramesFixer\debug\5.jar --classpath_entry C:\xampp\htdocs\projeto\infolabsys\app\build\intermediates\transforms\stackFramesFixer\debug\6.jar --classpath_entry C:\xampp\htdocs\projeto\infolabsys\app\build\intermediates\transforms\stackFramesFixer\debug\7.jar --classpath_entry C:\xampp\htdocs\projeto\infolabsys\app\build\intermediates\tran
java_class_path (initial): C:\Users\emene\AppData\Local\Temp\desugar_deploy.jar2791731865450846646
Launcher Type: SUN_STANDARD

Environment Variables:
PATH=C:\Program Files (x86)\Google\Chrome\Application;C:\ProgramData\Oracle\Java\javapath;C:\WINDOWS\system32;C:\WINDOWS;C:\WINDOWS\System32\Wbem;C:\WINDOWS\System32\WindowsPowerShell\v1.0\;C:\Users\emene\AppData\Local\Microsoft\WindowsApps;
USERNAME=emene
OS=Windows_NT
PROCESSOR_IDENTIFIER=Intel64 Family 6 Model 78 Stepping 3, GenuineIntel



---------------  S Y S T E M  ---------------

OS: Windows 10.0 , 64 bit Build 16299 (10.0.16299.15)

CPU:total 4 (initial active 4) (2 cores per cpu, 2 threads per core) family 6 model 78 stepping 3, cmov, cx8, fxsr, mmx, sse, sse2, sse3, ssse3, sse4.1, sse4.2, popcnt, avx, avx2, aes, clmul, erms, 3dnowpref, lzcnt, ht, tsc, tscinvbit, bmi1, bmi2, adx

Memory: 4k page, physical 8265120k(1633772k free), swap 8265120k(5120k free)

vm_info: OpenJDK 64-Bit Server VM (25.152-b01) for windows-amd64 JRE (1.8.0_152-release-915-b01), built by "builder" with MS VC++ 10.0 (VS2010)

time: Thu Mar 22 19:33:41 2018
elapsed time: 3 seconds (0d 0h 0m 3s)

