#
# There is insufficient memory for the Java Runtime Environment to continue.
# Native memory allocation (malloc) failed to allocate 32744 bytes for ChunkPool::allocate
# Possible reasons:
#   The system is out of physical RAM or swap space
#   In 32 bit mode, the process size limit was hit
# Possible solutions:
#   Reduce memory load on the system
#   Increase physical memory or swap space
#   Check if swap backing store is full
#   Use 64 bit Java on a 64 bit OS
#   Decrease Java heap size (-Xmx/-Xms)
#   Decrease number of Java threads
#   Decrease Java thread stack sizes (-Xss)
#   Set larger code cache with -XX:ReservedCodeCacheSize=
# This output file may be truncated or incomplete.
#
#  Out of Memory Error (allocation.cpp:273), pid=7984, tid=0x0000000000001e08
#
# JRE version: OpenJDK Runtime Environment (8.0_152-b02) (build 1.8.0_152-release-1024-b02)
# Java VM: OpenJDK 64-Bit Server VM (25.152-b02 mixed mode windows-amd64 compressed oops)
# Failed to write core dump. Minidumps are not enabled by default on client versions of Windows
#

---------------  T H R E A D  ---------------

Current thread (0x0000000014dda800):  JavaThread "C2 CompilerThread1" daemon [_thread_in_native, id=7688, stack(0x0000000016630000,0x0000000016730000)]

Stack: [0x0000000016630000,0x0000000016730000]
[error occurred during error reporting (printing stack bounds), id 0xc0000005]

Native frames: (J=compiled Java code, j=interpreted, Vv=VM code, C=native code)


Current CompileTask:
C2:   3145 1129       4       org.objectweb.asm.ClassReader::readCode (3575 bytes)


---------------  P R O C E S S  ---------------

Java Threads: ( => current thread )
  0x0000000016858800 JavaThread "Service Thread" daemon [_thread_blocked, id=2236, stack(0x0000000016c30000,0x0000000016d30000)]
  0x0000000014de3000 JavaThread "C1 CompilerThread2" daemon [_thread_blocked, id=12968, stack(0x0000000016730000,0x0000000016830000)]
=>0x0000000014dda800 JavaThread "C2 CompilerThread1" daemon [_thread_in_native, id=7688, stack(0x0000000016630000,0x0000000016730000)]
  0x0000000014de9000 JavaThread "C2 CompilerThread0" daemon [_thread_in_native, id=10636, stack(0x0000000016530000,0x0000000016630000)]
  0x0000000014de6800 JavaThread "Attach Listener" daemon [_thread_blocked, id=5600, stack(0x0000000016430000,0x0000000016530000)]
  0x0000000014de5000 JavaThread "Signal Dispatcher" daemon [_thread_blocked, id=12236, stack(0x0000000016330000,0x0000000016430000)]
  0x00000000049ee000 JavaThread "Finalizer" daemon [_thread_blocked, id=13000, stack(0x0000000016030000,0x0000000016130000)]
  0x00000000049e3000 JavaThread "Reference Handler" daemon [_thread_blocked, id=5476, stack(0x0000000015f30000,0x0000000016030000)]
  0x0000000004a5e800 JavaThread "main" [_thread_in_Java, id=4256, stack(0x00000000047d0000,0x00000000048d0000)]

Other Threads:
  0x0000000014da6000 VMThread [stack: 0x0000000015e30000,0x0000000015f30000] [id=1136]
  0x0000000016859000 WatcherThread [stack: 0x0000000016d30000,0x0000000016e30000] [id=7944]

VM state:not at safepoint (normal execution)

VM Mutex/Monitor currently owned by a thread: None

Heap:
 PSYoungGen      total 18944K, used 13666K [0x00000000feb00000, 0x0000000100000000, 0x0000000100000000)
  eden space 16384K, 67% used [0x00000000feb00000,0x00000000ff5da020,0x00000000ffb00000)
  from space 2560K, 99% used [0x00000000ffb00000,0x00000000ffd7e7e0,0x00000000ffd80000)
  to   space 2560K, 0% used [0x00000000ffd80000,0x00000000ffd80000,0x0000000100000000)
 ParOldGen       total 44032K, used 5217K [0x00000000fc000000, 0x00000000feb00000, 0x00000000feb00000)
  object space 44032K, 11% used [0x00000000fc000000,0x00000000fc518600,0x00000000feb00000)
 Metaspace       used 8435K, capacity 8740K, committed 8832K, reserved 1056768K
  class space    used 955K, capacity 1070K, committed 1152K, reserved 1048576K

Card table byte_map: [0x00000000049f0000,0x0000000004a20000] byte_map_base: 0x0000000004210000

Marking Bits: (ParMarkBitMap*) 0x000000005dc34970
 Begin Bits: [0x0000000014220000, 0x0000000014320000)
 End Bits:   [0x0000000014320000, 0x0000000014420000)

Polling page: 0x0000000002ff0000

CodeCache: size=245760Kb used=4376Kb max_used=4376Kb free=241383Kb
 bounds [0x0000000004a60000, 0x0000000004eb0000, 0x0000000013a60000]
 total_blobs=1495 nmethods=1155 adapters=253
 compilation: enabled

Compilation events (10 events):
Event: 2.918 Thread 0x0000000014de3000 1159       3       org.objectweb.asm.AnnotationWriter::put (170 bytes)
Event: 2.919 Thread 0x0000000014de3000 nmethod 1159 0x0000000004ea7490 code [0x0000000004ea76a0, 0x0000000004ea7f48]
Event: 2.922 Thread 0x0000000014de3000 1160       3       org.objectweb.asm.tree.MethodNode::visitFieldInsn (20 bytes)
Event: 2.922 Thread 0x0000000014de3000 nmethod 1160 0x0000000004ea8510 code [0x0000000004ea86a0, 0x0000000004ea8a28]
Event: 2.923 Thread 0x0000000014de3000 1161       3       org.objectweb.asm.tree.FieldInsnNode::accept (26 bytes)
Event: 2.923 Thread 0x0000000014de3000 nmethod 1161 0x0000000004ea8c10 code [0x0000000004ea8d80, 0x0000000004ea9078]
Event: 2.931 Thread 0x0000000014de3000 1162       3       org.objectweb.asm.MethodWriter::visitIincInsn (135 bytes)
Event: 2.932 Thread 0x0000000014de3000 nmethod 1162 0x0000000004ea9150 code [0x0000000004ea9320, 0x0000000004ea9938]
Event: 2.940 Thread 0x0000000014de3000 1163       3       java.nio.DirectByteBuffer::address (5 bytes)
Event: 2.940 Thread 0x0000000014de3000 nmethod 1163 0x0000000004e6b550 code [0x0000000004e6b6a0, 0x0000000004e6b7f0]

GC Heap History (6 events):
Event: 1.118 GC heap before
{Heap before GC invocations=1 (full 0):
 PSYoungGen      total 18944K, used 16384K [0x00000000feb00000, 0x0000000100000000, 0x0000000100000000)
  eden space 16384K, 100% used [0x00000000feb00000,0x00000000ffb00000,0x00000000ffb00000)
  from space 2560K, 0% used [0x00000000ffd80000,0x00000000ffd80000,0x0000000100000000)
  to   space 2560K, 0% used [0x00000000ffb00000,0x00000000ffb00000,0x00000000ffd80000)
 ParOldGen       total 44032K, used 0K [0x00000000fc000000, 0x00000000feb00000, 0x00000000feb00000)
  object space 44032K, 0% used [0x00000000fc000000,0x00000000fc000000,0x00000000feb00000)
 Metaspace       used 7146K, capacity 7386K, committed 7680K, reserved 1056768K
  class space    used 847K, capacity 939K, committed 1024K, reserved 1048576K
Event: 1.123 GC heap after
Heap after GC invocations=1 (full 0):
 PSYoungGen      total 18944K, used 2528K [0x00000000feb00000, 0x0000000100000000, 0x0000000100000000)
  eden space 16384K, 0% used [0x00000000feb00000,0x00000000feb00000,0x00000000ffb00000)
  from space 2560K, 98% used [0x00000000ffb00000,0x00000000ffd78010,0x00000000ffd80000)
  to   space 2560K, 0% used [0x00000000ffd80000,0x00000000ffd80000,0x0000000100000000)
 ParOldGen       total 44032K, used 1625K [0x00000000fc000000, 0x00000000feb00000, 0x00000000feb00000)
  object space 44032K, 3% used [0x00000000fc000000,0x00000000fc196420,0x00000000feb00000)
 Metaspace       used 7146K, capacity 7386K, committed 7680K, reserved 1056768K
  class space    used 847K, capacity 939K, committed 1024K, reserved 1048576K
}
Event: 1.691 GC heap before
{Heap before GC invocations=2 (full 0):
 PSYoungGen      total 18944K, used 18912K [0x00000000feb00000, 0x0000000100000000, 0x0000000100000000)
  eden space 16384K, 100% used [0x00000000feb00000,0x00000000ffb00000,0x00000000ffb00000)
  from space 2560K, 98% used [0x00000000ffb00000,0x00000000ffd78010,0x00000000ffd80000)
  to   space 2560K, 0% used [0x00000000ffd80000,0x00000000ffd80000,0x0000000100000000)
 ParOldGen       total 44032K, used 1625K [0x00000000fc000000, 0x00000000feb00000, 0x00000000feb00000)
  object space 44032K, 3% used [0x00000000fc000000,0x00000000fc196420,0x00000000feb00000)
 Metaspace       used 8281K, capacity 8548K, committed 8832K, reserved 1056768K
  class space    used 953K, capacity 1070K, committed 1152K, reserved 1048576K
Event: 1.705 GC heap after
Heap after GC invocations=2 (full 0):
 PSYoungGen      total 18944K, used 2553K [0x00000000feb00000, 0x0000000100000000, 0x0000000100000000)
  eden space 16384K, 0% used [0x00000000feb00000,0x00000000feb00000,0x00000000ffb00000)
  from space 2560K, 99% used [0x00000000ffd80000,0x00000000ffffe7e0,0x0000000100000000)
  to   space 2560K, 0% used [0x00000000ffb00000,0x00000000ffb00000,0x00000000ffd80000)
 ParOldGen       total 44032K, used 4905K [0x00000000fc000000, 0x00000000feb00000, 0x00000000feb00000)
  object space 44032K, 11% used [0x00000000fc000000,0x00000000fc4ca600,0x00000000feb00000)
 Metaspace       used 8281K, capacity 8548K, committed 8832K, reserved 1056768K
  class space    used 953K, capacity 1070K, committed 1152K, reserved 1048576K
}
Event: 2.210 GC heap before
{Heap before GC invocations=3 (full 0):
 PSYoungGen      total 18944K, used 18937K [0x00000000feb00000, 0x0000000100000000, 0x0000000100000000)
  eden space 16384K, 100% used [0x00000000feb00000,0x00000000ffb00000,0x00000000ffb00000)
  from space 2560K, 99% used [0x00000000ffd80000,0x00000000ffffe7e0,0x0000000100000000)
  to   space 2560K, 0% used [0x00000000ffb00000,0x00000000ffb00000,0x00000000ffd80000)
 ParOldGen       total 44032K, used 4905K [0x00000000fc000000, 0x00000000feb00000, 0x00000000feb00000)
  object space 44032K, 11% used [0x00000000fc000000,0x00000000fc4ca600,0x00000000feb00000)
 Metaspace       used 8416K, capacity 8676K, committed 8832K, reserved 1056768K
  class space    used 955K, capacity 1070K, committed 1152K, reserved 1048576K
Event: 2.220 GC heap after
Heap after GC invocations=3 (full 0):
 PSYoungGen      total 18944K, used 2553K [0x00000000feb00000, 0x0000000100000000, 0x0000000100000000)
  eden space 16384K, 0% used [0x00000000feb00000,0x00000000feb00000,0x00000000ffb00000)
  from space 2560K, 99% used [0x00000000ffb00000,0x00000000ffd7e7e0,0x00000000ffd80000)
  to   space 2560K, 0% used [0x00000000ffd80000,0x00000000ffd80000,0x0000000100000000)
 ParOldGen       total 44032K, used 5217K [0x00000000fc000000, 0x00000000feb00000, 0x00000000feb00000)
  object space 44032K, 11% used [0x00000000fc000000,0x00000000fc518600,0x00000000feb00000)
 Metaspace       used 8416K, capacity 8676K, committed 8832K, reserved 1056768K
  class space    used 955K, capacity 1070K, committed 1152K, reserved 1048576K
}

Deoptimization events (10 events):
Event: 1.328 Thread 0x0000000004a5e800 Uncommon trap: reason=class_check action=maybe_recompile pc=0x0000000004c96c90 method=com.google.common.collect.Iterators$7.transform(Ljava/lang/Object;)Ljava/lang/Object; @ 5
Event: 1.394 Thread 0x0000000004a5e800 Uncommon trap: reason=unstable_if action=reinterpret pc=0x0000000004c672f0 method=java.lang.String.indexOf([CII[CIII)I @ 134
Event: 1.651 Thread 0x0000000004a5e800 Uncommon trap: reason=unstable_if action=reinterpret pc=0x0000000004d8ff1c method=org.objectweb.asm.Item.isEqualTo(Lorg/objectweb/asm/Item;)Z @ 345
Event: 1.670 Thread 0x0000000004a5e800 Uncommon trap: reason=unstable_if action=reinterpret pc=0x0000000004db0d58 method=org.objectweb.asm.Type.getArgumentsAndReturnSizes(Ljava/lang/String;)I @ 47
Event: 1.723 Thread 0x0000000004a5e800 Uncommon trap: reason=unstable_if action=reinterpret pc=0x0000000004de70b4 method=org.objectweb.asm.MethodWriter.visitVarInsn(II)V @ 130
Event: 1.795 Thread 0x0000000004a5e800 Uncommon trap: reason=unstable_if action=reinterpret pc=0x0000000004dea7f0 method=org.objectweb.asm.Type.getArgumentsAndReturnSizes(Ljava/lang/String;)I @ 41
Event: 1.996 Thread 0x0000000004a5e800 Uncommon trap: reason=null_check action=make_not_entrant pc=0x0000000004e15b8c method=com.google.devtools.build.android.desugar.InterfaceDesugaring$InterfaceInvocationRewriter.visitMethodInsn(ILjava/lang/String;Ljava/lang/String;Ljava/lang/String;Z)V @ 10
Event: 2.027 Thread 0x0000000004a5e800 Uncommon trap: reason=unstable_if action=reinterpret pc=0x0000000004d49160 method=org.objectweb.asm.ClassReader.readUTF(II[C)Ljava/lang/String; @ 77
Event: 2.037 Thread 0x0000000004a5e800 Uncommon trap: reason=unstable_if action=reinterpret pc=0x0000000004daeec8 method=org.objectweb.asm.ByteVector.putUTF8(Ljava/lang/String;)Lorg/objectweb/asm/ByteVector; @ 98
Event: 2.227 Thread 0x0000000004a5e800 Uncommon trap: reason=unstable_if action=reinterpret pc=0x0000000004e14bd8 method=org.objectweb.asm.Type.getArgumentsAndReturnSizes(Ljava/lang/String;)I @ 118

Classes redefined (0 events):
No events

Internal exceptions (10 events):
Event: 1.212 Thread 0x0000000004a5e800 Exception <a 'sun/nio/fs/WindowsException'> (0x00000000ff18de00) thrown at [D:\src\AOSP-openjdk-cygwin\jdk8u\hotspot\src\share\vm\prims\jni.cpp, line 709]
Event: 1.212 Thread 0x0000000004a5e800 Exception <a 'sun/nio/fs/WindowsException'> (0x00000000ff18e5d0) thrown at [D:\src\AOSP-openjdk-cygwin\jdk8u\hotspot\src\share\vm\prims\jni.cpp, line 709]
Event: 1.232 Thread 0x0000000004a5e800 Exception <a 'sun/nio/fs/WindowsException'> (0x00000000ff193568) thrown at [D:\src\AOSP-openjdk-cygwin\jdk8u\hotspot\src\share\vm\prims\jni.cpp, line 709]
Event: 1.291 Thread 0x0000000004a5e800 Exception <a 'sun/nio/fs/WindowsException'> (0x00000000ff345710) thrown at [D:\src\AOSP-openjdk-cygwin\jdk8u\hotspot\src\share\vm\prims\jni.cpp, line 709]
Event: 1.291 Thread 0x0000000004a5e800 Exception <a 'sun/nio/fs/WindowsException'> (0x00000000ff345ca0) thrown at [D:\src\AOSP-openjdk-cygwin\jdk8u\hotspot\src\share\vm\prims\jni.cpp, line 709]
Event: 1.785 Thread 0x0000000004a5e800 Exception <a 'sun/nio/fs/WindowsException'> (0x00000000fecff280) thrown at [D:\src\AOSP-openjdk-cygwin\jdk8u\hotspot\src\share\vm\prims\jni.cpp, line 709]
Event: 1.786 Thread 0x0000000004a5e800 Exception <a 'sun/nio/fs/WindowsException'> (0x00000000fecff790) thrown at [D:\src\AOSP-openjdk-cygwin\jdk8u\hotspot\src\share\vm\prims\jni.cpp, line 709]
Event: 1.955 Thread 0x0000000004a5e800 Exception <a 'sun/nio/fs/WindowsException'> (0x00000000ff094d38) thrown at [D:\src\AOSP-openjdk-cygwin\jdk8u\hotspot\src\share\vm\prims\jni.cpp, line 709]
Event: 1.955 Thread 0x0000000004a5e800 Exception <a 'sun/nio/fs/WindowsException'> (0x00000000ff095250) thrown at [D:\src\AOSP-openjdk-cygwin\jdk8u\hotspot\src\share\vm\prims\jni.cpp, line 709]
Event: 1.996 Thread 0x0000000004a5e800 Implicit null exception at 0x0000000004e15869 to 0x0000000004e15b71

Events (10 events):
Event: 2.896 Thread 0x0000000004a5e800 DEOPT PACKING pc=0x0000000004d2ae59 sp=0x00000000048ce7f0
Event: 2.896 Thread 0x0000000004a5e800 DEOPT UNPACKING pc=0x0000000004aa75d0 sp=0x00000000048ce7b8 mode 0
Event: 2.900 Thread 0x0000000004a5e800 DEOPT PACKING pc=0x0000000004d2ae59 sp=0x00000000048ce680
Event: 2.900 Thread 0x0000000004a5e800 DEOPT UNPACKING pc=0x0000000004aa75d0 sp=0x00000000048ce648 mode 0
Event: 2.913 Thread 0x0000000004a5e800 DEOPT PACKING pc=0x0000000004d2ae59 sp=0x00000000048ce680
Event: 2.913 Thread 0x0000000004a5e800 DEOPT UNPACKING pc=0x0000000004aa75d0 sp=0x00000000048ce648 mode 0
Event: 2.917 Thread 0x0000000004a5e800 DEOPT PACKING pc=0x0000000004d2ae59 sp=0x00000000048ce7f0
Event: 2.917 Thread 0x0000000004a5e800 DEOPT UNPACKING pc=0x0000000004aa75d0 sp=0x00000000048ce7b8 mode 0
Event: 2.940 Thread 0x0000000004a5e800 DEOPT PACKING pc=0x0000000004d2ae59 sp=0x00000000048ce7f0
Event: 2.940 Thread 0x0000000004a5e800 DEOPT UNPACKING pc=0x0000000004aa75d0 sp=0x00000000048ce7b8 mode 0


Dynamic libraries:
0x00007ff7cb7c0000 - 0x00007ff7cb7f1000 	C:\Program Files\Android\Android Studio\jre\bin\java.exe
0x00007ffdb0700000 - 0x00007ffdb08e0000 	C:\WINDOWS\SYSTEM32\ntdll.dll
0x00007ffd80ea0000 - 0x00007ffd80ed4000 	C:\Program Files\AVAST Software\Avast\x64\aswhooka.dll
0x00007ffdb0320000 - 0x00007ffdb03ce000 	C:\WINDOWS\System32\KERNEL32.DLL
0x00007ffdad350000 - 0x00007ffdad5b6000 	C:\WINDOWS\System32\KERNELBASE.dll
0x00007ffdb0150000 - 0x00007ffdb01f1000 	C:\WINDOWS\System32\ADVAPI32.dll
0x00007ffdaffa0000 - 0x00007ffdb003d000 	C:\WINDOWS\System32\msvcrt.dll
0x00007ffdafcd0000 - 0x00007ffdafd2b000 	C:\WINDOWS\System32\sechost.dll
0x00007ffdb05b0000 - 0x00007ffdb06cf000 	C:\WINDOWS\System32\RPCRT4.dll
0x00007ffdae520000 - 0x00007ffdae6af000 	C:\WINDOWS\System32\USER32.dll
0x00007ffdacb00000 - 0x00007ffdacb20000 	C:\WINDOWS\System32\win32u.dll
0x00007ffdadd80000 - 0x00007ffdadda8000 	C:\WINDOWS\System32\GDI32.dll
0x00007ffdada30000 - 0x00007ffdadbc3000 	C:\WINDOWS\System32\gdi32full.dll
0x00007ffdad890000 - 0x00007ffdad92b000 	C:\WINDOWS\System32\msvcp_win.dll
0x00007ffdad930000 - 0x00007ffdada26000 	C:\WINDOWS\System32\ucrtbase.dll
0x00007ffd9eb60000 - 0x00007ffd9edc9000 	C:\WINDOWS\WinSxS\amd64_microsoft.windows.common-controls_6595b64144ccf1df_6.0.16299.309_none_15cfd4c4935e6b11\COMCTL32.dll
0x00007ffdae210000 - 0x00007ffdae518000 	C:\WINDOWS\System32\combase.dll
0x00007ffdacb80000 - 0x00007ffdacbf2000 	C:\WINDOWS\System32\bcryptPrimitives.dll
0x00007ffdb0270000 - 0x00007ffdb029d000 	C:\WINDOWS\System32\IMM32.DLL
0x000000005cf00000 - 0x000000005cfd2000 	C:\Program Files\Android\Android Studio\jre\jre\bin\msvcr100.dll
0x000000005d470000 - 0x000000005dcaf000 	C:\Program Files\Android\Android Studio\jre\jre\bin\server\jvm.dll
0x00007ffdae200000 - 0x00007ffdae208000 	C:\WINDOWS\System32\PSAPI.DLL
0x00007ffd7e590000 - 0x00007ffd7e599000 	C:\WINDOWS\SYSTEM32\WSOCK32.dll
0x00007ffdb0200000 - 0x00007ffdb026c000 	C:\WINDOWS\System32\WS2_32.dll
0x00007ffda9b30000 - 0x00007ffda9b53000 	C:\WINDOWS\SYSTEM32\WINMM.dll
0x00007ffd9f210000 - 0x00007ffd9f21a000 	C:\WINDOWS\SYSTEM32\VERSION.dll
0x00007ffda9ad0000 - 0x00007ffda9afa000 	C:\WINDOWS\SYSTEM32\WINMMBASE.dll
0x00007ffdad840000 - 0x00007ffdad88a000 	C:\WINDOWS\System32\cfgmgr32.dll
0x00007ffda9840000 - 0x00007ffda984f000 	C:\Program Files\Android\Android Studio\jre\jre\bin\verify.dll
0x00007ffda4050000 - 0x00007ffda4079000 	C:\Program Files\Android\Android Studio\jre\jre\bin\java.dll
0x00007ffd9c8a0000 - 0x00007ffd9c8b6000 	C:\Program Files\Android\Android Studio\jre\jre\bin\zip.dll
0x00007ffdae7e0000 - 0x00007ffdafc16000 	C:\WINDOWS\System32\SHELL32.dll
0x00007ffdae730000 - 0x00007ffdae7d6000 	C:\WINDOWS\System32\shcore.dll
0x00007ffdacc00000 - 0x00007ffdad347000 	C:\WINDOWS\System32\windows.storage.dll
0x00007ffdb02c0000 - 0x00007ffdb0311000 	C:\WINDOWS\System32\shlwapi.dll
0x00007ffdacae0000 - 0x00007ffdacaf1000 	C:\WINDOWS\System32\kernel.appcore.dll
0x00007ffdaca90000 - 0x00007ffdacadc000 	C:\WINDOWS\System32\powrprof.dll
0x00007ffdaca50000 - 0x00007ffdaca6b000 	C:\WINDOWS\System32\profapi.dll
0x00007ffdac440000 - 0x00007ffdac457000 	C:\WINDOWS\SYSTEM32\CRYPTSP.dll
0x00007ffdabe80000 - 0x00007ffdabeb3000 	C:\WINDOWS\system32\rsaenh.dll
0x00007ffdac5b0000 - 0x00007ffdac5d5000 	C:\WINDOWS\SYSTEM32\bcrypt.dll
0x00007ffdac950000 - 0x00007ffdac979000 	C:\WINDOWS\SYSTEM32\USERENV.dll
0x00007ffdac460000 - 0x00007ffdac46b000 	C:\WINDOWS\SYSTEM32\CRYPTBASE.dll
0x00007ffd97e70000 - 0x00007ffd97e8a000 	C:\Program Files\Android\Android Studio\jre\jre\bin\net.dll
0x00007ffdac280000 - 0x00007ffdac2e6000 	C:\WINDOWS\system32\mswsock.dll
0x00007ffdac010000 - 0x00007ffdac049000 	C:\WINDOWS\SYSTEM32\IPHLPAPI.DLL
0x00007ffdafcc0000 - 0x00007ffdafcc8000 	C:\WINDOWS\System32\NSI.dll
0x00007ffda3240000 - 0x00007ffda3256000 	C:\WINDOWS\SYSTEM32\dhcpcsvc6.DLL
0x00007ffda3950000 - 0x00007ffda396a000 	C:\WINDOWS\SYSTEM32\dhcpcsvc.DLL
0x00007ffd970f0000 - 0x00007ffd97101000 	C:\Program Files\Android\Android Studio\jre\jre\bin\nio.dll

VM Arguments:
jvm_args: -Djava.awt.headless=true -Xmx64M -Dfile.encoding=windows-1252 -Duser.country=BR -Duser.language=pt -Duser.variant 
java_command: com.google.devtools.build.android.desugar.Desugar --verbose --input C:\xampp\htdocs\infolabsys\infolabsys\app\build\intermediates\transforms\stackFramesFixer\debug\6.jar --output C:\xampp\htdocs\infolabsys\infolabsys\app\build\intermediates\transforms\desugar\debug\7.jar --input C:\xampp\htdocs\infolabsys\infolabsys\app\build\intermediates\transforms\stackFramesFixer\debug\7.jar --output C:\xampp\htdocs\infolabsys\infolabsys\app\build\intermediates\transforms\desugar\debug\8.jar --input C:\xampp\htdocs\infolabsys\infolabsys\app\build\intermediates\transforms\stackFramesFixer\debug\9.jar --output C:\xampp\htdocs\infolabsys\infolabsys\app\build\intermediates\transforms\desugar\debug\10.jar --input C:\xampp\htdocs\infolabsys\infolabsys\app\build\intermediates\transforms\stackFramesFixer\debug\3.jar --output C:\xampp\htdocs\infolabsys\infolabsys\app\build\intermediates\transforms\desugar\debug\4.jar --input C:\xampp\htdocs\infolabsys\infolabsys\app\build\intermediates\transforms\stackFramesFixer\debug\4.jar --output C:\xampp\htdocs\infolabsys\infolabsys\app\build\intermediates\transforms\desugar\debug\5.jar --input C:\xampp\htdocs\infolabsys\infolabsys\app\build\intermediates\transforms\stackFramesFixer\debug\2.jar --output C:\xampp\htdocs\infolabsys\infolabsys\app\build\intermediates\transforms\desugar\debug\3.jar --classpath_entry C:\xampp\htdocs\infolabsys\infolabsys\app\build\intermediates\classes\debug --classpath_entry C:\xampp\htdocs\infolabsys\infolabsys\app\build\intermediates\transforms\stackFramesFixer\debug\0.jar --classpath_entry C:\xampp\htdocs\infolabsys\infolabsys\app\build\intermediates\transforms\stackFramesFixer\debug\1.jar --classpath_entry C:\xampp\htdocs\infolabsys\infolabsys\app\build\intermediates\transforms\stackFramesFixer\debug\2.jar --classpath_entry C:\xampp\htdocs\infolabsys\infolabsys\app\build\intermediates\transforms\stackFramesFixer\debug\3.jar --classpath_entry C:\xampp\htdocs\infolabsys\infolabsys\app\build\intermediat
java_class_path (initial): C:\Users\emene\AppData\Local\Temp\desugar_deploy.jar2495481491879141818
Launcher Type: SUN_STANDARD

Environment Variables:
PATH=C:\ProgramData\Oracle\Java\javapath;C:\WINDOWS\system32;C:\WINDOWS;C:\WINDOWS\System32\Wbem;C:\WINDOWS\System32\WindowsPowerShell\v1.0\;C:\Users\emene\AppData\Local\Microsoft\WindowsApps;
USERNAME=emene
OS=Windows_NT
PROCESSOR_IDENTIFIER=Intel64 Family 6 Model 78 Stepping 3, GenuineIntel



---------------  S Y S T E M  ---------------

OS: Windows 10.0 , 64 bit Build 16299 (10.0.16299.15)

CPU:total 4 (initial active 4) (2 cores per cpu, 2 threads per core) family 6 model 78 stepping 3, cmov, cx8, fxsr, mmx, sse, sse2, sse3, ssse3, sse4.1, sse4.2, popcnt, avx, avx2, aes, clmul, erms, 3dnowpref, lzcnt, ht, tsc, tscinvbit, bmi1, bmi2, adx

Memory: 4k page, physical 8265120k(691264k free), swap 8265120k(3080k free)

vm_info: OpenJDK 64-Bit Server VM (25.152-b02) for windows-amd64 JRE (1.8.0_152-release-1024-b02), built by "builder" with MS VC++ 10.0 (VS2010)

time: Fri Apr 06 00:53:39 2018
elapsed time: 3 seconds (0d 0h 0m 3s)

