#
# There is insufficient memory for the Java Runtime Environment to continue.
# Native memory allocation (malloc) failed to allocate 113456 bytes for Chunk::new
# Possible reasons:
#   The system is out of physical RAM or swap space
#   In 32 bit mode, the process size limit was hit
# Possible solutions:
#   Reduce memory load on the system
#   Increase physical memory or swap space
#   Check if swap backing store is full
#   Use 64 bit Java on a 64 bit OS
#   Decrease Java heap size (-Xmx/-Xms)
#   Decrease number of Java threads
#   Decrease Java thread stack sizes (-Xss)
#   Set larger code cache with -XX:ReservedCodeCacheSize=
# This output file may be truncated or incomplete.
#
#  Out of Memory Error (allocation.cpp:390), pid=2340, tid=0x0000000000002adc
#
# JRE version: OpenJDK Runtime Environment (8.0_152-b01) (build 1.8.0_152-release-915-b01)
# Java VM: OpenJDK 64-Bit Server VM (25.152-b01 mixed mode windows-amd64 compressed oops)
# Failed to write core dump. Minidumps are not enabled by default on client versions of Windows
#

---------------  T H R E A D  ---------------

Current thread (0x0000000014c8d800):  JavaThread "C2 CompilerThread0" daemon [_thread_in_native, id=10972, stack(0x00000000163e0000,0x00000000164e0000)]

Stack: [0x00000000163e0000,0x00000000164e0000]
[error occurred during error reporting (printing stack bounds), id 0xc0000005]

Native frames: (J=compiled Java code, j=interpreted, Vv=VM code, C=native code)


Current CompileTask:
C2:   1620  764       4       org.objectweb.asm.Item::a (354 bytes)


---------------  P R O C E S S  ---------------

Java Threads: ( => current thread )
  0x00000000166e6800 JavaThread "Service Thread" daemon [_thread_blocked, id=2860, stack(0x0000000016ae0000,0x0000000016be0000)]
  0x0000000014ceb000 JavaThread "C1 CompilerThread2" daemon [_thread_in_native, id=1716, stack(0x00000000165e0000,0x00000000166e0000)]
  0x0000000014c90000 JavaThread "C2 CompilerThread1" daemon [_thread_in_native, id=4416, stack(0x00000000164e0000,0x00000000165e0000)]
=>0x0000000014c8d800 JavaThread "C2 CompilerThread0" daemon [_thread_in_native, id=10972, stack(0x00000000163e0000,0x00000000164e0000)]
  0x0000000014c8b800 JavaThread "Attach Listener" daemon [_thread_blocked, id=4744, stack(0x00000000162e0000,0x00000000163e0000)]
  0x0000000014c8a000 JavaThread "Signal Dispatcher" daemon [_thread_blocked, id=1180, stack(0x00000000161e0000,0x00000000162e0000)]
  0x0000000004928000 JavaThread "Finalizer" daemon [_thread_blocked, id=11908, stack(0x0000000015ee0000,0x0000000015fe0000)]
  0x0000000004922800 JavaThread "Reference Handler" daemon [_thread_blocked, id=4088, stack(0x0000000015de0000,0x0000000015ee0000)]
  0x0000000004832800 JavaThread "main" [_thread_in_vm, id=11736, stack(0x0000000004640000,0x0000000004740000)]

Other Threads:
  0x0000000014c56000 VMThread [stack: 0x0000000015ce0000,0x0000000015de0000] [id=13204]
  0x00000000166e8800 WatcherThread [stack: 0x0000000016be0000,0x0000000016ce0000] [id=11344]

VM state:not at safepoint (normal execution)

VM Mutex/Monitor currently owned by a thread: None

Heap:
 PSYoungGen      total 18944K, used 14328K [0x00000000feb00000, 0x0000000100000000, 0x0000000100000000)
  eden space 16384K, 72% used [0x00000000feb00000,0x00000000ff6862c0,0x00000000ffb00000)
  from space 2560K, 98% used [0x00000000ffb00000,0x00000000ffd78030,0x00000000ffd80000)
  to   space 2560K, 0% used [0x00000000ffd80000,0x00000000ffd80000,0x0000000100000000)
 ParOldGen       total 44032K, used 1614K [0x00000000fc000000, 0x00000000feb00000, 0x00000000feb00000)
  object space 44032K, 3% used [0x00000000fc000000,0x00000000fc193b90,0x00000000feb00000)
 Metaspace       used 8019K, capacity 8232K, committed 8448K, reserved 1056768K
  class space    used 948K, capacity 1024K, committed 1024K, reserved 1048576K

Card table byte_map: [0x0000000004760000,0x0000000004790000] byte_map_base: 0x0000000003f80000

Marking Bits: (ParMarkBitMap*) 0x000000006b193950
 Begin Bits: [0x00000000140f0000, 0x00000000141f0000)
 End Bits:   [0x00000000141f0000, 0x00000000142f0000)

Polling page: 0x0000000002d90000

CodeCache: size=245760Kb used=2762Kb max_used=2773Kb free=242997Kb
 bounds [0x0000000004930000, 0x0000000004bf0000, 0x0000000013930000]
 total_blobs=1088 nmethods=750 adapters=252
 compilation: enabled

Compilation events (10 events):
Event: 1.603 Thread 0x0000000014ceb000 nmethod 746 0x0000000004be2950 code [0x0000000004be2ac0, 0x0000000004be2d48]
Event: 1.603 Thread 0x0000000014ceb000  747       3       org.objectweb.asm.ClassReader::a (3587 bytes)
Event: 1.609 Thread 0x0000000014c8d800  756       4       sun.nio.cs.UTF_8$Encoder::encode (359 bytes)
Event: 1.610 Thread 0x0000000014c90000  757       4       org.objectweb.asm.ClassReader::readUTF8 (60 bytes)
Event: 1.612 Thread 0x0000000014c8d800 nmethod 756 0x0000000004be5d50 code [0x0000000004be5ea0, 0x0000000004be60f8]
Event: 1.612 Thread 0x0000000014c8d800  758       4       org.objectweb.asm.ClassReader::readInt (52 bytes)
Event: 1.613 Thread 0x0000000014c8d800 nmethod 758 0x0000000004be6250 code [0x0000000004be6380, 0x0000000004be6478]
Event: 1.613 Thread 0x0000000014c8d800  765       4       org.objectweb.asm.ClassWriter::a (49 bytes)
Event: 1.616 Thread 0x0000000014c8d800 nmethod 765 0x0000000004be6550 code [0x0000000004be66a0, 0x0000000004be67e8]
Event: 1.616 Thread 0x0000000014c8d800  764       4       org.objectweb.asm.Item::a (354 bytes)

GC Heap History (2 events):
Event: 1.190 GC heap before
{Heap before GC invocations=1 (full 0):
 PSYoungGen      total 18944K, used 16384K [0x00000000feb00000, 0x0000000100000000, 0x0000000100000000)
  eden space 16384K, 100% used [0x00000000feb00000,0x00000000ffb00000,0x00000000ffb00000)
  from space 2560K, 0% used [0x00000000ffd80000,0x00000000ffd80000,0x0000000100000000)
  to   space 2560K, 0% used [0x00000000ffb00000,0x00000000ffb00000,0x00000000ffd80000)
 ParOldGen       total 44032K, used 0K [0x00000000fc000000, 0x00000000feb00000, 0x00000000feb00000)
  object space 44032K, 0% used [0x00000000fc000000,0x00000000fc000000,0x00000000feb00000)
 Metaspace       used 6987K, capacity 7258K, committed 7296K, reserved 1056768K
  class space    used 824K, capacity 891K, committed 896K, reserved 1048576K
Event: 1.205 GC heap after
Heap after GC invocations=1 (full 0):
 PSYoungGen      total 18944K, used 2528K [0x00000000feb00000, 0x0000000100000000, 0x0000000100000000)
  eden space 16384K, 0% used [0x00000000feb00000,0x00000000feb00000,0x00000000ffb00000)
  from space 2560K, 98% used [0x00000000ffb00000,0x00000000ffd78030,0x00000000ffd80000)
  to   space 2560K, 0% used [0x00000000ffd80000,0x00000000ffd80000,0x0000000100000000)
 ParOldGen       total 44032K, used 1614K [0x00000000fc000000, 0x00000000feb00000, 0x00000000feb00000)
  object space 44032K, 3% used [0x00000000fc000000,0x00000000fc193b90,0x00000000feb00000)
 Metaspace       used 6987K, capacity 7258K, committed 7296K, reserved 1056768K
  class space    used 824K, capacity 891K, committed 896K, reserved 1048576K
}

Deoptimization events (10 events):
Event: 1.385 Thread 0x0000000004832800 Uncommon trap: reason=unloaded action=reinterpret pc=0x0000000004b55a7c method=java.util.zip.ZipEntry.setExtra0([BZ)V @ 37
Event: 1.466 Thread 0x0000000004832800 Uncommon trap: reason=class_check action=maybe_recompile pc=0x0000000004b6266c method=com.google.common.collect.TransformedIterator.hasNext()Z @ 4
Event: 1.466 Thread 0x0000000004832800 Uncommon trap: reason=class_check action=maybe_recompile pc=0x0000000004b5d1d0 method=com.google.common.collect.Iterators$7.transform(Ljava/lang/Object;)Ljava/lang/Object; @ 5
Event: 1.466 Thread 0x0000000004832800 Uncommon trap: reason=class_check action=maybe_recompile pc=0x0000000004b6266c method=com.google.common.collect.TransformedIterator.hasNext()Z @ 4
Event: 1.466 Thread 0x0000000004832800 Uncommon trap: reason=class_check action=maybe_recompile pc=0x0000000004b6266c method=com.google.common.collect.TransformedIterator.hasNext()Z @ 4
Event: 1.466 Thread 0x0000000004832800 Uncommon trap: reason=class_check action=maybe_recompile pc=0x0000000004b5d1d0 method=com.google.common.collect.Iterators$7.transform(Ljava/lang/Object;)Ljava/lang/Object; @ 5
Event: 1.466 Thread 0x0000000004832800 Uncommon trap: reason=class_check action=maybe_recompile pc=0x0000000004b6266c method=com.google.common.collect.TransformedIterator.hasNext()Z @ 4
Event: 1.466 Thread 0x0000000004832800 Uncommon trap: reason=class_check action=maybe_recompile pc=0x0000000004b5d1d0 method=com.google.common.collect.Iterators$7.transform(Ljava/lang/Object;)Ljava/lang/Object; @ 5
Event: 1.466 Thread 0x0000000004832800 Uncommon trap: reason=class_check action=maybe_recompile pc=0x0000000004b5d1d0 method=com.google.common.collect.Iterators$7.transform(Ljava/lang/Object;)Ljava/lang/Object; @ 5
Event: 1.556 Thread 0x0000000004832800 Uncommon trap: reason=unstable_if action=reinterpret pc=0x0000000004b27800 method=java.lang.String.indexOf([CII[CIII)I @ 134

Classes redefined (0 events):
No events

Internal exceptions (10 events):
Event: 1.237 Thread 0x0000000004832800 Implicit null exception at 0x0000000004b67150 to 0x0000000004b67a75
Event: 1.307 Thread 0x0000000004832800 Exception <a 'sun/nio/fs/WindowsException'> (0x00000000ff19cda8) thrown at [D:\src\AOSP-openjdk-cygwin\jdk8u\hotspot\src\share\vm\prims\jni.cpp, line 709]
Event: 1.307 Thread 0x0000000004832800 Exception <a 'sun/nio/fs/WindowsException'> (0x00000000ff19d378) thrown at [D:\src\AOSP-openjdk-cygwin\jdk8u\hotspot\src\share\vm\prims\jni.cpp, line 709]
Event: 1.307 Thread 0x0000000004832800 Exception <a 'sun/nio/fs/WindowsException'> (0x00000000ff19d950) thrown at [D:\src\AOSP-openjdk-cygwin\jdk8u\hotspot\src\share\vm\prims\jni.cpp, line 709]
Event: 1.307 Thread 0x0000000004832800 Exception <a 'sun/nio/fs/WindowsException'> (0x00000000ff19e120) thrown at [D:\src\AOSP-openjdk-cygwin\jdk8u\hotspot\src\share\vm\prims\jni.cpp, line 709]
Event: 1.307 Thread 0x0000000004832800 Exception <a 'sun/nio/fs/WindowsException'> (0x00000000ff19e6d0) thrown at [D:\src\AOSP-openjdk-cygwin\jdk8u\hotspot\src\share\vm\prims\jni.cpp, line 709]
Event: 1.307 Thread 0x0000000004832800 Exception <a 'sun/nio/fs/WindowsException'> (0x00000000ff19ee80) thrown at [D:\src\AOSP-openjdk-cygwin\jdk8u\hotspot\src\share\vm\prims\jni.cpp, line 709]
Event: 1.342 Thread 0x0000000004832800 Exception <a 'sun/nio/fs/WindowsException'> (0x00000000ff1a4258) thrown at [D:\src\AOSP-openjdk-cygwin\jdk8u\hotspot\src\share\vm\prims\jni.cpp, line 709]
Event: 1.394 Thread 0x0000000004832800 Exception <a 'sun/nio/fs/WindowsException'> (0x00000000ff357608) thrown at [D:\src\AOSP-openjdk-cygwin\jdk8u\hotspot\src\share\vm\prims\jni.cpp, line 709]
Event: 1.394 Thread 0x0000000004832800 Exception <a 'sun/nio/fs/WindowsException'> (0x00000000ff357b98) thrown at [D:\src\AOSP-openjdk-cygwin\jdk8u\hotspot\src\share\vm\prims\jni.cpp, line 709]

Events (10 events):
Event: 1.557 loading class sun/util/calendar/CalendarUtils
Event: 1.557 loading class sun/util/calendar/CalendarUtils done
Event: 1.557 loading class java/util/zip/ZipOutputStream$XEntry
Event: 1.557 loading class java/util/zip/ZipOutputStream$XEntry done
Event: 1.591 loading class org/objectweb/asm/Opcodes
Event: 1.591 loading class org/objectweb/asm/Opcodes done
Event: 1.592 loading class org/objectweb/asm/tree/TryCatchBlockNode
Event: 1.592 loading class org/objectweb/asm/tree/TryCatchBlockNode done
Event: 1.592 loading class org/objectweb/asm/Handler
Event: 1.592 loading class org/objectweb/asm/Handler done


Dynamic libraries:
0x00007ff6f50f0000 - 0x00007ff6f5121000 	C:\Program Files\Android\Android Studio\jre\bin\java.exe
0x00007ffd6f300000 - 0x00007ffd6f4e0000 	C:\WINDOWS\SYSTEM32\ntdll.dll
0x00007ffd67480000 - 0x00007ffd674b4000 	C:\Program Files\AVAST Software\Avast\x64\aswhooka.dll
0x00007ffd6d850000 - 0x00007ffd6d8fe000 	C:\WINDOWS\System32\KERNEL32.DLL
0x00007ffd6b950000 - 0x00007ffd6bbb6000 	C:\WINDOWS\System32\KERNELBASE.dll
0x00007ffd6d1b0000 - 0x00007ffd6d251000 	C:\WINDOWS\System32\ADVAPI32.dll
0x00007ffd6d9c0000 - 0x00007ffd6da5d000 	C:\WINDOWS\System32\msvcrt.dll
0x00007ffd6d7f0000 - 0x00007ffd6d84b000 	C:\WINDOWS\System32\sechost.dll
0x00007ffd6da60000 - 0x00007ffd6db7f000 	C:\WINDOWS\System32\RPCRT4.dll
0x00007ffd6c900000 - 0x00007ffd6ca8f000 	C:\WINDOWS\System32\USER32.dll
0x00007ffd6bd60000 - 0x00007ffd6bd80000 	C:\WINDOWS\System32\win32u.dll
0x00007ffd6cd00000 - 0x00007ffd6cd28000 	C:\WINDOWS\System32\GDI32.dll
0x00007ffd6bbc0000 - 0x00007ffd6bd53000 	C:\WINDOWS\System32\gdi32full.dll
0x00007ffd6b8b0000 - 0x00007ffd6b94b000 	C:\WINDOWS\System32\msvcp_win.dll
0x00007ffd6b700000 - 0x00007ffd6b7f6000 	C:\WINDOWS\System32\ucrtbase.dll
0x00007ffd5eb10000 - 0x00007ffd5ed79000 	C:\WINDOWS\WinSxS\amd64_microsoft.windows.common-controls_6595b64144ccf1df_6.0.16299.309_none_15cfd4c4935e6b11\COMCTL32.dll
0x00007ffd6efc0000 - 0x00007ffd6f2c8000 	C:\WINDOWS\System32\combase.dll
0x00007ffd6be30000 - 0x00007ffd6bea2000 	C:\WINDOWS\System32\bcryptPrimitives.dll
0x00007ffd6cd30000 - 0x00007ffd6cd5d000 	C:\WINDOWS\System32\IMM32.DLL
0x000000006baf0000 - 0x000000006bbc2000 	C:\Program Files\Android\Android Studio\jre\jre\bin\msvcr100.dll
0x000000006a9d0000 - 0x000000006b20e000 	C:\Program Files\Android\Android Studio\jre\jre\bin\server\jvm.dll
0x00007ffd6d5e0000 - 0x00007ffd6d5e8000 	C:\WINDOWS\System32\PSAPI.DLL
0x00007ffd60bc0000 - 0x00007ffd60bc9000 	C:\WINDOWS\SYSTEM32\WSOCK32.dll
0x00007ffd6d5f0000 - 0x00007ffd6d65c000 	C:\WINDOWS\System32\WS2_32.dll
0x00007ffd694b0000 - 0x00007ffd694d3000 	C:\WINDOWS\SYSTEM32\WINMM.dll
0x00007ffd60d50000 - 0x00007ffd60d5a000 	C:\WINDOWS\SYSTEM32\VERSION.dll
0x00007ffd693a0000 - 0x00007ffd693ca000 	C:\WINDOWS\SYSTEM32\WINMMBASE.dll
0x00007ffd6b800000 - 0x00007ffd6b84a000 	C:\WINDOWS\System32\cfgmgr32.dll
0x00007ffd609f0000 - 0x00007ffd609ff000 	C:\Program Files\Android\Android Studio\jre\jre\bin\verify.dll
0x00007ffd60830000 - 0x00007ffd60859000 	C:\Program Files\Android\Android Studio\jre\jre\bin\java.dll
0x00007ffd60370000 - 0x00007ffd60386000 	C:\Program Files\Android\Android Studio\jre\jre\bin\zip.dll
0x00007ffd6db80000 - 0x00007ffd6efb6000 	C:\WINDOWS\System32\SHELL32.dll
0x00007ffd6d340000 - 0x00007ffd6d3e6000 	C:\WINDOWS\System32\shcore.dll
0x00007ffd6beb0000 - 0x00007ffd6c5f7000 	C:\WINDOWS\System32\windows.storage.dll
0x00007ffd6d960000 - 0x00007ffd6d9b1000 	C:\WINDOWS\System32\shlwapi.dll
0x00007ffd6b670000 - 0x00007ffd6b681000 	C:\WINDOWS\System32\kernel.appcore.dll
0x00007ffd6b690000 - 0x00007ffd6b6dc000 	C:\WINDOWS\System32\powrprof.dll
0x00007ffd6b6e0000 - 0x00007ffd6b6fb000 	C:\WINDOWS\System32\profapi.dll
0x00007ffd6b0b0000 - 0x00007ffd6b0c7000 	C:\WINDOWS\SYSTEM32\CRYPTSP.dll
0x00007ffd6aa80000 - 0x00007ffd6aab3000 	C:\WINDOWS\system32\rsaenh.dll
0x00007ffd6b1b0000 - 0x00007ffd6b1d5000 	C:\WINDOWS\SYSTEM32\bcrypt.dll
0x00007ffd6b580000 - 0x00007ffd6b5a9000 	C:\WINDOWS\SYSTEM32\USERENV.dll
0x00007ffd6b0a0000 - 0x00007ffd6b0ab000 	C:\WINDOWS\SYSTEM32\CRYPTBASE.dll
0x00007ffd5da20000 - 0x00007ffd5da3a000 	C:\Program Files\Android\Android Studio\jre\jre\bin\net.dll
0x00007ffd6aee0000 - 0x00007ffd6af46000 	C:\WINDOWS\system32\mswsock.dll
0x00007ffd6ac10000 - 0x00007ffd6ac49000 	C:\WINDOWS\SYSTEM32\IPHLPAPI.DLL
0x00007ffd6d7d0000 - 0x00007ffd6d7d8000 	C:\WINDOWS\System32\NSI.dll
0x00007ffd61eb0000 - 0x00007ffd61ec6000 	C:\WINDOWS\SYSTEM32\dhcpcsvc6.DLL
0x00007ffd61e90000 - 0x00007ffd61eaa000 	C:\WINDOWS\SYSTEM32\dhcpcsvc.DLL
0x00007ffd5d980000 - 0x00007ffd5d991000 	C:\Program Files\Android\Android Studio\jre\jre\bin\nio.dll

VM Arguments:
jvm_args: -Djava.awt.headless=true -Xmx64M -Dfile.encoding=windows-1252 -Duser.country=BR -Duser.language=pt -Duser.variant 
java_command: com.google.devtools.build.android.desugar.Desugar --verbose --input C:\xampp\htdocs\infolabsys\infolabsys\app\build\intermediates\transforms\stackFramesFixer\debug\8.jar --output C:\xampp\htdocs\infolabsys\infolabsys\app\build\intermediates\transforms\desugar\debug\9.jar --input C:\xampp\htdocs\infolabsys\infolabsys\app\build\intermediates\transforms\stackFramesFixer\debug\3.jar --output C:\xampp\htdocs\infolabsys\infolabsys\app\build\intermediates\transforms\desugar\debug\4.jar --input C:\xampp\htdocs\infolabsys\infolabsys\app\build\intermediates\transforms\stackFramesFixer\debug\1.jar --output C:\xampp\htdocs\infolabsys\infolabsys\app\build\intermediates\transforms\desugar\debug\2.jar --input C:\xampp\htdocs\infolabsys\infolabsys\app\build\intermediates\transforms\stackFramesFixer\debug\6.jar --output C:\xampp\htdocs\infolabsys\infolabsys\app\build\intermediates\transforms\desugar\debug\7.jar --classpath_entry C:\xampp\htdocs\infolabsys\infolabsys\app\build\intermediates\classes\debug --classpath_entry C:\xampp\htdocs\infolabsys\infolabsys\app\build\intermediates\transforms\stackFramesFixer\debug\0.jar --classpath_entry C:\xampp\htdocs\infolabsys\infolabsys\app\build\intermediates\transforms\stackFramesFixer\debug\1.jar --classpath_entry C:\xampp\htdocs\infolabsys\infolabsys\app\build\intermediates\transforms\stackFramesFixer\debug\2.jar --classpath_entry C:\xampp\htdocs\infolabsys\infolabsys\app\build\intermediates\transforms\stackFramesFixer\debug\3.jar --classpath_entry C:\xampp\htdocs\infolabsys\infolabsys\app\build\intermediates\transforms\stackFramesFixer\debug\4.jar --classpath_entry C:\xampp\htdocs\infolabsys\infolabsys\app\build\intermediates\transforms\stackFramesFixer\debug\5.jar --classpath_entry C:\xampp\htdocs\infolabsys\infolabsys\app\build\intermediates\transforms\stackFramesFixer\debug\6.jar --classpath_entry C:\xampp\htdocs\infolabsys\infolabsys\app\build\intermediates\transforms\stackFramesFixer\debug\7.jar --classpath_entry C:\x
java_class_path (initial): C:\Users\emene\AppData\Local\Temp\desugar_deploy.jar6977479595348273650
Launcher Type: SUN_STANDARD

Environment Variables:
PATH=C:\ProgramData\Oracle\Java\javapath;C:\WINDOWS\system32;C:\WINDOWS;C:\WINDOWS\System32\Wbem;C:\WINDOWS\System32\WindowsPowerShell\v1.0\;C:\Users\emene\AppData\Local\Microsoft\WindowsApps;
USERNAME=emene
OS=Windows_NT
PROCESSOR_IDENTIFIER=Intel64 Family 6 Model 78 Stepping 3, GenuineIntel



---------------  S Y S T E M  ---------------

OS: Windows 10.0 , 64 bit Build 16299 (10.0.16299.15)

CPU:total 4 (initial active 4) (2 cores per cpu, 2 threads per core) family 6 model 78 stepping 3, cmov, cx8, fxsr, mmx, sse, sse2, sse3, ssse3, sse4.1, sse4.2, popcnt, avx, avx2, aes, clmul, erms, 3dnowpref, lzcnt, ht, tsc, tscinvbit, bmi1, bmi2, adx

Memory: 4k page, physical 8265120k(914032k free), swap 8265120k(952k free)

vm_info: OpenJDK 64-Bit Server VM (25.152-b01) for windows-amd64 JRE (1.8.0_152-release-915-b01), built by "builder" with MS VC++ 10.0 (VS2010)

time: Fri Mar 23 20:45:38 2018
elapsed time: 1 seconds (0d 0h 0m 1s)

