#
# There is insufficient memory for the Java Runtime Environment to continue.
# Native memory allocation (malloc) failed to allocate 262160 bytes for Chunk::new
# Possible reasons:
#   The system is out of physical RAM or swap space
#   In 32 bit mode, the process size limit was hit
# Possible solutions:
#   Reduce memory load on the system
#   Increase physical memory or swap space
#   Check if swap backing store is full
#   Use 64 bit Java on a 64 bit OS
#   Decrease Java heap size (-Xmx/-Xms)
#   Decrease number of Java threads
#   Decrease Java thread stack sizes (-Xss)
#   Set larger code cache with -XX:ReservedCodeCacheSize=
# This output file may be truncated or incomplete.
#
#  Out of Memory Error (allocation.cpp:390), pid=1224, tid=0x0000000000001350
#
# JRE version: OpenJDK Runtime Environment (8.0_152-b01) (build 1.8.0_152-release-915-b01)
# Java VM: OpenJDK 64-Bit Server VM (25.152-b01 mixed mode windows-amd64 compressed oops)
# Failed to write core dump. Minidumps are not enabled by default on client versions of Windows
#

---------------  T H R E A D  ---------------

Current thread (0x0000000015430800):  JavaThread "C2 CompilerThread1" daemon [_thread_in_native, id=4944, stack(0x0000000016c80000,0x0000000016d80000)]

Stack: [0x0000000016c80000,0x0000000016d80000]
[error occurred during error reporting (printing stack bounds), id 0xc0000005]

Native frames: (J=compiled Java code, j=interpreted, Vv=VM code, C=native code)


Current CompileTask:
C2:   1634  886       4       org.objectweb.asm.ClassReader::a (3587 bytes)


---------------  P R O C E S S  ---------------

Java Threads: ( => current thread )
  0x0000000016e85000 JavaThread "Service Thread" daemon [_thread_blocked, id=11908, stack(0x0000000017280000,0x0000000017380000)]
  0x0000000015483800 JavaThread "C1 CompilerThread2" daemon [_thread_in_native, id=11444, stack(0x0000000016d80000,0x0000000016e80000)]
=>0x0000000015430800 JavaThread "C2 CompilerThread1" daemon [_thread_in_native, id=4944, stack(0x0000000016c80000,0x0000000016d80000)]
  0x000000001542e800 JavaThread "C2 CompilerThread0" daemon [_thread_blocked, id=13224, stack(0x0000000016b80000,0x0000000016c80000)]
  0x000000001542c800 JavaThread "Attach Listener" daemon [_thread_blocked, id=11780, stack(0x0000000016a80000,0x0000000016b80000)]
  0x000000001542b000 JavaThread "Signal Dispatcher" daemon [_thread_blocked, id=9460, stack(0x0000000016980000,0x0000000016a80000)]
  0x000000001541e000 JavaThread "Finalizer" daemon [_thread_blocked, id=5656, stack(0x0000000016680000,0x0000000016780000)]
  0x00000000050c4800 JavaThread "Reference Handler" daemon [_thread_blocked, id=10612, stack(0x0000000016580000,0x0000000016680000)]
  0x0000000004fd2800 JavaThread "main" [_thread_in_vm, id=8684, stack(0x0000000004ec0000,0x0000000004fc0000)]

Other Threads:
  0x00000000153f6000 VMThread [stack: 0x0000000016480000,0x0000000016580000] [id=7228]
  0x0000000016e87000 WatcherThread [stack: 0x0000000017380000,0x0000000017480000] [id=1968]

VM state:not at safepoint (normal execution)

VM Mutex/Monitor currently owned by a thread: None

Heap:
 PSYoungGen      total 18944K, used 18905K [0x00000000feb00000, 0x0000000100000000, 0x0000000100000000)
  eden space 16384K, 99% used [0x00000000feb00000,0x00000000ffafe6e0,0x00000000ffb00000)
  from space 2560K, 98% used [0x00000000ffb00000,0x00000000ffd78030,0x00000000ffd80000)
  to   space 2560K, 0% used [0x00000000ffd80000,0x00000000ffd80000,0x0000000100000000)
 ParOldGen       total 44032K, used 1603K [0x00000000fc000000, 0x00000000feb00000, 0x00000000feb00000)
  object space 44032K, 3% used [0x00000000fc000000,0x00000000fc190fb0,0x00000000feb00000)
 Metaspace       used 8122K, capacity 8356K, committed 8448K, reserved 1056768K
  class space    used 948K, capacity 1024K, committed 1024K, reserved 1048576K

Card table byte_map: [0x0000000003580000,0x00000000035b0000] byte_map_base: 0x0000000002da0000

Marking Bits: (ParMarkBitMap*) 0x000000006b193950
 Begin Bits: [0x0000000014890000, 0x0000000014990000)
 End Bits:   [0x0000000014990000, 0x0000000014a90000)

Polling page: 0x0000000003380000

CodeCache: size=245760Kb used=3320Kb max_used=3332Kb free=242439Kb
 bounds [0x00000000050d0000, 0x0000000005420000, 0x00000000140d0000]
 total_blobs=1233 nmethods=894 adapters=252
 compilation: enabled

Compilation events (10 events):
Event: 1.614 Thread 0x0000000015483800  888       3       org.objectweb.asm.tree.MethodNode::visitFieldInsn (20 bytes)
Event: 1.614 Thread 0x0000000015483800 nmethod 888 0x000000000540cc90 code [0x000000000540ce20, 0x000000000540d1a8]
Event: 1.614 Thread 0x0000000015483800  889       3       org.objectweb.asm.tree.FieldInsnNode::<init> (22 bytes)
Event: 1.614 Thread 0x0000000015483800 nmethod 889 0x000000000540d390 code [0x000000000540d500, 0x000000000540d750]
Event: 1.614 Thread 0x0000000015483800  890       3       org.objectweb.asm.tree.FieldInsnNode::accept (26 bytes)
Event: 1.614 Thread 0x0000000015483800 nmethod 890 0x000000000540d850 code [0x000000000540d9c0, 0x000000000540dcb8]
Event: 1.615 Thread 0x000000001542e800  891       4       org.objectweb.asm.Item::a (354 bytes)
Event: 1.623 Thread 0x000000001542e800 nmethod 891 0x000000000540f5d0 code [0x000000000540f880, 0x00000000054102b8]
Event: 1.627 Thread 0x000000001542e800  892       4       org.objectweb.asm.MethodVisitor::visitMethodInsn (68 bytes)
Event: 1.628 Thread 0x000000001542e800 nmethod 892 0x000000000540dd90 code [0x000000000540dee0, 0x000000000540df98]

GC Heap History (2 events):
Event: 1.036 GC heap before
{Heap before GC invocations=1 (full 0):
 PSYoungGen      total 18944K, used 16384K [0x00000000feb00000, 0x0000000100000000, 0x0000000100000000)
  eden space 16384K, 100% used [0x00000000feb00000,0x00000000ffb00000,0x00000000ffb00000)
  from space 2560K, 0% used [0x00000000ffd80000,0x00000000ffd80000,0x0000000100000000)
  to   space 2560K, 0% used [0x00000000ffb00000,0x00000000ffb00000,0x00000000ffd80000)
 ParOldGen       total 44032K, used 0K [0x00000000fc000000, 0x00000000feb00000, 0x00000000feb00000)
  object space 44032K, 0% used [0x00000000fc000000,0x00000000fc000000,0x00000000feb00000)
 Metaspace       used 6966K, capacity 7190K, committed 7296K, reserved 1056768K
  class space    used 824K, capacity 891K, committed 896K, reserved 1048576K
Event: 1.069 GC heap after
Heap after GC invocations=1 (full 0):
 PSYoungGen      total 18944K, used 2528K [0x00000000feb00000, 0x0000000100000000, 0x0000000100000000)
  eden space 16384K, 0% used [0x00000000feb00000,0x00000000feb00000,0x00000000ffb00000)
  from space 2560K, 98% used [0x00000000ffb00000,0x00000000ffd78030,0x00000000ffd80000)
  to   space 2560K, 0% used [0x00000000ffd80000,0x00000000ffd80000,0x0000000100000000)
 ParOldGen       total 44032K, used 1603K [0x00000000fc000000, 0x00000000feb00000, 0x00000000feb00000)
  object space 44032K, 3% used [0x00000000fc000000,0x00000000fc190fb0,0x00000000feb00000)
 Metaspace       used 6966K, capacity 7190K, committed 7296K, reserved 1056768K
  class space    used 824K, capacity 891K, committed 896K, reserved 1048576K
}

Deoptimization events (10 events):
Event: 1.397 Thread 0x0000000004fd2800 Uncommon trap: reason=class_check action=maybe_recompile pc=0x00000000052f1350 method=com.google.common.collect.Iterators$7.transform(Ljava/lang/Object;)Ljava/lang/Object; @ 5
Event: 1.397 Thread 0x0000000004fd2800 Uncommon trap: reason=class_check action=maybe_recompile pc=0x000000000530876c method=com.google.common.collect.TransformedIterator.hasNext()Z @ 4
Event: 1.397 Thread 0x0000000004fd2800 Uncommon trap: reason=class_check action=maybe_recompile pc=0x00000000052f5628 method=com.google.common.collect.TransformedIterator.next()Ljava/lang/Object; @ 5
Event: 1.397 Thread 0x0000000004fd2800 Uncommon trap: reason=class_check action=maybe_recompile pc=0x00000000052f1350 method=com.google.common.collect.Iterators$7.transform(Ljava/lang/Object;)Ljava/lang/Object; @ 5
Event: 1.397 Thread 0x0000000004fd2800 Uncommon trap: reason=class_check action=maybe_recompile pc=0x00000000052f5628 method=com.google.common.collect.TransformedIterator.next()Ljava/lang/Object; @ 5
Event: 1.397 Thread 0x0000000004fd2800 Uncommon trap: reason=class_check action=maybe_recompile pc=0x00000000052f1350 method=com.google.common.collect.Iterators$7.transform(Ljava/lang/Object;)Ljava/lang/Object; @ 5
Event: 1.448 Thread 0x0000000004fd2800 Uncommon trap: reason=unstable_if action=reinterpret pc=0x00000000052c0a00 method=java.lang.String.indexOf([CII[CIII)I @ 134
Event: 1.557 Thread 0x0000000004fd2800 Uncommon trap: reason=unstable_if action=reinterpret pc=0x00000000053b5bbc method=org.objectweb.asm.ClassReader.a(II[C)Ljava/lang/String; @ 77
Event: 1.558 Thread 0x0000000004fd2800 Uncommon trap: reason=unstable_if action=reinterpret pc=0x0000000005383f38 method=org.objectweb.asm.ByteVector.putUTF8(Ljava/lang/String;)Lorg/objectweb/asm/ByteVector; @ 98
Event: 1.564 Thread 0x0000000004fd2800 Uncommon trap: reason=unstable_if action=reinterpret pc=0x00000000053d45d8 method=org.objectweb.asm.Item.a(Lorg/objectweb/asm/Item;)Z @ 345

Classes redefined (0 events):
No events

Internal exceptions (10 events):
Event: 0.984 Thread 0x0000000004fd2800 Implicit null exception at 0x00000000052f5cad to 0x00000000052f6301
Event: 1.135 Thread 0x0000000004fd2800 Exception <a 'sun/nio/fs/WindowsException'> (0x00000000ff19c6c0) thrown at [D:\src\AOSP-openjdk-cygwin\jdk8u\hotspot\src\share\vm\prims\jni.cpp, line 709]
Event: 1.135 Thread 0x0000000004fd2800 Exception <a 'sun/nio/fs/WindowsException'> (0x00000000ff19cc90) thrown at [D:\src\AOSP-openjdk-cygwin\jdk8u\hotspot\src\share\vm\prims\jni.cpp, line 709]
Event: 1.135 Thread 0x0000000004fd2800 Exception <a 'sun/nio/fs/WindowsException'> (0x00000000ff19d268) thrown at [D:\src\AOSP-openjdk-cygwin\jdk8u\hotspot\src\share\vm\prims\jni.cpp, line 709]
Event: 1.135 Thread 0x0000000004fd2800 Exception <a 'sun/nio/fs/WindowsException'> (0x00000000ff19da38) thrown at [D:\src\AOSP-openjdk-cygwin\jdk8u\hotspot\src\share\vm\prims\jni.cpp, line 709]
Event: 1.135 Thread 0x0000000004fd2800 Exception <a 'sun/nio/fs/WindowsException'> (0x00000000ff19dfe8) thrown at [D:\src\AOSP-openjdk-cygwin\jdk8u\hotspot\src\share\vm\prims\jni.cpp, line 709]
Event: 1.135 Thread 0x0000000004fd2800 Exception <a 'sun/nio/fs/WindowsException'> (0x00000000ff19e798) thrown at [D:\src\AOSP-openjdk-cygwin\jdk8u\hotspot\src\share\vm\prims\jni.cpp, line 709]
Event: 1.150 Thread 0x0000000004fd2800 Exception <a 'sun/nio/fs/WindowsException'> (0x00000000ff1a3b70) thrown at [D:\src\AOSP-openjdk-cygwin\jdk8u\hotspot\src\share\vm\prims\jni.cpp, line 709]
Event: 1.256 Thread 0x0000000004fd2800 Exception <a 'sun/nio/fs/WindowsException'> (0x00000000ff356e28) thrown at [D:\src\AOSP-openjdk-cygwin\jdk8u\hotspot\src\share\vm\prims\jni.cpp, line 709]
Event: 1.256 Thread 0x0000000004fd2800 Exception <a 'sun/nio/fs/WindowsException'> (0x00000000ff3573c0) thrown at [D:\src\AOSP-openjdk-cygwin\jdk8u\hotspot\src\share\vm\prims\jni.cpp, line 709]

Events (10 events):
Event: 1.454 loading class org/objectweb/asm/Handler done
Event: 1.557 Thread 0x0000000004fd2800 Uncommon trap: trap_request=0xffffff65 fr.pc=0x00000000053b5bbc
Event: 1.557 Thread 0x0000000004fd2800 DEOPT PACKING pc=0x00000000053b5bbc sp=0x0000000004fbecf0
Event: 1.557 Thread 0x0000000004fd2800 DEOPT UNPACKING pc=0x000000000511556a sp=0x0000000004fbec20 mode 2
Event: 1.558 Thread 0x0000000004fd2800 Uncommon trap: trap_request=0xffffff65 fr.pc=0x0000000005383f38
Event: 1.558 Thread 0x0000000004fd2800 DEOPT PACKING pc=0x0000000005383f38 sp=0x0000000004fbe8a0
Event: 1.558 Thread 0x0000000004fd2800 DEOPT UNPACKING pc=0x000000000511556a sp=0x0000000004fbe828 mode 2
Event: 1.564 Thread 0x0000000004fd2800 Uncommon trap: trap_request=0xffffff65 fr.pc=0x00000000053d45d8
Event: 1.564 Thread 0x0000000004fd2800 DEOPT PACKING pc=0x00000000053d45d8 sp=0x0000000004fbe770
Event: 1.564 Thread 0x0000000004fd2800 DEOPT UNPACKING pc=0x000000000511556a sp=0x0000000004fbe708 mode 2


Dynamic libraries:
0x00007ff6f50f0000 - 0x00007ff6f5121000 	C:\Program Files\Android\Android Studio\jre\bin\java.exe
0x00007ffd6f300000 - 0x00007ffd6f4e0000 	C:\WINDOWS\SYSTEM32\ntdll.dll
0x00007ffd67480000 - 0x00007ffd674b4000 	C:\Program Files\AVAST Software\Avast\x64\aswhooka.dll
0x00007ffd6d850000 - 0x00007ffd6d8fe000 	C:\WINDOWS\System32\KERNEL32.DLL
0x00007ffd6b950000 - 0x00007ffd6bbb6000 	C:\WINDOWS\System32\KERNELBASE.dll
0x00007ffd6d1b0000 - 0x00007ffd6d251000 	C:\WINDOWS\System32\ADVAPI32.dll
0x00007ffd6d9c0000 - 0x00007ffd6da5d000 	C:\WINDOWS\System32\msvcrt.dll
0x00007ffd6d7f0000 - 0x00007ffd6d84b000 	C:\WINDOWS\System32\sechost.dll
0x00007ffd6da60000 - 0x00007ffd6db7f000 	C:\WINDOWS\System32\RPCRT4.dll
0x00007ffd6c900000 - 0x00007ffd6ca8f000 	C:\WINDOWS\System32\USER32.dll
0x00007ffd6bd60000 - 0x00007ffd6bd80000 	C:\WINDOWS\System32\win32u.dll
0x00007ffd6cd00000 - 0x00007ffd6cd28000 	C:\WINDOWS\System32\GDI32.dll
0x00007ffd6bbc0000 - 0x00007ffd6bd53000 	C:\WINDOWS\System32\gdi32full.dll
0x00007ffd6b8b0000 - 0x00007ffd6b94b000 	C:\WINDOWS\System32\msvcp_win.dll
0x00007ffd6b700000 - 0x00007ffd6b7f6000 	C:\WINDOWS\System32\ucrtbase.dll
0x00007ffd5eb10000 - 0x00007ffd5ed79000 	C:\WINDOWS\WinSxS\amd64_microsoft.windows.common-controls_6595b64144ccf1df_6.0.16299.309_none_15cfd4c4935e6b11\COMCTL32.dll
0x00007ffd6efc0000 - 0x00007ffd6f2c8000 	C:\WINDOWS\System32\combase.dll
0x00007ffd6be30000 - 0x00007ffd6bea2000 	C:\WINDOWS\System32\bcryptPrimitives.dll
0x00007ffd6cd30000 - 0x00007ffd6cd5d000 	C:\WINDOWS\System32\IMM32.DLL
0x000000006baf0000 - 0x000000006bbc2000 	C:\Program Files\Android\Android Studio\jre\jre\bin\msvcr100.dll
0x000000006a9d0000 - 0x000000006b20e000 	C:\Program Files\Android\Android Studio\jre\jre\bin\server\jvm.dll
0x00007ffd6d5e0000 - 0x00007ffd6d5e8000 	C:\WINDOWS\System32\PSAPI.DLL
0x00007ffd60bc0000 - 0x00007ffd60bc9000 	C:\WINDOWS\SYSTEM32\WSOCK32.dll
0x00007ffd6d5f0000 - 0x00007ffd6d65c000 	C:\WINDOWS\System32\WS2_32.dll
0x00007ffd694b0000 - 0x00007ffd694d3000 	C:\WINDOWS\SYSTEM32\WINMM.dll
0x00007ffd60d50000 - 0x00007ffd60d5a000 	C:\WINDOWS\SYSTEM32\VERSION.dll
0x00007ffd693a0000 - 0x00007ffd693ca000 	C:\WINDOWS\SYSTEM32\WINMMBASE.dll
0x00007ffd6b800000 - 0x00007ffd6b84a000 	C:\WINDOWS\System32\cfgmgr32.dll
0x00007ffd609f0000 - 0x00007ffd609ff000 	C:\Program Files\Android\Android Studio\jre\jre\bin\verify.dll
0x00007ffd60830000 - 0x00007ffd60859000 	C:\Program Files\Android\Android Studio\jre\jre\bin\java.dll
0x00007ffd60370000 - 0x00007ffd60386000 	C:\Program Files\Android\Android Studio\jre\jre\bin\zip.dll
0x00007ffd6db80000 - 0x00007ffd6efb6000 	C:\WINDOWS\System32\SHELL32.dll
0x00007ffd6d340000 - 0x00007ffd6d3e6000 	C:\WINDOWS\System32\shcore.dll
0x00007ffd6beb0000 - 0x00007ffd6c5f7000 	C:\WINDOWS\System32\windows.storage.dll
0x00007ffd6d960000 - 0x00007ffd6d9b1000 	C:\WINDOWS\System32\shlwapi.dll
0x00007ffd6b670000 - 0x00007ffd6b681000 	C:\WINDOWS\System32\kernel.appcore.dll
0x00007ffd6b690000 - 0x00007ffd6b6dc000 	C:\WINDOWS\System32\powrprof.dll
0x00007ffd6b6e0000 - 0x00007ffd6b6fb000 	C:\WINDOWS\System32\profapi.dll
0x00007ffd6b0b0000 - 0x00007ffd6b0c7000 	C:\WINDOWS\SYSTEM32\CRYPTSP.dll
0x00007ffd6aa80000 - 0x00007ffd6aab3000 	C:\WINDOWS\system32\rsaenh.dll
0x00007ffd6b1b0000 - 0x00007ffd6b1d5000 	C:\WINDOWS\SYSTEM32\bcrypt.dll
0x00007ffd6b580000 - 0x00007ffd6b5a9000 	C:\WINDOWS\SYSTEM32\USERENV.dll
0x00007ffd6b0a0000 - 0x00007ffd6b0ab000 	C:\WINDOWS\SYSTEM32\CRYPTBASE.dll
0x00007ffd5da20000 - 0x00007ffd5da3a000 	C:\Program Files\Android\Android Studio\jre\jre\bin\net.dll
0x00007ffd6aee0000 - 0x00007ffd6af46000 	C:\WINDOWS\system32\mswsock.dll
0x00007ffd6ac10000 - 0x00007ffd6ac49000 	C:\WINDOWS\SYSTEM32\IPHLPAPI.DLL
0x00007ffd6d7d0000 - 0x00007ffd6d7d8000 	C:\WINDOWS\System32\NSI.dll
0x00007ffd61eb0000 - 0x00007ffd61ec6000 	C:\WINDOWS\SYSTEM32\dhcpcsvc6.DLL
0x00007ffd61e90000 - 0x00007ffd61eaa000 	C:\WINDOWS\SYSTEM32\dhcpcsvc.DLL
0x00007ffd5d980000 - 0x00007ffd5d991000 	C:\Program Files\Android\Android Studio\jre\jre\bin\nio.dll

VM Arguments:
jvm_args: -Djava.awt.headless=true -Xmx64M -Dfile.encoding=windows-1252 -Duser.country=BR -Duser.language=pt -Duser.variant 
java_command: com.google.devtools.build.android.desugar.Desugar --verbose --input C:\xampp\htdocs\infolabsys\infolabsys\app\build\intermediates\transforms\stackFramesFixer\debug\9.jar --output C:\xampp\htdocs\infolabsys\infolabsys\app\build\intermediates\transforms\desugar\debug\10.jar --input C:\xampp\htdocs\infolabsys\infolabsys\app\build\intermediates\transforms\stackFramesFixer\debug\12.jar --output C:\xampp\htdocs\infolabsys\infolabsys\app\build\intermediates\transforms\desugar\debug\13.jar --input C:\xampp\htdocs\infolabsys\infolabsys\app\build\intermediates\transforms\stackFramesFixer\debug\7.jar --output C:\xampp\htdocs\infolabsys\infolabsys\app\build\intermediates\transforms\desugar\debug\8.jar --input C:\xampp\htdocs\infolabsys\infolabsys\app\build\intermediates\transforms\stackFramesFixer\debug\14.jar --output C:\xampp\htdocs\infolabsys\infolabsys\app\build\intermediates\transforms\desugar\debug\15.jar --classpath_entry C:\xampp\htdocs\infolabsys\infolabsys\app\build\intermediates\classes\debug --classpath_entry C:\xampp\htdocs\infolabsys\infolabsys\app\build\intermediates\transforms\stackFramesFixer\debug\0.jar --classpath_entry C:\xampp\htdocs\infolabsys\infolabsys\app\build\intermediates\transforms\stackFramesFixer\debug\1.jar --classpath_entry C:\xampp\htdocs\infolabsys\infolabsys\app\build\intermediates\transforms\stackFramesFixer\debug\2.jar --classpath_entry C:\xampp\htdocs\infolabsys\infolabsys\app\build\intermediates\transforms\stackFramesFixer\debug\3.jar --classpath_entry C:\xampp\htdocs\infolabsys\infolabsys\app\build\intermediates\transforms\stackFramesFixer\debug\4.jar --classpath_entry C:\xampp\htdocs\infolabsys\infolabsys\app\build\intermediates\transforms\stackFramesFixer\debug\5.jar --classpath_entry C:\xampp\htdocs\infolabsys\infolabsys\app\build\intermediates\transforms\stackFramesFixer\debug\6.jar --classpath_entry C:\xampp\htdocs\infolabsys\infolabsys\app\build\intermediates\transforms\stackFramesFixer\debug\7.jar --classpath_entry
java_class_path (initial): C:\Users\emene\AppData\Local\Temp\desugar_deploy.jar6977479595348273650
Launcher Type: SUN_STANDARD

Environment Variables:
PATH=C:\ProgramData\Oracle\Java\javapath;C:\WINDOWS\system32;C:\WINDOWS;C:\WINDOWS\System32\Wbem;C:\WINDOWS\System32\WindowsPowerShell\v1.0\;C:\Users\emene\AppData\Local\Microsoft\WindowsApps;
USERNAME=emene
OS=Windows_NT
PROCESSOR_IDENTIFIER=Intel64 Family 6 Model 78 Stepping 3, GenuineIntel



---------------  S Y S T E M  ---------------

OS: Windows 10.0 , 64 bit Build 16299 (10.0.16299.15)

CPU:total 4 (initial active 4) (2 cores per cpu, 2 threads per core) family 6 model 78 stepping 3, cmov, cx8, fxsr, mmx, sse, sse2, sse3, ssse3, sse4.1, sse4.2, popcnt, avx, avx2, aes, clmul, erms, 3dnowpref, lzcnt, ht, tsc, tscinvbit, bmi1, bmi2, adx

Memory: 4k page, physical 8265120k(955564k free), swap 8265120k(1808k free)

vm_info: OpenJDK 64-Bit Server VM (25.152-b01) for windows-amd64 JRE (1.8.0_152-release-915-b01), built by "builder" with MS VC++ 10.0 (VS2010)

time: Fri Mar 23 20:43:18 2018
elapsed time: 1 seconds (0d 0h 0m 1s)

